[2024-06-27T11:41:04.225+0000] {processor.py:161} INFO - Started process (PID=69) to work on /home/airflow/.local/lib/python3.12/site-packages/airflow/example_dags/example_branch_operator.py
[2024-06-27T11:41:04.226+0000] {processor.py:830} INFO - Processing file /home/airflow/.local/lib/python3.12/site-packages/airflow/example_dags/example_branch_operator.py for tasks to queue
[2024-06-27T11:41:04.227+0000] {logging_mixin.py:188} INFO - [2024-06-27T11:41:04.227+0000] {dagbag.py:545} INFO - Filling up the DagBag from /home/airflow/.local/lib/python3.12/site-packages/airflow/example_dags/example_branch_operator.py
[2024-06-27T11:41:04.237+0000] {processor.py:840} INFO - DAG(s) 'example_branch_operator' retrieved from /home/airflow/.local/lib/python3.12/site-packages/airflow/example_dags/example_branch_operator.py
[2024-06-27T11:41:04.245+0000] {logging_mixin.py:188} INFO - [2024-06-27T11:41:04.245+0000] {dag.py:3096} INFO - Sync 1 DAGs
[2024-06-27T11:41:04.260+0000] {logging_mixin.py:188} INFO - [2024-06-27T11:41:04.259+0000] {dag.py:3954} INFO - Setting next_dagrun for example_branch_operator to 2024-06-26 00:00:00+00:00, run_after=2024-06-27 00:00:00+00:00
[2024-06-27T11:41:04.270+0000] {processor.py:183} INFO - Processing /home/airflow/.local/lib/python3.12/site-packages/airflow/example_dags/example_branch_operator.py took 0.048 seconds
[2024-06-27T11:41:35.496+0000] {processor.py:161} INFO - Started process (PID=127) to work on /home/airflow/.local/lib/python3.12/site-packages/airflow/example_dags/example_branch_operator.py
[2024-06-27T11:41:35.496+0000] {processor.py:830} INFO - Processing file /home/airflow/.local/lib/python3.12/site-packages/airflow/example_dags/example_branch_operator.py for tasks to queue
[2024-06-27T11:41:35.497+0000] {logging_mixin.py:188} INFO - [2024-06-27T11:41:35.497+0000] {dagbag.py:545} INFO - Filling up the DagBag from /home/airflow/.local/lib/python3.12/site-packages/airflow/example_dags/example_branch_operator.py
[2024-06-27T11:41:35.506+0000] {processor.py:840} INFO - DAG(s) 'example_branch_operator' retrieved from /home/airflow/.local/lib/python3.12/site-packages/airflow/example_dags/example_branch_operator.py
[2024-06-27T11:41:35.570+0000] {logging_mixin.py:188} INFO - [2024-06-27T11:41:35.570+0000] {dag.py:3096} INFO - Sync 1 DAGs
[2024-06-27T11:41:35.582+0000] {logging_mixin.py:188} INFO - [2024-06-27T11:41:35.581+0000] {dag.py:3954} INFO - Setting next_dagrun for example_branch_operator to 2024-06-26 00:00:00+00:00, run_after=2024-06-27 00:00:00+00:00
[2024-06-27T11:41:35.593+0000] {processor.py:183} INFO - Processing /home/airflow/.local/lib/python3.12/site-packages/airflow/example_dags/example_branch_operator.py took 0.101 seconds
[2024-06-27T11:42:05.639+0000] {processor.py:161} INFO - Started process (PID=185) to work on /home/airflow/.local/lib/python3.12/site-packages/airflow/example_dags/example_branch_operator.py
[2024-06-27T11:42:05.640+0000] {processor.py:830} INFO - Processing file /home/airflow/.local/lib/python3.12/site-packages/airflow/example_dags/example_branch_operator.py for tasks to queue
[2024-06-27T11:42:05.641+0000] {logging_mixin.py:188} INFO - [2024-06-27T11:42:05.641+0000] {dagbag.py:545} INFO - Filling up the DagBag from /home/airflow/.local/lib/python3.12/site-packages/airflow/example_dags/example_branch_operator.py
[2024-06-27T11:42:05.651+0000] {processor.py:840} INFO - DAG(s) 'example_branch_operator' retrieved from /home/airflow/.local/lib/python3.12/site-packages/airflow/example_dags/example_branch_operator.py
[2024-06-27T11:42:05.669+0000] {logging_mixin.py:188} INFO - [2024-06-27T11:42:05.669+0000] {dag.py:3096} INFO - Sync 1 DAGs
[2024-06-27T11:42:05.683+0000] {logging_mixin.py:188} INFO - [2024-06-27T11:42:05.683+0000] {dag.py:3954} INFO - Setting next_dagrun for example_branch_operator to 2024-06-26 00:00:00+00:00, run_after=2024-06-27 00:00:00+00:00
[2024-06-27T11:42:05.695+0000] {processor.py:183} INFO - Processing /home/airflow/.local/lib/python3.12/site-packages/airflow/example_dags/example_branch_operator.py took 0.060 seconds
[2024-06-27T11:42:36.641+0000] {processor.py:161} INFO - Started process (PID=243) to work on /home/airflow/.local/lib/python3.12/site-packages/airflow/example_dags/example_branch_operator.py
[2024-06-27T11:42:36.642+0000] {processor.py:830} INFO - Processing file /home/airflow/.local/lib/python3.12/site-packages/airflow/example_dags/example_branch_operator.py for tasks to queue
[2024-06-27T11:42:36.643+0000] {logging_mixin.py:188} INFO - [2024-06-27T11:42:36.643+0000] {dagbag.py:545} INFO - Filling up the DagBag from /home/airflow/.local/lib/python3.12/site-packages/airflow/example_dags/example_branch_operator.py
[2024-06-27T11:42:36.653+0000] {processor.py:840} INFO - DAG(s) 'example_branch_operator' retrieved from /home/airflow/.local/lib/python3.12/site-packages/airflow/example_dags/example_branch_operator.py
[2024-06-27T11:42:36.670+0000] {logging_mixin.py:188} INFO - [2024-06-27T11:42:36.669+0000] {dag.py:3096} INFO - Sync 1 DAGs
[2024-06-27T11:42:36.685+0000] {logging_mixin.py:188} INFO - [2024-06-27T11:42:36.684+0000] {dag.py:3954} INFO - Setting next_dagrun for example_branch_operator to 2024-06-26 00:00:00+00:00, run_after=2024-06-27 00:00:00+00:00
[2024-06-27T11:42:36.696+0000] {processor.py:183} INFO - Processing /home/airflow/.local/lib/python3.12/site-packages/airflow/example_dags/example_branch_operator.py took 0.057 seconds
[2024-06-27T11:43:06.790+0000] {processor.py:161} INFO - Started process (PID=301) to work on /home/airflow/.local/lib/python3.12/site-packages/airflow/example_dags/example_branch_operator.py
[2024-06-27T11:43:06.791+0000] {processor.py:830} INFO - Processing file /home/airflow/.local/lib/python3.12/site-packages/airflow/example_dags/example_branch_operator.py for tasks to queue
[2024-06-27T11:43:06.792+0000] {logging_mixin.py:188} INFO - [2024-06-27T11:43:06.792+0000] {dagbag.py:545} INFO - Filling up the DagBag from /home/airflow/.local/lib/python3.12/site-packages/airflow/example_dags/example_branch_operator.py
[2024-06-27T11:43:06.802+0000] {processor.py:840} INFO - DAG(s) 'example_branch_operator' retrieved from /home/airflow/.local/lib/python3.12/site-packages/airflow/example_dags/example_branch_operator.py
[2024-06-27T11:43:06.818+0000] {logging_mixin.py:188} INFO - [2024-06-27T11:43:06.818+0000] {dag.py:3096} INFO - Sync 1 DAGs
[2024-06-27T11:43:06.832+0000] {logging_mixin.py:188} INFO - [2024-06-27T11:43:06.831+0000] {dag.py:3954} INFO - Setting next_dagrun for example_branch_operator to 2024-06-26 00:00:00+00:00, run_after=2024-06-27 00:00:00+00:00
[2024-06-27T11:43:06.843+0000] {processor.py:183} INFO - Processing /home/airflow/.local/lib/python3.12/site-packages/airflow/example_dags/example_branch_operator.py took 0.056 seconds
[2024-06-27T11:43:37.592+0000] {processor.py:161} INFO - Started process (PID=359) to work on /home/airflow/.local/lib/python3.12/site-packages/airflow/example_dags/example_branch_operator.py
[2024-06-27T11:43:37.593+0000] {processor.py:830} INFO - Processing file /home/airflow/.local/lib/python3.12/site-packages/airflow/example_dags/example_branch_operator.py for tasks to queue
[2024-06-27T11:43:37.594+0000] {logging_mixin.py:188} INFO - [2024-06-27T11:43:37.594+0000] {dagbag.py:545} INFO - Filling up the DagBag from /home/airflow/.local/lib/python3.12/site-packages/airflow/example_dags/example_branch_operator.py
[2024-06-27T11:43:37.603+0000] {processor.py:840} INFO - DAG(s) 'example_branch_operator' retrieved from /home/airflow/.local/lib/python3.12/site-packages/airflow/example_dags/example_branch_operator.py
[2024-06-27T11:43:37.618+0000] {logging_mixin.py:188} INFO - [2024-06-27T11:43:37.618+0000] {dag.py:3096} INFO - Sync 1 DAGs
[2024-06-27T11:43:37.631+0000] {logging_mixin.py:188} INFO - [2024-06-27T11:43:37.631+0000] {dag.py:3954} INFO - Setting next_dagrun for example_branch_operator to 2024-06-26 00:00:00+00:00, run_after=2024-06-27 00:00:00+00:00
[2024-06-27T11:43:37.643+0000] {processor.py:183} INFO - Processing /home/airflow/.local/lib/python3.12/site-packages/airflow/example_dags/example_branch_operator.py took 0.054 seconds
[2024-06-27T11:44:08.268+0000] {processor.py:161} INFO - Started process (PID=417) to work on /home/airflow/.local/lib/python3.12/site-packages/airflow/example_dags/example_branch_operator.py
[2024-06-27T11:44:08.269+0000] {processor.py:830} INFO - Processing file /home/airflow/.local/lib/python3.12/site-packages/airflow/example_dags/example_branch_operator.py for tasks to queue
[2024-06-27T11:44:08.269+0000] {logging_mixin.py:188} INFO - [2024-06-27T11:44:08.269+0000] {dagbag.py:545} INFO - Filling up the DagBag from /home/airflow/.local/lib/python3.12/site-packages/airflow/example_dags/example_branch_operator.py
[2024-06-27T11:44:08.278+0000] {processor.py:840} INFO - DAG(s) 'example_branch_operator' retrieved from /home/airflow/.local/lib/python3.12/site-packages/airflow/example_dags/example_branch_operator.py
[2024-06-27T11:44:08.292+0000] {logging_mixin.py:188} INFO - [2024-06-27T11:44:08.292+0000] {dag.py:3096} INFO - Sync 1 DAGs
[2024-06-27T11:44:08.304+0000] {logging_mixin.py:188} INFO - [2024-06-27T11:44:08.304+0000] {dag.py:3954} INFO - Setting next_dagrun for example_branch_operator to 2024-06-26 00:00:00+00:00, run_after=2024-06-27 00:00:00+00:00
[2024-06-27T11:44:08.314+0000] {processor.py:183} INFO - Processing /home/airflow/.local/lib/python3.12/site-packages/airflow/example_dags/example_branch_operator.py took 0.049 seconds
[2024-06-27T11:44:39.181+0000] {processor.py:161} INFO - Started process (PID=475) to work on /home/airflow/.local/lib/python3.12/site-packages/airflow/example_dags/example_branch_operator.py
[2024-06-27T11:44:39.182+0000] {processor.py:830} INFO - Processing file /home/airflow/.local/lib/python3.12/site-packages/airflow/example_dags/example_branch_operator.py for tasks to queue
[2024-06-27T11:44:39.183+0000] {logging_mixin.py:188} INFO - [2024-06-27T11:44:39.183+0000] {dagbag.py:545} INFO - Filling up the DagBag from /home/airflow/.local/lib/python3.12/site-packages/airflow/example_dags/example_branch_operator.py
[2024-06-27T11:44:39.192+0000] {processor.py:840} INFO - DAG(s) 'example_branch_operator' retrieved from /home/airflow/.local/lib/python3.12/site-packages/airflow/example_dags/example_branch_operator.py
[2024-06-27T11:44:39.208+0000] {logging_mixin.py:188} INFO - [2024-06-27T11:44:39.207+0000] {dag.py:3096} INFO - Sync 1 DAGs
[2024-06-27T11:44:39.219+0000] {logging_mixin.py:188} INFO - [2024-06-27T11:44:39.219+0000] {dag.py:3954} INFO - Setting next_dagrun for example_branch_operator to 2024-06-26 00:00:00+00:00, run_after=2024-06-27 00:00:00+00:00
[2024-06-27T11:44:39.229+0000] {processor.py:183} INFO - Processing /home/airflow/.local/lib/python3.12/site-packages/airflow/example_dags/example_branch_operator.py took 0.052 seconds
[2024-06-27T11:45:10.007+0000] {processor.py:161} INFO - Started process (PID=533) to work on /home/airflow/.local/lib/python3.12/site-packages/airflow/example_dags/example_branch_operator.py
[2024-06-27T11:45:10.008+0000] {processor.py:830} INFO - Processing file /home/airflow/.local/lib/python3.12/site-packages/airflow/example_dags/example_branch_operator.py for tasks to queue
[2024-06-27T11:45:10.009+0000] {logging_mixin.py:188} INFO - [2024-06-27T11:45:10.008+0000] {dagbag.py:545} INFO - Filling up the DagBag from /home/airflow/.local/lib/python3.12/site-packages/airflow/example_dags/example_branch_operator.py
[2024-06-27T11:45:10.018+0000] {processor.py:840} INFO - DAG(s) 'example_branch_operator' retrieved from /home/airflow/.local/lib/python3.12/site-packages/airflow/example_dags/example_branch_operator.py
[2024-06-27T11:45:10.034+0000] {logging_mixin.py:188} INFO - [2024-06-27T11:45:10.034+0000] {dag.py:3096} INFO - Sync 1 DAGs
[2024-06-27T11:45:10.047+0000] {logging_mixin.py:188} INFO - [2024-06-27T11:45:10.047+0000] {dag.py:3954} INFO - Setting next_dagrun for example_branch_operator to 2024-06-26 00:00:00+00:00, run_after=2024-06-27 00:00:00+00:00
[2024-06-27T11:45:10.057+0000] {processor.py:183} INFO - Processing /home/airflow/.local/lib/python3.12/site-packages/airflow/example_dags/example_branch_operator.py took 0.053 seconds
[2024-06-27T11:45:40.754+0000] {processor.py:161} INFO - Started process (PID=591) to work on /home/airflow/.local/lib/python3.12/site-packages/airflow/example_dags/example_branch_operator.py
[2024-06-27T11:45:40.755+0000] {processor.py:830} INFO - Processing file /home/airflow/.local/lib/python3.12/site-packages/airflow/example_dags/example_branch_operator.py for tasks to queue
[2024-06-27T11:45:40.756+0000] {logging_mixin.py:188} INFO - [2024-06-27T11:45:40.756+0000] {dagbag.py:545} INFO - Filling up the DagBag from /home/airflow/.local/lib/python3.12/site-packages/airflow/example_dags/example_branch_operator.py
[2024-06-27T11:45:40.765+0000] {processor.py:840} INFO - DAG(s) 'example_branch_operator' retrieved from /home/airflow/.local/lib/python3.12/site-packages/airflow/example_dags/example_branch_operator.py
[2024-06-27T11:45:40.780+0000] {logging_mixin.py:188} INFO - [2024-06-27T11:45:40.780+0000] {dag.py:3096} INFO - Sync 1 DAGs
[2024-06-27T11:45:40.792+0000] {logging_mixin.py:188} INFO - [2024-06-27T11:45:40.792+0000] {dag.py:3954} INFO - Setting next_dagrun for example_branch_operator to 2024-06-26 00:00:00+00:00, run_after=2024-06-27 00:00:00+00:00
[2024-06-27T11:45:40.802+0000] {processor.py:183} INFO - Processing /home/airflow/.local/lib/python3.12/site-packages/airflow/example_dags/example_branch_operator.py took 0.051 seconds
[2024-06-27T11:46:11.567+0000] {processor.py:161} INFO - Started process (PID=650) to work on /home/airflow/.local/lib/python3.12/site-packages/airflow/example_dags/example_branch_operator.py
[2024-06-27T11:46:11.568+0000] {processor.py:830} INFO - Processing file /home/airflow/.local/lib/python3.12/site-packages/airflow/example_dags/example_branch_operator.py for tasks to queue
[2024-06-27T11:46:11.569+0000] {logging_mixin.py:188} INFO - [2024-06-27T11:46:11.568+0000] {dagbag.py:545} INFO - Filling up the DagBag from /home/airflow/.local/lib/python3.12/site-packages/airflow/example_dags/example_branch_operator.py
[2024-06-27T11:46:11.578+0000] {processor.py:840} INFO - DAG(s) 'example_branch_operator' retrieved from /home/airflow/.local/lib/python3.12/site-packages/airflow/example_dags/example_branch_operator.py
[2024-06-27T11:46:11.594+0000] {logging_mixin.py:188} INFO - [2024-06-27T11:46:11.594+0000] {dag.py:3096} INFO - Sync 1 DAGs
[2024-06-27T11:46:11.607+0000] {logging_mixin.py:188} INFO - [2024-06-27T11:46:11.606+0000] {dag.py:3954} INFO - Setting next_dagrun for example_branch_operator to 2024-06-26 00:00:00+00:00, run_after=2024-06-27 00:00:00+00:00
[2024-06-27T11:46:11.617+0000] {processor.py:183} INFO - Processing /home/airflow/.local/lib/python3.12/site-packages/airflow/example_dags/example_branch_operator.py took 0.054 seconds
[2024-06-27T11:46:42.514+0000] {processor.py:161} INFO - Started process (PID=714) to work on /home/airflow/.local/lib/python3.12/site-packages/airflow/example_dags/example_branch_operator.py
[2024-06-27T11:46:42.515+0000] {processor.py:830} INFO - Processing file /home/airflow/.local/lib/python3.12/site-packages/airflow/example_dags/example_branch_operator.py for tasks to queue
[2024-06-27T11:46:42.516+0000] {logging_mixin.py:188} INFO - [2024-06-27T11:46:42.515+0000] {dagbag.py:545} INFO - Filling up the DagBag from /home/airflow/.local/lib/python3.12/site-packages/airflow/example_dags/example_branch_operator.py
[2024-06-27T11:46:42.525+0000] {processor.py:840} INFO - DAG(s) 'example_branch_operator' retrieved from /home/airflow/.local/lib/python3.12/site-packages/airflow/example_dags/example_branch_operator.py
[2024-06-27T11:46:42.542+0000] {logging_mixin.py:188} INFO - [2024-06-27T11:46:42.541+0000] {dag.py:3096} INFO - Sync 1 DAGs
[2024-06-27T11:46:42.555+0000] {logging_mixin.py:188} INFO - [2024-06-27T11:46:42.554+0000] {dag.py:3954} INFO - Setting next_dagrun for example_branch_operator to 2024-06-26 00:00:00+00:00, run_after=2024-06-27 00:00:00+00:00
[2024-06-27T11:46:42.565+0000] {processor.py:183} INFO - Processing /home/airflow/.local/lib/python3.12/site-packages/airflow/example_dags/example_branch_operator.py took 0.054 seconds
[2024-06-27T11:47:13.347+0000] {processor.py:161} INFO - Started process (PID=775) to work on /home/airflow/.local/lib/python3.12/site-packages/airflow/example_dags/example_branch_operator.py
[2024-06-27T11:47:13.347+0000] {processor.py:830} INFO - Processing file /home/airflow/.local/lib/python3.12/site-packages/airflow/example_dags/example_branch_operator.py for tasks to queue
[2024-06-27T11:47:13.348+0000] {logging_mixin.py:188} INFO - [2024-06-27T11:47:13.348+0000] {dagbag.py:545} INFO - Filling up the DagBag from /home/airflow/.local/lib/python3.12/site-packages/airflow/example_dags/example_branch_operator.py
[2024-06-27T11:47:13.357+0000] {processor.py:840} INFO - DAG(s) 'example_branch_operator' retrieved from /home/airflow/.local/lib/python3.12/site-packages/airflow/example_dags/example_branch_operator.py
[2024-06-27T11:47:13.373+0000] {logging_mixin.py:188} INFO - [2024-06-27T11:47:13.372+0000] {dag.py:3096} INFO - Sync 1 DAGs
[2024-06-27T11:47:13.385+0000] {logging_mixin.py:188} INFO - [2024-06-27T11:47:13.385+0000] {dag.py:3954} INFO - Setting next_dagrun for example_branch_operator to 2024-06-26 00:00:00+00:00, run_after=2024-06-27 00:00:00+00:00
[2024-06-27T11:47:13.395+0000] {processor.py:183} INFO - Processing /home/airflow/.local/lib/python3.12/site-packages/airflow/example_dags/example_branch_operator.py took 0.052 seconds
[2024-06-27T11:47:44.435+0000] {processor.py:161} INFO - Started process (PID=834) to work on /home/airflow/.local/lib/python3.12/site-packages/airflow/example_dags/example_branch_operator.py
[2024-06-27T11:47:44.436+0000] {processor.py:830} INFO - Processing file /home/airflow/.local/lib/python3.12/site-packages/airflow/example_dags/example_branch_operator.py for tasks to queue
[2024-06-27T11:47:44.437+0000] {logging_mixin.py:188} INFO - [2024-06-27T11:47:44.437+0000] {dagbag.py:545} INFO - Filling up the DagBag from /home/airflow/.local/lib/python3.12/site-packages/airflow/example_dags/example_branch_operator.py
[2024-06-27T11:47:44.446+0000] {processor.py:840} INFO - DAG(s) 'example_branch_operator' retrieved from /home/airflow/.local/lib/python3.12/site-packages/airflow/example_dags/example_branch_operator.py
[2024-06-27T11:47:44.462+0000] {logging_mixin.py:188} INFO - [2024-06-27T11:47:44.462+0000] {dag.py:3096} INFO - Sync 1 DAGs
[2024-06-27T11:47:44.475+0000] {logging_mixin.py:188} INFO - [2024-06-27T11:47:44.474+0000] {dag.py:3954} INFO - Setting next_dagrun for example_branch_operator to 2024-06-26 00:00:00+00:00, run_after=2024-06-27 00:00:00+00:00
[2024-06-27T11:47:44.485+0000] {processor.py:183} INFO - Processing /home/airflow/.local/lib/python3.12/site-packages/airflow/example_dags/example_branch_operator.py took 0.053 seconds
[2024-06-27T11:48:14.612+0000] {processor.py:161} INFO - Started process (PID=893) to work on /home/airflow/.local/lib/python3.12/site-packages/airflow/example_dags/example_branch_operator.py
[2024-06-27T11:48:14.613+0000] {processor.py:830} INFO - Processing file /home/airflow/.local/lib/python3.12/site-packages/airflow/example_dags/example_branch_operator.py for tasks to queue
[2024-06-27T11:48:14.614+0000] {logging_mixin.py:188} INFO - [2024-06-27T11:48:14.613+0000] {dagbag.py:545} INFO - Filling up the DagBag from /home/airflow/.local/lib/python3.12/site-packages/airflow/example_dags/example_branch_operator.py
[2024-06-27T11:48:14.623+0000] {processor.py:840} INFO - DAG(s) 'example_branch_operator' retrieved from /home/airflow/.local/lib/python3.12/site-packages/airflow/example_dags/example_branch_operator.py
[2024-06-27T11:48:14.639+0000] {logging_mixin.py:188} INFO - [2024-06-27T11:48:14.639+0000] {dag.py:3096} INFO - Sync 1 DAGs
[2024-06-27T11:48:14.651+0000] {logging_mixin.py:188} INFO - [2024-06-27T11:48:14.651+0000] {dag.py:3954} INFO - Setting next_dagrun for example_branch_operator to 2024-06-26 00:00:00+00:00, run_after=2024-06-27 00:00:00+00:00
[2024-06-27T11:48:14.662+0000] {processor.py:183} INFO - Processing /home/airflow/.local/lib/python3.12/site-packages/airflow/example_dags/example_branch_operator.py took 0.054 seconds
[2024-06-27T11:48:45.712+0000] {processor.py:161} INFO - Started process (PID=952) to work on /home/airflow/.local/lib/python3.12/site-packages/airflow/example_dags/example_branch_operator.py
[2024-06-27T11:48:45.712+0000] {processor.py:830} INFO - Processing file /home/airflow/.local/lib/python3.12/site-packages/airflow/example_dags/example_branch_operator.py for tasks to queue
[2024-06-27T11:48:45.713+0000] {logging_mixin.py:188} INFO - [2024-06-27T11:48:45.713+0000] {dagbag.py:545} INFO - Filling up the DagBag from /home/airflow/.local/lib/python3.12/site-packages/airflow/example_dags/example_branch_operator.py
[2024-06-27T11:48:45.723+0000] {processor.py:840} INFO - DAG(s) 'example_branch_operator' retrieved from /home/airflow/.local/lib/python3.12/site-packages/airflow/example_dags/example_branch_operator.py
[2024-06-27T11:48:45.738+0000] {logging_mixin.py:188} INFO - [2024-06-27T11:48:45.738+0000] {dag.py:3096} INFO - Sync 1 DAGs
[2024-06-27T11:48:45.751+0000] {logging_mixin.py:188} INFO - [2024-06-27T11:48:45.751+0000] {dag.py:3954} INFO - Setting next_dagrun for example_branch_operator to 2024-06-26 00:00:00+00:00, run_after=2024-06-27 00:00:00+00:00
[2024-06-27T11:48:45.762+0000] {processor.py:183} INFO - Processing /home/airflow/.local/lib/python3.12/site-packages/airflow/example_dags/example_branch_operator.py took 0.054 seconds
[2024-06-27T11:49:15.808+0000] {processor.py:161} INFO - Started process (PID=1011) to work on /home/airflow/.local/lib/python3.12/site-packages/airflow/example_dags/example_branch_operator.py
[2024-06-27T11:49:15.809+0000] {processor.py:830} INFO - Processing file /home/airflow/.local/lib/python3.12/site-packages/airflow/example_dags/example_branch_operator.py for tasks to queue
[2024-06-27T11:49:15.810+0000] {logging_mixin.py:188} INFO - [2024-06-27T11:49:15.810+0000] {dagbag.py:545} INFO - Filling up the DagBag from /home/airflow/.local/lib/python3.12/site-packages/airflow/example_dags/example_branch_operator.py
[2024-06-27T11:49:15.819+0000] {processor.py:840} INFO - DAG(s) 'example_branch_operator' retrieved from /home/airflow/.local/lib/python3.12/site-packages/airflow/example_dags/example_branch_operator.py
[2024-06-27T11:49:15.834+0000] {logging_mixin.py:188} INFO - [2024-06-27T11:49:15.834+0000] {dag.py:3096} INFO - Sync 1 DAGs
[2024-06-27T11:49:15.846+0000] {logging_mixin.py:188} INFO - [2024-06-27T11:49:15.846+0000] {dag.py:3954} INFO - Setting next_dagrun for example_branch_operator to 2024-06-26 00:00:00+00:00, run_after=2024-06-27 00:00:00+00:00
[2024-06-27T11:49:15.857+0000] {processor.py:183} INFO - Processing /home/airflow/.local/lib/python3.12/site-packages/airflow/example_dags/example_branch_operator.py took 0.051 seconds
[2024-06-27T11:49:46.572+0000] {processor.py:161} INFO - Started process (PID=1070) to work on /home/airflow/.local/lib/python3.12/site-packages/airflow/example_dags/example_branch_operator.py
[2024-06-27T11:49:46.572+0000] {processor.py:830} INFO - Processing file /home/airflow/.local/lib/python3.12/site-packages/airflow/example_dags/example_branch_operator.py for tasks to queue
[2024-06-27T11:49:46.573+0000] {logging_mixin.py:188} INFO - [2024-06-27T11:49:46.573+0000] {dagbag.py:545} INFO - Filling up the DagBag from /home/airflow/.local/lib/python3.12/site-packages/airflow/example_dags/example_branch_operator.py
[2024-06-27T11:49:46.582+0000] {processor.py:840} INFO - DAG(s) 'example_branch_operator' retrieved from /home/airflow/.local/lib/python3.12/site-packages/airflow/example_dags/example_branch_operator.py
[2024-06-27T11:49:46.597+0000] {logging_mixin.py:188} INFO - [2024-06-27T11:49:46.597+0000] {dag.py:3096} INFO - Sync 1 DAGs
[2024-06-27T11:49:46.610+0000] {logging_mixin.py:188} INFO - [2024-06-27T11:49:46.609+0000] {dag.py:3954} INFO - Setting next_dagrun for example_branch_operator to 2024-06-26 00:00:00+00:00, run_after=2024-06-27 00:00:00+00:00
[2024-06-27T11:49:46.622+0000] {processor.py:183} INFO - Processing /home/airflow/.local/lib/python3.12/site-packages/airflow/example_dags/example_branch_operator.py took 0.053 seconds
[2024-06-27T11:50:17.349+0000] {processor.py:161} INFO - Started process (PID=1129) to work on /home/airflow/.local/lib/python3.12/site-packages/airflow/example_dags/example_branch_operator.py
[2024-06-27T11:50:17.349+0000] {processor.py:830} INFO - Processing file /home/airflow/.local/lib/python3.12/site-packages/airflow/example_dags/example_branch_operator.py for tasks to queue
[2024-06-27T11:50:17.350+0000] {logging_mixin.py:188} INFO - [2024-06-27T11:50:17.350+0000] {dagbag.py:545} INFO - Filling up the DagBag from /home/airflow/.local/lib/python3.12/site-packages/airflow/example_dags/example_branch_operator.py
[2024-06-27T11:50:17.359+0000] {processor.py:840} INFO - DAG(s) 'example_branch_operator' retrieved from /home/airflow/.local/lib/python3.12/site-packages/airflow/example_dags/example_branch_operator.py
[2024-06-27T11:50:17.375+0000] {logging_mixin.py:188} INFO - [2024-06-27T11:50:17.374+0000] {dag.py:3096} INFO - Sync 1 DAGs
[2024-06-27T11:50:17.387+0000] {logging_mixin.py:188} INFO - [2024-06-27T11:50:17.387+0000] {dag.py:3954} INFO - Setting next_dagrun for example_branch_operator to 2024-06-26 00:00:00+00:00, run_after=2024-06-27 00:00:00+00:00
[2024-06-27T11:50:17.398+0000] {processor.py:183} INFO - Processing /home/airflow/.local/lib/python3.12/site-packages/airflow/example_dags/example_branch_operator.py took 0.052 seconds
[2024-06-27T11:50:48.116+0000] {processor.py:161} INFO - Started process (PID=1188) to work on /home/airflow/.local/lib/python3.12/site-packages/airflow/example_dags/example_branch_operator.py
[2024-06-27T11:50:48.116+0000] {processor.py:830} INFO - Processing file /home/airflow/.local/lib/python3.12/site-packages/airflow/example_dags/example_branch_operator.py for tasks to queue
[2024-06-27T11:50:48.117+0000] {logging_mixin.py:188} INFO - [2024-06-27T11:50:48.117+0000] {dagbag.py:545} INFO - Filling up the DagBag from /home/airflow/.local/lib/python3.12/site-packages/airflow/example_dags/example_branch_operator.py
[2024-06-27T11:50:48.126+0000] {processor.py:840} INFO - DAG(s) 'example_branch_operator' retrieved from /home/airflow/.local/lib/python3.12/site-packages/airflow/example_dags/example_branch_operator.py
[2024-06-27T11:50:48.140+0000] {logging_mixin.py:188} INFO - [2024-06-27T11:50:48.140+0000] {dag.py:3096} INFO - Sync 1 DAGs
[2024-06-27T11:50:48.151+0000] {logging_mixin.py:188} INFO - [2024-06-27T11:50:48.151+0000] {dag.py:3954} INFO - Setting next_dagrun for example_branch_operator to 2024-06-26 00:00:00+00:00, run_after=2024-06-27 00:00:00+00:00
[2024-06-27T11:50:48.161+0000] {processor.py:183} INFO - Processing /home/airflow/.local/lib/python3.12/site-packages/airflow/example_dags/example_branch_operator.py took 0.049 seconds
[2024-06-27T11:51:18.961+0000] {processor.py:161} INFO - Started process (PID=1247) to work on /home/airflow/.local/lib/python3.12/site-packages/airflow/example_dags/example_branch_operator.py
[2024-06-27T11:51:18.962+0000] {processor.py:830} INFO - Processing file /home/airflow/.local/lib/python3.12/site-packages/airflow/example_dags/example_branch_operator.py for tasks to queue
[2024-06-27T11:51:18.963+0000] {logging_mixin.py:188} INFO - [2024-06-27T11:51:18.963+0000] {dagbag.py:545} INFO - Filling up the DagBag from /home/airflow/.local/lib/python3.12/site-packages/airflow/example_dags/example_branch_operator.py
[2024-06-27T11:51:18.972+0000] {processor.py:840} INFO - DAG(s) 'example_branch_operator' retrieved from /home/airflow/.local/lib/python3.12/site-packages/airflow/example_dags/example_branch_operator.py
[2024-06-27T11:51:18.987+0000] {logging_mixin.py:188} INFO - [2024-06-27T11:51:18.987+0000] {dag.py:3096} INFO - Sync 1 DAGs
[2024-06-27T11:51:18.998+0000] {logging_mixin.py:188} INFO - [2024-06-27T11:51:18.998+0000] {dag.py:3954} INFO - Setting next_dagrun for example_branch_operator to 2024-06-26 00:00:00+00:00, run_after=2024-06-27 00:00:00+00:00
[2024-06-27T11:51:19.008+0000] {processor.py:183} INFO - Processing /home/airflow/.local/lib/python3.12/site-packages/airflow/example_dags/example_branch_operator.py took 0.050 seconds
[2024-06-27T11:51:49.758+0000] {processor.py:161} INFO - Started process (PID=1306) to work on /home/airflow/.local/lib/python3.12/site-packages/airflow/example_dags/example_branch_operator.py
[2024-06-27T11:51:49.759+0000] {processor.py:830} INFO - Processing file /home/airflow/.local/lib/python3.12/site-packages/airflow/example_dags/example_branch_operator.py for tasks to queue
[2024-06-27T11:51:49.760+0000] {logging_mixin.py:188} INFO - [2024-06-27T11:51:49.760+0000] {dagbag.py:545} INFO - Filling up the DagBag from /home/airflow/.local/lib/python3.12/site-packages/airflow/example_dags/example_branch_operator.py
[2024-06-27T11:51:49.768+0000] {processor.py:840} INFO - DAG(s) 'example_branch_operator' retrieved from /home/airflow/.local/lib/python3.12/site-packages/airflow/example_dags/example_branch_operator.py
[2024-06-27T11:51:49.785+0000] {logging_mixin.py:188} INFO - [2024-06-27T11:51:49.784+0000] {dag.py:3096} INFO - Sync 1 DAGs
[2024-06-27T11:51:49.796+0000] {logging_mixin.py:188} INFO - [2024-06-27T11:51:49.796+0000] {dag.py:3954} INFO - Setting next_dagrun for example_branch_operator to 2024-06-26 00:00:00+00:00, run_after=2024-06-27 00:00:00+00:00
[2024-06-27T11:51:49.806+0000] {processor.py:183} INFO - Processing /home/airflow/.local/lib/python3.12/site-packages/airflow/example_dags/example_branch_operator.py took 0.051 seconds
[2024-06-27T11:52:20.618+0000] {processor.py:161} INFO - Started process (PID=1365) to work on /home/airflow/.local/lib/python3.12/site-packages/airflow/example_dags/example_branch_operator.py
[2024-06-27T11:52:20.618+0000] {processor.py:830} INFO - Processing file /home/airflow/.local/lib/python3.12/site-packages/airflow/example_dags/example_branch_operator.py for tasks to queue
[2024-06-27T11:52:20.619+0000] {logging_mixin.py:188} INFO - [2024-06-27T11:52:20.619+0000] {dagbag.py:545} INFO - Filling up the DagBag from /home/airflow/.local/lib/python3.12/site-packages/airflow/example_dags/example_branch_operator.py
[2024-06-27T11:52:20.628+0000] {processor.py:840} INFO - DAG(s) 'example_branch_operator' retrieved from /home/airflow/.local/lib/python3.12/site-packages/airflow/example_dags/example_branch_operator.py
[2024-06-27T11:52:20.643+0000] {logging_mixin.py:188} INFO - [2024-06-27T11:52:20.642+0000] {dag.py:3096} INFO - Sync 1 DAGs
[2024-06-27T11:52:20.654+0000] {logging_mixin.py:188} INFO - [2024-06-27T11:52:20.654+0000] {dag.py:3954} INFO - Setting next_dagrun for example_branch_operator to 2024-06-26 00:00:00+00:00, run_after=2024-06-27 00:00:00+00:00
[2024-06-27T11:52:20.670+0000] {processor.py:183} INFO - Processing /home/airflow/.local/lib/python3.12/site-packages/airflow/example_dags/example_branch_operator.py took 0.055 seconds
[2024-06-27T11:52:51.390+0000] {processor.py:161} INFO - Started process (PID=1425) to work on /home/airflow/.local/lib/python3.12/site-packages/airflow/example_dags/example_branch_operator.py
[2024-06-27T11:52:51.391+0000] {processor.py:830} INFO - Processing file /home/airflow/.local/lib/python3.12/site-packages/airflow/example_dags/example_branch_operator.py for tasks to queue
[2024-06-27T11:52:51.392+0000] {logging_mixin.py:188} INFO - [2024-06-27T11:52:51.392+0000] {dagbag.py:545} INFO - Filling up the DagBag from /home/airflow/.local/lib/python3.12/site-packages/airflow/example_dags/example_branch_operator.py
[2024-06-27T11:52:51.400+0000] {processor.py:840} INFO - DAG(s) 'example_branch_operator' retrieved from /home/airflow/.local/lib/python3.12/site-packages/airflow/example_dags/example_branch_operator.py
[2024-06-27T11:52:51.415+0000] {logging_mixin.py:188} INFO - [2024-06-27T11:52:51.415+0000] {dag.py:3096} INFO - Sync 1 DAGs
[2024-06-27T11:52:51.427+0000] {logging_mixin.py:188} INFO - [2024-06-27T11:52:51.427+0000] {dag.py:3954} INFO - Setting next_dagrun for example_branch_operator to 2024-06-26 00:00:00+00:00, run_after=2024-06-27 00:00:00+00:00
[2024-06-27T11:52:51.440+0000] {processor.py:183} INFO - Processing /home/airflow/.local/lib/python3.12/site-packages/airflow/example_dags/example_branch_operator.py took 0.053 seconds
[2024-06-27T11:53:22.219+0000] {processor.py:161} INFO - Started process (PID=1484) to work on /home/airflow/.local/lib/python3.12/site-packages/airflow/example_dags/example_branch_operator.py
[2024-06-27T11:53:22.220+0000] {processor.py:830} INFO - Processing file /home/airflow/.local/lib/python3.12/site-packages/airflow/example_dags/example_branch_operator.py for tasks to queue
[2024-06-27T11:53:22.221+0000] {logging_mixin.py:188} INFO - [2024-06-27T11:53:22.221+0000] {dagbag.py:545} INFO - Filling up the DagBag from /home/airflow/.local/lib/python3.12/site-packages/airflow/example_dags/example_branch_operator.py
[2024-06-27T11:53:22.230+0000] {processor.py:840} INFO - DAG(s) 'example_branch_operator' retrieved from /home/airflow/.local/lib/python3.12/site-packages/airflow/example_dags/example_branch_operator.py
[2024-06-27T11:53:22.246+0000] {logging_mixin.py:188} INFO - [2024-06-27T11:53:22.246+0000] {dag.py:3096} INFO - Sync 1 DAGs
[2024-06-27T11:53:22.258+0000] {logging_mixin.py:188} INFO - [2024-06-27T11:53:22.258+0000] {dag.py:3954} INFO - Setting next_dagrun for example_branch_operator to 2024-06-26 00:00:00+00:00, run_after=2024-06-27 00:00:00+00:00
[2024-06-27T11:53:22.268+0000] {processor.py:183} INFO - Processing /home/airflow/.local/lib/python3.12/site-packages/airflow/example_dags/example_branch_operator.py took 0.057 seconds
[2024-06-27T11:53:53.088+0000] {processor.py:161} INFO - Started process (PID=1543) to work on /home/airflow/.local/lib/python3.12/site-packages/airflow/example_dags/example_branch_operator.py
[2024-06-27T11:53:53.089+0000] {processor.py:830} INFO - Processing file /home/airflow/.local/lib/python3.12/site-packages/airflow/example_dags/example_branch_operator.py for tasks to queue
[2024-06-27T11:53:53.089+0000] {logging_mixin.py:188} INFO - [2024-06-27T11:53:53.089+0000] {dagbag.py:545} INFO - Filling up the DagBag from /home/airflow/.local/lib/python3.12/site-packages/airflow/example_dags/example_branch_operator.py
[2024-06-27T11:53:53.098+0000] {processor.py:840} INFO - DAG(s) 'example_branch_operator' retrieved from /home/airflow/.local/lib/python3.12/site-packages/airflow/example_dags/example_branch_operator.py
[2024-06-27T11:53:53.112+0000] {logging_mixin.py:188} INFO - [2024-06-27T11:53:53.112+0000] {dag.py:3096} INFO - Sync 1 DAGs
[2024-06-27T11:53:53.124+0000] {logging_mixin.py:188} INFO - [2024-06-27T11:53:53.124+0000] {dag.py:3954} INFO - Setting next_dagrun for example_branch_operator to 2024-06-26 00:00:00+00:00, run_after=2024-06-27 00:00:00+00:00
[2024-06-27T11:53:53.134+0000] {processor.py:183} INFO - Processing /home/airflow/.local/lib/python3.12/site-packages/airflow/example_dags/example_branch_operator.py took 0.050 seconds
[2024-06-27T11:54:23.970+0000] {processor.py:161} INFO - Started process (PID=1602) to work on /home/airflow/.local/lib/python3.12/site-packages/airflow/example_dags/example_branch_operator.py
[2024-06-27T11:54:23.971+0000] {processor.py:830} INFO - Processing file /home/airflow/.local/lib/python3.12/site-packages/airflow/example_dags/example_branch_operator.py for tasks to queue
[2024-06-27T11:54:23.972+0000] {logging_mixin.py:188} INFO - [2024-06-27T11:54:23.972+0000] {dagbag.py:545} INFO - Filling up the DagBag from /home/airflow/.local/lib/python3.12/site-packages/airflow/example_dags/example_branch_operator.py
[2024-06-27T11:54:23.981+0000] {processor.py:840} INFO - DAG(s) 'example_branch_operator' retrieved from /home/airflow/.local/lib/python3.12/site-packages/airflow/example_dags/example_branch_operator.py
[2024-06-27T11:54:23.996+0000] {logging_mixin.py:188} INFO - [2024-06-27T11:54:23.996+0000] {dag.py:3096} INFO - Sync 1 DAGs
[2024-06-27T11:54:24.007+0000] {logging_mixin.py:188} INFO - [2024-06-27T11:54:24.007+0000] {dag.py:3954} INFO - Setting next_dagrun for example_branch_operator to 2024-06-26 00:00:00+00:00, run_after=2024-06-27 00:00:00+00:00
[2024-06-27T11:54:24.023+0000] {processor.py:183} INFO - Processing /home/airflow/.local/lib/python3.12/site-packages/airflow/example_dags/example_branch_operator.py took 0.055 seconds
[2024-06-27T11:54:54.764+0000] {processor.py:161} INFO - Started process (PID=1661) to work on /home/airflow/.local/lib/python3.12/site-packages/airflow/example_dags/example_branch_operator.py
[2024-06-27T11:54:54.765+0000] {processor.py:830} INFO - Processing file /home/airflow/.local/lib/python3.12/site-packages/airflow/example_dags/example_branch_operator.py for tasks to queue
[2024-06-27T11:54:54.766+0000] {logging_mixin.py:188} INFO - [2024-06-27T11:54:54.766+0000] {dagbag.py:545} INFO - Filling up the DagBag from /home/airflow/.local/lib/python3.12/site-packages/airflow/example_dags/example_branch_operator.py
[2024-06-27T11:54:54.775+0000] {processor.py:840} INFO - DAG(s) 'example_branch_operator' retrieved from /home/airflow/.local/lib/python3.12/site-packages/airflow/example_dags/example_branch_operator.py
[2024-06-27T11:54:54.790+0000] {logging_mixin.py:188} INFO - [2024-06-27T11:54:54.790+0000] {dag.py:3096} INFO - Sync 1 DAGs
[2024-06-27T11:54:54.806+0000] {logging_mixin.py:188} INFO - [2024-06-27T11:54:54.805+0000] {dag.py:3954} INFO - Setting next_dagrun for example_branch_operator to 2024-06-26 00:00:00+00:00, run_after=2024-06-27 00:00:00+00:00
[2024-06-27T11:54:54.817+0000] {processor.py:183} INFO - Processing /home/airflow/.local/lib/python3.12/site-packages/airflow/example_dags/example_branch_operator.py took 0.056 seconds
[2024-06-27T11:55:25.618+0000] {processor.py:161} INFO - Started process (PID=1726) to work on /home/airflow/.local/lib/python3.12/site-packages/airflow/example_dags/example_branch_operator.py
[2024-06-27T11:55:25.619+0000] {processor.py:830} INFO - Processing file /home/airflow/.local/lib/python3.12/site-packages/airflow/example_dags/example_branch_operator.py for tasks to queue
[2024-06-27T11:55:25.620+0000] {logging_mixin.py:188} INFO - [2024-06-27T11:55:25.620+0000] {dagbag.py:545} INFO - Filling up the DagBag from /home/airflow/.local/lib/python3.12/site-packages/airflow/example_dags/example_branch_operator.py
[2024-06-27T11:55:25.628+0000] {processor.py:840} INFO - DAG(s) 'example_branch_operator' retrieved from /home/airflow/.local/lib/python3.12/site-packages/airflow/example_dags/example_branch_operator.py
[2024-06-27T11:55:25.643+0000] {logging_mixin.py:188} INFO - [2024-06-27T11:55:25.643+0000] {dag.py:3096} INFO - Sync 1 DAGs
[2024-06-27T11:55:25.654+0000] {logging_mixin.py:188} INFO - [2024-06-27T11:55:25.654+0000] {dag.py:3954} INFO - Setting next_dagrun for example_branch_operator to 2024-06-26 00:00:00+00:00, run_after=2024-06-27 00:00:00+00:00
[2024-06-27T11:55:25.664+0000] {processor.py:183} INFO - Processing /home/airflow/.local/lib/python3.12/site-packages/airflow/example_dags/example_branch_operator.py took 0.049 seconds
[2024-06-27T11:55:56.452+0000] {processor.py:161} INFO - Started process (PID=1785) to work on /home/airflow/.local/lib/python3.12/site-packages/airflow/example_dags/example_branch_operator.py
[2024-06-27T11:55:56.453+0000] {processor.py:830} INFO - Processing file /home/airflow/.local/lib/python3.12/site-packages/airflow/example_dags/example_branch_operator.py for tasks to queue
[2024-06-27T11:55:56.453+0000] {logging_mixin.py:188} INFO - [2024-06-27T11:55:56.453+0000] {dagbag.py:545} INFO - Filling up the DagBag from /home/airflow/.local/lib/python3.12/site-packages/airflow/example_dags/example_branch_operator.py
[2024-06-27T11:55:56.462+0000] {processor.py:840} INFO - DAG(s) 'example_branch_operator' retrieved from /home/airflow/.local/lib/python3.12/site-packages/airflow/example_dags/example_branch_operator.py
[2024-06-27T11:55:56.478+0000] {logging_mixin.py:188} INFO - [2024-06-27T11:55:56.478+0000] {dag.py:3096} INFO - Sync 1 DAGs
[2024-06-27T11:55:56.490+0000] {logging_mixin.py:188} INFO - [2024-06-27T11:55:56.490+0000] {dag.py:3954} INFO - Setting next_dagrun for example_branch_operator to 2024-06-26 00:00:00+00:00, run_after=2024-06-27 00:00:00+00:00
[2024-06-27T11:55:56.501+0000] {processor.py:183} INFO - Processing /home/airflow/.local/lib/python3.12/site-packages/airflow/example_dags/example_branch_operator.py took 0.053 seconds
[2024-06-27T11:56:27.500+0000] {processor.py:161} INFO - Started process (PID=1844) to work on /home/airflow/.local/lib/python3.12/site-packages/airflow/example_dags/example_branch_operator.py
[2024-06-27T11:56:27.501+0000] {processor.py:830} INFO - Processing file /home/airflow/.local/lib/python3.12/site-packages/airflow/example_dags/example_branch_operator.py for tasks to queue
[2024-06-27T11:56:27.502+0000] {logging_mixin.py:188} INFO - [2024-06-27T11:56:27.502+0000] {dagbag.py:545} INFO - Filling up the DagBag from /home/airflow/.local/lib/python3.12/site-packages/airflow/example_dags/example_branch_operator.py
[2024-06-27T11:56:27.510+0000] {processor.py:840} INFO - DAG(s) 'example_branch_operator' retrieved from /home/airflow/.local/lib/python3.12/site-packages/airflow/example_dags/example_branch_operator.py
[2024-06-27T11:56:27.526+0000] {logging_mixin.py:188} INFO - [2024-06-27T11:56:27.525+0000] {dag.py:3096} INFO - Sync 1 DAGs
[2024-06-27T11:56:27.537+0000] {logging_mixin.py:188} INFO - [2024-06-27T11:56:27.537+0000] {dag.py:3954} INFO - Setting next_dagrun for example_branch_operator to 2024-06-26 00:00:00+00:00, run_after=2024-06-27 00:00:00+00:00
[2024-06-27T11:56:27.548+0000] {processor.py:183} INFO - Processing /home/airflow/.local/lib/python3.12/site-packages/airflow/example_dags/example_branch_operator.py took 0.052 seconds
[2024-06-27T11:56:58.975+0000] {processor.py:161} INFO - Started process (PID=1903) to work on /home/airflow/.local/lib/python3.12/site-packages/airflow/example_dags/example_branch_operator.py
[2024-06-27T11:56:58.976+0000] {processor.py:830} INFO - Processing file /home/airflow/.local/lib/python3.12/site-packages/airflow/example_dags/example_branch_operator.py for tasks to queue
[2024-06-27T11:56:58.977+0000] {logging_mixin.py:188} INFO - [2024-06-27T11:56:58.977+0000] {dagbag.py:545} INFO - Filling up the DagBag from /home/airflow/.local/lib/python3.12/site-packages/airflow/example_dags/example_branch_operator.py
[2024-06-27T11:56:58.986+0000] {processor.py:840} INFO - DAG(s) 'example_branch_operator' retrieved from /home/airflow/.local/lib/python3.12/site-packages/airflow/example_dags/example_branch_operator.py
[2024-06-27T11:56:59.001+0000] {logging_mixin.py:188} INFO - [2024-06-27T11:56:59.000+0000] {dag.py:3096} INFO - Sync 1 DAGs
[2024-06-27T11:56:59.012+0000] {logging_mixin.py:188} INFO - [2024-06-27T11:56:59.012+0000] {dag.py:3954} INFO - Setting next_dagrun for example_branch_operator to 2024-06-26 00:00:00+00:00, run_after=2024-06-27 00:00:00+00:00
[2024-06-27T11:56:59.023+0000] {processor.py:183} INFO - Processing /home/airflow/.local/lib/python3.12/site-packages/airflow/example_dags/example_branch_operator.py took 0.051 seconds
[2024-06-27T11:57:29.894+0000] {processor.py:161} INFO - Started process (PID=1962) to work on /home/airflow/.local/lib/python3.12/site-packages/airflow/example_dags/example_branch_operator.py
[2024-06-27T11:57:29.895+0000] {processor.py:830} INFO - Processing file /home/airflow/.local/lib/python3.12/site-packages/airflow/example_dags/example_branch_operator.py for tasks to queue
[2024-06-27T11:57:29.896+0000] {logging_mixin.py:188} INFO - [2024-06-27T11:57:29.895+0000] {dagbag.py:545} INFO - Filling up the DagBag from /home/airflow/.local/lib/python3.12/site-packages/airflow/example_dags/example_branch_operator.py
[2024-06-27T11:57:29.905+0000] {processor.py:840} INFO - DAG(s) 'example_branch_operator' retrieved from /home/airflow/.local/lib/python3.12/site-packages/airflow/example_dags/example_branch_operator.py
[2024-06-27T11:57:29.920+0000] {logging_mixin.py:188} INFO - [2024-06-27T11:57:29.920+0000] {dag.py:3096} INFO - Sync 1 DAGs
[2024-06-27T11:57:29.932+0000] {logging_mixin.py:188} INFO - [2024-06-27T11:57:29.932+0000] {dag.py:3954} INFO - Setting next_dagrun for example_branch_operator to 2024-06-26 00:00:00+00:00, run_after=2024-06-27 00:00:00+00:00
[2024-06-27T11:57:29.943+0000] {processor.py:183} INFO - Processing /home/airflow/.local/lib/python3.12/site-packages/airflow/example_dags/example_branch_operator.py took 0.052 seconds
[2024-06-27T11:58:00.691+0000] {processor.py:161} INFO - Started process (PID=2021) to work on /home/airflow/.local/lib/python3.12/site-packages/airflow/example_dags/example_branch_operator.py
[2024-06-27T11:58:00.691+0000] {processor.py:830} INFO - Processing file /home/airflow/.local/lib/python3.12/site-packages/airflow/example_dags/example_branch_operator.py for tasks to queue
[2024-06-27T11:58:00.692+0000] {logging_mixin.py:188} INFO - [2024-06-27T11:58:00.692+0000] {dagbag.py:545} INFO - Filling up the DagBag from /home/airflow/.local/lib/python3.12/site-packages/airflow/example_dags/example_branch_operator.py
[2024-06-27T11:58:00.701+0000] {processor.py:840} INFO - DAG(s) 'example_branch_operator' retrieved from /home/airflow/.local/lib/python3.12/site-packages/airflow/example_dags/example_branch_operator.py
[2024-06-27T11:58:00.717+0000] {logging_mixin.py:188} INFO - [2024-06-27T11:58:00.716+0000] {dag.py:3096} INFO - Sync 1 DAGs
[2024-06-27T11:58:00.729+0000] {logging_mixin.py:188} INFO - [2024-06-27T11:58:00.729+0000] {dag.py:3954} INFO - Setting next_dagrun for example_branch_operator to 2024-06-26 00:00:00+00:00, run_after=2024-06-27 00:00:00+00:00
[2024-06-27T11:58:00.739+0000] {processor.py:183} INFO - Processing /home/airflow/.local/lib/python3.12/site-packages/airflow/example_dags/example_branch_operator.py took 0.052 seconds
[2024-06-27T11:58:31.387+0000] {processor.py:161} INFO - Started process (PID=2080) to work on /home/airflow/.local/lib/python3.12/site-packages/airflow/example_dags/example_branch_operator.py
[2024-06-27T11:58:31.388+0000] {processor.py:830} INFO - Processing file /home/airflow/.local/lib/python3.12/site-packages/airflow/example_dags/example_branch_operator.py for tasks to queue
[2024-06-27T11:58:31.389+0000] {logging_mixin.py:188} INFO - [2024-06-27T11:58:31.389+0000] {dagbag.py:545} INFO - Filling up the DagBag from /home/airflow/.local/lib/python3.12/site-packages/airflow/example_dags/example_branch_operator.py
[2024-06-27T11:58:31.398+0000] {processor.py:840} INFO - DAG(s) 'example_branch_operator' retrieved from /home/airflow/.local/lib/python3.12/site-packages/airflow/example_dags/example_branch_operator.py
[2024-06-27T11:58:31.414+0000] {logging_mixin.py:188} INFO - [2024-06-27T11:58:31.414+0000] {dag.py:3096} INFO - Sync 1 DAGs
[2024-06-27T11:58:31.426+0000] {logging_mixin.py:188} INFO - [2024-06-27T11:58:31.426+0000] {dag.py:3954} INFO - Setting next_dagrun for example_branch_operator to 2024-06-26 00:00:00+00:00, run_after=2024-06-27 00:00:00+00:00
[2024-06-27T11:58:31.437+0000] {processor.py:183} INFO - Processing /home/airflow/.local/lib/python3.12/site-packages/airflow/example_dags/example_branch_operator.py took 0.053 seconds
[2024-06-27T11:59:02.112+0000] {processor.py:161} INFO - Started process (PID=2139) to work on /home/airflow/.local/lib/python3.12/site-packages/airflow/example_dags/example_branch_operator.py
[2024-06-27T11:59:02.113+0000] {processor.py:830} INFO - Processing file /home/airflow/.local/lib/python3.12/site-packages/airflow/example_dags/example_branch_operator.py for tasks to queue
[2024-06-27T11:59:02.114+0000] {logging_mixin.py:188} INFO - [2024-06-27T11:59:02.114+0000] {dagbag.py:545} INFO - Filling up the DagBag from /home/airflow/.local/lib/python3.12/site-packages/airflow/example_dags/example_branch_operator.py
[2024-06-27T11:59:02.123+0000] {processor.py:840} INFO - DAG(s) 'example_branch_operator' retrieved from /home/airflow/.local/lib/python3.12/site-packages/airflow/example_dags/example_branch_operator.py
[2024-06-27T11:59:02.138+0000] {logging_mixin.py:188} INFO - [2024-06-27T11:59:02.138+0000] {dag.py:3096} INFO - Sync 1 DAGs
[2024-06-27T11:59:02.151+0000] {logging_mixin.py:188} INFO - [2024-06-27T11:59:02.151+0000] {dag.py:3954} INFO - Setting next_dagrun for example_branch_operator to 2024-06-26 00:00:00+00:00, run_after=2024-06-27 00:00:00+00:00
[2024-06-27T11:59:02.162+0000] {processor.py:183} INFO - Processing /home/airflow/.local/lib/python3.12/site-packages/airflow/example_dags/example_branch_operator.py took 0.053 seconds
[2024-06-27T11:59:32.861+0000] {processor.py:161} INFO - Started process (PID=2198) to work on /home/airflow/.local/lib/python3.12/site-packages/airflow/example_dags/example_branch_operator.py
[2024-06-27T11:59:32.862+0000] {processor.py:830} INFO - Processing file /home/airflow/.local/lib/python3.12/site-packages/airflow/example_dags/example_branch_operator.py for tasks to queue
[2024-06-27T11:59:32.863+0000] {logging_mixin.py:188} INFO - [2024-06-27T11:59:32.862+0000] {dagbag.py:545} INFO - Filling up the DagBag from /home/airflow/.local/lib/python3.12/site-packages/airflow/example_dags/example_branch_operator.py
[2024-06-27T11:59:32.871+0000] {processor.py:840} INFO - DAG(s) 'example_branch_operator' retrieved from /home/airflow/.local/lib/python3.12/site-packages/airflow/example_dags/example_branch_operator.py
[2024-06-27T11:59:32.888+0000] {logging_mixin.py:188} INFO - [2024-06-27T11:59:32.888+0000] {dag.py:3096} INFO - Sync 1 DAGs
[2024-06-27T11:59:32.901+0000] {logging_mixin.py:188} INFO - [2024-06-27T11:59:32.901+0000] {dag.py:3954} INFO - Setting next_dagrun for example_branch_operator to 2024-06-26 00:00:00+00:00, run_after=2024-06-27 00:00:00+00:00
[2024-06-27T11:59:32.912+0000] {processor.py:183} INFO - Processing /home/airflow/.local/lib/python3.12/site-packages/airflow/example_dags/example_branch_operator.py took 0.055 seconds
[2024-06-27T12:00:03.594+0000] {processor.py:161} INFO - Started process (PID=2257) to work on /home/airflow/.local/lib/python3.12/site-packages/airflow/example_dags/example_branch_operator.py
[2024-06-27T12:00:03.595+0000] {processor.py:830} INFO - Processing file /home/airflow/.local/lib/python3.12/site-packages/airflow/example_dags/example_branch_operator.py for tasks to queue
[2024-06-27T12:00:03.596+0000] {logging_mixin.py:188} INFO - [2024-06-27T12:00:03.595+0000] {dagbag.py:545} INFO - Filling up the DagBag from /home/airflow/.local/lib/python3.12/site-packages/airflow/example_dags/example_branch_operator.py
[2024-06-27T12:00:03.604+0000] {processor.py:840} INFO - DAG(s) 'example_branch_operator' retrieved from /home/airflow/.local/lib/python3.12/site-packages/airflow/example_dags/example_branch_operator.py
[2024-06-27T12:00:03.620+0000] {logging_mixin.py:188} INFO - [2024-06-27T12:00:03.620+0000] {dag.py:3096} INFO - Sync 1 DAGs
[2024-06-27T12:00:03.633+0000] {logging_mixin.py:188} INFO - [2024-06-27T12:00:03.632+0000] {dag.py:3954} INFO - Setting next_dagrun for example_branch_operator to 2024-06-26 00:00:00+00:00, run_after=2024-06-27 00:00:00+00:00
[2024-06-27T12:00:03.643+0000] {processor.py:183} INFO - Processing /home/airflow/.local/lib/python3.12/site-packages/airflow/example_dags/example_branch_operator.py took 0.052 seconds
[2024-06-27T12:00:34.325+0000] {processor.py:161} INFO - Started process (PID=2316) to work on /home/airflow/.local/lib/python3.12/site-packages/airflow/example_dags/example_branch_operator.py
[2024-06-27T12:00:34.326+0000] {processor.py:830} INFO - Processing file /home/airflow/.local/lib/python3.12/site-packages/airflow/example_dags/example_branch_operator.py for tasks to queue
[2024-06-27T12:00:34.327+0000] {logging_mixin.py:188} INFO - [2024-06-27T12:00:34.327+0000] {dagbag.py:545} INFO - Filling up the DagBag from /home/airflow/.local/lib/python3.12/site-packages/airflow/example_dags/example_branch_operator.py
[2024-06-27T12:00:34.336+0000] {processor.py:840} INFO - DAG(s) 'example_branch_operator' retrieved from /home/airflow/.local/lib/python3.12/site-packages/airflow/example_dags/example_branch_operator.py
[2024-06-27T12:00:34.352+0000] {logging_mixin.py:188} INFO - [2024-06-27T12:00:34.352+0000] {dag.py:3096} INFO - Sync 1 DAGs
[2024-06-27T12:00:34.366+0000] {logging_mixin.py:188} INFO - [2024-06-27T12:00:34.366+0000] {dag.py:3954} INFO - Setting next_dagrun for example_branch_operator to 2024-06-26 00:00:00+00:00, run_after=2024-06-27 00:00:00+00:00
[2024-06-27T12:00:34.377+0000] {processor.py:183} INFO - Processing /home/airflow/.local/lib/python3.12/site-packages/airflow/example_dags/example_branch_operator.py took 0.055 seconds
[2024-06-27T12:01:05.072+0000] {processor.py:161} INFO - Started process (PID=2375) to work on /home/airflow/.local/lib/python3.12/site-packages/airflow/example_dags/example_branch_operator.py
[2024-06-27T12:01:05.072+0000] {processor.py:830} INFO - Processing file /home/airflow/.local/lib/python3.12/site-packages/airflow/example_dags/example_branch_operator.py for tasks to queue
[2024-06-27T12:01:05.073+0000] {logging_mixin.py:188} INFO - [2024-06-27T12:01:05.073+0000] {dagbag.py:545} INFO - Filling up the DagBag from /home/airflow/.local/lib/python3.12/site-packages/airflow/example_dags/example_branch_operator.py
[2024-06-27T12:01:05.082+0000] {processor.py:840} INFO - DAG(s) 'example_branch_operator' retrieved from /home/airflow/.local/lib/python3.12/site-packages/airflow/example_dags/example_branch_operator.py
[2024-06-27T12:01:05.097+0000] {logging_mixin.py:188} INFO - [2024-06-27T12:01:05.097+0000] {dag.py:3096} INFO - Sync 1 DAGs
[2024-06-27T12:01:05.109+0000] {logging_mixin.py:188} INFO - [2024-06-27T12:01:05.109+0000] {dag.py:3954} INFO - Setting next_dagrun for example_branch_operator to 2024-06-26 00:00:00+00:00, run_after=2024-06-27 00:00:00+00:00
[2024-06-27T12:01:05.120+0000] {processor.py:183} INFO - Processing /home/airflow/.local/lib/python3.12/site-packages/airflow/example_dags/example_branch_operator.py took 0.052 seconds
[2024-06-27T12:01:35.962+0000] {processor.py:161} INFO - Started process (PID=2434) to work on /home/airflow/.local/lib/python3.12/site-packages/airflow/example_dags/example_branch_operator.py
[2024-06-27T12:01:35.963+0000] {processor.py:830} INFO - Processing file /home/airflow/.local/lib/python3.12/site-packages/airflow/example_dags/example_branch_operator.py for tasks to queue
[2024-06-27T12:01:35.964+0000] {logging_mixin.py:188} INFO - [2024-06-27T12:01:35.964+0000] {dagbag.py:545} INFO - Filling up the DagBag from /home/airflow/.local/lib/python3.12/site-packages/airflow/example_dags/example_branch_operator.py
[2024-06-27T12:01:35.979+0000] {processor.py:840} INFO - DAG(s) 'example_branch_operator' retrieved from /home/airflow/.local/lib/python3.12/site-packages/airflow/example_dags/example_branch_operator.py
[2024-06-27T12:01:35.999+0000] {logging_mixin.py:188} INFO - [2024-06-27T12:01:35.998+0000] {dag.py:3096} INFO - Sync 1 DAGs
[2024-06-27T12:01:36.013+0000] {logging_mixin.py:188} INFO - [2024-06-27T12:01:36.013+0000] {dag.py:3954} INFO - Setting next_dagrun for example_branch_operator to 2024-06-26 00:00:00+00:00, run_after=2024-06-27 00:00:00+00:00
[2024-06-27T12:01:36.024+0000] {processor.py:183} INFO - Processing /home/airflow/.local/lib/python3.12/site-packages/airflow/example_dags/example_branch_operator.py took 0.067 seconds
