[2024-06-27T11:41:03.120+0000] {processor.py:161} INFO - Started process (PID=38) to work on /home/airflow/.local/lib/python3.12/site-packages/airflow/example_dags/example_branch_python_dop_operator_3.py
[2024-06-27T11:41:03.120+0000] {processor.py:830} INFO - Processing file /home/airflow/.local/lib/python3.12/site-packages/airflow/example_dags/example_branch_python_dop_operator_3.py for tasks to queue
[2024-06-27T11:41:03.122+0000] {logging_mixin.py:188} INFO - [2024-06-27T11:41:03.121+0000] {dagbag.py:545} INFO - Filling up the DagBag from /home/airflow/.local/lib/python3.12/site-packages/airflow/example_dags/example_branch_python_dop_operator_3.py
[2024-06-27T11:41:03.133+0000] {processor.py:840} INFO - DAG(s) 'example_branch_dop_operator_v3' retrieved from /home/airflow/.local/lib/python3.12/site-packages/airflow/example_dags/example_branch_python_dop_operator_3.py
[2024-06-27T11:41:03.146+0000] {logging_mixin.py:188} INFO - [2024-06-27T11:41:03.145+0000] {dag.py:3096} INFO - Sync 1 DAGs
[2024-06-27T11:41:03.164+0000] {logging_mixin.py:188} INFO - [2024-06-27T11:41:03.163+0000] {dag.py:3954} INFO - Setting next_dagrun for example_branch_dop_operator_v3 to 2024-06-27 11:40:00+00:00, run_after=2024-06-27 11:41:00+00:00
[2024-06-27T11:41:03.177+0000] {processor.py:183} INFO - Processing /home/airflow/.local/lib/python3.12/site-packages/airflow/example_dags/example_branch_python_dop_operator_3.py took 0.061 seconds
[2024-06-27T11:41:33.854+0000] {processor.py:161} INFO - Started process (PID=96) to work on /home/airflow/.local/lib/python3.12/site-packages/airflow/example_dags/example_branch_python_dop_operator_3.py
[2024-06-27T11:41:33.855+0000] {processor.py:830} INFO - Processing file /home/airflow/.local/lib/python3.12/site-packages/airflow/example_dags/example_branch_python_dop_operator_3.py for tasks to queue
[2024-06-27T11:41:33.856+0000] {logging_mixin.py:188} INFO - [2024-06-27T11:41:33.856+0000] {dagbag.py:545} INFO - Filling up the DagBag from /home/airflow/.local/lib/python3.12/site-packages/airflow/example_dags/example_branch_python_dop_operator_3.py
[2024-06-27T11:41:33.862+0000] {processor.py:840} INFO - DAG(s) 'example_branch_dop_operator_v3' retrieved from /home/airflow/.local/lib/python3.12/site-packages/airflow/example_dags/example_branch_python_dop_operator_3.py
[2024-06-27T11:41:33.917+0000] {logging_mixin.py:188} INFO - [2024-06-27T11:41:33.917+0000] {dag.py:3096} INFO - Sync 1 DAGs
[2024-06-27T11:41:33.929+0000] {logging_mixin.py:188} INFO - [2024-06-27T11:41:33.929+0000] {dag.py:3954} INFO - Setting next_dagrun for example_branch_dop_operator_v3 to 2024-06-27 11:40:00+00:00, run_after=2024-06-27 11:41:00+00:00
[2024-06-27T11:41:33.941+0000] {processor.py:183} INFO - Processing /home/airflow/.local/lib/python3.12/site-packages/airflow/example_dags/example_branch_python_dop_operator_3.py took 0.090 seconds
[2024-06-27T11:42:04.624+0000] {processor.py:161} INFO - Started process (PID=154) to work on /home/airflow/.local/lib/python3.12/site-packages/airflow/example_dags/example_branch_python_dop_operator_3.py
[2024-06-27T11:42:04.624+0000] {processor.py:830} INFO - Processing file /home/airflow/.local/lib/python3.12/site-packages/airflow/example_dags/example_branch_python_dop_operator_3.py for tasks to queue
[2024-06-27T11:42:04.625+0000] {logging_mixin.py:188} INFO - [2024-06-27T11:42:04.625+0000] {dagbag.py:545} INFO - Filling up the DagBag from /home/airflow/.local/lib/python3.12/site-packages/airflow/example_dags/example_branch_python_dop_operator_3.py
[2024-06-27T11:42:04.630+0000] {processor.py:840} INFO - DAG(s) 'example_branch_dop_operator_v3' retrieved from /home/airflow/.local/lib/python3.12/site-packages/airflow/example_dags/example_branch_python_dop_operator_3.py
[2024-06-27T11:42:04.642+0000] {logging_mixin.py:188} INFO - [2024-06-27T11:42:04.642+0000] {dag.py:3096} INFO - Sync 1 DAGs
[2024-06-27T11:42:04.657+0000] {logging_mixin.py:188} INFO - [2024-06-27T11:42:04.657+0000] {dag.py:3954} INFO - Setting next_dagrun for example_branch_dop_operator_v3 to 2024-06-27 11:41:00+00:00, run_after=2024-06-27 11:42:00+00:00
[2024-06-27T11:42:04.668+0000] {processor.py:183} INFO - Processing /home/airflow/.local/lib/python3.12/site-packages/airflow/example_dags/example_branch_python_dop_operator_3.py took 0.048 seconds
[2024-06-27T11:42:35.515+0000] {processor.py:161} INFO - Started process (PID=212) to work on /home/airflow/.local/lib/python3.12/site-packages/airflow/example_dags/example_branch_python_dop_operator_3.py
[2024-06-27T11:42:35.516+0000] {processor.py:830} INFO - Processing file /home/airflow/.local/lib/python3.12/site-packages/airflow/example_dags/example_branch_python_dop_operator_3.py for tasks to queue
[2024-06-27T11:42:35.517+0000] {logging_mixin.py:188} INFO - [2024-06-27T11:42:35.517+0000] {dagbag.py:545} INFO - Filling up the DagBag from /home/airflow/.local/lib/python3.12/site-packages/airflow/example_dags/example_branch_python_dop_operator_3.py
[2024-06-27T11:42:35.522+0000] {processor.py:840} INFO - DAG(s) 'example_branch_dop_operator_v3' retrieved from /home/airflow/.local/lib/python3.12/site-packages/airflow/example_dags/example_branch_python_dop_operator_3.py
[2024-06-27T11:42:35.534+0000] {logging_mixin.py:188} INFO - [2024-06-27T11:42:35.533+0000] {dag.py:3096} INFO - Sync 1 DAGs
[2024-06-27T11:42:35.548+0000] {logging_mixin.py:188} INFO - [2024-06-27T11:42:35.548+0000] {dag.py:3954} INFO - Setting next_dagrun for example_branch_dop_operator_v3 to 2024-06-27 11:41:00+00:00, run_after=2024-06-27 11:42:00+00:00
[2024-06-27T11:42:35.559+0000] {processor.py:183} INFO - Processing /home/airflow/.local/lib/python3.12/site-packages/airflow/example_dags/example_branch_python_dop_operator_3.py took 0.048 seconds
[2024-06-27T11:43:05.752+0000] {processor.py:161} INFO - Started process (PID=270) to work on /home/airflow/.local/lib/python3.12/site-packages/airflow/example_dags/example_branch_python_dop_operator_3.py
[2024-06-27T11:43:05.753+0000] {processor.py:830} INFO - Processing file /home/airflow/.local/lib/python3.12/site-packages/airflow/example_dags/example_branch_python_dop_operator_3.py for tasks to queue
[2024-06-27T11:43:05.754+0000] {logging_mixin.py:188} INFO - [2024-06-27T11:43:05.754+0000] {dagbag.py:545} INFO - Filling up the DagBag from /home/airflow/.local/lib/python3.12/site-packages/airflow/example_dags/example_branch_python_dop_operator_3.py
[2024-06-27T11:43:05.763+0000] {processor.py:840} INFO - DAG(s) 'example_branch_dop_operator_v3' retrieved from /home/airflow/.local/lib/python3.12/site-packages/airflow/example_dags/example_branch_python_dop_operator_3.py
[2024-06-27T11:43:05.776+0000] {logging_mixin.py:188} INFO - [2024-06-27T11:43:05.776+0000] {dag.py:3096} INFO - Sync 1 DAGs
[2024-06-27T11:43:05.791+0000] {logging_mixin.py:188} INFO - [2024-06-27T11:43:05.791+0000] {dag.py:3954} INFO - Setting next_dagrun for example_branch_dop_operator_v3 to 2024-06-27 11:42:00+00:00, run_after=2024-06-27 11:43:00+00:00
[2024-06-27T11:43:05.802+0000] {processor.py:183} INFO - Processing /home/airflow/.local/lib/python3.12/site-packages/airflow/example_dags/example_branch_python_dop_operator_3.py took 0.054 seconds
[2024-06-27T11:43:36.637+0000] {processor.py:161} INFO - Started process (PID=328) to work on /home/airflow/.local/lib/python3.12/site-packages/airflow/example_dags/example_branch_python_dop_operator_3.py
[2024-06-27T11:43:36.638+0000] {processor.py:830} INFO - Processing file /home/airflow/.local/lib/python3.12/site-packages/airflow/example_dags/example_branch_python_dop_operator_3.py for tasks to queue
[2024-06-27T11:43:36.639+0000] {logging_mixin.py:188} INFO - [2024-06-27T11:43:36.639+0000] {dagbag.py:545} INFO - Filling up the DagBag from /home/airflow/.local/lib/python3.12/site-packages/airflow/example_dags/example_branch_python_dop_operator_3.py
[2024-06-27T11:43:36.645+0000] {processor.py:840} INFO - DAG(s) 'example_branch_dop_operator_v3' retrieved from /home/airflow/.local/lib/python3.12/site-packages/airflow/example_dags/example_branch_python_dop_operator_3.py
[2024-06-27T11:43:36.656+0000] {logging_mixin.py:188} INFO - [2024-06-27T11:43:36.656+0000] {dag.py:3096} INFO - Sync 1 DAGs
[2024-06-27T11:43:36.671+0000] {logging_mixin.py:188} INFO - [2024-06-27T11:43:36.670+0000] {dag.py:3954} INFO - Setting next_dagrun for example_branch_dop_operator_v3 to 2024-06-27 11:42:00+00:00, run_after=2024-06-27 11:43:00+00:00
[2024-06-27T11:43:36.681+0000] {processor.py:183} INFO - Processing /home/airflow/.local/lib/python3.12/site-packages/airflow/example_dags/example_branch_python_dop_operator_3.py took 0.048 seconds
[2024-06-27T11:44:07.354+0000] {processor.py:161} INFO - Started process (PID=386) to work on /home/airflow/.local/lib/python3.12/site-packages/airflow/example_dags/example_branch_python_dop_operator_3.py
[2024-06-27T11:44:07.355+0000] {processor.py:830} INFO - Processing file /home/airflow/.local/lib/python3.12/site-packages/airflow/example_dags/example_branch_python_dop_operator_3.py for tasks to queue
[2024-06-27T11:44:07.356+0000] {logging_mixin.py:188} INFO - [2024-06-27T11:44:07.356+0000] {dagbag.py:545} INFO - Filling up the DagBag from /home/airflow/.local/lib/python3.12/site-packages/airflow/example_dags/example_branch_python_dop_operator_3.py
[2024-06-27T11:44:07.360+0000] {processor.py:840} INFO - DAG(s) 'example_branch_dop_operator_v3' retrieved from /home/airflow/.local/lib/python3.12/site-packages/airflow/example_dags/example_branch_python_dop_operator_3.py
[2024-06-27T11:44:07.371+0000] {logging_mixin.py:188} INFO - [2024-06-27T11:44:07.371+0000] {dag.py:3096} INFO - Sync 1 DAGs
[2024-06-27T11:44:07.384+0000] {logging_mixin.py:188} INFO - [2024-06-27T11:44:07.384+0000] {dag.py:3954} INFO - Setting next_dagrun for example_branch_dop_operator_v3 to 2024-06-27 11:43:00+00:00, run_after=2024-06-27 11:44:00+00:00
[2024-06-27T11:44:07.394+0000] {processor.py:183} INFO - Processing /home/airflow/.local/lib/python3.12/site-packages/airflow/example_dags/example_branch_python_dop_operator_3.py took 0.043 seconds
[2024-06-27T11:44:38.129+0000] {processor.py:161} INFO - Started process (PID=444) to work on /home/airflow/.local/lib/python3.12/site-packages/airflow/example_dags/example_branch_python_dop_operator_3.py
[2024-06-27T11:44:38.130+0000] {processor.py:830} INFO - Processing file /home/airflow/.local/lib/python3.12/site-packages/airflow/example_dags/example_branch_python_dop_operator_3.py for tasks to queue
[2024-06-27T11:44:38.131+0000] {logging_mixin.py:188} INFO - [2024-06-27T11:44:38.131+0000] {dagbag.py:545} INFO - Filling up the DagBag from /home/airflow/.local/lib/python3.12/site-packages/airflow/example_dags/example_branch_python_dop_operator_3.py
[2024-06-27T11:44:38.136+0000] {processor.py:840} INFO - DAG(s) 'example_branch_dop_operator_v3' retrieved from /home/airflow/.local/lib/python3.12/site-packages/airflow/example_dags/example_branch_python_dop_operator_3.py
[2024-06-27T11:44:38.148+0000] {logging_mixin.py:188} INFO - [2024-06-27T11:44:38.147+0000] {dag.py:3096} INFO - Sync 1 DAGs
[2024-06-27T11:44:38.162+0000] {logging_mixin.py:188} INFO - [2024-06-27T11:44:38.162+0000] {dag.py:3954} INFO - Setting next_dagrun for example_branch_dop_operator_v3 to 2024-06-27 11:43:00+00:00, run_after=2024-06-27 11:44:00+00:00
[2024-06-27T11:44:38.173+0000] {processor.py:183} INFO - Processing /home/airflow/.local/lib/python3.12/site-packages/airflow/example_dags/example_branch_python_dop_operator_3.py took 0.047 seconds
[2024-06-27T11:45:08.956+0000] {processor.py:161} INFO - Started process (PID=502) to work on /home/airflow/.local/lib/python3.12/site-packages/airflow/example_dags/example_branch_python_dop_operator_3.py
[2024-06-27T11:45:08.957+0000] {processor.py:830} INFO - Processing file /home/airflow/.local/lib/python3.12/site-packages/airflow/example_dags/example_branch_python_dop_operator_3.py for tasks to queue
[2024-06-27T11:45:08.958+0000] {logging_mixin.py:188} INFO - [2024-06-27T11:45:08.957+0000] {dagbag.py:545} INFO - Filling up the DagBag from /home/airflow/.local/lib/python3.12/site-packages/airflow/example_dags/example_branch_python_dop_operator_3.py
[2024-06-27T11:45:08.962+0000] {processor.py:840} INFO - DAG(s) 'example_branch_dop_operator_v3' retrieved from /home/airflow/.local/lib/python3.12/site-packages/airflow/example_dags/example_branch_python_dop_operator_3.py
[2024-06-27T11:45:08.972+0000] {logging_mixin.py:188} INFO - [2024-06-27T11:45:08.972+0000] {dag.py:3096} INFO - Sync 1 DAGs
[2024-06-27T11:45:08.988+0000] {logging_mixin.py:188} INFO - [2024-06-27T11:45:08.988+0000] {dag.py:3954} INFO - Setting next_dagrun for example_branch_dop_operator_v3 to 2024-06-27 11:44:00+00:00, run_after=2024-06-27 11:45:00+00:00
[2024-06-27T11:45:09.000+0000] {processor.py:183} INFO - Processing /home/airflow/.local/lib/python3.12/site-packages/airflow/example_dags/example_branch_python_dop_operator_3.py took 0.048 seconds
[2024-06-27T11:45:39.832+0000] {processor.py:161} INFO - Started process (PID=560) to work on /home/airflow/.local/lib/python3.12/site-packages/airflow/example_dags/example_branch_python_dop_operator_3.py
[2024-06-27T11:45:39.833+0000] {processor.py:830} INFO - Processing file /home/airflow/.local/lib/python3.12/site-packages/airflow/example_dags/example_branch_python_dop_operator_3.py for tasks to queue
[2024-06-27T11:45:39.834+0000] {logging_mixin.py:188} INFO - [2024-06-27T11:45:39.834+0000] {dagbag.py:545} INFO - Filling up the DagBag from /home/airflow/.local/lib/python3.12/site-packages/airflow/example_dags/example_branch_python_dop_operator_3.py
[2024-06-27T11:45:39.838+0000] {processor.py:840} INFO - DAG(s) 'example_branch_dop_operator_v3' retrieved from /home/airflow/.local/lib/python3.12/site-packages/airflow/example_dags/example_branch_python_dop_operator_3.py
[2024-06-27T11:45:39.849+0000] {logging_mixin.py:188} INFO - [2024-06-27T11:45:39.849+0000] {dag.py:3096} INFO - Sync 1 DAGs
[2024-06-27T11:45:39.863+0000] {logging_mixin.py:188} INFO - [2024-06-27T11:45:39.863+0000] {dag.py:3954} INFO - Setting next_dagrun for example_branch_dop_operator_v3 to 2024-06-27 11:44:00+00:00, run_after=2024-06-27 11:45:00+00:00
[2024-06-27T11:45:39.873+0000] {processor.py:183} INFO - Processing /home/airflow/.local/lib/python3.12/site-packages/airflow/example_dags/example_branch_python_dop_operator_3.py took 0.044 seconds
[2024-06-27T11:46:10.570+0000] {processor.py:161} INFO - Started process (PID=619) to work on /home/airflow/.local/lib/python3.12/site-packages/airflow/example_dags/example_branch_python_dop_operator_3.py
[2024-06-27T11:46:10.571+0000] {processor.py:830} INFO - Processing file /home/airflow/.local/lib/python3.12/site-packages/airflow/example_dags/example_branch_python_dop_operator_3.py for tasks to queue
[2024-06-27T11:46:10.572+0000] {logging_mixin.py:188} INFO - [2024-06-27T11:46:10.571+0000] {dagbag.py:545} INFO - Filling up the DagBag from /home/airflow/.local/lib/python3.12/site-packages/airflow/example_dags/example_branch_python_dop_operator_3.py
[2024-06-27T11:46:10.576+0000] {processor.py:840} INFO - DAG(s) 'example_branch_dop_operator_v3' retrieved from /home/airflow/.local/lib/python3.12/site-packages/airflow/example_dags/example_branch_python_dop_operator_3.py
[2024-06-27T11:46:10.587+0000] {logging_mixin.py:188} INFO - [2024-06-27T11:46:10.587+0000] {dag.py:3096} INFO - Sync 1 DAGs
[2024-06-27T11:46:10.601+0000] {logging_mixin.py:188} INFO - [2024-06-27T11:46:10.601+0000] {dag.py:3954} INFO - Setting next_dagrun for example_branch_dop_operator_v3 to 2024-06-27 11:45:00+00:00, run_after=2024-06-27 11:46:00+00:00
[2024-06-27T11:46:10.612+0000] {processor.py:183} INFO - Processing /home/airflow/.local/lib/python3.12/site-packages/airflow/example_dags/example_branch_python_dop_operator_3.py took 0.046 seconds
[2024-06-27T11:46:41.519+0000] {processor.py:161} INFO - Started process (PID=683) to work on /home/airflow/.local/lib/python3.12/site-packages/airflow/example_dags/example_branch_python_dop_operator_3.py
[2024-06-27T11:46:41.520+0000] {processor.py:830} INFO - Processing file /home/airflow/.local/lib/python3.12/site-packages/airflow/example_dags/example_branch_python_dop_operator_3.py for tasks to queue
[2024-06-27T11:46:41.521+0000] {logging_mixin.py:188} INFO - [2024-06-27T11:46:41.521+0000] {dagbag.py:545} INFO - Filling up the DagBag from /home/airflow/.local/lib/python3.12/site-packages/airflow/example_dags/example_branch_python_dop_operator_3.py
[2024-06-27T11:46:41.526+0000] {processor.py:840} INFO - DAG(s) 'example_branch_dop_operator_v3' retrieved from /home/airflow/.local/lib/python3.12/site-packages/airflow/example_dags/example_branch_python_dop_operator_3.py
[2024-06-27T11:46:41.536+0000] {logging_mixin.py:188} INFO - [2024-06-27T11:46:41.536+0000] {dag.py:3096} INFO - Sync 1 DAGs
[2024-06-27T11:46:41.549+0000] {logging_mixin.py:188} INFO - [2024-06-27T11:46:41.549+0000] {dag.py:3954} INFO - Setting next_dagrun for example_branch_dop_operator_v3 to 2024-06-27 11:45:00+00:00, run_after=2024-06-27 11:46:00+00:00
[2024-06-27T11:46:41.559+0000] {processor.py:183} INFO - Processing /home/airflow/.local/lib/python3.12/site-packages/airflow/example_dags/example_branch_python_dop_operator_3.py took 0.044 seconds
[2024-06-27T11:47:12.369+0000] {processor.py:161} INFO - Started process (PID=744) to work on /home/airflow/.local/lib/python3.12/site-packages/airflow/example_dags/example_branch_python_dop_operator_3.py
[2024-06-27T11:47:12.370+0000] {processor.py:830} INFO - Processing file /home/airflow/.local/lib/python3.12/site-packages/airflow/example_dags/example_branch_python_dop_operator_3.py for tasks to queue
[2024-06-27T11:47:12.371+0000] {logging_mixin.py:188} INFO - [2024-06-27T11:47:12.371+0000] {dagbag.py:545} INFO - Filling up the DagBag from /home/airflow/.local/lib/python3.12/site-packages/airflow/example_dags/example_branch_python_dop_operator_3.py
[2024-06-27T11:47:12.376+0000] {processor.py:840} INFO - DAG(s) 'example_branch_dop_operator_v3' retrieved from /home/airflow/.local/lib/python3.12/site-packages/airflow/example_dags/example_branch_python_dop_operator_3.py
[2024-06-27T11:47:12.387+0000] {logging_mixin.py:188} INFO - [2024-06-27T11:47:12.387+0000] {dag.py:3096} INFO - Sync 1 DAGs
[2024-06-27T11:47:12.404+0000] {logging_mixin.py:188} INFO - [2024-06-27T11:47:12.404+0000] {dag.py:3954} INFO - Setting next_dagrun for example_branch_dop_operator_v3 to 2024-06-27 11:46:00+00:00, run_after=2024-06-27 11:47:00+00:00
[2024-06-27T11:47:12.416+0000] {processor.py:183} INFO - Processing /home/airflow/.local/lib/python3.12/site-packages/airflow/example_dags/example_branch_python_dop_operator_3.py took 0.051 seconds
[2024-06-27T11:47:43.415+0000] {processor.py:161} INFO - Started process (PID=803) to work on /home/airflow/.local/lib/python3.12/site-packages/airflow/example_dags/example_branch_python_dop_operator_3.py
[2024-06-27T11:47:43.415+0000] {processor.py:830} INFO - Processing file /home/airflow/.local/lib/python3.12/site-packages/airflow/example_dags/example_branch_python_dop_operator_3.py for tasks to queue
[2024-06-27T11:47:43.416+0000] {logging_mixin.py:188} INFO - [2024-06-27T11:47:43.416+0000] {dagbag.py:545} INFO - Filling up the DagBag from /home/airflow/.local/lib/python3.12/site-packages/airflow/example_dags/example_branch_python_dop_operator_3.py
[2024-06-27T11:47:43.421+0000] {processor.py:840} INFO - DAG(s) 'example_branch_dop_operator_v3' retrieved from /home/airflow/.local/lib/python3.12/site-packages/airflow/example_dags/example_branch_python_dop_operator_3.py
[2024-06-27T11:47:43.432+0000] {logging_mixin.py:188} INFO - [2024-06-27T11:47:43.432+0000] {dag.py:3096} INFO - Sync 1 DAGs
[2024-06-27T11:47:43.447+0000] {logging_mixin.py:188} INFO - [2024-06-27T11:47:43.447+0000] {dag.py:3954} INFO - Setting next_dagrun for example_branch_dop_operator_v3 to 2024-06-27 11:46:00+00:00, run_after=2024-06-27 11:47:00+00:00
[2024-06-27T11:47:43.458+0000] {processor.py:183} INFO - Processing /home/airflow/.local/lib/python3.12/site-packages/airflow/example_dags/example_branch_python_dop_operator_3.py took 0.047 seconds
[2024-06-27T11:48:13.610+0000] {processor.py:161} INFO - Started process (PID=862) to work on /home/airflow/.local/lib/python3.12/site-packages/airflow/example_dags/example_branch_python_dop_operator_3.py
[2024-06-27T11:48:13.611+0000] {processor.py:830} INFO - Processing file /home/airflow/.local/lib/python3.12/site-packages/airflow/example_dags/example_branch_python_dop_operator_3.py for tasks to queue
[2024-06-27T11:48:13.612+0000] {logging_mixin.py:188} INFO - [2024-06-27T11:48:13.612+0000] {dagbag.py:545} INFO - Filling up the DagBag from /home/airflow/.local/lib/python3.12/site-packages/airflow/example_dags/example_branch_python_dop_operator_3.py
[2024-06-27T11:48:13.617+0000] {processor.py:840} INFO - DAG(s) 'example_branch_dop_operator_v3' retrieved from /home/airflow/.local/lib/python3.12/site-packages/airflow/example_dags/example_branch_python_dop_operator_3.py
[2024-06-27T11:48:13.628+0000] {logging_mixin.py:188} INFO - [2024-06-27T11:48:13.628+0000] {dag.py:3096} INFO - Sync 1 DAGs
[2024-06-27T11:48:13.641+0000] {logging_mixin.py:188} INFO - [2024-06-27T11:48:13.640+0000] {dag.py:3954} INFO - Setting next_dagrun for example_branch_dop_operator_v3 to 2024-06-27 11:47:00+00:00, run_after=2024-06-27 11:48:00+00:00
[2024-06-27T11:48:13.650+0000] {processor.py:183} INFO - Processing /home/airflow/.local/lib/python3.12/site-packages/airflow/example_dags/example_branch_python_dop_operator_3.py took 0.043 seconds
[2024-06-27T11:48:44.681+0000] {processor.py:161} INFO - Started process (PID=921) to work on /home/airflow/.local/lib/python3.12/site-packages/airflow/example_dags/example_branch_python_dop_operator_3.py
[2024-06-27T11:48:44.682+0000] {processor.py:830} INFO - Processing file /home/airflow/.local/lib/python3.12/site-packages/airflow/example_dags/example_branch_python_dop_operator_3.py for tasks to queue
[2024-06-27T11:48:44.683+0000] {logging_mixin.py:188} INFO - [2024-06-27T11:48:44.683+0000] {dagbag.py:545} INFO - Filling up the DagBag from /home/airflow/.local/lib/python3.12/site-packages/airflow/example_dags/example_branch_python_dop_operator_3.py
[2024-06-27T11:48:44.687+0000] {processor.py:840} INFO - DAG(s) 'example_branch_dop_operator_v3' retrieved from /home/airflow/.local/lib/python3.12/site-packages/airflow/example_dags/example_branch_python_dop_operator_3.py
[2024-06-27T11:48:44.698+0000] {logging_mixin.py:188} INFO - [2024-06-27T11:48:44.698+0000] {dag.py:3096} INFO - Sync 1 DAGs
[2024-06-27T11:48:44.711+0000] {logging_mixin.py:188} INFO - [2024-06-27T11:48:44.711+0000] {dag.py:3954} INFO - Setting next_dagrun for example_branch_dop_operator_v3 to 2024-06-27 11:47:00+00:00, run_after=2024-06-27 11:48:00+00:00
[2024-06-27T11:48:44.720+0000] {processor.py:183} INFO - Processing /home/airflow/.local/lib/python3.12/site-packages/airflow/example_dags/example_branch_python_dop_operator_3.py took 0.042 seconds
[2024-06-27T11:49:14.770+0000] {processor.py:161} INFO - Started process (PID=980) to work on /home/airflow/.local/lib/python3.12/site-packages/airflow/example_dags/example_branch_python_dop_operator_3.py
[2024-06-27T11:49:14.771+0000] {processor.py:830} INFO - Processing file /home/airflow/.local/lib/python3.12/site-packages/airflow/example_dags/example_branch_python_dop_operator_3.py for tasks to queue
[2024-06-27T11:49:14.772+0000] {logging_mixin.py:188} INFO - [2024-06-27T11:49:14.771+0000] {dagbag.py:545} INFO - Filling up the DagBag from /home/airflow/.local/lib/python3.12/site-packages/airflow/example_dags/example_branch_python_dop_operator_3.py
[2024-06-27T11:49:14.777+0000] {processor.py:840} INFO - DAG(s) 'example_branch_dop_operator_v3' retrieved from /home/airflow/.local/lib/python3.12/site-packages/airflow/example_dags/example_branch_python_dop_operator_3.py
[2024-06-27T11:49:14.791+0000] {logging_mixin.py:188} INFO - [2024-06-27T11:49:14.790+0000] {dag.py:3096} INFO - Sync 1 DAGs
[2024-06-27T11:49:14.805+0000] {logging_mixin.py:188} INFO - [2024-06-27T11:49:14.805+0000] {dag.py:3954} INFO - Setting next_dagrun for example_branch_dop_operator_v3 to 2024-06-27 11:48:00+00:00, run_after=2024-06-27 11:49:00+00:00
[2024-06-27T11:49:14.814+0000] {processor.py:183} INFO - Processing /home/airflow/.local/lib/python3.12/site-packages/airflow/example_dags/example_branch_python_dop_operator_3.py took 0.048 seconds
[2024-06-27T11:49:45.604+0000] {processor.py:161} INFO - Started process (PID=1039) to work on /home/airflow/.local/lib/python3.12/site-packages/airflow/example_dags/example_branch_python_dop_operator_3.py
[2024-06-27T11:49:45.605+0000] {processor.py:830} INFO - Processing file /home/airflow/.local/lib/python3.12/site-packages/airflow/example_dags/example_branch_python_dop_operator_3.py for tasks to queue
[2024-06-27T11:49:45.606+0000] {logging_mixin.py:188} INFO - [2024-06-27T11:49:45.606+0000] {dagbag.py:545} INFO - Filling up the DagBag from /home/airflow/.local/lib/python3.12/site-packages/airflow/example_dags/example_branch_python_dop_operator_3.py
[2024-06-27T11:49:45.610+0000] {processor.py:840} INFO - DAG(s) 'example_branch_dop_operator_v3' retrieved from /home/airflow/.local/lib/python3.12/site-packages/airflow/example_dags/example_branch_python_dop_operator_3.py
[2024-06-27T11:49:45.621+0000] {logging_mixin.py:188} INFO - [2024-06-27T11:49:45.621+0000] {dag.py:3096} INFO - Sync 1 DAGs
[2024-06-27T11:49:45.635+0000] {logging_mixin.py:188} INFO - [2024-06-27T11:49:45.634+0000] {dag.py:3954} INFO - Setting next_dagrun for example_branch_dop_operator_v3 to 2024-06-27 11:48:00+00:00, run_after=2024-06-27 11:49:00+00:00
[2024-06-27T11:49:45.645+0000] {processor.py:183} INFO - Processing /home/airflow/.local/lib/python3.12/site-packages/airflow/example_dags/example_branch_python_dop_operator_3.py took 0.044 seconds
[2024-06-27T11:50:16.389+0000] {processor.py:161} INFO - Started process (PID=1098) to work on /home/airflow/.local/lib/python3.12/site-packages/airflow/example_dags/example_branch_python_dop_operator_3.py
[2024-06-27T11:50:16.390+0000] {processor.py:830} INFO - Processing file /home/airflow/.local/lib/python3.12/site-packages/airflow/example_dags/example_branch_python_dop_operator_3.py for tasks to queue
[2024-06-27T11:50:16.391+0000] {logging_mixin.py:188} INFO - [2024-06-27T11:50:16.391+0000] {dagbag.py:545} INFO - Filling up the DagBag from /home/airflow/.local/lib/python3.12/site-packages/airflow/example_dags/example_branch_python_dop_operator_3.py
[2024-06-27T11:50:16.396+0000] {processor.py:840} INFO - DAG(s) 'example_branch_dop_operator_v3' retrieved from /home/airflow/.local/lib/python3.12/site-packages/airflow/example_dags/example_branch_python_dop_operator_3.py
[2024-06-27T11:50:16.406+0000] {logging_mixin.py:188} INFO - [2024-06-27T11:50:16.406+0000] {dag.py:3096} INFO - Sync 1 DAGs
[2024-06-27T11:50:16.420+0000] {logging_mixin.py:188} INFO - [2024-06-27T11:50:16.420+0000] {dag.py:3954} INFO - Setting next_dagrun for example_branch_dop_operator_v3 to 2024-06-27 11:49:00+00:00, run_after=2024-06-27 11:50:00+00:00
[2024-06-27T11:50:16.429+0000] {processor.py:183} INFO - Processing /home/airflow/.local/lib/python3.12/site-packages/airflow/example_dags/example_branch_python_dop_operator_3.py took 0.043 seconds
[2024-06-27T11:50:47.157+0000] {processor.py:161} INFO - Started process (PID=1157) to work on /home/airflow/.local/lib/python3.12/site-packages/airflow/example_dags/example_branch_python_dop_operator_3.py
[2024-06-27T11:50:47.158+0000] {processor.py:830} INFO - Processing file /home/airflow/.local/lib/python3.12/site-packages/airflow/example_dags/example_branch_python_dop_operator_3.py for tasks to queue
[2024-06-27T11:50:47.159+0000] {logging_mixin.py:188} INFO - [2024-06-27T11:50:47.159+0000] {dagbag.py:545} INFO - Filling up the DagBag from /home/airflow/.local/lib/python3.12/site-packages/airflow/example_dags/example_branch_python_dop_operator_3.py
[2024-06-27T11:50:47.163+0000] {processor.py:840} INFO - DAG(s) 'example_branch_dop_operator_v3' retrieved from /home/airflow/.local/lib/python3.12/site-packages/airflow/example_dags/example_branch_python_dop_operator_3.py
[2024-06-27T11:50:47.174+0000] {logging_mixin.py:188} INFO - [2024-06-27T11:50:47.173+0000] {dag.py:3096} INFO - Sync 1 DAGs
[2024-06-27T11:50:47.187+0000] {logging_mixin.py:188} INFO - [2024-06-27T11:50:47.186+0000] {dag.py:3954} INFO - Setting next_dagrun for example_branch_dop_operator_v3 to 2024-06-27 11:49:00+00:00, run_after=2024-06-27 11:50:00+00:00
[2024-06-27T11:50:47.196+0000] {processor.py:183} INFO - Processing /home/airflow/.local/lib/python3.12/site-packages/airflow/example_dags/example_branch_python_dop_operator_3.py took 0.042 seconds
[2024-06-27T11:51:17.997+0000] {processor.py:161} INFO - Started process (PID=1216) to work on /home/airflow/.local/lib/python3.12/site-packages/airflow/example_dags/example_branch_python_dop_operator_3.py
[2024-06-27T11:51:17.998+0000] {processor.py:830} INFO - Processing file /home/airflow/.local/lib/python3.12/site-packages/airflow/example_dags/example_branch_python_dop_operator_3.py for tasks to queue
[2024-06-27T11:51:17.999+0000] {logging_mixin.py:188} INFO - [2024-06-27T11:51:17.999+0000] {dagbag.py:545} INFO - Filling up the DagBag from /home/airflow/.local/lib/python3.12/site-packages/airflow/example_dags/example_branch_python_dop_operator_3.py
[2024-06-27T11:51:18.005+0000] {processor.py:840} INFO - DAG(s) 'example_branch_dop_operator_v3' retrieved from /home/airflow/.local/lib/python3.12/site-packages/airflow/example_dags/example_branch_python_dop_operator_3.py
[2024-06-27T11:51:18.016+0000] {logging_mixin.py:188} INFO - [2024-06-27T11:51:18.016+0000] {dag.py:3096} INFO - Sync 1 DAGs
[2024-06-27T11:51:18.029+0000] {logging_mixin.py:188} INFO - [2024-06-27T11:51:18.029+0000] {dag.py:3954} INFO - Setting next_dagrun for example_branch_dop_operator_v3 to 2024-06-27 11:50:00+00:00, run_after=2024-06-27 11:51:00+00:00
[2024-06-27T11:51:18.040+0000] {processor.py:183} INFO - Processing /home/airflow/.local/lib/python3.12/site-packages/airflow/example_dags/example_branch_python_dop_operator_3.py took 0.046 seconds
[2024-06-27T11:51:48.789+0000] {processor.py:161} INFO - Started process (PID=1275) to work on /home/airflow/.local/lib/python3.12/site-packages/airflow/example_dags/example_branch_python_dop_operator_3.py
[2024-06-27T11:51:48.790+0000] {processor.py:830} INFO - Processing file /home/airflow/.local/lib/python3.12/site-packages/airflow/example_dags/example_branch_python_dop_operator_3.py for tasks to queue
[2024-06-27T11:51:48.791+0000] {logging_mixin.py:188} INFO - [2024-06-27T11:51:48.791+0000] {dagbag.py:545} INFO - Filling up the DagBag from /home/airflow/.local/lib/python3.12/site-packages/airflow/example_dags/example_branch_python_dop_operator_3.py
[2024-06-27T11:51:48.795+0000] {processor.py:840} INFO - DAG(s) 'example_branch_dop_operator_v3' retrieved from /home/airflow/.local/lib/python3.12/site-packages/airflow/example_dags/example_branch_python_dop_operator_3.py
[2024-06-27T11:51:48.806+0000] {logging_mixin.py:188} INFO - [2024-06-27T11:51:48.806+0000] {dag.py:3096} INFO - Sync 1 DAGs
[2024-06-27T11:51:48.819+0000] {logging_mixin.py:188} INFO - [2024-06-27T11:51:48.819+0000] {dag.py:3954} INFO - Setting next_dagrun for example_branch_dop_operator_v3 to 2024-06-27 11:50:00+00:00, run_after=2024-06-27 11:51:00+00:00
[2024-06-27T11:51:48.829+0000] {processor.py:183} INFO - Processing /home/airflow/.local/lib/python3.12/site-packages/airflow/example_dags/example_branch_python_dop_operator_3.py took 0.043 seconds
[2024-06-27T11:52:19.599+0000] {processor.py:161} INFO - Started process (PID=1334) to work on /home/airflow/.local/lib/python3.12/site-packages/airflow/example_dags/example_branch_python_dop_operator_3.py
[2024-06-27T11:52:19.599+0000] {processor.py:830} INFO - Processing file /home/airflow/.local/lib/python3.12/site-packages/airflow/example_dags/example_branch_python_dop_operator_3.py for tasks to queue
[2024-06-27T11:52:19.600+0000] {logging_mixin.py:188} INFO - [2024-06-27T11:52:19.600+0000] {dagbag.py:545} INFO - Filling up the DagBag from /home/airflow/.local/lib/python3.12/site-packages/airflow/example_dags/example_branch_python_dop_operator_3.py
[2024-06-27T11:52:19.605+0000] {processor.py:840} INFO - DAG(s) 'example_branch_dop_operator_v3' retrieved from /home/airflow/.local/lib/python3.12/site-packages/airflow/example_dags/example_branch_python_dop_operator_3.py
[2024-06-27T11:52:19.615+0000] {logging_mixin.py:188} INFO - [2024-06-27T11:52:19.615+0000] {dag.py:3096} INFO - Sync 1 DAGs
[2024-06-27T11:52:19.629+0000] {logging_mixin.py:188} INFO - [2024-06-27T11:52:19.629+0000] {dag.py:3954} INFO - Setting next_dagrun for example_branch_dop_operator_v3 to 2024-06-27 11:51:00+00:00, run_after=2024-06-27 11:52:00+00:00
[2024-06-27T11:52:19.639+0000] {processor.py:183} INFO - Processing /home/airflow/.local/lib/python3.12/site-packages/airflow/example_dags/example_branch_python_dop_operator_3.py took 0.043 seconds
[2024-06-27T11:52:50.424+0000] {processor.py:161} INFO - Started process (PID=1394) to work on /home/airflow/.local/lib/python3.12/site-packages/airflow/example_dags/example_branch_python_dop_operator_3.py
[2024-06-27T11:52:50.424+0000] {processor.py:830} INFO - Processing file /home/airflow/.local/lib/python3.12/site-packages/airflow/example_dags/example_branch_python_dop_operator_3.py for tasks to queue
[2024-06-27T11:52:50.426+0000] {logging_mixin.py:188} INFO - [2024-06-27T11:52:50.426+0000] {dagbag.py:545} INFO - Filling up the DagBag from /home/airflow/.local/lib/python3.12/site-packages/airflow/example_dags/example_branch_python_dop_operator_3.py
[2024-06-27T11:52:50.430+0000] {processor.py:840} INFO - DAG(s) 'example_branch_dop_operator_v3' retrieved from /home/airflow/.local/lib/python3.12/site-packages/airflow/example_dags/example_branch_python_dop_operator_3.py
[2024-06-27T11:52:50.446+0000] {logging_mixin.py:188} INFO - [2024-06-27T11:52:50.446+0000] {dag.py:3096} INFO - Sync 1 DAGs
[2024-06-27T11:52:50.461+0000] {logging_mixin.py:188} INFO - [2024-06-27T11:52:50.461+0000] {dag.py:3954} INFO - Setting next_dagrun for example_branch_dop_operator_v3 to 2024-06-27 11:51:00+00:00, run_after=2024-06-27 11:52:00+00:00
[2024-06-27T11:52:50.471+0000] {processor.py:183} INFO - Processing /home/airflow/.local/lib/python3.12/site-packages/airflow/example_dags/example_branch_python_dop_operator_3.py took 0.050 seconds
[2024-06-27T11:53:21.232+0000] {processor.py:161} INFO - Started process (PID=1453) to work on /home/airflow/.local/lib/python3.12/site-packages/airflow/example_dags/example_branch_python_dop_operator_3.py
[2024-06-27T11:53:21.233+0000] {processor.py:830} INFO - Processing file /home/airflow/.local/lib/python3.12/site-packages/airflow/example_dags/example_branch_python_dop_operator_3.py for tasks to queue
[2024-06-27T11:53:21.234+0000] {logging_mixin.py:188} INFO - [2024-06-27T11:53:21.234+0000] {dagbag.py:545} INFO - Filling up the DagBag from /home/airflow/.local/lib/python3.12/site-packages/airflow/example_dags/example_branch_python_dop_operator_3.py
[2024-06-27T11:53:21.238+0000] {processor.py:840} INFO - DAG(s) 'example_branch_dop_operator_v3' retrieved from /home/airflow/.local/lib/python3.12/site-packages/airflow/example_dags/example_branch_python_dop_operator_3.py
[2024-06-27T11:53:21.249+0000] {logging_mixin.py:188} INFO - [2024-06-27T11:53:21.249+0000] {dag.py:3096} INFO - Sync 1 DAGs
[2024-06-27T11:53:21.262+0000] {logging_mixin.py:188} INFO - [2024-06-27T11:53:21.262+0000] {dag.py:3954} INFO - Setting next_dagrun for example_branch_dop_operator_v3 to 2024-06-27 11:52:00+00:00, run_after=2024-06-27 11:53:00+00:00
[2024-06-27T11:53:21.272+0000] {processor.py:183} INFO - Processing /home/airflow/.local/lib/python3.12/site-packages/airflow/example_dags/example_branch_python_dop_operator_3.py took 0.043 seconds
[2024-06-27T11:53:52.093+0000] {processor.py:161} INFO - Started process (PID=1512) to work on /home/airflow/.local/lib/python3.12/site-packages/airflow/example_dags/example_branch_python_dop_operator_3.py
[2024-06-27T11:53:52.094+0000] {processor.py:830} INFO - Processing file /home/airflow/.local/lib/python3.12/site-packages/airflow/example_dags/example_branch_python_dop_operator_3.py for tasks to queue
[2024-06-27T11:53:52.095+0000] {logging_mixin.py:188} INFO - [2024-06-27T11:53:52.095+0000] {dagbag.py:545} INFO - Filling up the DagBag from /home/airflow/.local/lib/python3.12/site-packages/airflow/example_dags/example_branch_python_dop_operator_3.py
[2024-06-27T11:53:52.100+0000] {processor.py:840} INFO - DAG(s) 'example_branch_dop_operator_v3' retrieved from /home/airflow/.local/lib/python3.12/site-packages/airflow/example_dags/example_branch_python_dop_operator_3.py
[2024-06-27T11:53:52.111+0000] {logging_mixin.py:188} INFO - [2024-06-27T11:53:52.111+0000] {dag.py:3096} INFO - Sync 1 DAGs
[2024-06-27T11:53:52.125+0000] {logging_mixin.py:188} INFO - [2024-06-27T11:53:52.124+0000] {dag.py:3954} INFO - Setting next_dagrun for example_branch_dop_operator_v3 to 2024-06-27 11:52:00+00:00, run_after=2024-06-27 11:53:00+00:00
[2024-06-27T11:53:52.134+0000] {processor.py:183} INFO - Processing /home/airflow/.local/lib/python3.12/site-packages/airflow/example_dags/example_branch_python_dop_operator_3.py took 0.045 seconds
[2024-06-27T11:54:22.970+0000] {processor.py:161} INFO - Started process (PID=1571) to work on /home/airflow/.local/lib/python3.12/site-packages/airflow/example_dags/example_branch_python_dop_operator_3.py
[2024-06-27T11:54:22.971+0000] {processor.py:830} INFO - Processing file /home/airflow/.local/lib/python3.12/site-packages/airflow/example_dags/example_branch_python_dop_operator_3.py for tasks to queue
[2024-06-27T11:54:22.972+0000] {logging_mixin.py:188} INFO - [2024-06-27T11:54:22.972+0000] {dagbag.py:545} INFO - Filling up the DagBag from /home/airflow/.local/lib/python3.12/site-packages/airflow/example_dags/example_branch_python_dop_operator_3.py
[2024-06-27T11:54:22.977+0000] {processor.py:840} INFO - DAG(s) 'example_branch_dop_operator_v3' retrieved from /home/airflow/.local/lib/python3.12/site-packages/airflow/example_dags/example_branch_python_dop_operator_3.py
[2024-06-27T11:54:22.987+0000] {logging_mixin.py:188} INFO - [2024-06-27T11:54:22.987+0000] {dag.py:3096} INFO - Sync 1 DAGs
[2024-06-27T11:54:23.001+0000] {logging_mixin.py:188} INFO - [2024-06-27T11:54:23.000+0000] {dag.py:3954} INFO - Setting next_dagrun for example_branch_dop_operator_v3 to 2024-06-27 11:53:00+00:00, run_after=2024-06-27 11:54:00+00:00
[2024-06-27T11:54:23.010+0000] {processor.py:183} INFO - Processing /home/airflow/.local/lib/python3.12/site-packages/airflow/example_dags/example_branch_python_dop_operator_3.py took 0.043 seconds
[2024-06-27T11:54:53.792+0000] {processor.py:161} INFO - Started process (PID=1630) to work on /home/airflow/.local/lib/python3.12/site-packages/airflow/example_dags/example_branch_python_dop_operator_3.py
[2024-06-27T11:54:53.793+0000] {processor.py:830} INFO - Processing file /home/airflow/.local/lib/python3.12/site-packages/airflow/example_dags/example_branch_python_dop_operator_3.py for tasks to queue
[2024-06-27T11:54:53.794+0000] {logging_mixin.py:188} INFO - [2024-06-27T11:54:53.794+0000] {dagbag.py:545} INFO - Filling up the DagBag from /home/airflow/.local/lib/python3.12/site-packages/airflow/example_dags/example_branch_python_dop_operator_3.py
[2024-06-27T11:54:53.802+0000] {processor.py:840} INFO - DAG(s) 'example_branch_dop_operator_v3' retrieved from /home/airflow/.local/lib/python3.12/site-packages/airflow/example_dags/example_branch_python_dop_operator_3.py
[2024-06-27T11:54:53.813+0000] {logging_mixin.py:188} INFO - [2024-06-27T11:54:53.813+0000] {dag.py:3096} INFO - Sync 1 DAGs
[2024-06-27T11:54:53.826+0000] {logging_mixin.py:188} INFO - [2024-06-27T11:54:53.826+0000] {dag.py:3954} INFO - Setting next_dagrun for example_branch_dop_operator_v3 to 2024-06-27 11:53:00+00:00, run_after=2024-06-27 11:54:00+00:00
[2024-06-27T11:54:53.836+0000] {processor.py:183} INFO - Processing /home/airflow/.local/lib/python3.12/site-packages/airflow/example_dags/example_branch_python_dop_operator_3.py took 0.047 seconds
[2024-06-27T11:55:24.617+0000] {processor.py:161} INFO - Started process (PID=1689) to work on /home/airflow/.local/lib/python3.12/site-packages/airflow/example_dags/example_branch_python_dop_operator_3.py
[2024-06-27T11:55:24.618+0000] {processor.py:830} INFO - Processing file /home/airflow/.local/lib/python3.12/site-packages/airflow/example_dags/example_branch_python_dop_operator_3.py for tasks to queue
[2024-06-27T11:55:24.619+0000] {logging_mixin.py:188} INFO - [2024-06-27T11:55:24.619+0000] {dagbag.py:545} INFO - Filling up the DagBag from /home/airflow/.local/lib/python3.12/site-packages/airflow/example_dags/example_branch_python_dop_operator_3.py
[2024-06-27T11:55:24.623+0000] {processor.py:840} INFO - DAG(s) 'example_branch_dop_operator_v3' retrieved from /home/airflow/.local/lib/python3.12/site-packages/airflow/example_dags/example_branch_python_dop_operator_3.py
[2024-06-27T11:55:24.634+0000] {logging_mixin.py:188} INFO - [2024-06-27T11:55:24.634+0000] {dag.py:3096} INFO - Sync 1 DAGs
[2024-06-27T11:55:24.647+0000] {logging_mixin.py:188} INFO - [2024-06-27T11:55:24.647+0000] {dag.py:3954} INFO - Setting next_dagrun for example_branch_dop_operator_v3 to 2024-06-27 11:54:00+00:00, run_after=2024-06-27 11:55:00+00:00
[2024-06-27T11:55:24.657+0000] {processor.py:183} INFO - Processing /home/airflow/.local/lib/python3.12/site-packages/airflow/example_dags/example_branch_python_dop_operator_3.py took 0.044 seconds
[2024-06-27T11:55:55.486+0000] {processor.py:161} INFO - Started process (PID=1754) to work on /home/airflow/.local/lib/python3.12/site-packages/airflow/example_dags/example_branch_python_dop_operator_3.py
[2024-06-27T11:55:55.487+0000] {processor.py:830} INFO - Processing file /home/airflow/.local/lib/python3.12/site-packages/airflow/example_dags/example_branch_python_dop_operator_3.py for tasks to queue
[2024-06-27T11:55:55.488+0000] {logging_mixin.py:188} INFO - [2024-06-27T11:55:55.488+0000] {dagbag.py:545} INFO - Filling up the DagBag from /home/airflow/.local/lib/python3.12/site-packages/airflow/example_dags/example_branch_python_dop_operator_3.py
[2024-06-27T11:55:55.492+0000] {processor.py:840} INFO - DAG(s) 'example_branch_dop_operator_v3' retrieved from /home/airflow/.local/lib/python3.12/site-packages/airflow/example_dags/example_branch_python_dop_operator_3.py
[2024-06-27T11:55:55.504+0000] {logging_mixin.py:188} INFO - [2024-06-27T11:55:55.503+0000] {dag.py:3096} INFO - Sync 1 DAGs
[2024-06-27T11:55:55.518+0000] {logging_mixin.py:188} INFO - [2024-06-27T11:55:55.518+0000] {dag.py:3954} INFO - Setting next_dagrun for example_branch_dop_operator_v3 to 2024-06-27 11:54:00+00:00, run_after=2024-06-27 11:55:00+00:00
[2024-06-27T11:55:55.529+0000] {processor.py:183} INFO - Processing /home/airflow/.local/lib/python3.12/site-packages/airflow/example_dags/example_branch_python_dop_operator_3.py took 0.046 seconds
[2024-06-27T11:56:26.499+0000] {processor.py:161} INFO - Started process (PID=1813) to work on /home/airflow/.local/lib/python3.12/site-packages/airflow/example_dags/example_branch_python_dop_operator_3.py
[2024-06-27T11:56:26.500+0000] {processor.py:830} INFO - Processing file /home/airflow/.local/lib/python3.12/site-packages/airflow/example_dags/example_branch_python_dop_operator_3.py for tasks to queue
[2024-06-27T11:56:26.501+0000] {logging_mixin.py:188} INFO - [2024-06-27T11:56:26.501+0000] {dagbag.py:545} INFO - Filling up the DagBag from /home/airflow/.local/lib/python3.12/site-packages/airflow/example_dags/example_branch_python_dop_operator_3.py
[2024-06-27T11:56:26.505+0000] {processor.py:840} INFO - DAG(s) 'example_branch_dop_operator_v3' retrieved from /home/airflow/.local/lib/python3.12/site-packages/airflow/example_dags/example_branch_python_dop_operator_3.py
[2024-06-27T11:56:26.516+0000] {logging_mixin.py:188} INFO - [2024-06-27T11:56:26.516+0000] {dag.py:3096} INFO - Sync 1 DAGs
[2024-06-27T11:56:26.611+0000] {logging_mixin.py:188} INFO - [2024-06-27T11:56:26.611+0000] {dag.py:3954} INFO - Setting next_dagrun for example_branch_dop_operator_v3 to 2024-06-27 11:55:00+00:00, run_after=2024-06-27 11:56:00+00:00
[2024-06-27T11:56:26.626+0000] {processor.py:183} INFO - Processing /home/airflow/.local/lib/python3.12/site-packages/airflow/example_dags/example_branch_python_dop_operator_3.py took 0.130 seconds
[2024-06-27T11:56:57.420+0000] {processor.py:161} INFO - Started process (PID=1872) to work on /home/airflow/.local/lib/python3.12/site-packages/airflow/example_dags/example_branch_python_dop_operator_3.py
[2024-06-27T11:56:57.421+0000] {processor.py:830} INFO - Processing file /home/airflow/.local/lib/python3.12/site-packages/airflow/example_dags/example_branch_python_dop_operator_3.py for tasks to queue
[2024-06-27T11:56:57.422+0000] {logging_mixin.py:188} INFO - [2024-06-27T11:56:57.422+0000] {dagbag.py:545} INFO - Filling up the DagBag from /home/airflow/.local/lib/python3.12/site-packages/airflow/example_dags/example_branch_python_dop_operator_3.py
[2024-06-27T11:56:57.426+0000] {processor.py:840} INFO - DAG(s) 'example_branch_dop_operator_v3' retrieved from /home/airflow/.local/lib/python3.12/site-packages/airflow/example_dags/example_branch_python_dop_operator_3.py
[2024-06-27T11:56:57.437+0000] {logging_mixin.py:188} INFO - [2024-06-27T11:56:57.437+0000] {dag.py:3096} INFO - Sync 1 DAGs
[2024-06-27T11:56:57.534+0000] {logging_mixin.py:188} INFO - [2024-06-27T11:56:57.534+0000] {dag.py:3954} INFO - Setting next_dagrun for example_branch_dop_operator_v3 to 2024-06-27 11:55:00+00:00, run_after=2024-06-27 11:56:00+00:00
[2024-06-27T11:56:57.553+0000] {processor.py:183} INFO - Processing /home/airflow/.local/lib/python3.12/site-packages/airflow/example_dags/example_branch_python_dop_operator_3.py took 0.137 seconds
[2024-06-27T11:57:28.004+0000] {processor.py:161} INFO - Started process (PID=1931) to work on /home/airflow/.local/lib/python3.12/site-packages/airflow/example_dags/example_branch_python_dop_operator_3.py
[2024-06-27T11:57:28.005+0000] {processor.py:830} INFO - Processing file /home/airflow/.local/lib/python3.12/site-packages/airflow/example_dags/example_branch_python_dop_operator_3.py for tasks to queue
[2024-06-27T11:57:28.006+0000] {logging_mixin.py:188} INFO - [2024-06-27T11:57:28.006+0000] {dagbag.py:545} INFO - Filling up the DagBag from /home/airflow/.local/lib/python3.12/site-packages/airflow/example_dags/example_branch_python_dop_operator_3.py
[2024-06-27T11:57:28.010+0000] {processor.py:840} INFO - DAG(s) 'example_branch_dop_operator_v3' retrieved from /home/airflow/.local/lib/python3.12/site-packages/airflow/example_dags/example_branch_python_dop_operator_3.py
[2024-06-27T11:57:28.021+0000] {logging_mixin.py:188} INFO - [2024-06-27T11:57:28.021+0000] {dag.py:3096} INFO - Sync 1 DAGs
[2024-06-27T11:57:28.118+0000] {logging_mixin.py:188} INFO - [2024-06-27T11:57:28.118+0000] {dag.py:3954} INFO - Setting next_dagrun for example_branch_dop_operator_v3 to 2024-06-27 11:56:00+00:00, run_after=2024-06-27 11:57:00+00:00
[2024-06-27T11:57:28.137+0000] {processor.py:183} INFO - Processing /home/airflow/.local/lib/python3.12/site-packages/airflow/example_dags/example_branch_python_dop_operator_3.py took 0.136 seconds
[2024-06-27T11:57:58.749+0000] {processor.py:161} INFO - Started process (PID=1990) to work on /home/airflow/.local/lib/python3.12/site-packages/airflow/example_dags/example_branch_python_dop_operator_3.py
[2024-06-27T11:57:58.750+0000] {processor.py:830} INFO - Processing file /home/airflow/.local/lib/python3.12/site-packages/airflow/example_dags/example_branch_python_dop_operator_3.py for tasks to queue
[2024-06-27T11:57:58.751+0000] {logging_mixin.py:188} INFO - [2024-06-27T11:57:58.750+0000] {dagbag.py:545} INFO - Filling up the DagBag from /home/airflow/.local/lib/python3.12/site-packages/airflow/example_dags/example_branch_python_dop_operator_3.py
[2024-06-27T11:57:58.755+0000] {processor.py:840} INFO - DAG(s) 'example_branch_dop_operator_v3' retrieved from /home/airflow/.local/lib/python3.12/site-packages/airflow/example_dags/example_branch_python_dop_operator_3.py
[2024-06-27T11:57:58.766+0000] {logging_mixin.py:188} INFO - [2024-06-27T11:57:58.766+0000] {dag.py:3096} INFO - Sync 1 DAGs
[2024-06-27T11:57:58.779+0000] {logging_mixin.py:188} INFO - [2024-06-27T11:57:58.779+0000] {dag.py:3954} INFO - Setting next_dagrun for example_branch_dop_operator_v3 to 2024-06-27 11:56:00+00:00, run_after=2024-06-27 11:57:00+00:00
[2024-06-27T11:57:58.789+0000] {processor.py:183} INFO - Processing /home/airflow/.local/lib/python3.12/site-packages/airflow/example_dags/example_branch_python_dop_operator_3.py took 0.043 seconds
[2024-06-27T11:58:29.472+0000] {processor.py:161} INFO - Started process (PID=2049) to work on /home/airflow/.local/lib/python3.12/site-packages/airflow/example_dags/example_branch_python_dop_operator_3.py
[2024-06-27T11:58:29.472+0000] {processor.py:830} INFO - Processing file /home/airflow/.local/lib/python3.12/site-packages/airflow/example_dags/example_branch_python_dop_operator_3.py for tasks to queue
[2024-06-27T11:58:29.473+0000] {logging_mixin.py:188} INFO - [2024-06-27T11:58:29.473+0000] {dagbag.py:545} INFO - Filling up the DagBag from /home/airflow/.local/lib/python3.12/site-packages/airflow/example_dags/example_branch_python_dop_operator_3.py
[2024-06-27T11:58:29.478+0000] {processor.py:840} INFO - DAG(s) 'example_branch_dop_operator_v3' retrieved from /home/airflow/.local/lib/python3.12/site-packages/airflow/example_dags/example_branch_python_dop_operator_3.py
[2024-06-27T11:58:29.488+0000] {logging_mixin.py:188} INFO - [2024-06-27T11:58:29.487+0000] {dag.py:3096} INFO - Sync 1 DAGs
[2024-06-27T11:58:29.501+0000] {logging_mixin.py:188} INFO - [2024-06-27T11:58:29.501+0000] {dag.py:3954} INFO - Setting next_dagrun for example_branch_dop_operator_v3 to 2024-06-27 11:57:00+00:00, run_after=2024-06-27 11:58:00+00:00
[2024-06-27T11:58:29.511+0000] {processor.py:183} INFO - Processing /home/airflow/.local/lib/python3.12/site-packages/airflow/example_dags/example_branch_python_dop_operator_3.py took 0.043 seconds
[2024-06-27T11:59:00.197+0000] {processor.py:161} INFO - Started process (PID=2108) to work on /home/airflow/.local/lib/python3.12/site-packages/airflow/example_dags/example_branch_python_dop_operator_3.py
[2024-06-27T11:59:00.198+0000] {processor.py:830} INFO - Processing file /home/airflow/.local/lib/python3.12/site-packages/airflow/example_dags/example_branch_python_dop_operator_3.py for tasks to queue
[2024-06-27T11:59:00.199+0000] {logging_mixin.py:188} INFO - [2024-06-27T11:59:00.199+0000] {dagbag.py:545} INFO - Filling up the DagBag from /home/airflow/.local/lib/python3.12/site-packages/airflow/example_dags/example_branch_python_dop_operator_3.py
[2024-06-27T11:59:00.205+0000] {processor.py:840} INFO - DAG(s) 'example_branch_dop_operator_v3' retrieved from /home/airflow/.local/lib/python3.12/site-packages/airflow/example_dags/example_branch_python_dop_operator_3.py
[2024-06-27T11:59:00.217+0000] {logging_mixin.py:188} INFO - [2024-06-27T11:59:00.217+0000] {dag.py:3096} INFO - Sync 1 DAGs
[2024-06-27T11:59:00.230+0000] {logging_mixin.py:188} INFO - [2024-06-27T11:59:00.230+0000] {dag.py:3954} INFO - Setting next_dagrun for example_branch_dop_operator_v3 to 2024-06-27 11:58:00+00:00, run_after=2024-06-27 11:59:00+00:00
[2024-06-27T11:59:00.240+0000] {processor.py:183} INFO - Processing /home/airflow/.local/lib/python3.12/site-packages/airflow/example_dags/example_branch_python_dop_operator_3.py took 0.047 seconds
[2024-06-27T11:59:30.951+0000] {processor.py:161} INFO - Started process (PID=2167) to work on /home/airflow/.local/lib/python3.12/site-packages/airflow/example_dags/example_branch_python_dop_operator_3.py
[2024-06-27T11:59:30.952+0000] {processor.py:830} INFO - Processing file /home/airflow/.local/lib/python3.12/site-packages/airflow/example_dags/example_branch_python_dop_operator_3.py for tasks to queue
[2024-06-27T11:59:30.952+0000] {logging_mixin.py:188} INFO - [2024-06-27T11:59:30.952+0000] {dagbag.py:545} INFO - Filling up the DagBag from /home/airflow/.local/lib/python3.12/site-packages/airflow/example_dags/example_branch_python_dop_operator_3.py
[2024-06-27T11:59:30.957+0000] {processor.py:840} INFO - DAG(s) 'example_branch_dop_operator_v3' retrieved from /home/airflow/.local/lib/python3.12/site-packages/airflow/example_dags/example_branch_python_dop_operator_3.py
[2024-06-27T11:59:30.968+0000] {logging_mixin.py:188} INFO - [2024-06-27T11:59:30.968+0000] {dag.py:3096} INFO - Sync 1 DAGs
[2024-06-27T11:59:30.982+0000] {logging_mixin.py:188} INFO - [2024-06-27T11:59:30.981+0000] {dag.py:3954} INFO - Setting next_dagrun for example_branch_dop_operator_v3 to 2024-06-27 11:58:00+00:00, run_after=2024-06-27 11:59:00+00:00
[2024-06-27T11:59:30.992+0000] {processor.py:183} INFO - Processing /home/airflow/.local/lib/python3.12/site-packages/airflow/example_dags/example_branch_python_dop_operator_3.py took 0.044 seconds
[2024-06-27T12:00:01.663+0000] {processor.py:161} INFO - Started process (PID=2226) to work on /home/airflow/.local/lib/python3.12/site-packages/airflow/example_dags/example_branch_python_dop_operator_3.py
[2024-06-27T12:00:01.664+0000] {processor.py:830} INFO - Processing file /home/airflow/.local/lib/python3.12/site-packages/airflow/example_dags/example_branch_python_dop_operator_3.py for tasks to queue
[2024-06-27T12:00:01.665+0000] {logging_mixin.py:188} INFO - [2024-06-27T12:00:01.665+0000] {dagbag.py:545} INFO - Filling up the DagBag from /home/airflow/.local/lib/python3.12/site-packages/airflow/example_dags/example_branch_python_dop_operator_3.py
[2024-06-27T12:00:01.669+0000] {processor.py:840} INFO - DAG(s) 'example_branch_dop_operator_v3' retrieved from /home/airflow/.local/lib/python3.12/site-packages/airflow/example_dags/example_branch_python_dop_operator_3.py
[2024-06-27T12:00:01.680+0000] {logging_mixin.py:188} INFO - [2024-06-27T12:00:01.680+0000] {dag.py:3096} INFO - Sync 1 DAGs
[2024-06-27T12:00:01.693+0000] {logging_mixin.py:188} INFO - [2024-06-27T12:00:01.693+0000] {dag.py:3954} INFO - Setting next_dagrun for example_branch_dop_operator_v3 to 2024-06-27 11:59:00+00:00, run_after=2024-06-27 12:00:00+00:00
[2024-06-27T12:00:01.703+0000] {processor.py:183} INFO - Processing /home/airflow/.local/lib/python3.12/site-packages/airflow/example_dags/example_branch_python_dop_operator_3.py took 0.043 seconds
[2024-06-27T12:00:32.398+0000] {processor.py:161} INFO - Started process (PID=2285) to work on /home/airflow/.local/lib/python3.12/site-packages/airflow/example_dags/example_branch_python_dop_operator_3.py
[2024-06-27T12:00:32.399+0000] {processor.py:830} INFO - Processing file /home/airflow/.local/lib/python3.12/site-packages/airflow/example_dags/example_branch_python_dop_operator_3.py for tasks to queue
[2024-06-27T12:00:32.400+0000] {logging_mixin.py:188} INFO - [2024-06-27T12:00:32.400+0000] {dagbag.py:545} INFO - Filling up the DagBag from /home/airflow/.local/lib/python3.12/site-packages/airflow/example_dags/example_branch_python_dop_operator_3.py
[2024-06-27T12:00:32.405+0000] {processor.py:840} INFO - DAG(s) 'example_branch_dop_operator_v3' retrieved from /home/airflow/.local/lib/python3.12/site-packages/airflow/example_dags/example_branch_python_dop_operator_3.py
[2024-06-27T12:00:32.416+0000] {logging_mixin.py:188} INFO - [2024-06-27T12:00:32.416+0000] {dag.py:3096} INFO - Sync 1 DAGs
[2024-06-27T12:00:32.429+0000] {logging_mixin.py:188} INFO - [2024-06-27T12:00:32.429+0000] {dag.py:3954} INFO - Setting next_dagrun for example_branch_dop_operator_v3 to 2024-06-27 11:59:00+00:00, run_after=2024-06-27 12:00:00+00:00
[2024-06-27T12:00:32.439+0000] {processor.py:183} INFO - Processing /home/airflow/.local/lib/python3.12/site-packages/airflow/example_dags/example_branch_python_dop_operator_3.py took 0.044 seconds
[2024-06-27T12:01:03.137+0000] {processor.py:161} INFO - Started process (PID=2344) to work on /home/airflow/.local/lib/python3.12/site-packages/airflow/example_dags/example_branch_python_dop_operator_3.py
[2024-06-27T12:01:03.138+0000] {processor.py:830} INFO - Processing file /home/airflow/.local/lib/python3.12/site-packages/airflow/example_dags/example_branch_python_dop_operator_3.py for tasks to queue
[2024-06-27T12:01:03.139+0000] {logging_mixin.py:188} INFO - [2024-06-27T12:01:03.139+0000] {dagbag.py:545} INFO - Filling up the DagBag from /home/airflow/.local/lib/python3.12/site-packages/airflow/example_dags/example_branch_python_dop_operator_3.py
[2024-06-27T12:01:03.143+0000] {processor.py:840} INFO - DAG(s) 'example_branch_dop_operator_v3' retrieved from /home/airflow/.local/lib/python3.12/site-packages/airflow/example_dags/example_branch_python_dop_operator_3.py
[2024-06-27T12:01:03.154+0000] {logging_mixin.py:188} INFO - [2024-06-27T12:01:03.154+0000] {dag.py:3096} INFO - Sync 1 DAGs
[2024-06-27T12:01:03.167+0000] {logging_mixin.py:188} INFO - [2024-06-27T12:01:03.167+0000] {dag.py:3954} INFO - Setting next_dagrun for example_branch_dop_operator_v3 to 2024-06-27 12:00:00+00:00, run_after=2024-06-27 12:01:00+00:00
[2024-06-27T12:01:03.177+0000] {processor.py:183} INFO - Processing /home/airflow/.local/lib/python3.12/site-packages/airflow/example_dags/example_branch_python_dop_operator_3.py took 0.043 seconds
[2024-06-27T12:01:33.891+0000] {processor.py:161} INFO - Started process (PID=2403) to work on /home/airflow/.local/lib/python3.12/site-packages/airflow/example_dags/example_branch_python_dop_operator_3.py
[2024-06-27T12:01:33.892+0000] {processor.py:830} INFO - Processing file /home/airflow/.local/lib/python3.12/site-packages/airflow/example_dags/example_branch_python_dop_operator_3.py for tasks to queue
[2024-06-27T12:01:33.893+0000] {logging_mixin.py:188} INFO - [2024-06-27T12:01:33.893+0000] {dagbag.py:545} INFO - Filling up the DagBag from /home/airflow/.local/lib/python3.12/site-packages/airflow/example_dags/example_branch_python_dop_operator_3.py
[2024-06-27T12:01:33.898+0000] {processor.py:840} INFO - DAG(s) 'example_branch_dop_operator_v3' retrieved from /home/airflow/.local/lib/python3.12/site-packages/airflow/example_dags/example_branch_python_dop_operator_3.py
[2024-06-27T12:01:33.912+0000] {logging_mixin.py:188} INFO - [2024-06-27T12:01:33.912+0000] {dag.py:3096} INFO - Sync 1 DAGs
[2024-06-27T12:01:33.953+0000] {logging_mixin.py:188} INFO - [2024-06-27T12:01:33.953+0000] {dag.py:3954} INFO - Setting next_dagrun for example_branch_dop_operator_v3 to 2024-06-27 12:00:00+00:00, run_after=2024-06-27 12:01:00+00:00
[2024-06-27T12:01:33.971+0000] {processor.py:183} INFO - Processing /home/airflow/.local/lib/python3.12/site-packages/airflow/example_dags/example_branch_python_dop_operator_3.py took 0.083 seconds
