[2024-06-27T11:41:04.338+0000] {processor.py:161} INFO - Started process (PID=73) to work on /home/airflow/.local/lib/python3.12/site-packages/airflow/example_dags/example_python_operator.py
[2024-06-27T11:41:04.339+0000] {processor.py:830} INFO - Processing file /home/airflow/.local/lib/python3.12/site-packages/airflow/example_dags/example_python_operator.py for tasks to queue
[2024-06-27T11:41:04.339+0000] {logging_mixin.py:188} INFO - [2024-06-27T11:41:04.339+0000] {dagbag.py:545} INFO - Filling up the DagBag from /home/airflow/.local/lib/python3.12/site-packages/airflow/example_dags/example_python_operator.py
[2024-06-27T11:41:04.346+0000] {processor.py:840} INFO - DAG(s) 'example_python_operator' retrieved from /home/airflow/.local/lib/python3.12/site-packages/airflow/example_dags/example_python_operator.py
[2024-06-27T11:41:04.353+0000] {logging_mixin.py:188} INFO - [2024-06-27T11:41:04.353+0000] {dag.py:3096} INFO - Sync 1 DAGs
[2024-06-27T11:41:04.361+0000] {logging_mixin.py:188} INFO - [2024-06-27T11:41:04.361+0000] {dag.py:3954} INFO - Setting next_dagrun for example_python_operator to None, run_after=None
[2024-06-27T11:41:04.372+0000] {processor.py:183} INFO - Processing /home/airflow/.local/lib/python3.12/site-packages/airflow/example_dags/example_python_operator.py took 0.038 seconds
[2024-06-27T11:41:35.711+0000] {processor.py:161} INFO - Started process (PID=131) to work on /home/airflow/.local/lib/python3.12/site-packages/airflow/example_dags/example_python_operator.py
[2024-06-27T11:41:35.712+0000] {processor.py:830} INFO - Processing file /home/airflow/.local/lib/python3.12/site-packages/airflow/example_dags/example_python_operator.py for tasks to queue
[2024-06-27T11:41:35.713+0000] {logging_mixin.py:188} INFO - [2024-06-27T11:41:35.713+0000] {dagbag.py:545} INFO - Filling up the DagBag from /home/airflow/.local/lib/python3.12/site-packages/airflow/example_dags/example_python_operator.py
[2024-06-27T11:41:35.719+0000] {processor.py:840} INFO - DAG(s) 'example_python_operator' retrieved from /home/airflow/.local/lib/python3.12/site-packages/airflow/example_dags/example_python_operator.py
[2024-06-27T11:41:35.777+0000] {logging_mixin.py:188} INFO - [2024-06-27T11:41:35.777+0000] {dag.py:3096} INFO - Sync 1 DAGs
[2024-06-27T11:41:35.784+0000] {logging_mixin.py:188} INFO - [2024-06-27T11:41:35.784+0000] {dag.py:3954} INFO - Setting next_dagrun for example_python_operator to None, run_after=None
[2024-06-27T11:41:35.795+0000] {processor.py:183} INFO - Processing /home/airflow/.local/lib/python3.12/site-packages/airflow/example_dags/example_python_operator.py took 0.088 seconds
[2024-06-27T11:42:05.824+0000] {processor.py:161} INFO - Started process (PID=189) to work on /home/airflow/.local/lib/python3.12/site-packages/airflow/example_dags/example_python_operator.py
[2024-06-27T11:42:05.824+0000] {processor.py:830} INFO - Processing file /home/airflow/.local/lib/python3.12/site-packages/airflow/example_dags/example_python_operator.py for tasks to queue
[2024-06-27T11:42:05.825+0000] {logging_mixin.py:188} INFO - [2024-06-27T11:42:05.825+0000] {dagbag.py:545} INFO - Filling up the DagBag from /home/airflow/.local/lib/python3.12/site-packages/airflow/example_dags/example_python_operator.py
[2024-06-27T11:42:05.831+0000] {processor.py:840} INFO - DAG(s) 'example_python_operator' retrieved from /home/airflow/.local/lib/python3.12/site-packages/airflow/example_dags/example_python_operator.py
[2024-06-27T11:42:05.850+0000] {logging_mixin.py:188} INFO - [2024-06-27T11:42:05.850+0000] {dag.py:3096} INFO - Sync 1 DAGs
[2024-06-27T11:42:05.862+0000] {logging_mixin.py:188} INFO - [2024-06-27T11:42:05.862+0000] {dag.py:3954} INFO - Setting next_dagrun for example_python_operator to None, run_after=None
[2024-06-27T11:42:05.875+0000] {processor.py:183} INFO - Processing /home/airflow/.local/lib/python3.12/site-packages/airflow/example_dags/example_python_operator.py took 0.055 seconds
[2024-06-27T11:42:36.765+0000] {processor.py:161} INFO - Started process (PID=247) to work on /home/airflow/.local/lib/python3.12/site-packages/airflow/example_dags/example_python_operator.py
[2024-06-27T11:42:36.765+0000] {processor.py:830} INFO - Processing file /home/airflow/.local/lib/python3.12/site-packages/airflow/example_dags/example_python_operator.py for tasks to queue
[2024-06-27T11:42:36.767+0000] {logging_mixin.py:188} INFO - [2024-06-27T11:42:36.766+0000] {dagbag.py:545} INFO - Filling up the DagBag from /home/airflow/.local/lib/python3.12/site-packages/airflow/example_dags/example_python_operator.py
[2024-06-27T11:42:36.772+0000] {processor.py:840} INFO - DAG(s) 'example_python_operator' retrieved from /home/airflow/.local/lib/python3.12/site-packages/airflow/example_dags/example_python_operator.py
[2024-06-27T11:42:36.785+0000] {logging_mixin.py:188} INFO - [2024-06-27T11:42:36.785+0000] {dag.py:3096} INFO - Sync 1 DAGs
[2024-06-27T11:42:36.792+0000] {logging_mixin.py:188} INFO - [2024-06-27T11:42:36.792+0000] {dag.py:3954} INFO - Setting next_dagrun for example_python_operator to None, run_after=None
[2024-06-27T11:42:36.804+0000] {processor.py:183} INFO - Processing /home/airflow/.local/lib/python3.12/site-packages/airflow/example_dags/example_python_operator.py took 0.042 seconds
[2024-06-27T11:43:06.917+0000] {processor.py:161} INFO - Started process (PID=305) to work on /home/airflow/.local/lib/python3.12/site-packages/airflow/example_dags/example_python_operator.py
[2024-06-27T11:43:06.917+0000] {processor.py:830} INFO - Processing file /home/airflow/.local/lib/python3.12/site-packages/airflow/example_dags/example_python_operator.py for tasks to queue
[2024-06-27T11:43:06.918+0000] {logging_mixin.py:188} INFO - [2024-06-27T11:43:06.918+0000] {dagbag.py:545} INFO - Filling up the DagBag from /home/airflow/.local/lib/python3.12/site-packages/airflow/example_dags/example_python_operator.py
[2024-06-27T11:43:06.924+0000] {processor.py:840} INFO - DAG(s) 'example_python_operator' retrieved from /home/airflow/.local/lib/python3.12/site-packages/airflow/example_dags/example_python_operator.py
[2024-06-27T11:43:06.938+0000] {logging_mixin.py:188} INFO - [2024-06-27T11:43:06.937+0000] {dag.py:3096} INFO - Sync 1 DAGs
[2024-06-27T11:43:06.945+0000] {logging_mixin.py:188} INFO - [2024-06-27T11:43:06.945+0000] {dag.py:3954} INFO - Setting next_dagrun for example_python_operator to None, run_after=None
[2024-06-27T11:43:06.956+0000] {processor.py:183} INFO - Processing /home/airflow/.local/lib/python3.12/site-packages/airflow/example_dags/example_python_operator.py took 0.043 seconds
[2024-06-27T11:43:37.708+0000] {processor.py:161} INFO - Started process (PID=363) to work on /home/airflow/.local/lib/python3.12/site-packages/airflow/example_dags/example_python_operator.py
[2024-06-27T11:43:37.709+0000] {processor.py:830} INFO - Processing file /home/airflow/.local/lib/python3.12/site-packages/airflow/example_dags/example_python_operator.py for tasks to queue
[2024-06-27T11:43:37.710+0000] {logging_mixin.py:188} INFO - [2024-06-27T11:43:37.710+0000] {dagbag.py:545} INFO - Filling up the DagBag from /home/airflow/.local/lib/python3.12/site-packages/airflow/example_dags/example_python_operator.py
[2024-06-27T11:43:37.716+0000] {processor.py:840} INFO - DAG(s) 'example_python_operator' retrieved from /home/airflow/.local/lib/python3.12/site-packages/airflow/example_dags/example_python_operator.py
[2024-06-27T11:43:37.728+0000] {logging_mixin.py:188} INFO - [2024-06-27T11:43:37.728+0000] {dag.py:3096} INFO - Sync 1 DAGs
[2024-06-27T11:43:37.735+0000] {logging_mixin.py:188} INFO - [2024-06-27T11:43:37.735+0000] {dag.py:3954} INFO - Setting next_dagrun for example_python_operator to None, run_after=None
[2024-06-27T11:43:37.745+0000] {processor.py:183} INFO - Processing /home/airflow/.local/lib/python3.12/site-packages/airflow/example_dags/example_python_operator.py took 0.040 seconds
[2024-06-27T11:44:08.430+0000] {processor.py:161} INFO - Started process (PID=421) to work on /home/airflow/.local/lib/python3.12/site-packages/airflow/example_dags/example_python_operator.py
[2024-06-27T11:44:08.431+0000] {processor.py:830} INFO - Processing file /home/airflow/.local/lib/python3.12/site-packages/airflow/example_dags/example_python_operator.py for tasks to queue
[2024-06-27T11:44:08.432+0000] {logging_mixin.py:188} INFO - [2024-06-27T11:44:08.432+0000] {dagbag.py:545} INFO - Filling up the DagBag from /home/airflow/.local/lib/python3.12/site-packages/airflow/example_dags/example_python_operator.py
[2024-06-27T11:44:08.438+0000] {processor.py:840} INFO - DAG(s) 'example_python_operator' retrieved from /home/airflow/.local/lib/python3.12/site-packages/airflow/example_dags/example_python_operator.py
[2024-06-27T11:44:08.451+0000] {logging_mixin.py:188} INFO - [2024-06-27T11:44:08.451+0000] {dag.py:3096} INFO - Sync 1 DAGs
[2024-06-27T11:44:08.458+0000] {logging_mixin.py:188} INFO - [2024-06-27T11:44:08.458+0000] {dag.py:3954} INFO - Setting next_dagrun for example_python_operator to None, run_after=None
[2024-06-27T11:44:08.468+0000] {processor.py:183} INFO - Processing /home/airflow/.local/lib/python3.12/site-packages/airflow/example_dags/example_python_operator.py took 0.040 seconds
[2024-06-27T11:44:39.345+0000] {processor.py:161} INFO - Started process (PID=479) to work on /home/airflow/.local/lib/python3.12/site-packages/airflow/example_dags/example_python_operator.py
[2024-06-27T11:44:39.346+0000] {processor.py:830} INFO - Processing file /home/airflow/.local/lib/python3.12/site-packages/airflow/example_dags/example_python_operator.py for tasks to queue
[2024-06-27T11:44:39.347+0000] {logging_mixin.py:188} INFO - [2024-06-27T11:44:39.347+0000] {dagbag.py:545} INFO - Filling up the DagBag from /home/airflow/.local/lib/python3.12/site-packages/airflow/example_dags/example_python_operator.py
[2024-06-27T11:44:39.352+0000] {processor.py:840} INFO - DAG(s) 'example_python_operator' retrieved from /home/airflow/.local/lib/python3.12/site-packages/airflow/example_dags/example_python_operator.py
[2024-06-27T11:44:39.364+0000] {logging_mixin.py:188} INFO - [2024-06-27T11:44:39.364+0000] {dag.py:3096} INFO - Sync 1 DAGs
[2024-06-27T11:44:39.370+0000] {logging_mixin.py:188} INFO - [2024-06-27T11:44:39.370+0000] {dag.py:3954} INFO - Setting next_dagrun for example_python_operator to None, run_after=None
[2024-06-27T11:44:39.380+0000] {processor.py:183} INFO - Processing /home/airflow/.local/lib/python3.12/site-packages/airflow/example_dags/example_python_operator.py took 0.038 seconds
[2024-06-27T11:45:10.121+0000] {processor.py:161} INFO - Started process (PID=537) to work on /home/airflow/.local/lib/python3.12/site-packages/airflow/example_dags/example_python_operator.py
[2024-06-27T11:45:10.122+0000] {processor.py:830} INFO - Processing file /home/airflow/.local/lib/python3.12/site-packages/airflow/example_dags/example_python_operator.py for tasks to queue
[2024-06-27T11:45:10.123+0000] {logging_mixin.py:188} INFO - [2024-06-27T11:45:10.123+0000] {dagbag.py:545} INFO - Filling up the DagBag from /home/airflow/.local/lib/python3.12/site-packages/airflow/example_dags/example_python_operator.py
[2024-06-27T11:45:10.129+0000] {processor.py:840} INFO - DAG(s) 'example_python_operator' retrieved from /home/airflow/.local/lib/python3.12/site-packages/airflow/example_dags/example_python_operator.py
[2024-06-27T11:45:10.141+0000] {logging_mixin.py:188} INFO - [2024-06-27T11:45:10.140+0000] {dag.py:3096} INFO - Sync 1 DAGs
[2024-06-27T11:45:10.147+0000] {logging_mixin.py:188} INFO - [2024-06-27T11:45:10.147+0000] {dag.py:3954} INFO - Setting next_dagrun for example_python_operator to None, run_after=None
[2024-06-27T11:45:10.158+0000] {processor.py:183} INFO - Processing /home/airflow/.local/lib/python3.12/site-packages/airflow/example_dags/example_python_operator.py took 0.040 seconds
[2024-06-27T11:45:40.919+0000] {processor.py:161} INFO - Started process (PID=595) to work on /home/airflow/.local/lib/python3.12/site-packages/airflow/example_dags/example_python_operator.py
[2024-06-27T11:45:40.919+0000] {processor.py:830} INFO - Processing file /home/airflow/.local/lib/python3.12/site-packages/airflow/example_dags/example_python_operator.py for tasks to queue
[2024-06-27T11:45:40.920+0000] {logging_mixin.py:188} INFO - [2024-06-27T11:45:40.920+0000] {dagbag.py:545} INFO - Filling up the DagBag from /home/airflow/.local/lib/python3.12/site-packages/airflow/example_dags/example_python_operator.py
[2024-06-27T11:45:40.925+0000] {processor.py:840} INFO - DAG(s) 'example_python_operator' retrieved from /home/airflow/.local/lib/python3.12/site-packages/airflow/example_dags/example_python_operator.py
[2024-06-27T11:45:40.937+0000] {logging_mixin.py:188} INFO - [2024-06-27T11:45:40.937+0000] {dag.py:3096} INFO - Sync 1 DAGs
[2024-06-27T11:45:40.944+0000] {logging_mixin.py:188} INFO - [2024-06-27T11:45:40.944+0000] {dag.py:3954} INFO - Setting next_dagrun for example_python_operator to None, run_after=None
[2024-06-27T11:45:40.954+0000] {processor.py:183} INFO - Processing /home/airflow/.local/lib/python3.12/site-packages/airflow/example_dags/example_python_operator.py took 0.038 seconds
[2024-06-27T11:46:11.750+0000] {processor.py:161} INFO - Started process (PID=654) to work on /home/airflow/.local/lib/python3.12/site-packages/airflow/example_dags/example_python_operator.py
[2024-06-27T11:46:11.751+0000] {processor.py:830} INFO - Processing file /home/airflow/.local/lib/python3.12/site-packages/airflow/example_dags/example_python_operator.py for tasks to queue
[2024-06-27T11:46:11.752+0000] {logging_mixin.py:188} INFO - [2024-06-27T11:46:11.752+0000] {dagbag.py:545} INFO - Filling up the DagBag from /home/airflow/.local/lib/python3.12/site-packages/airflow/example_dags/example_python_operator.py
[2024-06-27T11:46:11.758+0000] {processor.py:840} INFO - DAG(s) 'example_python_operator' retrieved from /home/airflow/.local/lib/python3.12/site-packages/airflow/example_dags/example_python_operator.py
[2024-06-27T11:46:11.771+0000] {logging_mixin.py:188} INFO - [2024-06-27T11:46:11.771+0000] {dag.py:3096} INFO - Sync 1 DAGs
[2024-06-27T11:46:11.779+0000] {logging_mixin.py:188} INFO - [2024-06-27T11:46:11.779+0000] {dag.py:3954} INFO - Setting next_dagrun for example_python_operator to None, run_after=None
[2024-06-27T11:46:11.790+0000] {processor.py:183} INFO - Processing /home/airflow/.local/lib/python3.12/site-packages/airflow/example_dags/example_python_operator.py took 0.043 seconds
[2024-06-27T11:46:42.629+0000] {processor.py:161} INFO - Started process (PID=718) to work on /home/airflow/.local/lib/python3.12/site-packages/airflow/example_dags/example_python_operator.py
[2024-06-27T11:46:42.630+0000] {processor.py:830} INFO - Processing file /home/airflow/.local/lib/python3.12/site-packages/airflow/example_dags/example_python_operator.py for tasks to queue
[2024-06-27T11:46:42.631+0000] {logging_mixin.py:188} INFO - [2024-06-27T11:46:42.631+0000] {dagbag.py:545} INFO - Filling up the DagBag from /home/airflow/.local/lib/python3.12/site-packages/airflow/example_dags/example_python_operator.py
[2024-06-27T11:46:42.637+0000] {processor.py:840} INFO - DAG(s) 'example_python_operator' retrieved from /home/airflow/.local/lib/python3.12/site-packages/airflow/example_dags/example_python_operator.py
[2024-06-27T11:46:42.650+0000] {logging_mixin.py:188} INFO - [2024-06-27T11:46:42.649+0000] {dag.py:3096} INFO - Sync 1 DAGs
[2024-06-27T11:46:42.657+0000] {logging_mixin.py:188} INFO - [2024-06-27T11:46:42.657+0000] {dag.py:3954} INFO - Setting next_dagrun for example_python_operator to None, run_after=None
[2024-06-27T11:46:42.667+0000] {processor.py:183} INFO - Processing /home/airflow/.local/lib/python3.12/site-packages/airflow/example_dags/example_python_operator.py took 0.041 seconds
[2024-06-27T11:47:13.462+0000] {processor.py:161} INFO - Started process (PID=779) to work on /home/airflow/.local/lib/python3.12/site-packages/airflow/example_dags/example_python_operator.py
[2024-06-27T11:47:13.462+0000] {processor.py:830} INFO - Processing file /home/airflow/.local/lib/python3.12/site-packages/airflow/example_dags/example_python_operator.py for tasks to queue
[2024-06-27T11:47:13.463+0000] {logging_mixin.py:188} INFO - [2024-06-27T11:47:13.463+0000] {dagbag.py:545} INFO - Filling up the DagBag from /home/airflow/.local/lib/python3.12/site-packages/airflow/example_dags/example_python_operator.py
[2024-06-27T11:47:13.469+0000] {processor.py:840} INFO - DAG(s) 'example_python_operator' retrieved from /home/airflow/.local/lib/python3.12/site-packages/airflow/example_dags/example_python_operator.py
[2024-06-27T11:47:13.481+0000] {logging_mixin.py:188} INFO - [2024-06-27T11:47:13.481+0000] {dag.py:3096} INFO - Sync 1 DAGs
[2024-06-27T11:47:13.488+0000] {logging_mixin.py:188} INFO - [2024-06-27T11:47:13.488+0000] {dag.py:3954} INFO - Setting next_dagrun for example_python_operator to None, run_after=None
[2024-06-27T11:47:13.498+0000] {processor.py:183} INFO - Processing /home/airflow/.local/lib/python3.12/site-packages/airflow/example_dags/example_python_operator.py took 0.040 seconds
[2024-06-27T11:47:44.612+0000] {processor.py:161} INFO - Started process (PID=838) to work on /home/airflow/.local/lib/python3.12/site-packages/airflow/example_dags/example_python_operator.py
[2024-06-27T11:47:44.613+0000] {processor.py:830} INFO - Processing file /home/airflow/.local/lib/python3.12/site-packages/airflow/example_dags/example_python_operator.py for tasks to queue
[2024-06-27T11:47:44.613+0000] {logging_mixin.py:188} INFO - [2024-06-27T11:47:44.613+0000] {dagbag.py:545} INFO - Filling up the DagBag from /home/airflow/.local/lib/python3.12/site-packages/airflow/example_dags/example_python_operator.py
[2024-06-27T11:47:44.619+0000] {processor.py:840} INFO - DAG(s) 'example_python_operator' retrieved from /home/airflow/.local/lib/python3.12/site-packages/airflow/example_dags/example_python_operator.py
[2024-06-27T11:47:44.631+0000] {logging_mixin.py:188} INFO - [2024-06-27T11:47:44.631+0000] {dag.py:3096} INFO - Sync 1 DAGs
[2024-06-27T11:47:44.638+0000] {logging_mixin.py:188} INFO - [2024-06-27T11:47:44.637+0000] {dag.py:3954} INFO - Setting next_dagrun for example_python_operator to None, run_after=None
[2024-06-27T11:47:44.648+0000] {processor.py:183} INFO - Processing /home/airflow/.local/lib/python3.12/site-packages/airflow/example_dags/example_python_operator.py took 0.039 seconds
[2024-06-27T11:48:14.729+0000] {processor.py:161} INFO - Started process (PID=897) to work on /home/airflow/.local/lib/python3.12/site-packages/airflow/example_dags/example_python_operator.py
[2024-06-27T11:48:14.730+0000] {processor.py:830} INFO - Processing file /home/airflow/.local/lib/python3.12/site-packages/airflow/example_dags/example_python_operator.py for tasks to queue
[2024-06-27T11:48:14.730+0000] {logging_mixin.py:188} INFO - [2024-06-27T11:48:14.730+0000] {dagbag.py:545} INFO - Filling up the DagBag from /home/airflow/.local/lib/python3.12/site-packages/airflow/example_dags/example_python_operator.py
[2024-06-27T11:48:14.736+0000] {processor.py:840} INFO - DAG(s) 'example_python_operator' retrieved from /home/airflow/.local/lib/python3.12/site-packages/airflow/example_dags/example_python_operator.py
[2024-06-27T11:48:14.749+0000] {logging_mixin.py:188} INFO - [2024-06-27T11:48:14.748+0000] {dag.py:3096} INFO - Sync 1 DAGs
[2024-06-27T11:48:14.756+0000] {logging_mixin.py:188} INFO - [2024-06-27T11:48:14.755+0000] {dag.py:3954} INFO - Setting next_dagrun for example_python_operator to None, run_after=None
[2024-06-27T11:48:14.766+0000] {processor.py:183} INFO - Processing /home/airflow/.local/lib/python3.12/site-packages/airflow/example_dags/example_python_operator.py took 0.040 seconds
[2024-06-27T11:48:45.828+0000] {processor.py:161} INFO - Started process (PID=956) to work on /home/airflow/.local/lib/python3.12/site-packages/airflow/example_dags/example_python_operator.py
[2024-06-27T11:48:45.829+0000] {processor.py:830} INFO - Processing file /home/airflow/.local/lib/python3.12/site-packages/airflow/example_dags/example_python_operator.py for tasks to queue
[2024-06-27T11:48:45.829+0000] {logging_mixin.py:188} INFO - [2024-06-27T11:48:45.829+0000] {dagbag.py:545} INFO - Filling up the DagBag from /home/airflow/.local/lib/python3.12/site-packages/airflow/example_dags/example_python_operator.py
[2024-06-27T11:48:45.835+0000] {processor.py:840} INFO - DAG(s) 'example_python_operator' retrieved from /home/airflow/.local/lib/python3.12/site-packages/airflow/example_dags/example_python_operator.py
[2024-06-27T11:48:45.848+0000] {logging_mixin.py:188} INFO - [2024-06-27T11:48:45.848+0000] {dag.py:3096} INFO - Sync 1 DAGs
[2024-06-27T11:48:45.856+0000] {logging_mixin.py:188} INFO - [2024-06-27T11:48:45.856+0000] {dag.py:3954} INFO - Setting next_dagrun for example_python_operator to None, run_after=None
[2024-06-27T11:48:45.866+0000] {processor.py:183} INFO - Processing /home/airflow/.local/lib/python3.12/site-packages/airflow/example_dags/example_python_operator.py took 0.041 seconds
[2024-06-27T11:49:15.911+0000] {processor.py:161} INFO - Started process (PID=1015) to work on /home/airflow/.local/lib/python3.12/site-packages/airflow/example_dags/example_python_operator.py
[2024-06-27T11:49:15.912+0000] {processor.py:830} INFO - Processing file /home/airflow/.local/lib/python3.12/site-packages/airflow/example_dags/example_python_operator.py for tasks to queue
[2024-06-27T11:49:15.912+0000] {logging_mixin.py:188} INFO - [2024-06-27T11:49:15.912+0000] {dagbag.py:545} INFO - Filling up the DagBag from /home/airflow/.local/lib/python3.12/site-packages/airflow/example_dags/example_python_operator.py
[2024-06-27T11:49:15.918+0000] {processor.py:840} INFO - DAG(s) 'example_python_operator' retrieved from /home/airflow/.local/lib/python3.12/site-packages/airflow/example_dags/example_python_operator.py
[2024-06-27T11:49:15.932+0000] {logging_mixin.py:188} INFO - [2024-06-27T11:49:15.932+0000] {dag.py:3096} INFO - Sync 1 DAGs
[2024-06-27T11:49:15.939+0000] {logging_mixin.py:188} INFO - [2024-06-27T11:49:15.939+0000] {dag.py:3954} INFO - Setting next_dagrun for example_python_operator to None, run_after=None
[2024-06-27T11:49:15.949+0000] {processor.py:183} INFO - Processing /home/airflow/.local/lib/python3.12/site-packages/airflow/example_dags/example_python_operator.py took 0.042 seconds
[2024-06-27T11:49:46.686+0000] {processor.py:161} INFO - Started process (PID=1074) to work on /home/airflow/.local/lib/python3.12/site-packages/airflow/example_dags/example_python_operator.py
[2024-06-27T11:49:46.687+0000] {processor.py:830} INFO - Processing file /home/airflow/.local/lib/python3.12/site-packages/airflow/example_dags/example_python_operator.py for tasks to queue
[2024-06-27T11:49:46.688+0000] {logging_mixin.py:188} INFO - [2024-06-27T11:49:46.688+0000] {dagbag.py:545} INFO - Filling up the DagBag from /home/airflow/.local/lib/python3.12/site-packages/airflow/example_dags/example_python_operator.py
[2024-06-27T11:49:46.693+0000] {processor.py:840} INFO - DAG(s) 'example_python_operator' retrieved from /home/airflow/.local/lib/python3.12/site-packages/airflow/example_dags/example_python_operator.py
[2024-06-27T11:49:46.705+0000] {logging_mixin.py:188} INFO - [2024-06-27T11:49:46.705+0000] {dag.py:3096} INFO - Sync 1 DAGs
[2024-06-27T11:49:46.712+0000] {logging_mixin.py:188} INFO - [2024-06-27T11:49:46.711+0000] {dag.py:3954} INFO - Setting next_dagrun for example_python_operator to None, run_after=None
[2024-06-27T11:49:46.722+0000] {processor.py:183} INFO - Processing /home/airflow/.local/lib/python3.12/site-packages/airflow/example_dags/example_python_operator.py took 0.038 seconds
[2024-06-27T11:50:17.463+0000] {processor.py:161} INFO - Started process (PID=1133) to work on /home/airflow/.local/lib/python3.12/site-packages/airflow/example_dags/example_python_operator.py
[2024-06-27T11:50:17.464+0000] {processor.py:830} INFO - Processing file /home/airflow/.local/lib/python3.12/site-packages/airflow/example_dags/example_python_operator.py for tasks to queue
[2024-06-27T11:50:17.465+0000] {logging_mixin.py:188} INFO - [2024-06-27T11:50:17.465+0000] {dagbag.py:545} INFO - Filling up the DagBag from /home/airflow/.local/lib/python3.12/site-packages/airflow/example_dags/example_python_operator.py
[2024-06-27T11:50:17.471+0000] {processor.py:840} INFO - DAG(s) 'example_python_operator' retrieved from /home/airflow/.local/lib/python3.12/site-packages/airflow/example_dags/example_python_operator.py
[2024-06-27T11:50:17.483+0000] {logging_mixin.py:188} INFO - [2024-06-27T11:50:17.482+0000] {dag.py:3096} INFO - Sync 1 DAGs
[2024-06-27T11:50:17.489+0000] {logging_mixin.py:188} INFO - [2024-06-27T11:50:17.489+0000] {dag.py:3954} INFO - Setting next_dagrun for example_python_operator to None, run_after=None
[2024-06-27T11:50:17.500+0000] {processor.py:183} INFO - Processing /home/airflow/.local/lib/python3.12/site-packages/airflow/example_dags/example_python_operator.py took 0.039 seconds
[2024-06-27T11:50:48.275+0000] {processor.py:161} INFO - Started process (PID=1192) to work on /home/airflow/.local/lib/python3.12/site-packages/airflow/example_dags/example_python_operator.py
[2024-06-27T11:50:48.276+0000] {processor.py:830} INFO - Processing file /home/airflow/.local/lib/python3.12/site-packages/airflow/example_dags/example_python_operator.py for tasks to queue
[2024-06-27T11:50:48.277+0000] {logging_mixin.py:188} INFO - [2024-06-27T11:50:48.277+0000] {dagbag.py:545} INFO - Filling up the DagBag from /home/airflow/.local/lib/python3.12/site-packages/airflow/example_dags/example_python_operator.py
[2024-06-27T11:50:48.282+0000] {processor.py:840} INFO - DAG(s) 'example_python_operator' retrieved from /home/airflow/.local/lib/python3.12/site-packages/airflow/example_dags/example_python_operator.py
[2024-06-27T11:50:48.296+0000] {logging_mixin.py:188} INFO - [2024-06-27T11:50:48.296+0000] {dag.py:3096} INFO - Sync 1 DAGs
[2024-06-27T11:50:48.303+0000] {logging_mixin.py:188} INFO - [2024-06-27T11:50:48.303+0000] {dag.py:3954} INFO - Setting next_dagrun for example_python_operator to None, run_after=None
[2024-06-27T11:50:48.314+0000] {processor.py:183} INFO - Processing /home/airflow/.local/lib/python3.12/site-packages/airflow/example_dags/example_python_operator.py took 0.041 seconds
[2024-06-27T11:51:19.125+0000] {processor.py:161} INFO - Started process (PID=1251) to work on /home/airflow/.local/lib/python3.12/site-packages/airflow/example_dags/example_python_operator.py
[2024-06-27T11:51:19.126+0000] {processor.py:830} INFO - Processing file /home/airflow/.local/lib/python3.12/site-packages/airflow/example_dags/example_python_operator.py for tasks to queue
[2024-06-27T11:51:19.127+0000] {logging_mixin.py:188} INFO - [2024-06-27T11:51:19.127+0000] {dagbag.py:545} INFO - Filling up the DagBag from /home/airflow/.local/lib/python3.12/site-packages/airflow/example_dags/example_python_operator.py
[2024-06-27T11:51:19.132+0000] {processor.py:840} INFO - DAG(s) 'example_python_operator' retrieved from /home/airflow/.local/lib/python3.12/site-packages/airflow/example_dags/example_python_operator.py
[2024-06-27T11:51:19.145+0000] {logging_mixin.py:188} INFO - [2024-06-27T11:51:19.145+0000] {dag.py:3096} INFO - Sync 1 DAGs
[2024-06-27T11:51:19.151+0000] {logging_mixin.py:188} INFO - [2024-06-27T11:51:19.151+0000] {dag.py:3954} INFO - Setting next_dagrun for example_python_operator to None, run_after=None
[2024-06-27T11:51:19.161+0000] {processor.py:183} INFO - Processing /home/airflow/.local/lib/python3.12/site-packages/airflow/example_dags/example_python_operator.py took 0.039 seconds
[2024-06-27T11:51:49.932+0000] {processor.py:161} INFO - Started process (PID=1310) to work on /home/airflow/.local/lib/python3.12/site-packages/airflow/example_dags/example_python_operator.py
[2024-06-27T11:51:49.933+0000] {processor.py:830} INFO - Processing file /home/airflow/.local/lib/python3.12/site-packages/airflow/example_dags/example_python_operator.py for tasks to queue
[2024-06-27T11:51:49.934+0000] {logging_mixin.py:188} INFO - [2024-06-27T11:51:49.934+0000] {dagbag.py:545} INFO - Filling up the DagBag from /home/airflow/.local/lib/python3.12/site-packages/airflow/example_dags/example_python_operator.py
[2024-06-27T11:51:49.940+0000] {processor.py:840} INFO - DAG(s) 'example_python_operator' retrieved from /home/airflow/.local/lib/python3.12/site-packages/airflow/example_dags/example_python_operator.py
[2024-06-27T11:51:49.952+0000] {logging_mixin.py:188} INFO - [2024-06-27T11:51:49.952+0000] {dag.py:3096} INFO - Sync 1 DAGs
[2024-06-27T11:51:49.959+0000] {logging_mixin.py:188} INFO - [2024-06-27T11:51:49.959+0000] {dag.py:3954} INFO - Setting next_dagrun for example_python_operator to None, run_after=None
[2024-06-27T11:51:49.969+0000] {processor.py:183} INFO - Processing /home/airflow/.local/lib/python3.12/site-packages/airflow/example_dags/example_python_operator.py took 0.040 seconds
[2024-06-27T11:52:20.734+0000] {processor.py:161} INFO - Started process (PID=1369) to work on /home/airflow/.local/lib/python3.12/site-packages/airflow/example_dags/example_python_operator.py
[2024-06-27T11:52:20.735+0000] {processor.py:830} INFO - Processing file /home/airflow/.local/lib/python3.12/site-packages/airflow/example_dags/example_python_operator.py for tasks to queue
[2024-06-27T11:52:20.736+0000] {logging_mixin.py:188} INFO - [2024-06-27T11:52:20.735+0000] {dagbag.py:545} INFO - Filling up the DagBag from /home/airflow/.local/lib/python3.12/site-packages/airflow/example_dags/example_python_operator.py
[2024-06-27T11:52:20.741+0000] {processor.py:840} INFO - DAG(s) 'example_python_operator' retrieved from /home/airflow/.local/lib/python3.12/site-packages/airflow/example_dags/example_python_operator.py
[2024-06-27T11:52:20.753+0000] {logging_mixin.py:188} INFO - [2024-06-27T11:52:20.753+0000] {dag.py:3096} INFO - Sync 1 DAGs
[2024-06-27T11:52:20.759+0000] {logging_mixin.py:188} INFO - [2024-06-27T11:52:20.759+0000] {dag.py:3954} INFO - Setting next_dagrun for example_python_operator to None, run_after=None
[2024-06-27T11:52:20.769+0000] {processor.py:183} INFO - Processing /home/airflow/.local/lib/python3.12/site-packages/airflow/example_dags/example_python_operator.py took 0.039 seconds
[2024-06-27T11:52:51.561+0000] {processor.py:161} INFO - Started process (PID=1429) to work on /home/airflow/.local/lib/python3.12/site-packages/airflow/example_dags/example_python_operator.py
[2024-06-27T11:52:51.562+0000] {processor.py:830} INFO - Processing file /home/airflow/.local/lib/python3.12/site-packages/airflow/example_dags/example_python_operator.py for tasks to queue
[2024-06-27T11:52:51.563+0000] {logging_mixin.py:188} INFO - [2024-06-27T11:52:51.563+0000] {dagbag.py:545} INFO - Filling up the DagBag from /home/airflow/.local/lib/python3.12/site-packages/airflow/example_dags/example_python_operator.py
[2024-06-27T11:52:51.569+0000] {processor.py:840} INFO - DAG(s) 'example_python_operator' retrieved from /home/airflow/.local/lib/python3.12/site-packages/airflow/example_dags/example_python_operator.py
[2024-06-27T11:52:51.582+0000] {logging_mixin.py:188} INFO - [2024-06-27T11:52:51.582+0000] {dag.py:3096} INFO - Sync 1 DAGs
[2024-06-27T11:52:51.589+0000] {logging_mixin.py:188} INFO - [2024-06-27T11:52:51.589+0000] {dag.py:3954} INFO - Setting next_dagrun for example_python_operator to None, run_after=None
[2024-06-27T11:52:51.599+0000] {processor.py:183} INFO - Processing /home/airflow/.local/lib/python3.12/site-packages/airflow/example_dags/example_python_operator.py took 0.040 seconds
[2024-06-27T11:53:22.388+0000] {processor.py:161} INFO - Started process (PID=1488) to work on /home/airflow/.local/lib/python3.12/site-packages/airflow/example_dags/example_python_operator.py
[2024-06-27T11:53:22.388+0000] {processor.py:830} INFO - Processing file /home/airflow/.local/lib/python3.12/site-packages/airflow/example_dags/example_python_operator.py for tasks to queue
[2024-06-27T11:53:22.389+0000] {logging_mixin.py:188} INFO - [2024-06-27T11:53:22.389+0000] {dagbag.py:545} INFO - Filling up the DagBag from /home/airflow/.local/lib/python3.12/site-packages/airflow/example_dags/example_python_operator.py
[2024-06-27T11:53:22.395+0000] {processor.py:840} INFO - DAG(s) 'example_python_operator' retrieved from /home/airflow/.local/lib/python3.12/site-packages/airflow/example_dags/example_python_operator.py
[2024-06-27T11:53:22.408+0000] {logging_mixin.py:188} INFO - [2024-06-27T11:53:22.407+0000] {dag.py:3096} INFO - Sync 1 DAGs
[2024-06-27T11:53:22.414+0000] {logging_mixin.py:188} INFO - [2024-06-27T11:53:22.414+0000] {dag.py:3954} INFO - Setting next_dagrun for example_python_operator to None, run_after=None
[2024-06-27T11:53:22.424+0000] {processor.py:183} INFO - Processing /home/airflow/.local/lib/python3.12/site-packages/airflow/example_dags/example_python_operator.py took 0.040 seconds
[2024-06-27T11:53:53.256+0000] {processor.py:161} INFO - Started process (PID=1547) to work on /home/airflow/.local/lib/python3.12/site-packages/airflow/example_dags/example_python_operator.py
[2024-06-27T11:53:53.257+0000] {processor.py:830} INFO - Processing file /home/airflow/.local/lib/python3.12/site-packages/airflow/example_dags/example_python_operator.py for tasks to queue
[2024-06-27T11:53:53.258+0000] {logging_mixin.py:188} INFO - [2024-06-27T11:53:53.258+0000] {dagbag.py:545} INFO - Filling up the DagBag from /home/airflow/.local/lib/python3.12/site-packages/airflow/example_dags/example_python_operator.py
[2024-06-27T11:53:53.264+0000] {processor.py:840} INFO - DAG(s) 'example_python_operator' retrieved from /home/airflow/.local/lib/python3.12/site-packages/airflow/example_dags/example_python_operator.py
[2024-06-27T11:53:53.276+0000] {logging_mixin.py:188} INFO - [2024-06-27T11:53:53.276+0000] {dag.py:3096} INFO - Sync 1 DAGs
[2024-06-27T11:53:53.283+0000] {logging_mixin.py:188} INFO - [2024-06-27T11:53:53.283+0000] {dag.py:3954} INFO - Setting next_dagrun for example_python_operator to None, run_after=None
[2024-06-27T11:53:53.293+0000] {processor.py:183} INFO - Processing /home/airflow/.local/lib/python3.12/site-packages/airflow/example_dags/example_python_operator.py took 0.040 seconds
[2024-06-27T11:54:24.143+0000] {processor.py:161} INFO - Started process (PID=1606) to work on /home/airflow/.local/lib/python3.12/site-packages/airflow/example_dags/example_python_operator.py
[2024-06-27T11:54:24.143+0000] {processor.py:830} INFO - Processing file /home/airflow/.local/lib/python3.12/site-packages/airflow/example_dags/example_python_operator.py for tasks to queue
[2024-06-27T11:54:24.144+0000] {logging_mixin.py:188} INFO - [2024-06-27T11:54:24.144+0000] {dagbag.py:545} INFO - Filling up the DagBag from /home/airflow/.local/lib/python3.12/site-packages/airflow/example_dags/example_python_operator.py
[2024-06-27T11:54:24.150+0000] {processor.py:840} INFO - DAG(s) 'example_python_operator' retrieved from /home/airflow/.local/lib/python3.12/site-packages/airflow/example_dags/example_python_operator.py
[2024-06-27T11:54:24.162+0000] {logging_mixin.py:188} INFO - [2024-06-27T11:54:24.162+0000] {dag.py:3096} INFO - Sync 1 DAGs
[2024-06-27T11:54:24.169+0000] {logging_mixin.py:188} INFO - [2024-06-27T11:54:24.169+0000] {dag.py:3954} INFO - Setting next_dagrun for example_python_operator to None, run_after=None
[2024-06-27T11:54:24.179+0000] {processor.py:183} INFO - Processing /home/airflow/.local/lib/python3.12/site-packages/airflow/example_dags/example_python_operator.py took 0.039 seconds
[2024-06-27T11:54:54.887+0000] {processor.py:161} INFO - Started process (PID=1665) to work on /home/airflow/.local/lib/python3.12/site-packages/airflow/example_dags/example_python_operator.py
[2024-06-27T11:54:54.887+0000] {processor.py:830} INFO - Processing file /home/airflow/.local/lib/python3.12/site-packages/airflow/example_dags/example_python_operator.py for tasks to queue
[2024-06-27T11:54:54.888+0000] {logging_mixin.py:188} INFO - [2024-06-27T11:54:54.888+0000] {dagbag.py:545} INFO - Filling up the DagBag from /home/airflow/.local/lib/python3.12/site-packages/airflow/example_dags/example_python_operator.py
[2024-06-27T11:54:54.894+0000] {processor.py:840} INFO - DAG(s) 'example_python_operator' retrieved from /home/airflow/.local/lib/python3.12/site-packages/airflow/example_dags/example_python_operator.py
[2024-06-27T11:54:54.906+0000] {logging_mixin.py:188} INFO - [2024-06-27T11:54:54.906+0000] {dag.py:3096} INFO - Sync 1 DAGs
[2024-06-27T11:54:54.913+0000] {logging_mixin.py:188} INFO - [2024-06-27T11:54:54.913+0000] {dag.py:3954} INFO - Setting next_dagrun for example_python_operator to None, run_after=None
[2024-06-27T11:54:54.923+0000] {processor.py:183} INFO - Processing /home/airflow/.local/lib/python3.12/site-packages/airflow/example_dags/example_python_operator.py took 0.039 seconds
[2024-06-27T11:55:25.782+0000] {processor.py:161} INFO - Started process (PID=1730) to work on /home/airflow/.local/lib/python3.12/site-packages/airflow/example_dags/example_python_operator.py
[2024-06-27T11:55:25.783+0000] {processor.py:830} INFO - Processing file /home/airflow/.local/lib/python3.12/site-packages/airflow/example_dags/example_python_operator.py for tasks to queue
[2024-06-27T11:55:25.783+0000] {logging_mixin.py:188} INFO - [2024-06-27T11:55:25.783+0000] {dagbag.py:545} INFO - Filling up the DagBag from /home/airflow/.local/lib/python3.12/site-packages/airflow/example_dags/example_python_operator.py
[2024-06-27T11:55:25.789+0000] {processor.py:840} INFO - DAG(s) 'example_python_operator' retrieved from /home/airflow/.local/lib/python3.12/site-packages/airflow/example_dags/example_python_operator.py
[2024-06-27T11:55:25.801+0000] {logging_mixin.py:188} INFO - [2024-06-27T11:55:25.801+0000] {dag.py:3096} INFO - Sync 1 DAGs
[2024-06-27T11:55:25.808+0000] {logging_mixin.py:188} INFO - [2024-06-27T11:55:25.808+0000] {dag.py:3954} INFO - Setting next_dagrun for example_python_operator to None, run_after=None
[2024-06-27T11:55:25.818+0000] {processor.py:183} INFO - Processing /home/airflow/.local/lib/python3.12/site-packages/airflow/example_dags/example_python_operator.py took 0.039 seconds
[2024-06-27T11:55:56.567+0000] {processor.py:161} INFO - Started process (PID=1789) to work on /home/airflow/.local/lib/python3.12/site-packages/airflow/example_dags/example_python_operator.py
[2024-06-27T11:55:56.568+0000] {processor.py:830} INFO - Processing file /home/airflow/.local/lib/python3.12/site-packages/airflow/example_dags/example_python_operator.py for tasks to queue
[2024-06-27T11:55:56.569+0000] {logging_mixin.py:188} INFO - [2024-06-27T11:55:56.569+0000] {dagbag.py:545} INFO - Filling up the DagBag from /home/airflow/.local/lib/python3.12/site-packages/airflow/example_dags/example_python_operator.py
[2024-06-27T11:55:56.574+0000] {processor.py:840} INFO - DAG(s) 'example_python_operator' retrieved from /home/airflow/.local/lib/python3.12/site-packages/airflow/example_dags/example_python_operator.py
[2024-06-27T11:55:56.586+0000] {logging_mixin.py:188} INFO - [2024-06-27T11:55:56.586+0000] {dag.py:3096} INFO - Sync 1 DAGs
[2024-06-27T11:55:56.593+0000] {logging_mixin.py:188} INFO - [2024-06-27T11:55:56.593+0000] {dag.py:3954} INFO - Setting next_dagrun for example_python_operator to None, run_after=None
[2024-06-27T11:55:56.603+0000] {processor.py:183} INFO - Processing /home/airflow/.local/lib/python3.12/site-packages/airflow/example_dags/example_python_operator.py took 0.039 seconds
[2024-06-27T11:56:27.605+0000] {processor.py:161} INFO - Started process (PID=1848) to work on /home/airflow/.local/lib/python3.12/site-packages/airflow/example_dags/example_python_operator.py
[2024-06-27T11:56:27.606+0000] {processor.py:830} INFO - Processing file /home/airflow/.local/lib/python3.12/site-packages/airflow/example_dags/example_python_operator.py for tasks to queue
[2024-06-27T11:56:27.606+0000] {logging_mixin.py:188} INFO - [2024-06-27T11:56:27.606+0000] {dagbag.py:545} INFO - Filling up the DagBag from /home/airflow/.local/lib/python3.12/site-packages/airflow/example_dags/example_python_operator.py
[2024-06-27T11:56:27.612+0000] {processor.py:840} INFO - DAG(s) 'example_python_operator' retrieved from /home/airflow/.local/lib/python3.12/site-packages/airflow/example_dags/example_python_operator.py
[2024-06-27T11:56:27.624+0000] {logging_mixin.py:188} INFO - [2024-06-27T11:56:27.624+0000] {dag.py:3096} INFO - Sync 1 DAGs
[2024-06-27T11:56:27.631+0000] {logging_mixin.py:188} INFO - [2024-06-27T11:56:27.631+0000] {dag.py:3954} INFO - Setting next_dagrun for example_python_operator to None, run_after=None
[2024-06-27T11:56:27.641+0000] {processor.py:183} INFO - Processing /home/airflow/.local/lib/python3.12/site-packages/airflow/example_dags/example_python_operator.py took 0.039 seconds
[2024-06-27T11:56:59.140+0000] {processor.py:161} INFO - Started process (PID=1907) to work on /home/airflow/.local/lib/python3.12/site-packages/airflow/example_dags/example_python_operator.py
[2024-06-27T11:56:59.141+0000] {processor.py:830} INFO - Processing file /home/airflow/.local/lib/python3.12/site-packages/airflow/example_dags/example_python_operator.py for tasks to queue
[2024-06-27T11:56:59.142+0000] {logging_mixin.py:188} INFO - [2024-06-27T11:56:59.141+0000] {dagbag.py:545} INFO - Filling up the DagBag from /home/airflow/.local/lib/python3.12/site-packages/airflow/example_dags/example_python_operator.py
[2024-06-27T11:56:59.147+0000] {processor.py:840} INFO - DAG(s) 'example_python_operator' retrieved from /home/airflow/.local/lib/python3.12/site-packages/airflow/example_dags/example_python_operator.py
[2024-06-27T11:56:59.159+0000] {logging_mixin.py:188} INFO - [2024-06-27T11:56:59.159+0000] {dag.py:3096} INFO - Sync 1 DAGs
[2024-06-27T11:56:59.166+0000] {logging_mixin.py:188} INFO - [2024-06-27T11:56:59.166+0000] {dag.py:3954} INFO - Setting next_dagrun for example_python_operator to None, run_after=None
[2024-06-27T11:56:59.175+0000] {processor.py:183} INFO - Processing /home/airflow/.local/lib/python3.12/site-packages/airflow/example_dags/example_python_operator.py took 0.039 seconds
[2024-06-27T11:57:30.011+0000] {processor.py:161} INFO - Started process (PID=1966) to work on /home/airflow/.local/lib/python3.12/site-packages/airflow/example_dags/example_python_operator.py
[2024-06-27T11:57:30.012+0000] {processor.py:830} INFO - Processing file /home/airflow/.local/lib/python3.12/site-packages/airflow/example_dags/example_python_operator.py for tasks to queue
[2024-06-27T11:57:30.013+0000] {logging_mixin.py:188} INFO - [2024-06-27T11:57:30.012+0000] {dagbag.py:545} INFO - Filling up the DagBag from /home/airflow/.local/lib/python3.12/site-packages/airflow/example_dags/example_python_operator.py
[2024-06-27T11:57:30.018+0000] {processor.py:840} INFO - DAG(s) 'example_python_operator' retrieved from /home/airflow/.local/lib/python3.12/site-packages/airflow/example_dags/example_python_operator.py
[2024-06-27T11:57:30.031+0000] {logging_mixin.py:188} INFO - [2024-06-27T11:57:30.031+0000] {dag.py:3096} INFO - Sync 1 DAGs
[2024-06-27T11:57:30.038+0000] {logging_mixin.py:188} INFO - [2024-06-27T11:57:30.038+0000] {dag.py:3954} INFO - Setting next_dagrun for example_python_operator to None, run_after=None
[2024-06-27T11:57:30.049+0000] {processor.py:183} INFO - Processing /home/airflow/.local/lib/python3.12/site-packages/airflow/example_dags/example_python_operator.py took 0.041 seconds
[2024-06-27T11:58:00.804+0000] {processor.py:161} INFO - Started process (PID=2025) to work on /home/airflow/.local/lib/python3.12/site-packages/airflow/example_dags/example_python_operator.py
[2024-06-27T11:58:00.805+0000] {processor.py:830} INFO - Processing file /home/airflow/.local/lib/python3.12/site-packages/airflow/example_dags/example_python_operator.py for tasks to queue
[2024-06-27T11:58:00.806+0000] {logging_mixin.py:188} INFO - [2024-06-27T11:58:00.806+0000] {dagbag.py:545} INFO - Filling up the DagBag from /home/airflow/.local/lib/python3.12/site-packages/airflow/example_dags/example_python_operator.py
[2024-06-27T11:58:00.812+0000] {processor.py:840} INFO - DAG(s) 'example_python_operator' retrieved from /home/airflow/.local/lib/python3.12/site-packages/airflow/example_dags/example_python_operator.py
[2024-06-27T11:58:00.824+0000] {logging_mixin.py:188} INFO - [2024-06-27T11:58:00.824+0000] {dag.py:3096} INFO - Sync 1 DAGs
[2024-06-27T11:58:00.831+0000] {logging_mixin.py:188} INFO - [2024-06-27T11:58:00.831+0000] {dag.py:3954} INFO - Setting next_dagrun for example_python_operator to None, run_after=None
[2024-06-27T11:58:00.841+0000] {processor.py:183} INFO - Processing /home/airflow/.local/lib/python3.12/site-packages/airflow/example_dags/example_python_operator.py took 0.039 seconds
[2024-06-27T11:58:31.503+0000] {processor.py:161} INFO - Started process (PID=2084) to work on /home/airflow/.local/lib/python3.12/site-packages/airflow/example_dags/example_python_operator.py
[2024-06-27T11:58:31.504+0000] {processor.py:830} INFO - Processing file /home/airflow/.local/lib/python3.12/site-packages/airflow/example_dags/example_python_operator.py for tasks to queue
[2024-06-27T11:58:31.505+0000] {logging_mixin.py:188} INFO - [2024-06-27T11:58:31.505+0000] {dagbag.py:545} INFO - Filling up the DagBag from /home/airflow/.local/lib/python3.12/site-packages/airflow/example_dags/example_python_operator.py
[2024-06-27T11:58:31.511+0000] {processor.py:840} INFO - DAG(s) 'example_python_operator' retrieved from /home/airflow/.local/lib/python3.12/site-packages/airflow/example_dags/example_python_operator.py
[2024-06-27T11:58:31.523+0000] {logging_mixin.py:188} INFO - [2024-06-27T11:58:31.523+0000] {dag.py:3096} INFO - Sync 1 DAGs
[2024-06-27T11:58:31.530+0000] {logging_mixin.py:188} INFO - [2024-06-27T11:58:31.530+0000] {dag.py:3954} INFO - Setting next_dagrun for example_python_operator to None, run_after=None
[2024-06-27T11:58:31.540+0000] {processor.py:183} INFO - Processing /home/airflow/.local/lib/python3.12/site-packages/airflow/example_dags/example_python_operator.py took 0.040 seconds
[2024-06-27T11:59:02.228+0000] {processor.py:161} INFO - Started process (PID=2143) to work on /home/airflow/.local/lib/python3.12/site-packages/airflow/example_dags/example_python_operator.py
[2024-06-27T11:59:02.229+0000] {processor.py:830} INFO - Processing file /home/airflow/.local/lib/python3.12/site-packages/airflow/example_dags/example_python_operator.py for tasks to queue
[2024-06-27T11:59:02.229+0000] {logging_mixin.py:188} INFO - [2024-06-27T11:59:02.229+0000] {dagbag.py:545} INFO - Filling up the DagBag from /home/airflow/.local/lib/python3.12/site-packages/airflow/example_dags/example_python_operator.py
[2024-06-27T11:59:02.235+0000] {processor.py:840} INFO - DAG(s) 'example_python_operator' retrieved from /home/airflow/.local/lib/python3.12/site-packages/airflow/example_dags/example_python_operator.py
[2024-06-27T11:59:02.247+0000] {logging_mixin.py:188} INFO - [2024-06-27T11:59:02.247+0000] {dag.py:3096} INFO - Sync 1 DAGs
[2024-06-27T11:59:02.254+0000] {logging_mixin.py:188} INFO - [2024-06-27T11:59:02.254+0000] {dag.py:3954} INFO - Setting next_dagrun for example_python_operator to None, run_after=None
[2024-06-27T11:59:02.264+0000] {processor.py:183} INFO - Processing /home/airflow/.local/lib/python3.12/site-packages/airflow/example_dags/example_python_operator.py took 0.040 seconds
[2024-06-27T11:59:32.977+0000] {processor.py:161} INFO - Started process (PID=2202) to work on /home/airflow/.local/lib/python3.12/site-packages/airflow/example_dags/example_python_operator.py
[2024-06-27T11:59:32.978+0000] {processor.py:830} INFO - Processing file /home/airflow/.local/lib/python3.12/site-packages/airflow/example_dags/example_python_operator.py for tasks to queue
[2024-06-27T11:59:32.979+0000] {logging_mixin.py:188} INFO - [2024-06-27T11:59:32.978+0000] {dagbag.py:545} INFO - Filling up the DagBag from /home/airflow/.local/lib/python3.12/site-packages/airflow/example_dags/example_python_operator.py
[2024-06-27T11:59:32.984+0000] {processor.py:840} INFO - DAG(s) 'example_python_operator' retrieved from /home/airflow/.local/lib/python3.12/site-packages/airflow/example_dags/example_python_operator.py
[2024-06-27T11:59:32.996+0000] {logging_mixin.py:188} INFO - [2024-06-27T11:59:32.996+0000] {dag.py:3096} INFO - Sync 1 DAGs
[2024-06-27T11:59:33.003+0000] {logging_mixin.py:188} INFO - [2024-06-27T11:59:33.003+0000] {dag.py:3954} INFO - Setting next_dagrun for example_python_operator to None, run_after=None
[2024-06-27T11:59:33.013+0000] {processor.py:183} INFO - Processing /home/airflow/.local/lib/python3.12/site-packages/airflow/example_dags/example_python_operator.py took 0.039 seconds
[2024-06-27T12:00:03.708+0000] {processor.py:161} INFO - Started process (PID=2261) to work on /home/airflow/.local/lib/python3.12/site-packages/airflow/example_dags/example_python_operator.py
[2024-06-27T12:00:03.709+0000] {processor.py:830} INFO - Processing file /home/airflow/.local/lib/python3.12/site-packages/airflow/example_dags/example_python_operator.py for tasks to queue
[2024-06-27T12:00:03.710+0000] {logging_mixin.py:188} INFO - [2024-06-27T12:00:03.710+0000] {dagbag.py:545} INFO - Filling up the DagBag from /home/airflow/.local/lib/python3.12/site-packages/airflow/example_dags/example_python_operator.py
[2024-06-27T12:00:03.715+0000] {processor.py:840} INFO - DAG(s) 'example_python_operator' retrieved from /home/airflow/.local/lib/python3.12/site-packages/airflow/example_dags/example_python_operator.py
[2024-06-27T12:00:03.728+0000] {logging_mixin.py:188} INFO - [2024-06-27T12:00:03.728+0000] {dag.py:3096} INFO - Sync 1 DAGs
[2024-06-27T12:00:03.735+0000] {logging_mixin.py:188} INFO - [2024-06-27T12:00:03.735+0000] {dag.py:3954} INFO - Setting next_dagrun for example_python_operator to None, run_after=None
[2024-06-27T12:00:03.745+0000] {processor.py:183} INFO - Processing /home/airflow/.local/lib/python3.12/site-packages/airflow/example_dags/example_python_operator.py took 0.040 seconds
[2024-06-27T12:00:34.442+0000] {processor.py:161} INFO - Started process (PID=2320) to work on /home/airflow/.local/lib/python3.12/site-packages/airflow/example_dags/example_python_operator.py
[2024-06-27T12:00:34.443+0000] {processor.py:830} INFO - Processing file /home/airflow/.local/lib/python3.12/site-packages/airflow/example_dags/example_python_operator.py for tasks to queue
[2024-06-27T12:00:34.444+0000] {logging_mixin.py:188} INFO - [2024-06-27T12:00:34.444+0000] {dagbag.py:545} INFO - Filling up the DagBag from /home/airflow/.local/lib/python3.12/site-packages/airflow/example_dags/example_python_operator.py
[2024-06-27T12:00:34.449+0000] {processor.py:840} INFO - DAG(s) 'example_python_operator' retrieved from /home/airflow/.local/lib/python3.12/site-packages/airflow/example_dags/example_python_operator.py
[2024-06-27T12:00:34.462+0000] {logging_mixin.py:188} INFO - [2024-06-27T12:00:34.462+0000] {dag.py:3096} INFO - Sync 1 DAGs
[2024-06-27T12:00:34.469+0000] {logging_mixin.py:188} INFO - [2024-06-27T12:00:34.469+0000] {dag.py:3954} INFO - Setting next_dagrun for example_python_operator to None, run_after=None
[2024-06-27T12:00:34.479+0000] {processor.py:183} INFO - Processing /home/airflow/.local/lib/python3.12/site-packages/airflow/example_dags/example_python_operator.py took 0.040 seconds
[2024-06-27T12:01:05.185+0000] {processor.py:161} INFO - Started process (PID=2379) to work on /home/airflow/.local/lib/python3.12/site-packages/airflow/example_dags/example_python_operator.py
[2024-06-27T12:01:05.185+0000] {processor.py:830} INFO - Processing file /home/airflow/.local/lib/python3.12/site-packages/airflow/example_dags/example_python_operator.py for tasks to queue
[2024-06-27T12:01:05.186+0000] {logging_mixin.py:188} INFO - [2024-06-27T12:01:05.186+0000] {dagbag.py:545} INFO - Filling up the DagBag from /home/airflow/.local/lib/python3.12/site-packages/airflow/example_dags/example_python_operator.py
[2024-06-27T12:01:05.192+0000] {processor.py:840} INFO - DAG(s) 'example_python_operator' retrieved from /home/airflow/.local/lib/python3.12/site-packages/airflow/example_dags/example_python_operator.py
[2024-06-27T12:01:05.204+0000] {logging_mixin.py:188} INFO - [2024-06-27T12:01:05.204+0000] {dag.py:3096} INFO - Sync 1 DAGs
[2024-06-27T12:01:05.211+0000] {logging_mixin.py:188} INFO - [2024-06-27T12:01:05.210+0000] {dag.py:3954} INFO - Setting next_dagrun for example_python_operator to None, run_after=None
[2024-06-27T12:01:05.221+0000] {processor.py:183} INFO - Processing /home/airflow/.local/lib/python3.12/site-packages/airflow/example_dags/example_python_operator.py took 0.039 seconds
[2024-06-27T12:01:36.099+0000] {processor.py:161} INFO - Started process (PID=2438) to work on /home/airflow/.local/lib/python3.12/site-packages/airflow/example_dags/example_python_operator.py
[2024-06-27T12:01:36.100+0000] {processor.py:830} INFO - Processing file /home/airflow/.local/lib/python3.12/site-packages/airflow/example_dags/example_python_operator.py for tasks to queue
[2024-06-27T12:01:36.101+0000] {logging_mixin.py:188} INFO - [2024-06-27T12:01:36.101+0000] {dagbag.py:545} INFO - Filling up the DagBag from /home/airflow/.local/lib/python3.12/site-packages/airflow/example_dags/example_python_operator.py
[2024-06-27T12:01:36.107+0000] {processor.py:840} INFO - DAG(s) 'example_python_operator' retrieved from /home/airflow/.local/lib/python3.12/site-packages/airflow/example_dags/example_python_operator.py
[2024-06-27T12:01:36.121+0000] {logging_mixin.py:188} INFO - [2024-06-27T12:01:36.121+0000] {dag.py:3096} INFO - Sync 1 DAGs
[2024-06-27T12:01:36.130+0000] {logging_mixin.py:188} INFO - [2024-06-27T12:01:36.130+0000] {dag.py:3954} INFO - Setting next_dagrun for example_python_operator to None, run_after=None
[2024-06-27T12:01:36.140+0000] {processor.py:183} INFO - Processing /home/airflow/.local/lib/python3.12/site-packages/airflow/example_dags/example_python_operator.py took 0.044 seconds
