[2024-06-27T11:41:04.199+0000] {processor.py:161} INFO - Started process (PID=68) to work on /home/airflow/.local/lib/python3.12/site-packages/airflow/example_dags/example_xcomargs.py
[2024-06-27T11:41:04.200+0000] {processor.py:830} INFO - Processing file /home/airflow/.local/lib/python3.12/site-packages/airflow/example_dags/example_xcomargs.py for tasks to queue
[2024-06-27T11:41:04.201+0000] {logging_mixin.py:188} INFO - [2024-06-27T11:41:04.201+0000] {dagbag.py:545} INFO - Filling up the DagBag from /home/airflow/.local/lib/python3.12/site-packages/airflow/example_dags/example_xcomargs.py
[2024-06-27T11:41:04.207+0000] {processor.py:840} INFO - DAG(s) 'example_xcom_args', 'example_xcom_args_with_operators' retrieved from /home/airflow/.local/lib/python3.12/site-packages/airflow/example_dags/example_xcomargs.py
[2024-06-27T11:41:04.214+0000] {logging_mixin.py:188} INFO - [2024-06-27T11:41:04.214+0000] {dag.py:3096} INFO - Sync 2 DAGs
[2024-06-27T11:41:04.223+0000] {logging_mixin.py:188} INFO - [2024-06-27T11:41:04.223+0000] {dag.py:3954} INFO - Setting next_dagrun for example_xcom_args to None, run_after=None
[2024-06-27T11:41:04.225+0000] {logging_mixin.py:188} INFO - [2024-06-27T11:41:04.225+0000] {dag.py:3954} INFO - Setting next_dagrun for example_xcom_args_with_operators to None, run_after=None
[2024-06-27T11:41:04.237+0000] {processor.py:183} INFO - Processing /home/airflow/.local/lib/python3.12/site-packages/airflow/example_dags/example_xcomargs.py took 0.041 seconds
[2024-06-27T11:41:35.492+0000] {processor.py:161} INFO - Started process (PID=126) to work on /home/airflow/.local/lib/python3.12/site-packages/airflow/example_dags/example_xcomargs.py
[2024-06-27T11:41:35.493+0000] {processor.py:830} INFO - Processing file /home/airflow/.local/lib/python3.12/site-packages/airflow/example_dags/example_xcomargs.py for tasks to queue
[2024-06-27T11:41:35.494+0000] {logging_mixin.py:188} INFO - [2024-06-27T11:41:35.493+0000] {dagbag.py:545} INFO - Filling up the DagBag from /home/airflow/.local/lib/python3.12/site-packages/airflow/example_dags/example_xcomargs.py
[2024-06-27T11:41:35.498+0000] {processor.py:840} INFO - DAG(s) 'example_xcom_args_with_operators', 'example_xcom_args' retrieved from /home/airflow/.local/lib/python3.12/site-packages/airflow/example_dags/example_xcomargs.py
[2024-06-27T11:41:35.562+0000] {logging_mixin.py:188} INFO - [2024-06-27T11:41:35.562+0000] {dag.py:3096} INFO - Sync 2 DAGs
[2024-06-27T11:41:35.569+0000] {logging_mixin.py:188} INFO - [2024-06-27T11:41:35.569+0000] {dag.py:3954} INFO - Setting next_dagrun for example_xcom_args to None, run_after=None
[2024-06-27T11:41:35.571+0000] {logging_mixin.py:188} INFO - [2024-06-27T11:41:35.571+0000] {dag.py:3954} INFO - Setting next_dagrun for example_xcom_args_with_operators to None, run_after=None
[2024-06-27T11:41:35.581+0000] {processor.py:183} INFO - Processing /home/airflow/.local/lib/python3.12/site-packages/airflow/example_dags/example_xcomargs.py took 0.093 seconds
[2024-06-27T11:42:05.614+0000] {processor.py:161} INFO - Started process (PID=184) to work on /home/airflow/.local/lib/python3.12/site-packages/airflow/example_dags/example_xcomargs.py
[2024-06-27T11:42:05.615+0000] {processor.py:830} INFO - Processing file /home/airflow/.local/lib/python3.12/site-packages/airflow/example_dags/example_xcomargs.py for tasks to queue
[2024-06-27T11:42:05.616+0000] {logging_mixin.py:188} INFO - [2024-06-27T11:42:05.615+0000] {dagbag.py:545} INFO - Filling up the DagBag from /home/airflow/.local/lib/python3.12/site-packages/airflow/example_dags/example_xcomargs.py
[2024-06-27T11:42:05.620+0000] {processor.py:840} INFO - DAG(s) 'example_xcom_args_with_operators', 'example_xcom_args' retrieved from /home/airflow/.local/lib/python3.12/site-packages/airflow/example_dags/example_xcomargs.py
[2024-06-27T11:42:05.635+0000] {logging_mixin.py:188} INFO - [2024-06-27T11:42:05.635+0000] {dag.py:3096} INFO - Sync 2 DAGs
[2024-06-27T11:42:05.646+0000] {logging_mixin.py:188} INFO - [2024-06-27T11:42:05.646+0000] {dag.py:3954} INFO - Setting next_dagrun for example_xcom_args to None, run_after=None
[2024-06-27T11:42:05.648+0000] {logging_mixin.py:188} INFO - [2024-06-27T11:42:05.648+0000] {dag.py:3954} INFO - Setting next_dagrun for example_xcom_args_with_operators to None, run_after=None
[2024-06-27T11:42:05.659+0000] {processor.py:183} INFO - Processing /home/airflow/.local/lib/python3.12/site-packages/airflow/example_dags/example_xcomargs.py took 0.048 seconds
[2024-06-27T11:42:36.603+0000] {processor.py:161} INFO - Started process (PID=242) to work on /home/airflow/.local/lib/python3.12/site-packages/airflow/example_dags/example_xcomargs.py
[2024-06-27T11:42:36.604+0000] {processor.py:830} INFO - Processing file /home/airflow/.local/lib/python3.12/site-packages/airflow/example_dags/example_xcomargs.py for tasks to queue
[2024-06-27T11:42:36.605+0000] {logging_mixin.py:188} INFO - [2024-06-27T11:42:36.605+0000] {dagbag.py:545} INFO - Filling up the DagBag from /home/airflow/.local/lib/python3.12/site-packages/airflow/example_dags/example_xcomargs.py
[2024-06-27T11:42:36.609+0000] {processor.py:840} INFO - DAG(s) 'example_xcom_args', 'example_xcom_args_with_operators' retrieved from /home/airflow/.local/lib/python3.12/site-packages/airflow/example_dags/example_xcomargs.py
[2024-06-27T11:42:36.623+0000] {logging_mixin.py:188} INFO - [2024-06-27T11:42:36.623+0000] {dag.py:3096} INFO - Sync 2 DAGs
[2024-06-27T11:42:36.630+0000] {logging_mixin.py:188} INFO - [2024-06-27T11:42:36.630+0000] {dag.py:3954} INFO - Setting next_dagrun for example_xcom_args to None, run_after=None
[2024-06-27T11:42:36.633+0000] {logging_mixin.py:188} INFO - [2024-06-27T11:42:36.633+0000] {dag.py:3954} INFO - Setting next_dagrun for example_xcom_args_with_operators to None, run_after=None
[2024-06-27T11:42:36.642+0000] {processor.py:183} INFO - Processing /home/airflow/.local/lib/python3.12/site-packages/airflow/example_dags/example_xcomargs.py took 0.042 seconds
[2024-06-27T11:43:06.769+0000] {processor.py:161} INFO - Started process (PID=300) to work on /home/airflow/.local/lib/python3.12/site-packages/airflow/example_dags/example_xcomargs.py
[2024-06-27T11:43:06.770+0000] {processor.py:830} INFO - Processing file /home/airflow/.local/lib/python3.12/site-packages/airflow/example_dags/example_xcomargs.py for tasks to queue
[2024-06-27T11:43:06.771+0000] {logging_mixin.py:188} INFO - [2024-06-27T11:43:06.770+0000] {dagbag.py:545} INFO - Filling up the DagBag from /home/airflow/.local/lib/python3.12/site-packages/airflow/example_dags/example_xcomargs.py
[2024-06-27T11:43:06.775+0000] {processor.py:840} INFO - DAG(s) 'example_xcom_args_with_operators', 'example_xcom_args' retrieved from /home/airflow/.local/lib/python3.12/site-packages/airflow/example_dags/example_xcomargs.py
[2024-06-27T11:43:06.790+0000] {logging_mixin.py:188} INFO - [2024-06-27T11:43:06.789+0000] {dag.py:3096} INFO - Sync 2 DAGs
[2024-06-27T11:43:06.798+0000] {logging_mixin.py:188} INFO - [2024-06-27T11:43:06.798+0000] {dag.py:3954} INFO - Setting next_dagrun for example_xcom_args to None, run_after=None
[2024-06-27T11:43:06.801+0000] {logging_mixin.py:188} INFO - [2024-06-27T11:43:06.800+0000] {dag.py:3954} INFO - Setting next_dagrun for example_xcom_args_with_operators to None, run_after=None
[2024-06-27T11:43:06.810+0000] {processor.py:183} INFO - Processing /home/airflow/.local/lib/python3.12/site-packages/airflow/example_dags/example_xcomargs.py took 0.044 seconds
[2024-06-27T11:43:37.589+0000] {processor.py:161} INFO - Started process (PID=358) to work on /home/airflow/.local/lib/python3.12/site-packages/airflow/example_dags/example_xcomargs.py
[2024-06-27T11:43:37.589+0000] {processor.py:830} INFO - Processing file /home/airflow/.local/lib/python3.12/site-packages/airflow/example_dags/example_xcomargs.py for tasks to queue
[2024-06-27T11:43:37.590+0000] {logging_mixin.py:188} INFO - [2024-06-27T11:43:37.590+0000] {dagbag.py:545} INFO - Filling up the DagBag from /home/airflow/.local/lib/python3.12/site-packages/airflow/example_dags/example_xcomargs.py
[2024-06-27T11:43:37.595+0000] {processor.py:840} INFO - DAG(s) 'example_xcom_args_with_operators', 'example_xcom_args' retrieved from /home/airflow/.local/lib/python3.12/site-packages/airflow/example_dags/example_xcomargs.py
[2024-06-27T11:43:37.607+0000] {logging_mixin.py:188} INFO - [2024-06-27T11:43:37.607+0000] {dag.py:3096} INFO - Sync 2 DAGs
[2024-06-27T11:43:37.615+0000] {logging_mixin.py:188} INFO - [2024-06-27T11:43:37.614+0000] {dag.py:3954} INFO - Setting next_dagrun for example_xcom_args to None, run_after=None
[2024-06-27T11:43:37.617+0000] {logging_mixin.py:188} INFO - [2024-06-27T11:43:37.616+0000] {dag.py:3954} INFO - Setting next_dagrun for example_xcom_args_with_operators to None, run_after=None
[2024-06-27T11:43:37.625+0000] {processor.py:183} INFO - Processing /home/airflow/.local/lib/python3.12/site-packages/airflow/example_dags/example_xcomargs.py took 0.040 seconds
[2024-06-27T11:44:08.219+0000] {processor.py:161} INFO - Started process (PID=416) to work on /home/airflow/.local/lib/python3.12/site-packages/airflow/example_dags/example_xcomargs.py
[2024-06-27T11:44:08.220+0000] {processor.py:830} INFO - Processing file /home/airflow/.local/lib/python3.12/site-packages/airflow/example_dags/example_xcomargs.py for tasks to queue
[2024-06-27T11:44:08.220+0000] {logging_mixin.py:188} INFO - [2024-06-27T11:44:08.220+0000] {dagbag.py:545} INFO - Filling up the DagBag from /home/airflow/.local/lib/python3.12/site-packages/airflow/example_dags/example_xcomargs.py
[2024-06-27T11:44:08.225+0000] {processor.py:840} INFO - DAG(s) 'example_xcom_args', 'example_xcom_args_with_operators' retrieved from /home/airflow/.local/lib/python3.12/site-packages/airflow/example_dags/example_xcomargs.py
[2024-06-27T11:44:08.237+0000] {logging_mixin.py:188} INFO - [2024-06-27T11:44:08.237+0000] {dag.py:3096} INFO - Sync 2 DAGs
[2024-06-27T11:44:08.244+0000] {logging_mixin.py:188} INFO - [2024-06-27T11:44:08.244+0000] {dag.py:3954} INFO - Setting next_dagrun for example_xcom_args to None, run_after=None
[2024-06-27T11:44:08.246+0000] {logging_mixin.py:188} INFO - [2024-06-27T11:44:08.246+0000] {dag.py:3954} INFO - Setting next_dagrun for example_xcom_args_with_operators to None, run_after=None
[2024-06-27T11:44:08.255+0000] {processor.py:183} INFO - Processing /home/airflow/.local/lib/python3.12/site-packages/airflow/example_dags/example_xcomargs.py took 0.039 seconds
[2024-06-27T11:44:39.130+0000] {processor.py:161} INFO - Started process (PID=474) to work on /home/airflow/.local/lib/python3.12/site-packages/airflow/example_dags/example_xcomargs.py
[2024-06-27T11:44:39.130+0000] {processor.py:830} INFO - Processing file /home/airflow/.local/lib/python3.12/site-packages/airflow/example_dags/example_xcomargs.py for tasks to queue
[2024-06-27T11:44:39.131+0000] {logging_mixin.py:188} INFO - [2024-06-27T11:44:39.131+0000] {dagbag.py:545} INFO - Filling up the DagBag from /home/airflow/.local/lib/python3.12/site-packages/airflow/example_dags/example_xcomargs.py
[2024-06-27T11:44:39.135+0000] {processor.py:840} INFO - DAG(s) 'example_xcom_args', 'example_xcom_args_with_operators' retrieved from /home/airflow/.local/lib/python3.12/site-packages/airflow/example_dags/example_xcomargs.py
[2024-06-27T11:44:39.148+0000] {logging_mixin.py:188} INFO - [2024-06-27T11:44:39.148+0000] {dag.py:3096} INFO - Sync 2 DAGs
[2024-06-27T11:44:39.155+0000] {logging_mixin.py:188} INFO - [2024-06-27T11:44:39.155+0000] {dag.py:3954} INFO - Setting next_dagrun for example_xcom_args to None, run_after=None
[2024-06-27T11:44:39.158+0000] {logging_mixin.py:188} INFO - [2024-06-27T11:44:39.158+0000] {dag.py:3954} INFO - Setting next_dagrun for example_xcom_args_with_operators to None, run_after=None
[2024-06-27T11:44:39.167+0000] {processor.py:183} INFO - Processing /home/airflow/.local/lib/python3.12/site-packages/airflow/example_dags/example_xcomargs.py took 0.040 seconds
[2024-06-27T11:45:10.004+0000] {processor.py:161} INFO - Started process (PID=532) to work on /home/airflow/.local/lib/python3.12/site-packages/airflow/example_dags/example_xcomargs.py
[2024-06-27T11:45:10.005+0000] {processor.py:830} INFO - Processing file /home/airflow/.local/lib/python3.12/site-packages/airflow/example_dags/example_xcomargs.py for tasks to queue
[2024-06-27T11:45:10.005+0000] {logging_mixin.py:188} INFO - [2024-06-27T11:45:10.005+0000] {dagbag.py:545} INFO - Filling up the DagBag from /home/airflow/.local/lib/python3.12/site-packages/airflow/example_dags/example_xcomargs.py
[2024-06-27T11:45:10.010+0000] {processor.py:840} INFO - DAG(s) 'example_xcom_args_with_operators', 'example_xcom_args' retrieved from /home/airflow/.local/lib/python3.12/site-packages/airflow/example_dags/example_xcomargs.py
[2024-06-27T11:45:10.023+0000] {logging_mixin.py:188} INFO - [2024-06-27T11:45:10.023+0000] {dag.py:3096} INFO - Sync 2 DAGs
[2024-06-27T11:45:10.031+0000] {logging_mixin.py:188} INFO - [2024-06-27T11:45:10.031+0000] {dag.py:3954} INFO - Setting next_dagrun for example_xcom_args to None, run_after=None
[2024-06-27T11:45:10.034+0000] {logging_mixin.py:188} INFO - [2024-06-27T11:45:10.034+0000] {dag.py:3954} INFO - Setting next_dagrun for example_xcom_args_with_operators to None, run_after=None
[2024-06-27T11:45:10.043+0000] {processor.py:183} INFO - Processing /home/airflow/.local/lib/python3.12/site-packages/airflow/example_dags/example_xcomargs.py took 0.042 seconds
[2024-06-27T11:45:40.706+0000] {processor.py:161} INFO - Started process (PID=590) to work on /home/airflow/.local/lib/python3.12/site-packages/airflow/example_dags/example_xcomargs.py
[2024-06-27T11:45:40.706+0000] {processor.py:830} INFO - Processing file /home/airflow/.local/lib/python3.12/site-packages/airflow/example_dags/example_xcomargs.py for tasks to queue
[2024-06-27T11:45:40.707+0000] {logging_mixin.py:188} INFO - [2024-06-27T11:45:40.707+0000] {dagbag.py:545} INFO - Filling up the DagBag from /home/airflow/.local/lib/python3.12/site-packages/airflow/example_dags/example_xcomargs.py
[2024-06-27T11:45:40.712+0000] {processor.py:840} INFO - DAG(s) 'example_xcom_args', 'example_xcom_args_with_operators' retrieved from /home/airflow/.local/lib/python3.12/site-packages/airflow/example_dags/example_xcomargs.py
[2024-06-27T11:45:40.724+0000] {logging_mixin.py:188} INFO - [2024-06-27T11:45:40.724+0000] {dag.py:3096} INFO - Sync 2 DAGs
[2024-06-27T11:45:40.731+0000] {logging_mixin.py:188} INFO - [2024-06-27T11:45:40.731+0000] {dag.py:3954} INFO - Setting next_dagrun for example_xcom_args to None, run_after=None
[2024-06-27T11:45:40.733+0000] {logging_mixin.py:188} INFO - [2024-06-27T11:45:40.733+0000] {dag.py:3954} INFO - Setting next_dagrun for example_xcom_args_with_operators to None, run_after=None
[2024-06-27T11:45:40.742+0000] {processor.py:183} INFO - Processing /home/airflow/.local/lib/python3.12/site-packages/airflow/example_dags/example_xcomargs.py took 0.039 seconds
[2024-06-27T11:46:11.517+0000] {processor.py:161} INFO - Started process (PID=649) to work on /home/airflow/.local/lib/python3.12/site-packages/airflow/example_dags/example_xcomargs.py
[2024-06-27T11:46:11.517+0000] {processor.py:830} INFO - Processing file /home/airflow/.local/lib/python3.12/site-packages/airflow/example_dags/example_xcomargs.py for tasks to queue
[2024-06-27T11:46:11.518+0000] {logging_mixin.py:188} INFO - [2024-06-27T11:46:11.518+0000] {dagbag.py:545} INFO - Filling up the DagBag from /home/airflow/.local/lib/python3.12/site-packages/airflow/example_dags/example_xcomargs.py
[2024-06-27T11:46:11.523+0000] {processor.py:840} INFO - DAG(s) 'example_xcom_args_with_operators', 'example_xcom_args' retrieved from /home/airflow/.local/lib/python3.12/site-packages/airflow/example_dags/example_xcomargs.py
[2024-06-27T11:46:11.535+0000] {logging_mixin.py:188} INFO - [2024-06-27T11:46:11.535+0000] {dag.py:3096} INFO - Sync 2 DAGs
[2024-06-27T11:46:11.543+0000] {logging_mixin.py:188} INFO - [2024-06-27T11:46:11.543+0000] {dag.py:3954} INFO - Setting next_dagrun for example_xcom_args to None, run_after=None
[2024-06-27T11:46:11.545+0000] {logging_mixin.py:188} INFO - [2024-06-27T11:46:11.545+0000] {dag.py:3954} INFO - Setting next_dagrun for example_xcom_args_with_operators to None, run_after=None
[2024-06-27T11:46:11.554+0000] {processor.py:183} INFO - Processing /home/airflow/.local/lib/python3.12/site-packages/airflow/example_dags/example_xcomargs.py took 0.041 seconds
[2024-06-27T11:46:42.489+0000] {processor.py:161} INFO - Started process (PID=713) to work on /home/airflow/.local/lib/python3.12/site-packages/airflow/example_dags/example_xcomargs.py
[2024-06-27T11:46:42.490+0000] {processor.py:830} INFO - Processing file /home/airflow/.local/lib/python3.12/site-packages/airflow/example_dags/example_xcomargs.py for tasks to queue
[2024-06-27T11:46:42.491+0000] {logging_mixin.py:188} INFO - [2024-06-27T11:46:42.491+0000] {dagbag.py:545} INFO - Filling up the DagBag from /home/airflow/.local/lib/python3.12/site-packages/airflow/example_dags/example_xcomargs.py
[2024-06-27T11:46:42.497+0000] {processor.py:840} INFO - DAG(s) 'example_xcom_args', 'example_xcom_args_with_operators' retrieved from /home/airflow/.local/lib/python3.12/site-packages/airflow/example_dags/example_xcomargs.py
[2024-06-27T11:46:42.512+0000] {logging_mixin.py:188} INFO - [2024-06-27T11:46:42.512+0000] {dag.py:3096} INFO - Sync 2 DAGs
[2024-06-27T11:46:42.520+0000] {logging_mixin.py:188} INFO - [2024-06-27T11:46:42.520+0000] {dag.py:3954} INFO - Setting next_dagrun for example_xcom_args to None, run_after=None
[2024-06-27T11:46:42.522+0000] {logging_mixin.py:188} INFO - [2024-06-27T11:46:42.522+0000] {dag.py:3954} INFO - Setting next_dagrun for example_xcom_args_with_operators to None, run_after=None
[2024-06-27T11:46:42.532+0000] {processor.py:183} INFO - Processing /home/airflow/.local/lib/python3.12/site-packages/airflow/example_dags/example_xcomargs.py took 0.049 seconds
[2024-06-27T11:47:13.343+0000] {processor.py:161} INFO - Started process (PID=774) to work on /home/airflow/.local/lib/python3.12/site-packages/airflow/example_dags/example_xcomargs.py
[2024-06-27T11:47:13.344+0000] {processor.py:830} INFO - Processing file /home/airflow/.local/lib/python3.12/site-packages/airflow/example_dags/example_xcomargs.py for tasks to queue
[2024-06-27T11:47:13.345+0000] {logging_mixin.py:188} INFO - [2024-06-27T11:47:13.344+0000] {dagbag.py:545} INFO - Filling up the DagBag from /home/airflow/.local/lib/python3.12/site-packages/airflow/example_dags/example_xcomargs.py
[2024-06-27T11:47:13.349+0000] {processor.py:840} INFO - DAG(s) 'example_xcom_args', 'example_xcom_args_with_operators' retrieved from /home/airflow/.local/lib/python3.12/site-packages/airflow/example_dags/example_xcomargs.py
[2024-06-27T11:47:13.362+0000] {logging_mixin.py:188} INFO - [2024-06-27T11:47:13.362+0000] {dag.py:3096} INFO - Sync 2 DAGs
[2024-06-27T11:47:13.369+0000] {logging_mixin.py:188} INFO - [2024-06-27T11:47:13.369+0000] {dag.py:3954} INFO - Setting next_dagrun for example_xcom_args to None, run_after=None
[2024-06-27T11:47:13.371+0000] {logging_mixin.py:188} INFO - [2024-06-27T11:47:13.371+0000] {dag.py:3954} INFO - Setting next_dagrun for example_xcom_args_with_operators to None, run_after=None
[2024-06-27T11:47:13.380+0000] {processor.py:183} INFO - Processing /home/airflow/.local/lib/python3.12/site-packages/airflow/example_dags/example_xcomargs.py took 0.041 seconds
[2024-06-27T11:47:44.385+0000] {processor.py:161} INFO - Started process (PID=833) to work on /home/airflow/.local/lib/python3.12/site-packages/airflow/example_dags/example_xcomargs.py
[2024-06-27T11:47:44.386+0000] {processor.py:830} INFO - Processing file /home/airflow/.local/lib/python3.12/site-packages/airflow/example_dags/example_xcomargs.py for tasks to queue
[2024-06-27T11:47:44.387+0000] {logging_mixin.py:188} INFO - [2024-06-27T11:47:44.387+0000] {dagbag.py:545} INFO - Filling up the DagBag from /home/airflow/.local/lib/python3.12/site-packages/airflow/example_dags/example_xcomargs.py
[2024-06-27T11:47:44.391+0000] {processor.py:840} INFO - DAG(s) 'example_xcom_args_with_operators', 'example_xcom_args' retrieved from /home/airflow/.local/lib/python3.12/site-packages/airflow/example_dags/example_xcomargs.py
[2024-06-27T11:47:44.405+0000] {logging_mixin.py:188} INFO - [2024-06-27T11:47:44.405+0000] {dag.py:3096} INFO - Sync 2 DAGs
[2024-06-27T11:47:44.413+0000] {logging_mixin.py:188} INFO - [2024-06-27T11:47:44.413+0000] {dag.py:3954} INFO - Setting next_dagrun for example_xcom_args to None, run_after=None
[2024-06-27T11:47:44.415+0000] {logging_mixin.py:188} INFO - [2024-06-27T11:47:44.415+0000] {dag.py:3954} INFO - Setting next_dagrun for example_xcom_args_with_operators to None, run_after=None
[2024-06-27T11:47:44.424+0000] {processor.py:183} INFO - Processing /home/airflow/.local/lib/python3.12/site-packages/airflow/example_dags/example_xcomargs.py took 0.042 seconds
[2024-06-27T11:48:14.584+0000] {processor.py:161} INFO - Started process (PID=892) to work on /home/airflow/.local/lib/python3.12/site-packages/airflow/example_dags/example_xcomargs.py
[2024-06-27T11:48:14.585+0000] {processor.py:830} INFO - Processing file /home/airflow/.local/lib/python3.12/site-packages/airflow/example_dags/example_xcomargs.py for tasks to queue
[2024-06-27T11:48:14.586+0000] {logging_mixin.py:188} INFO - [2024-06-27T11:48:14.586+0000] {dagbag.py:545} INFO - Filling up the DagBag from /home/airflow/.local/lib/python3.12/site-packages/airflow/example_dags/example_xcomargs.py
[2024-06-27T11:48:14.590+0000] {processor.py:840} INFO - DAG(s) 'example_xcom_args', 'example_xcom_args_with_operators' retrieved from /home/airflow/.local/lib/python3.12/site-packages/airflow/example_dags/example_xcomargs.py
[2024-06-27T11:48:14.603+0000] {logging_mixin.py:188} INFO - [2024-06-27T11:48:14.603+0000] {dag.py:3096} INFO - Sync 2 DAGs
[2024-06-27T11:48:14.610+0000] {logging_mixin.py:188} INFO - [2024-06-27T11:48:14.610+0000] {dag.py:3954} INFO - Setting next_dagrun for example_xcom_args to None, run_after=None
[2024-06-27T11:48:14.613+0000] {logging_mixin.py:188} INFO - [2024-06-27T11:48:14.612+0000] {dag.py:3954} INFO - Setting next_dagrun for example_xcom_args_with_operators to None, run_after=None
[2024-06-27T11:48:14.621+0000] {processor.py:183} INFO - Processing /home/airflow/.local/lib/python3.12/site-packages/airflow/example_dags/example_xcomargs.py took 0.040 seconds
[2024-06-27T11:48:45.698+0000] {processor.py:161} INFO - Started process (PID=951) to work on /home/airflow/.local/lib/python3.12/site-packages/airflow/example_dags/example_xcomargs.py
[2024-06-27T11:48:45.699+0000] {processor.py:830} INFO - Processing file /home/airflow/.local/lib/python3.12/site-packages/airflow/example_dags/example_xcomargs.py for tasks to queue
[2024-06-27T11:48:45.700+0000] {logging_mixin.py:188} INFO - [2024-06-27T11:48:45.699+0000] {dagbag.py:545} INFO - Filling up the DagBag from /home/airflow/.local/lib/python3.12/site-packages/airflow/example_dags/example_xcomargs.py
[2024-06-27T11:48:45.704+0000] {processor.py:840} INFO - DAG(s) 'example_xcom_args', 'example_xcom_args_with_operators' retrieved from /home/airflow/.local/lib/python3.12/site-packages/airflow/example_dags/example_xcomargs.py
[2024-06-27T11:48:45.717+0000] {logging_mixin.py:188} INFO - [2024-06-27T11:48:45.717+0000] {dag.py:3096} INFO - Sync 2 DAGs
[2024-06-27T11:48:45.724+0000] {logging_mixin.py:188} INFO - [2024-06-27T11:48:45.724+0000] {dag.py:3954} INFO - Setting next_dagrun for example_xcom_args to None, run_after=None
[2024-06-27T11:48:45.726+0000] {logging_mixin.py:188} INFO - [2024-06-27T11:48:45.726+0000] {dag.py:3954} INFO - Setting next_dagrun for example_xcom_args_with_operators to None, run_after=None
[2024-06-27T11:48:45.735+0000] {processor.py:183} INFO - Processing /home/airflow/.local/lib/python3.12/site-packages/airflow/example_dags/example_xcomargs.py took 0.040 seconds
[2024-06-27T11:49:15.762+0000] {processor.py:161} INFO - Started process (PID=1010) to work on /home/airflow/.local/lib/python3.12/site-packages/airflow/example_dags/example_xcomargs.py
[2024-06-27T11:49:15.763+0000] {processor.py:830} INFO - Processing file /home/airflow/.local/lib/python3.12/site-packages/airflow/example_dags/example_xcomargs.py for tasks to queue
[2024-06-27T11:49:15.764+0000] {logging_mixin.py:188} INFO - [2024-06-27T11:49:15.764+0000] {dagbag.py:545} INFO - Filling up the DagBag from /home/airflow/.local/lib/python3.12/site-packages/airflow/example_dags/example_xcomargs.py
[2024-06-27T11:49:15.768+0000] {processor.py:840} INFO - DAG(s) 'example_xcom_args_with_operators', 'example_xcom_args' retrieved from /home/airflow/.local/lib/python3.12/site-packages/airflow/example_dags/example_xcomargs.py
[2024-06-27T11:49:15.780+0000] {logging_mixin.py:188} INFO - [2024-06-27T11:49:15.780+0000] {dag.py:3096} INFO - Sync 2 DAGs
[2024-06-27T11:49:15.786+0000] {logging_mixin.py:188} INFO - [2024-06-27T11:49:15.786+0000] {dag.py:3954} INFO - Setting next_dagrun for example_xcom_args to None, run_after=None
[2024-06-27T11:49:15.788+0000] {logging_mixin.py:188} INFO - [2024-06-27T11:49:15.788+0000] {dag.py:3954} INFO - Setting next_dagrun for example_xcom_args_with_operators to None, run_after=None
[2024-06-27T11:49:15.796+0000] {processor.py:183} INFO - Processing /home/airflow/.local/lib/python3.12/site-packages/airflow/example_dags/example_xcomargs.py took 0.037 seconds
[2024-06-27T11:49:46.569+0000] {processor.py:161} INFO - Started process (PID=1069) to work on /home/airflow/.local/lib/python3.12/site-packages/airflow/example_dags/example_xcomargs.py
[2024-06-27T11:49:46.570+0000] {processor.py:830} INFO - Processing file /home/airflow/.local/lib/python3.12/site-packages/airflow/example_dags/example_xcomargs.py for tasks to queue
[2024-06-27T11:49:46.570+0000] {logging_mixin.py:188} INFO - [2024-06-27T11:49:46.570+0000] {dagbag.py:545} INFO - Filling up the DagBag from /home/airflow/.local/lib/python3.12/site-packages/airflow/example_dags/example_xcomargs.py
[2024-06-27T11:49:46.575+0000] {processor.py:840} INFO - DAG(s) 'example_xcom_args', 'example_xcom_args_with_operators' retrieved from /home/airflow/.local/lib/python3.12/site-packages/airflow/example_dags/example_xcomargs.py
[2024-06-27T11:49:46.588+0000] {logging_mixin.py:188} INFO - [2024-06-27T11:49:46.588+0000] {dag.py:3096} INFO - Sync 2 DAGs
[2024-06-27T11:49:46.595+0000] {logging_mixin.py:188} INFO - [2024-06-27T11:49:46.594+0000] {dag.py:3954} INFO - Setting next_dagrun for example_xcom_args to None, run_after=None
[2024-06-27T11:49:46.596+0000] {logging_mixin.py:188} INFO - [2024-06-27T11:49:46.596+0000] {dag.py:3954} INFO - Setting next_dagrun for example_xcom_args_with_operators to None, run_after=None
[2024-06-27T11:49:46.605+0000] {processor.py:183} INFO - Processing /home/airflow/.local/lib/python3.12/site-packages/airflow/example_dags/example_xcomargs.py took 0.039 seconds
[2024-06-27T11:50:17.345+0000] {processor.py:161} INFO - Started process (PID=1128) to work on /home/airflow/.local/lib/python3.12/site-packages/airflow/example_dags/example_xcomargs.py
[2024-06-27T11:50:17.346+0000] {processor.py:830} INFO - Processing file /home/airflow/.local/lib/python3.12/site-packages/airflow/example_dags/example_xcomargs.py for tasks to queue
[2024-06-27T11:50:17.347+0000] {logging_mixin.py:188} INFO - [2024-06-27T11:50:17.347+0000] {dagbag.py:545} INFO - Filling up the DagBag from /home/airflow/.local/lib/python3.12/site-packages/airflow/example_dags/example_xcomargs.py
[2024-06-27T11:50:17.351+0000] {processor.py:840} INFO - DAG(s) 'example_xcom_args_with_operators', 'example_xcom_args' retrieved from /home/airflow/.local/lib/python3.12/site-packages/airflow/example_dags/example_xcomargs.py
[2024-06-27T11:50:17.363+0000] {logging_mixin.py:188} INFO - [2024-06-27T11:50:17.363+0000] {dag.py:3096} INFO - Sync 2 DAGs
[2024-06-27T11:50:17.370+0000] {logging_mixin.py:188} INFO - [2024-06-27T11:50:17.370+0000] {dag.py:3954} INFO - Setting next_dagrun for example_xcom_args to None, run_after=None
[2024-06-27T11:50:17.372+0000] {logging_mixin.py:188} INFO - [2024-06-27T11:50:17.372+0000] {dag.py:3954} INFO - Setting next_dagrun for example_xcom_args_with_operators to None, run_after=None
[2024-06-27T11:50:17.381+0000] {processor.py:183} INFO - Processing /home/airflow/.local/lib/python3.12/site-packages/airflow/example_dags/example_xcomargs.py took 0.039 seconds
[2024-06-27T11:50:48.067+0000] {processor.py:161} INFO - Started process (PID=1187) to work on /home/airflow/.local/lib/python3.12/site-packages/airflow/example_dags/example_xcomargs.py
[2024-06-27T11:50:48.068+0000] {processor.py:830} INFO - Processing file /home/airflow/.local/lib/python3.12/site-packages/airflow/example_dags/example_xcomargs.py for tasks to queue
[2024-06-27T11:50:48.068+0000] {logging_mixin.py:188} INFO - [2024-06-27T11:50:48.068+0000] {dagbag.py:545} INFO - Filling up the DagBag from /home/airflow/.local/lib/python3.12/site-packages/airflow/example_dags/example_xcomargs.py
[2024-06-27T11:50:48.073+0000] {processor.py:840} INFO - DAG(s) 'example_xcom_args', 'example_xcom_args_with_operators' retrieved from /home/airflow/.local/lib/python3.12/site-packages/airflow/example_dags/example_xcomargs.py
[2024-06-27T11:50:48.085+0000] {logging_mixin.py:188} INFO - [2024-06-27T11:50:48.085+0000] {dag.py:3096} INFO - Sync 2 DAGs
[2024-06-27T11:50:48.092+0000] {logging_mixin.py:188} INFO - [2024-06-27T11:50:48.092+0000] {dag.py:3954} INFO - Setting next_dagrun for example_xcom_args to None, run_after=None
[2024-06-27T11:50:48.094+0000] {logging_mixin.py:188} INFO - [2024-06-27T11:50:48.094+0000] {dag.py:3954} INFO - Setting next_dagrun for example_xcom_args_with_operators to None, run_after=None
[2024-06-27T11:50:48.103+0000] {processor.py:183} INFO - Processing /home/airflow/.local/lib/python3.12/site-packages/airflow/example_dags/example_xcomargs.py took 0.039 seconds
[2024-06-27T11:51:18.911+0000] {processor.py:161} INFO - Started process (PID=1246) to work on /home/airflow/.local/lib/python3.12/site-packages/airflow/example_dags/example_xcomargs.py
[2024-06-27T11:51:18.911+0000] {processor.py:830} INFO - Processing file /home/airflow/.local/lib/python3.12/site-packages/airflow/example_dags/example_xcomargs.py for tasks to queue
[2024-06-27T11:51:18.912+0000] {logging_mixin.py:188} INFO - [2024-06-27T11:51:18.912+0000] {dagbag.py:545} INFO - Filling up the DagBag from /home/airflow/.local/lib/python3.12/site-packages/airflow/example_dags/example_xcomargs.py
[2024-06-27T11:51:18.917+0000] {processor.py:840} INFO - DAG(s) 'example_xcom_args_with_operators', 'example_xcom_args' retrieved from /home/airflow/.local/lib/python3.12/site-packages/airflow/example_dags/example_xcomargs.py
[2024-06-27T11:51:18.929+0000] {logging_mixin.py:188} INFO - [2024-06-27T11:51:18.929+0000] {dag.py:3096} INFO - Sync 2 DAGs
[2024-06-27T11:51:18.937+0000] {logging_mixin.py:188} INFO - [2024-06-27T11:51:18.937+0000] {dag.py:3954} INFO - Setting next_dagrun for example_xcom_args to None, run_after=None
[2024-06-27T11:51:18.939+0000] {logging_mixin.py:188} INFO - [2024-06-27T11:51:18.939+0000] {dag.py:3954} INFO - Setting next_dagrun for example_xcom_args_with_operators to None, run_after=None
[2024-06-27T11:51:18.948+0000] {processor.py:183} INFO - Processing /home/airflow/.local/lib/python3.12/site-packages/airflow/example_dags/example_xcomargs.py took 0.041 seconds
[2024-06-27T11:51:49.711+0000] {processor.py:161} INFO - Started process (PID=1305) to work on /home/airflow/.local/lib/python3.12/site-packages/airflow/example_dags/example_xcomargs.py
[2024-06-27T11:51:49.712+0000] {processor.py:830} INFO - Processing file /home/airflow/.local/lib/python3.12/site-packages/airflow/example_dags/example_xcomargs.py for tasks to queue
[2024-06-27T11:51:49.712+0000] {logging_mixin.py:188} INFO - [2024-06-27T11:51:49.712+0000] {dagbag.py:545} INFO - Filling up the DagBag from /home/airflow/.local/lib/python3.12/site-packages/airflow/example_dags/example_xcomargs.py
[2024-06-27T11:51:49.717+0000] {processor.py:840} INFO - DAG(s) 'example_xcom_args', 'example_xcom_args_with_operators' retrieved from /home/airflow/.local/lib/python3.12/site-packages/airflow/example_dags/example_xcomargs.py
[2024-06-27T11:51:49.728+0000] {logging_mixin.py:188} INFO - [2024-06-27T11:51:49.728+0000] {dag.py:3096} INFO - Sync 2 DAGs
[2024-06-27T11:51:49.735+0000] {logging_mixin.py:188} INFO - [2024-06-27T11:51:49.735+0000] {dag.py:3954} INFO - Setting next_dagrun for example_xcom_args to None, run_after=None
[2024-06-27T11:51:49.737+0000] {logging_mixin.py:188} INFO - [2024-06-27T11:51:49.737+0000] {dag.py:3954} INFO - Setting next_dagrun for example_xcom_args_with_operators to None, run_after=None
[2024-06-27T11:51:49.746+0000] {processor.py:183} INFO - Processing /home/airflow/.local/lib/python3.12/site-packages/airflow/example_dags/example_xcomargs.py took 0.038 seconds
[2024-06-27T11:52:20.614+0000] {processor.py:161} INFO - Started process (PID=1364) to work on /home/airflow/.local/lib/python3.12/site-packages/airflow/example_dags/example_xcomargs.py
[2024-06-27T11:52:20.615+0000] {processor.py:830} INFO - Processing file /home/airflow/.local/lib/python3.12/site-packages/airflow/example_dags/example_xcomargs.py for tasks to queue
[2024-06-27T11:52:20.616+0000] {logging_mixin.py:188} INFO - [2024-06-27T11:52:20.616+0000] {dagbag.py:545} INFO - Filling up the DagBag from /home/airflow/.local/lib/python3.12/site-packages/airflow/example_dags/example_xcomargs.py
[2024-06-27T11:52:20.620+0000] {processor.py:840} INFO - DAG(s) 'example_xcom_args_with_operators', 'example_xcom_args' retrieved from /home/airflow/.local/lib/python3.12/site-packages/airflow/example_dags/example_xcomargs.py
[2024-06-27T11:52:20.633+0000] {logging_mixin.py:188} INFO - [2024-06-27T11:52:20.633+0000] {dag.py:3096} INFO - Sync 2 DAGs
[2024-06-27T11:52:20.640+0000] {logging_mixin.py:188} INFO - [2024-06-27T11:52:20.640+0000] {dag.py:3954} INFO - Setting next_dagrun for example_xcom_args to None, run_after=None
[2024-06-27T11:52:20.642+0000] {logging_mixin.py:188} INFO - [2024-06-27T11:52:20.642+0000] {dag.py:3954} INFO - Setting next_dagrun for example_xcom_args_with_operators to None, run_after=None
[2024-06-27T11:52:20.650+0000] {processor.py:183} INFO - Processing /home/airflow/.local/lib/python3.12/site-packages/airflow/example_dags/example_xcomargs.py took 0.039 seconds
[2024-06-27T11:52:51.342+0000] {processor.py:161} INFO - Started process (PID=1424) to work on /home/airflow/.local/lib/python3.12/site-packages/airflow/example_dags/example_xcomargs.py
[2024-06-27T11:52:51.343+0000] {processor.py:830} INFO - Processing file /home/airflow/.local/lib/python3.12/site-packages/airflow/example_dags/example_xcomargs.py for tasks to queue
[2024-06-27T11:52:51.343+0000] {logging_mixin.py:188} INFO - [2024-06-27T11:52:51.343+0000] {dagbag.py:545} INFO - Filling up the DagBag from /home/airflow/.local/lib/python3.12/site-packages/airflow/example_dags/example_xcomargs.py
[2024-06-27T11:52:51.348+0000] {processor.py:840} INFO - DAG(s) 'example_xcom_args_with_operators', 'example_xcom_args' retrieved from /home/airflow/.local/lib/python3.12/site-packages/airflow/example_dags/example_xcomargs.py
[2024-06-27T11:52:51.360+0000] {logging_mixin.py:188} INFO - [2024-06-27T11:52:51.360+0000] {dag.py:3096} INFO - Sync 2 DAGs
[2024-06-27T11:52:51.367+0000] {logging_mixin.py:188} INFO - [2024-06-27T11:52:51.367+0000] {dag.py:3954} INFO - Setting next_dagrun for example_xcom_args to None, run_after=None
[2024-06-27T11:52:51.369+0000] {logging_mixin.py:188} INFO - [2024-06-27T11:52:51.369+0000] {dag.py:3954} INFO - Setting next_dagrun for example_xcom_args_with_operators to None, run_after=None
[2024-06-27T11:52:51.378+0000] {processor.py:183} INFO - Processing /home/airflow/.local/lib/python3.12/site-packages/airflow/example_dags/example_xcomargs.py took 0.039 seconds
[2024-06-27T11:53:22.165+0000] {processor.py:161} INFO - Started process (PID=1483) to work on /home/airflow/.local/lib/python3.12/site-packages/airflow/example_dags/example_xcomargs.py
[2024-06-27T11:53:22.166+0000] {processor.py:830} INFO - Processing file /home/airflow/.local/lib/python3.12/site-packages/airflow/example_dags/example_xcomargs.py for tasks to queue
[2024-06-27T11:53:22.167+0000] {logging_mixin.py:188} INFO - [2024-06-27T11:53:22.167+0000] {dagbag.py:545} INFO - Filling up the DagBag from /home/airflow/.local/lib/python3.12/site-packages/airflow/example_dags/example_xcomargs.py
[2024-06-27T11:53:22.171+0000] {processor.py:840} INFO - DAG(s) 'example_xcom_args_with_operators', 'example_xcom_args' retrieved from /home/airflow/.local/lib/python3.12/site-packages/airflow/example_dags/example_xcomargs.py
[2024-06-27T11:53:22.184+0000] {logging_mixin.py:188} INFO - [2024-06-27T11:53:22.184+0000] {dag.py:3096} INFO - Sync 2 DAGs
[2024-06-27T11:53:22.191+0000] {logging_mixin.py:188} INFO - [2024-06-27T11:53:22.191+0000] {dag.py:3954} INFO - Setting next_dagrun for example_xcom_args to None, run_after=None
[2024-06-27T11:53:22.193+0000] {logging_mixin.py:188} INFO - [2024-06-27T11:53:22.193+0000] {dag.py:3954} INFO - Setting next_dagrun for example_xcom_args_with_operators to None, run_after=None
[2024-06-27T11:53:22.202+0000] {processor.py:183} INFO - Processing /home/airflow/.local/lib/python3.12/site-packages/airflow/example_dags/example_xcomargs.py took 0.040 seconds
[2024-06-27T11:53:53.039+0000] {processor.py:161} INFO - Started process (PID=1542) to work on /home/airflow/.local/lib/python3.12/site-packages/airflow/example_dags/example_xcomargs.py
[2024-06-27T11:53:53.039+0000] {processor.py:830} INFO - Processing file /home/airflow/.local/lib/python3.12/site-packages/airflow/example_dags/example_xcomargs.py for tasks to queue
[2024-06-27T11:53:53.040+0000] {logging_mixin.py:188} INFO - [2024-06-27T11:53:53.040+0000] {dagbag.py:545} INFO - Filling up the DagBag from /home/airflow/.local/lib/python3.12/site-packages/airflow/example_dags/example_xcomargs.py
[2024-06-27T11:53:53.044+0000] {processor.py:840} INFO - DAG(s) 'example_xcom_args_with_operators', 'example_xcom_args' retrieved from /home/airflow/.local/lib/python3.12/site-packages/airflow/example_dags/example_xcomargs.py
[2024-06-27T11:53:53.057+0000] {logging_mixin.py:188} INFO - [2024-06-27T11:53:53.057+0000] {dag.py:3096} INFO - Sync 2 DAGs
[2024-06-27T11:53:53.064+0000] {logging_mixin.py:188} INFO - [2024-06-27T11:53:53.064+0000] {dag.py:3954} INFO - Setting next_dagrun for example_xcom_args to None, run_after=None
[2024-06-27T11:53:53.066+0000] {logging_mixin.py:188} INFO - [2024-06-27T11:53:53.066+0000] {dag.py:3954} INFO - Setting next_dagrun for example_xcom_args_with_operators to None, run_after=None
[2024-06-27T11:53:53.075+0000] {processor.py:183} INFO - Processing /home/airflow/.local/lib/python3.12/site-packages/airflow/example_dags/example_xcomargs.py took 0.039 seconds
[2024-06-27T11:54:23.921+0000] {processor.py:161} INFO - Started process (PID=1601) to work on /home/airflow/.local/lib/python3.12/site-packages/airflow/example_dags/example_xcomargs.py
[2024-06-27T11:54:23.922+0000] {processor.py:830} INFO - Processing file /home/airflow/.local/lib/python3.12/site-packages/airflow/example_dags/example_xcomargs.py for tasks to queue
[2024-06-27T11:54:23.923+0000] {logging_mixin.py:188} INFO - [2024-06-27T11:54:23.923+0000] {dagbag.py:545} INFO - Filling up the DagBag from /home/airflow/.local/lib/python3.12/site-packages/airflow/example_dags/example_xcomargs.py
[2024-06-27T11:54:23.927+0000] {processor.py:840} INFO - DAG(s) 'example_xcom_args', 'example_xcom_args_with_operators' retrieved from /home/airflow/.local/lib/python3.12/site-packages/airflow/example_dags/example_xcomargs.py
[2024-06-27T11:54:23.940+0000] {logging_mixin.py:188} INFO - [2024-06-27T11:54:23.940+0000] {dag.py:3096} INFO - Sync 2 DAGs
[2024-06-27T11:54:23.947+0000] {logging_mixin.py:188} INFO - [2024-06-27T11:54:23.947+0000] {dag.py:3954} INFO - Setting next_dagrun for example_xcom_args to None, run_after=None
[2024-06-27T11:54:23.949+0000] {logging_mixin.py:188} INFO - [2024-06-27T11:54:23.949+0000] {dag.py:3954} INFO - Setting next_dagrun for example_xcom_args_with_operators to None, run_after=None
[2024-06-27T11:54:23.958+0000] {processor.py:183} INFO - Processing /home/airflow/.local/lib/python3.12/site-packages/airflow/example_dags/example_xcomargs.py took 0.040 seconds
[2024-06-27T11:54:54.717+0000] {processor.py:161} INFO - Started process (PID=1660) to work on /home/airflow/.local/lib/python3.12/site-packages/airflow/example_dags/example_xcomargs.py
[2024-06-27T11:54:54.717+0000] {processor.py:830} INFO - Processing file /home/airflow/.local/lib/python3.12/site-packages/airflow/example_dags/example_xcomargs.py for tasks to queue
[2024-06-27T11:54:54.718+0000] {logging_mixin.py:188} INFO - [2024-06-27T11:54:54.718+0000] {dagbag.py:545} INFO - Filling up the DagBag from /home/airflow/.local/lib/python3.12/site-packages/airflow/example_dags/example_xcomargs.py
[2024-06-27T11:54:54.722+0000] {processor.py:840} INFO - DAG(s) 'example_xcom_args', 'example_xcom_args_with_operators' retrieved from /home/airflow/.local/lib/python3.12/site-packages/airflow/example_dags/example_xcomargs.py
[2024-06-27T11:54:54.734+0000] {logging_mixin.py:188} INFO - [2024-06-27T11:54:54.734+0000] {dag.py:3096} INFO - Sync 2 DAGs
[2024-06-27T11:54:54.741+0000] {logging_mixin.py:188} INFO - [2024-06-27T11:54:54.741+0000] {dag.py:3954} INFO - Setting next_dagrun for example_xcom_args to None, run_after=None
[2024-06-27T11:54:54.743+0000] {logging_mixin.py:188} INFO - [2024-06-27T11:54:54.743+0000] {dag.py:3954} INFO - Setting next_dagrun for example_xcom_args_with_operators to None, run_after=None
[2024-06-27T11:54:54.752+0000] {processor.py:183} INFO - Processing /home/airflow/.local/lib/python3.12/site-packages/airflow/example_dags/example_xcomargs.py took 0.038 seconds
[2024-06-27T11:55:25.559+0000] {processor.py:161} INFO - Started process (PID=1725) to work on /home/airflow/.local/lib/python3.12/site-packages/airflow/example_dags/example_xcomargs.py
[2024-06-27T11:55:25.559+0000] {processor.py:830} INFO - Processing file /home/airflow/.local/lib/python3.12/site-packages/airflow/example_dags/example_xcomargs.py for tasks to queue
[2024-06-27T11:55:25.560+0000] {logging_mixin.py:188} INFO - [2024-06-27T11:55:25.560+0000] {dagbag.py:545} INFO - Filling up the DagBag from /home/airflow/.local/lib/python3.12/site-packages/airflow/example_dags/example_xcomargs.py
[2024-06-27T11:55:25.564+0000] {processor.py:840} INFO - DAG(s) 'example_xcom_args', 'example_xcom_args_with_operators' retrieved from /home/airflow/.local/lib/python3.12/site-packages/airflow/example_dags/example_xcomargs.py
[2024-06-27T11:55:25.586+0000] {logging_mixin.py:188} INFO - [2024-06-27T11:55:25.585+0000] {dag.py:3096} INFO - Sync 2 DAGs
[2024-06-27T11:55:25.593+0000] {logging_mixin.py:188} INFO - [2024-06-27T11:55:25.593+0000] {dag.py:3954} INFO - Setting next_dagrun for example_xcom_args to None, run_after=None
[2024-06-27T11:55:25.595+0000] {logging_mixin.py:188} INFO - [2024-06-27T11:55:25.595+0000] {dag.py:3954} INFO - Setting next_dagrun for example_xcom_args_with_operators to None, run_after=None
[2024-06-27T11:55:25.604+0000] {processor.py:183} INFO - Processing /home/airflow/.local/lib/python3.12/site-packages/airflow/example_dags/example_xcomargs.py took 0.048 seconds
[2024-06-27T11:55:56.434+0000] {processor.py:161} INFO - Started process (PID=1784) to work on /home/airflow/.local/lib/python3.12/site-packages/airflow/example_dags/example_xcomargs.py
[2024-06-27T11:55:56.435+0000] {processor.py:830} INFO - Processing file /home/airflow/.local/lib/python3.12/site-packages/airflow/example_dags/example_xcomargs.py for tasks to queue
[2024-06-27T11:55:56.436+0000] {logging_mixin.py:188} INFO - [2024-06-27T11:55:56.436+0000] {dagbag.py:545} INFO - Filling up the DagBag from /home/airflow/.local/lib/python3.12/site-packages/airflow/example_dags/example_xcomargs.py
[2024-06-27T11:55:56.441+0000] {processor.py:840} INFO - DAG(s) 'example_xcom_args', 'example_xcom_args_with_operators' retrieved from /home/airflow/.local/lib/python3.12/site-packages/airflow/example_dags/example_xcomargs.py
[2024-06-27T11:55:56.454+0000] {logging_mixin.py:188} INFO - [2024-06-27T11:55:56.453+0000] {dag.py:3096} INFO - Sync 2 DAGs
[2024-06-27T11:55:56.461+0000] {logging_mixin.py:188} INFO - [2024-06-27T11:55:56.461+0000] {dag.py:3954} INFO - Setting next_dagrun for example_xcom_args to None, run_after=None
[2024-06-27T11:55:56.463+0000] {logging_mixin.py:188} INFO - [2024-06-27T11:55:56.463+0000] {dag.py:3954} INFO - Setting next_dagrun for example_xcom_args_with_operators to None, run_after=None
[2024-06-27T11:55:56.472+0000] {processor.py:183} INFO - Processing /home/airflow/.local/lib/python3.12/site-packages/airflow/example_dags/example_xcomargs.py took 0.042 seconds
[2024-06-27T11:56:27.451+0000] {processor.py:161} INFO - Started process (PID=1843) to work on /home/airflow/.local/lib/python3.12/site-packages/airflow/example_dags/example_xcomargs.py
[2024-06-27T11:56:27.452+0000] {processor.py:830} INFO - Processing file /home/airflow/.local/lib/python3.12/site-packages/airflow/example_dags/example_xcomargs.py for tasks to queue
[2024-06-27T11:56:27.452+0000] {logging_mixin.py:188} INFO - [2024-06-27T11:56:27.452+0000] {dagbag.py:545} INFO - Filling up the DagBag from /home/airflow/.local/lib/python3.12/site-packages/airflow/example_dags/example_xcomargs.py
[2024-06-27T11:56:27.457+0000] {processor.py:840} INFO - DAG(s) 'example_xcom_args', 'example_xcom_args_with_operators' retrieved from /home/airflow/.local/lib/python3.12/site-packages/airflow/example_dags/example_xcomargs.py
[2024-06-27T11:56:27.469+0000] {logging_mixin.py:188} INFO - [2024-06-27T11:56:27.469+0000] {dag.py:3096} INFO - Sync 2 DAGs
[2024-06-27T11:56:27.476+0000] {logging_mixin.py:188} INFO - [2024-06-27T11:56:27.476+0000] {dag.py:3954} INFO - Setting next_dagrun for example_xcom_args to None, run_after=None
[2024-06-27T11:56:27.478+0000] {logging_mixin.py:188} INFO - [2024-06-27T11:56:27.478+0000] {dag.py:3954} INFO - Setting next_dagrun for example_xcom_args_with_operators to None, run_after=None
[2024-06-27T11:56:27.487+0000] {processor.py:183} INFO - Processing /home/airflow/.local/lib/python3.12/site-packages/airflow/example_dags/example_xcomargs.py took 0.039 seconds
[2024-06-27T11:56:58.927+0000] {processor.py:161} INFO - Started process (PID=1902) to work on /home/airflow/.local/lib/python3.12/site-packages/airflow/example_dags/example_xcomargs.py
[2024-06-27T11:56:58.927+0000] {processor.py:830} INFO - Processing file /home/airflow/.local/lib/python3.12/site-packages/airflow/example_dags/example_xcomargs.py for tasks to queue
[2024-06-27T11:56:58.928+0000] {logging_mixin.py:188} INFO - [2024-06-27T11:56:58.928+0000] {dagbag.py:545} INFO - Filling up the DagBag from /home/airflow/.local/lib/python3.12/site-packages/airflow/example_dags/example_xcomargs.py
[2024-06-27T11:56:58.932+0000] {processor.py:840} INFO - DAG(s) 'example_xcom_args', 'example_xcom_args_with_operators' retrieved from /home/airflow/.local/lib/python3.12/site-packages/airflow/example_dags/example_xcomargs.py
[2024-06-27T11:56:58.945+0000] {logging_mixin.py:188} INFO - [2024-06-27T11:56:58.945+0000] {dag.py:3096} INFO - Sync 2 DAGs
[2024-06-27T11:56:58.952+0000] {logging_mixin.py:188} INFO - [2024-06-27T11:56:58.952+0000] {dag.py:3954} INFO - Setting next_dagrun for example_xcom_args to None, run_after=None
[2024-06-27T11:56:58.954+0000] {logging_mixin.py:188} INFO - [2024-06-27T11:56:58.954+0000] {dag.py:3954} INFO - Setting next_dagrun for example_xcom_args_with_operators to None, run_after=None
[2024-06-27T11:56:58.962+0000] {processor.py:183} INFO - Processing /home/airflow/.local/lib/python3.12/site-packages/airflow/example_dags/example_xcomargs.py took 0.038 seconds
[2024-06-27T11:57:29.891+0000] {processor.py:161} INFO - Started process (PID=1961) to work on /home/airflow/.local/lib/python3.12/site-packages/airflow/example_dags/example_xcomargs.py
[2024-06-27T11:57:29.891+0000] {processor.py:830} INFO - Processing file /home/airflow/.local/lib/python3.12/site-packages/airflow/example_dags/example_xcomargs.py for tasks to queue
[2024-06-27T11:57:29.892+0000] {logging_mixin.py:188} INFO - [2024-06-27T11:57:29.892+0000] {dagbag.py:545} INFO - Filling up the DagBag from /home/airflow/.local/lib/python3.12/site-packages/airflow/example_dags/example_xcomargs.py
[2024-06-27T11:57:29.896+0000] {processor.py:840} INFO - DAG(s) 'example_xcom_args', 'example_xcom_args_with_operators' retrieved from /home/airflow/.local/lib/python3.12/site-packages/airflow/example_dags/example_xcomargs.py
[2024-06-27T11:57:29.910+0000] {logging_mixin.py:188} INFO - [2024-06-27T11:57:29.910+0000] {dag.py:3096} INFO - Sync 2 DAGs
[2024-06-27T11:57:29.917+0000] {logging_mixin.py:188} INFO - [2024-06-27T11:57:29.917+0000] {dag.py:3954} INFO - Setting next_dagrun for example_xcom_args to None, run_after=None
[2024-06-27T11:57:29.919+0000] {logging_mixin.py:188} INFO - [2024-06-27T11:57:29.919+0000] {dag.py:3954} INFO - Setting next_dagrun for example_xcom_args_with_operators to None, run_after=None
[2024-06-27T11:57:29.928+0000] {processor.py:183} INFO - Processing /home/airflow/.local/lib/python3.12/site-packages/airflow/example_dags/example_xcomargs.py took 0.040 seconds
[2024-06-27T11:58:00.671+0000] {processor.py:161} INFO - Started process (PID=2020) to work on /home/airflow/.local/lib/python3.12/site-packages/airflow/example_dags/example_xcomargs.py
[2024-06-27T11:58:00.673+0000] {processor.py:830} INFO - Processing file /home/airflow/.local/lib/python3.12/site-packages/airflow/example_dags/example_xcomargs.py for tasks to queue
[2024-06-27T11:58:00.673+0000] {logging_mixin.py:188} INFO - [2024-06-27T11:58:00.673+0000] {dagbag.py:545} INFO - Filling up the DagBag from /home/airflow/.local/lib/python3.12/site-packages/airflow/example_dags/example_xcomargs.py
[2024-06-27T11:58:00.678+0000] {processor.py:840} INFO - DAG(s) 'example_xcom_args', 'example_xcom_args_with_operators' retrieved from /home/airflow/.local/lib/python3.12/site-packages/airflow/example_dags/example_xcomargs.py
[2024-06-27T11:58:00.691+0000] {logging_mixin.py:188} INFO - [2024-06-27T11:58:00.691+0000] {dag.py:3096} INFO - Sync 2 DAGs
[2024-06-27T11:58:00.698+0000] {logging_mixin.py:188} INFO - [2024-06-27T11:58:00.698+0000] {dag.py:3954} INFO - Setting next_dagrun for example_xcom_args to None, run_after=None
[2024-06-27T11:58:00.700+0000] {logging_mixin.py:188} INFO - [2024-06-27T11:58:00.700+0000] {dag.py:3954} INFO - Setting next_dagrun for example_xcom_args_with_operators to None, run_after=None
[2024-06-27T11:58:00.709+0000] {processor.py:183} INFO - Processing /home/airflow/.local/lib/python3.12/site-packages/airflow/example_dags/example_xcomargs.py took 0.041 seconds
[2024-06-27T11:58:31.371+0000] {processor.py:161} INFO - Started process (PID=2079) to work on /home/airflow/.local/lib/python3.12/site-packages/airflow/example_dags/example_xcomargs.py
[2024-06-27T11:58:31.372+0000] {processor.py:830} INFO - Processing file /home/airflow/.local/lib/python3.12/site-packages/airflow/example_dags/example_xcomargs.py for tasks to queue
[2024-06-27T11:58:31.372+0000] {logging_mixin.py:188} INFO - [2024-06-27T11:58:31.372+0000] {dagbag.py:545} INFO - Filling up the DagBag from /home/airflow/.local/lib/python3.12/site-packages/airflow/example_dags/example_xcomargs.py
[2024-06-27T11:58:31.377+0000] {processor.py:840} INFO - DAG(s) 'example_xcom_args', 'example_xcom_args_with_operators' retrieved from /home/airflow/.local/lib/python3.12/site-packages/airflow/example_dags/example_xcomargs.py
[2024-06-27T11:58:31.389+0000] {logging_mixin.py:188} INFO - [2024-06-27T11:58:31.389+0000] {dag.py:3096} INFO - Sync 2 DAGs
[2024-06-27T11:58:31.396+0000] {logging_mixin.py:188} INFO - [2024-06-27T11:58:31.396+0000] {dag.py:3954} INFO - Setting next_dagrun for example_xcom_args to None, run_after=None
[2024-06-27T11:58:31.398+0000] {logging_mixin.py:188} INFO - [2024-06-27T11:58:31.398+0000] {dag.py:3954} INFO - Setting next_dagrun for example_xcom_args_with_operators to None, run_after=None
[2024-06-27T11:58:31.407+0000] {processor.py:183} INFO - Processing /home/airflow/.local/lib/python3.12/site-packages/airflow/example_dags/example_xcomargs.py took 0.039 seconds
[2024-06-27T11:59:02.092+0000] {processor.py:161} INFO - Started process (PID=2138) to work on /home/airflow/.local/lib/python3.12/site-packages/airflow/example_dags/example_xcomargs.py
[2024-06-27T11:59:02.093+0000] {processor.py:830} INFO - Processing file /home/airflow/.local/lib/python3.12/site-packages/airflow/example_dags/example_xcomargs.py for tasks to queue
[2024-06-27T11:59:02.093+0000] {logging_mixin.py:188} INFO - [2024-06-27T11:59:02.093+0000] {dagbag.py:545} INFO - Filling up the DagBag from /home/airflow/.local/lib/python3.12/site-packages/airflow/example_dags/example_xcomargs.py
[2024-06-27T11:59:02.098+0000] {processor.py:840} INFO - DAG(s) 'example_xcom_args_with_operators', 'example_xcom_args' retrieved from /home/airflow/.local/lib/python3.12/site-packages/airflow/example_dags/example_xcomargs.py
[2024-06-27T11:59:02.111+0000] {logging_mixin.py:188} INFO - [2024-06-27T11:59:02.111+0000] {dag.py:3096} INFO - Sync 2 DAGs
[2024-06-27T11:59:02.118+0000] {logging_mixin.py:188} INFO - [2024-06-27T11:59:02.118+0000] {dag.py:3954} INFO - Setting next_dagrun for example_xcom_args to None, run_after=None
[2024-06-27T11:59:02.120+0000] {logging_mixin.py:188} INFO - [2024-06-27T11:59:02.120+0000] {dag.py:3954} INFO - Setting next_dagrun for example_xcom_args_with_operators to None, run_after=None
[2024-06-27T11:59:02.129+0000] {processor.py:183} INFO - Processing /home/airflow/.local/lib/python3.12/site-packages/airflow/example_dags/example_xcomargs.py took 0.041 seconds
[2024-06-27T11:59:32.842+0000] {processor.py:161} INFO - Started process (PID=2197) to work on /home/airflow/.local/lib/python3.12/site-packages/airflow/example_dags/example_xcomargs.py
[2024-06-27T11:59:32.843+0000] {processor.py:830} INFO - Processing file /home/airflow/.local/lib/python3.12/site-packages/airflow/example_dags/example_xcomargs.py for tasks to queue
[2024-06-27T11:59:32.844+0000] {logging_mixin.py:188} INFO - [2024-06-27T11:59:32.844+0000] {dagbag.py:545} INFO - Filling up the DagBag from /home/airflow/.local/lib/python3.12/site-packages/airflow/example_dags/example_xcomargs.py
[2024-06-27T11:59:32.849+0000] {processor.py:840} INFO - DAG(s) 'example_xcom_args_with_operators', 'example_xcom_args' retrieved from /home/airflow/.local/lib/python3.12/site-packages/airflow/example_dags/example_xcomargs.py
[2024-06-27T11:59:32.861+0000] {logging_mixin.py:188} INFO - [2024-06-27T11:59:32.861+0000] {dag.py:3096} INFO - Sync 2 DAGs
[2024-06-27T11:59:32.868+0000] {logging_mixin.py:188} INFO - [2024-06-27T11:59:32.868+0000] {dag.py:3954} INFO - Setting next_dagrun for example_xcom_args to None, run_after=None
[2024-06-27T11:59:32.870+0000] {logging_mixin.py:188} INFO - [2024-06-27T11:59:32.870+0000] {dag.py:3954} INFO - Setting next_dagrun for example_xcom_args_with_operators to None, run_after=None
[2024-06-27T11:59:32.879+0000] {processor.py:183} INFO - Processing /home/airflow/.local/lib/python3.12/site-packages/airflow/example_dags/example_xcomargs.py took 0.041 seconds
[2024-06-27T12:00:03.574+0000] {processor.py:161} INFO - Started process (PID=2256) to work on /home/airflow/.local/lib/python3.12/site-packages/airflow/example_dags/example_xcomargs.py
[2024-06-27T12:00:03.575+0000] {processor.py:830} INFO - Processing file /home/airflow/.local/lib/python3.12/site-packages/airflow/example_dags/example_xcomargs.py for tasks to queue
[2024-06-27T12:00:03.576+0000] {logging_mixin.py:188} INFO - [2024-06-27T12:00:03.576+0000] {dagbag.py:545} INFO - Filling up the DagBag from /home/airflow/.local/lib/python3.12/site-packages/airflow/example_dags/example_xcomargs.py
[2024-06-27T12:00:03.580+0000] {processor.py:840} INFO - DAG(s) 'example_xcom_args_with_operators', 'example_xcom_args' retrieved from /home/airflow/.local/lib/python3.12/site-packages/airflow/example_dags/example_xcomargs.py
[2024-06-27T12:00:03.593+0000] {logging_mixin.py:188} INFO - [2024-06-27T12:00:03.593+0000] {dag.py:3096} INFO - Sync 2 DAGs
[2024-06-27T12:00:03.601+0000] {logging_mixin.py:188} INFO - [2024-06-27T12:00:03.600+0000] {dag.py:3954} INFO - Setting next_dagrun for example_xcom_args to None, run_after=None
[2024-06-27T12:00:03.603+0000] {logging_mixin.py:188} INFO - [2024-06-27T12:00:03.602+0000] {dag.py:3954} INFO - Setting next_dagrun for example_xcom_args_with_operators to None, run_after=None
[2024-06-27T12:00:03.611+0000] {processor.py:183} INFO - Processing /home/airflow/.local/lib/python3.12/site-packages/airflow/example_dags/example_xcomargs.py took 0.040 seconds
[2024-06-27T12:00:34.304+0000] {processor.py:161} INFO - Started process (PID=2315) to work on /home/airflow/.local/lib/python3.12/site-packages/airflow/example_dags/example_xcomargs.py
[2024-06-27T12:00:34.305+0000] {processor.py:830} INFO - Processing file /home/airflow/.local/lib/python3.12/site-packages/airflow/example_dags/example_xcomargs.py for tasks to queue
[2024-06-27T12:00:34.306+0000] {logging_mixin.py:188} INFO - [2024-06-27T12:00:34.306+0000] {dagbag.py:545} INFO - Filling up the DagBag from /home/airflow/.local/lib/python3.12/site-packages/airflow/example_dags/example_xcomargs.py
[2024-06-27T12:00:34.310+0000] {processor.py:840} INFO - DAG(s) 'example_xcom_args', 'example_xcom_args_with_operators' retrieved from /home/airflow/.local/lib/python3.12/site-packages/airflow/example_dags/example_xcomargs.py
[2024-06-27T12:00:34.323+0000] {logging_mixin.py:188} INFO - [2024-06-27T12:00:34.323+0000] {dag.py:3096} INFO - Sync 2 DAGs
[2024-06-27T12:00:34.330+0000] {logging_mixin.py:188} INFO - [2024-06-27T12:00:34.330+0000] {dag.py:3954} INFO - Setting next_dagrun for example_xcom_args to None, run_after=None
[2024-06-27T12:00:34.332+0000] {logging_mixin.py:188} INFO - [2024-06-27T12:00:34.332+0000] {dag.py:3954} INFO - Setting next_dagrun for example_xcom_args_with_operators to None, run_after=None
[2024-06-27T12:00:34.340+0000] {processor.py:183} INFO - Processing /home/airflow/.local/lib/python3.12/site-packages/airflow/example_dags/example_xcomargs.py took 0.039 seconds
[2024-06-27T12:01:05.055+0000] {processor.py:161} INFO - Started process (PID=2374) to work on /home/airflow/.local/lib/python3.12/site-packages/airflow/example_dags/example_xcomargs.py
[2024-06-27T12:01:05.056+0000] {processor.py:830} INFO - Processing file /home/airflow/.local/lib/python3.12/site-packages/airflow/example_dags/example_xcomargs.py for tasks to queue
[2024-06-27T12:01:05.057+0000] {logging_mixin.py:188} INFO - [2024-06-27T12:01:05.057+0000] {dagbag.py:545} INFO - Filling up the DagBag from /home/airflow/.local/lib/python3.12/site-packages/airflow/example_dags/example_xcomargs.py
[2024-06-27T12:01:05.061+0000] {processor.py:840} INFO - DAG(s) 'example_xcom_args', 'example_xcom_args_with_operators' retrieved from /home/airflow/.local/lib/python3.12/site-packages/airflow/example_dags/example_xcomargs.py
[2024-06-27T12:01:05.074+0000] {logging_mixin.py:188} INFO - [2024-06-27T12:01:05.074+0000] {dag.py:3096} INFO - Sync 2 DAGs
[2024-06-27T12:01:05.081+0000] {logging_mixin.py:188} INFO - [2024-06-27T12:01:05.080+0000] {dag.py:3954} INFO - Setting next_dagrun for example_xcom_args to None, run_after=None
[2024-06-27T12:01:05.083+0000] {logging_mixin.py:188} INFO - [2024-06-27T12:01:05.082+0000] {dag.py:3954} INFO - Setting next_dagrun for example_xcom_args_with_operators to None, run_after=None
[2024-06-27T12:01:05.091+0000] {processor.py:183} INFO - Processing /home/airflow/.local/lib/python3.12/site-packages/airflow/example_dags/example_xcomargs.py took 0.039 seconds
[2024-06-27T12:01:35.930+0000] {processor.py:161} INFO - Started process (PID=2433) to work on /home/airflow/.local/lib/python3.12/site-packages/airflow/example_dags/example_xcomargs.py
[2024-06-27T12:01:35.932+0000] {processor.py:830} INFO - Processing file /home/airflow/.local/lib/python3.12/site-packages/airflow/example_dags/example_xcomargs.py for tasks to queue
[2024-06-27T12:01:35.934+0000] {logging_mixin.py:188} INFO - [2024-06-27T12:01:35.934+0000] {dagbag.py:545} INFO - Filling up the DagBag from /home/airflow/.local/lib/python3.12/site-packages/airflow/example_dags/example_xcomargs.py
[2024-06-27T12:01:35.942+0000] {processor.py:840} INFO - DAG(s) 'example_xcom_args', 'example_xcom_args_with_operators' retrieved from /home/airflow/.local/lib/python3.12/site-packages/airflow/example_dags/example_xcomargs.py
[2024-06-27T12:01:35.964+0000] {logging_mixin.py:188} INFO - [2024-06-27T12:01:35.964+0000] {dag.py:3096} INFO - Sync 2 DAGs
[2024-06-27T12:01:35.974+0000] {logging_mixin.py:188} INFO - [2024-06-27T12:01:35.974+0000] {dag.py:3954} INFO - Setting next_dagrun for example_xcom_args to None, run_after=None
[2024-06-27T12:01:35.978+0000] {logging_mixin.py:188} INFO - [2024-06-27T12:01:35.978+0000] {dag.py:3954} INFO - Setting next_dagrun for example_xcom_args_with_operators to None, run_after=None
[2024-06-27T12:01:35.991+0000] {processor.py:183} INFO - Processing /home/airflow/.local/lib/python3.12/site-packages/airflow/example_dags/example_xcomargs.py took 0.067 seconds
