[2024-06-27T11:41:04.060+0000] {processor.py:161} INFO - Started process (PID=63) to work on /home/airflow/.local/lib/python3.12/site-packages/airflow/example_dags/example_branch_labels.py
[2024-06-27T11:41:04.060+0000] {processor.py:830} INFO - Processing file /home/airflow/.local/lib/python3.12/site-packages/airflow/example_dags/example_branch_labels.py for tasks to queue
[2024-06-27T11:41:04.061+0000] {logging_mixin.py:188} INFO - [2024-06-27T11:41:04.061+0000] {dagbag.py:545} INFO - Filling up the DagBag from /home/airflow/.local/lib/python3.12/site-packages/airflow/example_dags/example_branch_labels.py
[2024-06-27T11:41:04.066+0000] {processor.py:840} INFO - DAG(s) 'example_branch_labels' retrieved from /home/airflow/.local/lib/python3.12/site-packages/airflow/example_dags/example_branch_labels.py
[2024-06-27T11:41:04.073+0000] {logging_mixin.py:188} INFO - [2024-06-27T11:41:04.073+0000] {dag.py:3096} INFO - Sync 1 DAGs
[2024-06-27T11:41:04.088+0000] {logging_mixin.py:188} INFO - [2024-06-27T11:41:04.088+0000] {dag.py:3954} INFO - Setting next_dagrun for example_branch_labels to 2024-06-26 00:00:00+00:00, run_after=2024-06-27 00:00:00+00:00
[2024-06-27T11:41:04.100+0000] {processor.py:183} INFO - Processing /home/airflow/.local/lib/python3.12/site-packages/airflow/example_dags/example_branch_labels.py took 0.044 seconds
[2024-06-27T11:41:35.085+0000] {processor.py:161} INFO - Started process (PID=121) to work on /home/airflow/.local/lib/python3.12/site-packages/airflow/example_dags/example_branch_labels.py
[2024-06-27T11:41:35.086+0000] {processor.py:830} INFO - Processing file /home/airflow/.local/lib/python3.12/site-packages/airflow/example_dags/example_branch_labels.py for tasks to queue
[2024-06-27T11:41:35.087+0000] {logging_mixin.py:188} INFO - [2024-06-27T11:41:35.087+0000] {dagbag.py:545} INFO - Filling up the DagBag from /home/airflow/.local/lib/python3.12/site-packages/airflow/example_dags/example_branch_labels.py
[2024-06-27T11:41:35.091+0000] {processor.py:840} INFO - DAG(s) 'example_branch_labels' retrieved from /home/airflow/.local/lib/python3.12/site-packages/airflow/example_dags/example_branch_labels.py
[2024-06-27T11:41:35.145+0000] {logging_mixin.py:188} INFO - [2024-06-27T11:41:35.145+0000] {dag.py:3096} INFO - Sync 1 DAGs
[2024-06-27T11:41:35.156+0000] {logging_mixin.py:188} INFO - [2024-06-27T11:41:35.156+0000] {dag.py:3954} INFO - Setting next_dagrun for example_branch_labels to 2024-06-26 00:00:00+00:00, run_after=2024-06-27 00:00:00+00:00
[2024-06-27T11:41:35.167+0000] {processor.py:183} INFO - Processing /home/airflow/.local/lib/python3.12/site-packages/airflow/example_dags/example_branch_labels.py took 0.085 seconds
[2024-06-27T11:42:05.452+0000] {processor.py:161} INFO - Started process (PID=179) to work on /home/airflow/.local/lib/python3.12/site-packages/airflow/example_dags/example_branch_labels.py
[2024-06-27T11:42:05.453+0000] {processor.py:830} INFO - Processing file /home/airflow/.local/lib/python3.12/site-packages/airflow/example_dags/example_branch_labels.py for tasks to queue
[2024-06-27T11:42:05.454+0000] {logging_mixin.py:188} INFO - [2024-06-27T11:42:05.454+0000] {dagbag.py:545} INFO - Filling up the DagBag from /home/airflow/.local/lib/python3.12/site-packages/airflow/example_dags/example_branch_labels.py
[2024-06-27T11:42:05.459+0000] {processor.py:840} INFO - DAG(s) 'example_branch_labels' retrieved from /home/airflow/.local/lib/python3.12/site-packages/airflow/example_dags/example_branch_labels.py
[2024-06-27T11:42:05.470+0000] {logging_mixin.py:188} INFO - [2024-06-27T11:42:05.470+0000] {dag.py:3096} INFO - Sync 1 DAGs
[2024-06-27T11:42:05.483+0000] {logging_mixin.py:188} INFO - [2024-06-27T11:42:05.483+0000] {dag.py:3954} INFO - Setting next_dagrun for example_branch_labels to 2024-06-26 00:00:00+00:00, run_after=2024-06-27 00:00:00+00:00
[2024-06-27T11:42:05.494+0000] {processor.py:183} INFO - Processing /home/airflow/.local/lib/python3.12/site-packages/airflow/example_dags/example_branch_labels.py took 0.045 seconds
[2024-06-27T11:42:36.473+0000] {processor.py:161} INFO - Started process (PID=237) to work on /home/airflow/.local/lib/python3.12/site-packages/airflow/example_dags/example_branch_labels.py
[2024-06-27T11:42:36.474+0000] {processor.py:830} INFO - Processing file /home/airflow/.local/lib/python3.12/site-packages/airflow/example_dags/example_branch_labels.py for tasks to queue
[2024-06-27T11:42:36.475+0000] {logging_mixin.py:188} INFO - [2024-06-27T11:42:36.474+0000] {dagbag.py:545} INFO - Filling up the DagBag from /home/airflow/.local/lib/python3.12/site-packages/airflow/example_dags/example_branch_labels.py
[2024-06-27T11:42:36.479+0000] {processor.py:840} INFO - DAG(s) 'example_branch_labels' retrieved from /home/airflow/.local/lib/python3.12/site-packages/airflow/example_dags/example_branch_labels.py
[2024-06-27T11:42:36.491+0000] {logging_mixin.py:188} INFO - [2024-06-27T11:42:36.491+0000] {dag.py:3096} INFO - Sync 1 DAGs
[2024-06-27T11:42:36.504+0000] {logging_mixin.py:188} INFO - [2024-06-27T11:42:36.504+0000] {dag.py:3954} INFO - Setting next_dagrun for example_branch_labels to 2024-06-26 00:00:00+00:00, run_after=2024-06-27 00:00:00+00:00
[2024-06-27T11:42:36.514+0000] {processor.py:183} INFO - Processing /home/airflow/.local/lib/python3.12/site-packages/airflow/example_dags/example_branch_labels.py took 0.044 seconds
[2024-06-27T11:43:06.597+0000] {processor.py:161} INFO - Started process (PID=295) to work on /home/airflow/.local/lib/python3.12/site-packages/airflow/example_dags/example_branch_labels.py
[2024-06-27T11:43:06.598+0000] {processor.py:830} INFO - Processing file /home/airflow/.local/lib/python3.12/site-packages/airflow/example_dags/example_branch_labels.py for tasks to queue
[2024-06-27T11:43:06.599+0000] {logging_mixin.py:188} INFO - [2024-06-27T11:43:06.599+0000] {dagbag.py:545} INFO - Filling up the DagBag from /home/airflow/.local/lib/python3.12/site-packages/airflow/example_dags/example_branch_labels.py
[2024-06-27T11:43:06.603+0000] {processor.py:840} INFO - DAG(s) 'example_branch_labels' retrieved from /home/airflow/.local/lib/python3.12/site-packages/airflow/example_dags/example_branch_labels.py
[2024-06-27T11:43:06.615+0000] {logging_mixin.py:188} INFO - [2024-06-27T11:43:06.615+0000] {dag.py:3096} INFO - Sync 1 DAGs
[2024-06-27T11:43:06.628+0000] {logging_mixin.py:188} INFO - [2024-06-27T11:43:06.628+0000] {dag.py:3954} INFO - Setting next_dagrun for example_branch_labels to 2024-06-26 00:00:00+00:00, run_after=2024-06-27 00:00:00+00:00
[2024-06-27T11:43:06.638+0000] {processor.py:183} INFO - Processing /home/airflow/.local/lib/python3.12/site-packages/airflow/example_dags/example_branch_labels.py took 0.045 seconds
[2024-06-27T11:43:37.434+0000] {processor.py:161} INFO - Started process (PID=353) to work on /home/airflow/.local/lib/python3.12/site-packages/airflow/example_dags/example_branch_labels.py
[2024-06-27T11:43:37.435+0000] {processor.py:830} INFO - Processing file /home/airflow/.local/lib/python3.12/site-packages/airflow/example_dags/example_branch_labels.py for tasks to queue
[2024-06-27T11:43:37.436+0000] {logging_mixin.py:188} INFO - [2024-06-27T11:43:37.436+0000] {dagbag.py:545} INFO - Filling up the DagBag from /home/airflow/.local/lib/python3.12/site-packages/airflow/example_dags/example_branch_labels.py
[2024-06-27T11:43:37.440+0000] {processor.py:840} INFO - DAG(s) 'example_branch_labels' retrieved from /home/airflow/.local/lib/python3.12/site-packages/airflow/example_dags/example_branch_labels.py
[2024-06-27T11:43:37.451+0000] {logging_mixin.py:188} INFO - [2024-06-27T11:43:37.451+0000] {dag.py:3096} INFO - Sync 1 DAGs
[2024-06-27T11:43:37.463+0000] {logging_mixin.py:188} INFO - [2024-06-27T11:43:37.463+0000] {dag.py:3954} INFO - Setting next_dagrun for example_branch_labels to 2024-06-26 00:00:00+00:00, run_after=2024-06-27 00:00:00+00:00
[2024-06-27T11:43:37.473+0000] {processor.py:183} INFO - Processing /home/airflow/.local/lib/python3.12/site-packages/airflow/example_dags/example_branch_labels.py took 0.042 seconds
[2024-06-27T11:44:08.113+0000] {processor.py:161} INFO - Started process (PID=411) to work on /home/airflow/.local/lib/python3.12/site-packages/airflow/example_dags/example_branch_labels.py
[2024-06-27T11:44:08.113+0000] {processor.py:830} INFO - Processing file /home/airflow/.local/lib/python3.12/site-packages/airflow/example_dags/example_branch_labels.py for tasks to queue
[2024-06-27T11:44:08.114+0000] {logging_mixin.py:188} INFO - [2024-06-27T11:44:08.114+0000] {dagbag.py:545} INFO - Filling up the DagBag from /home/airflow/.local/lib/python3.12/site-packages/airflow/example_dags/example_branch_labels.py
[2024-06-27T11:44:08.118+0000] {processor.py:840} INFO - DAG(s) 'example_branch_labels' retrieved from /home/airflow/.local/lib/python3.12/site-packages/airflow/example_dags/example_branch_labels.py
[2024-06-27T11:44:08.130+0000] {logging_mixin.py:188} INFO - [2024-06-27T11:44:08.130+0000] {dag.py:3096} INFO - Sync 1 DAGs
[2024-06-27T11:44:08.142+0000] {logging_mixin.py:188} INFO - [2024-06-27T11:44:08.142+0000] {dag.py:3954} INFO - Setting next_dagrun for example_branch_labels to 2024-06-26 00:00:00+00:00, run_after=2024-06-27 00:00:00+00:00
[2024-06-27T11:44:08.151+0000] {processor.py:183} INFO - Processing /home/airflow/.local/lib/python3.12/site-packages/airflow/example_dags/example_branch_labels.py took 0.041 seconds
[2024-06-27T11:44:38.977+0000] {processor.py:161} INFO - Started process (PID=469) to work on /home/airflow/.local/lib/python3.12/site-packages/airflow/example_dags/example_branch_labels.py
[2024-06-27T11:44:38.978+0000] {processor.py:830} INFO - Processing file /home/airflow/.local/lib/python3.12/site-packages/airflow/example_dags/example_branch_labels.py for tasks to queue
[2024-06-27T11:44:38.979+0000] {logging_mixin.py:188} INFO - [2024-06-27T11:44:38.978+0000] {dagbag.py:545} INFO - Filling up the DagBag from /home/airflow/.local/lib/python3.12/site-packages/airflow/example_dags/example_branch_labels.py
[2024-06-27T11:44:38.983+0000] {processor.py:840} INFO - DAG(s) 'example_branch_labels' retrieved from /home/airflow/.local/lib/python3.12/site-packages/airflow/example_dags/example_branch_labels.py
[2024-06-27T11:44:38.994+0000] {logging_mixin.py:188} INFO - [2024-06-27T11:44:38.994+0000] {dag.py:3096} INFO - Sync 1 DAGs
[2024-06-27T11:44:39.008+0000] {logging_mixin.py:188} INFO - [2024-06-27T11:44:39.008+0000] {dag.py:3954} INFO - Setting next_dagrun for example_branch_labels to 2024-06-26 00:00:00+00:00, run_after=2024-06-27 00:00:00+00:00
[2024-06-27T11:44:39.019+0000] {processor.py:183} INFO - Processing /home/airflow/.local/lib/python3.12/site-packages/airflow/example_dags/example_branch_labels.py took 0.045 seconds
[2024-06-27T11:45:09.794+0000] {processor.py:161} INFO - Started process (PID=527) to work on /home/airflow/.local/lib/python3.12/site-packages/airflow/example_dags/example_branch_labels.py
[2024-06-27T11:45:09.794+0000] {processor.py:830} INFO - Processing file /home/airflow/.local/lib/python3.12/site-packages/airflow/example_dags/example_branch_labels.py for tasks to queue
[2024-06-27T11:45:09.795+0000] {logging_mixin.py:188} INFO - [2024-06-27T11:45:09.795+0000] {dagbag.py:545} INFO - Filling up the DagBag from /home/airflow/.local/lib/python3.12/site-packages/airflow/example_dags/example_branch_labels.py
[2024-06-27T11:45:09.799+0000] {processor.py:840} INFO - DAG(s) 'example_branch_labels' retrieved from /home/airflow/.local/lib/python3.12/site-packages/airflow/example_dags/example_branch_labels.py
[2024-06-27T11:45:09.811+0000] {logging_mixin.py:188} INFO - [2024-06-27T11:45:09.810+0000] {dag.py:3096} INFO - Sync 1 DAGs
[2024-06-27T11:45:09.823+0000] {logging_mixin.py:188} INFO - [2024-06-27T11:45:09.822+0000] {dag.py:3954} INFO - Setting next_dagrun for example_branch_labels to 2024-06-26 00:00:00+00:00, run_after=2024-06-27 00:00:00+00:00
[2024-06-27T11:45:09.832+0000] {processor.py:183} INFO - Processing /home/airflow/.local/lib/python3.12/site-packages/airflow/example_dags/example_branch_labels.py took 0.042 seconds
[2024-06-27T11:45:40.598+0000] {processor.py:161} INFO - Started process (PID=585) to work on /home/airflow/.local/lib/python3.12/site-packages/airflow/example_dags/example_branch_labels.py
[2024-06-27T11:45:40.599+0000] {processor.py:830} INFO - Processing file /home/airflow/.local/lib/python3.12/site-packages/airflow/example_dags/example_branch_labels.py for tasks to queue
[2024-06-27T11:45:40.600+0000] {logging_mixin.py:188} INFO - [2024-06-27T11:45:40.599+0000] {dagbag.py:545} INFO - Filling up the DagBag from /home/airflow/.local/lib/python3.12/site-packages/airflow/example_dags/example_branch_labels.py
[2024-06-27T11:45:40.604+0000] {processor.py:840} INFO - DAG(s) 'example_branch_labels' retrieved from /home/airflow/.local/lib/python3.12/site-packages/airflow/example_dags/example_branch_labels.py
[2024-06-27T11:45:40.615+0000] {logging_mixin.py:188} INFO - [2024-06-27T11:45:40.615+0000] {dag.py:3096} INFO - Sync 1 DAGs
[2024-06-27T11:45:40.628+0000] {logging_mixin.py:188} INFO - [2024-06-27T11:45:40.628+0000] {dag.py:3954} INFO - Setting next_dagrun for example_branch_labels to 2024-06-26 00:00:00+00:00, run_after=2024-06-27 00:00:00+00:00
[2024-06-27T11:45:40.637+0000] {processor.py:183} INFO - Processing /home/airflow/.local/lib/python3.12/site-packages/airflow/example_dags/example_branch_labels.py took 0.042 seconds
[2024-06-27T11:46:11.353+0000] {processor.py:161} INFO - Started process (PID=644) to work on /home/airflow/.local/lib/python3.12/site-packages/airflow/example_dags/example_branch_labels.py
[2024-06-27T11:46:11.354+0000] {processor.py:830} INFO - Processing file /home/airflow/.local/lib/python3.12/site-packages/airflow/example_dags/example_branch_labels.py for tasks to queue
[2024-06-27T11:46:11.355+0000] {logging_mixin.py:188} INFO - [2024-06-27T11:46:11.355+0000] {dagbag.py:545} INFO - Filling up the DagBag from /home/airflow/.local/lib/python3.12/site-packages/airflow/example_dags/example_branch_labels.py
[2024-06-27T11:46:11.359+0000] {processor.py:840} INFO - DAG(s) 'example_branch_labels' retrieved from /home/airflow/.local/lib/python3.12/site-packages/airflow/example_dags/example_branch_labels.py
[2024-06-27T11:46:11.371+0000] {logging_mixin.py:188} INFO - [2024-06-27T11:46:11.370+0000] {dag.py:3096} INFO - Sync 1 DAGs
[2024-06-27T11:46:11.384+0000] {logging_mixin.py:188} INFO - [2024-06-27T11:46:11.383+0000] {dag.py:3954} INFO - Setting next_dagrun for example_branch_labels to 2024-06-26 00:00:00+00:00, run_after=2024-06-27 00:00:00+00:00
[2024-06-27T11:46:11.395+0000] {processor.py:183} INFO - Processing /home/airflow/.local/lib/python3.12/site-packages/airflow/example_dags/example_branch_labels.py took 0.046 seconds
[2024-06-27T11:46:42.333+0000] {processor.py:161} INFO - Started process (PID=708) to work on /home/airflow/.local/lib/python3.12/site-packages/airflow/example_dags/example_branch_labels.py
[2024-06-27T11:46:42.334+0000] {processor.py:830} INFO - Processing file /home/airflow/.local/lib/python3.12/site-packages/airflow/example_dags/example_branch_labels.py for tasks to queue
[2024-06-27T11:46:42.335+0000] {logging_mixin.py:188} INFO - [2024-06-27T11:46:42.334+0000] {dagbag.py:545} INFO - Filling up the DagBag from /home/airflow/.local/lib/python3.12/site-packages/airflow/example_dags/example_branch_labels.py
[2024-06-27T11:46:42.338+0000] {processor.py:840} INFO - DAG(s) 'example_branch_labels' retrieved from /home/airflow/.local/lib/python3.12/site-packages/airflow/example_dags/example_branch_labels.py
[2024-06-27T11:46:42.350+0000] {logging_mixin.py:188} INFO - [2024-06-27T11:46:42.350+0000] {dag.py:3096} INFO - Sync 1 DAGs
[2024-06-27T11:46:42.362+0000] {logging_mixin.py:188} INFO - [2024-06-27T11:46:42.362+0000] {dag.py:3954} INFO - Setting next_dagrun for example_branch_labels to 2024-06-26 00:00:00+00:00, run_after=2024-06-27 00:00:00+00:00
[2024-06-27T11:46:42.371+0000] {processor.py:183} INFO - Processing /home/airflow/.local/lib/python3.12/site-packages/airflow/example_dags/example_branch_labels.py took 0.041 seconds
[2024-06-27T11:47:13.132+0000] {processor.py:161} INFO - Started process (PID=769) to work on /home/airflow/.local/lib/python3.12/site-packages/airflow/example_dags/example_branch_labels.py
[2024-06-27T11:47:13.133+0000] {processor.py:830} INFO - Processing file /home/airflow/.local/lib/python3.12/site-packages/airflow/example_dags/example_branch_labels.py for tasks to queue
[2024-06-27T11:47:13.134+0000] {logging_mixin.py:188} INFO - [2024-06-27T11:47:13.134+0000] {dagbag.py:545} INFO - Filling up the DagBag from /home/airflow/.local/lib/python3.12/site-packages/airflow/example_dags/example_branch_labels.py
[2024-06-27T11:47:13.138+0000] {processor.py:840} INFO - DAG(s) 'example_branch_labels' retrieved from /home/airflow/.local/lib/python3.12/site-packages/airflow/example_dags/example_branch_labels.py
[2024-06-27T11:47:13.150+0000] {logging_mixin.py:188} INFO - [2024-06-27T11:47:13.150+0000] {dag.py:3096} INFO - Sync 1 DAGs
[2024-06-27T11:47:13.163+0000] {logging_mixin.py:188} INFO - [2024-06-27T11:47:13.163+0000] {dag.py:3954} INFO - Setting next_dagrun for example_branch_labels to 2024-06-26 00:00:00+00:00, run_after=2024-06-27 00:00:00+00:00
[2024-06-27T11:47:13.174+0000] {processor.py:183} INFO - Processing /home/airflow/.local/lib/python3.12/site-packages/airflow/example_dags/example_branch_labels.py took 0.045 seconds
[2024-06-27T11:47:44.263+0000] {processor.py:161} INFO - Started process (PID=828) to work on /home/airflow/.local/lib/python3.12/site-packages/airflow/example_dags/example_branch_labels.py
[2024-06-27T11:47:44.264+0000] {processor.py:830} INFO - Processing file /home/airflow/.local/lib/python3.12/site-packages/airflow/example_dags/example_branch_labels.py for tasks to queue
[2024-06-27T11:47:44.264+0000] {logging_mixin.py:188} INFO - [2024-06-27T11:47:44.264+0000] {dagbag.py:545} INFO - Filling up the DagBag from /home/airflow/.local/lib/python3.12/site-packages/airflow/example_dags/example_branch_labels.py
[2024-06-27T11:47:44.268+0000] {processor.py:840} INFO - DAG(s) 'example_branch_labels' retrieved from /home/airflow/.local/lib/python3.12/site-packages/airflow/example_dags/example_branch_labels.py
[2024-06-27T11:47:44.280+0000] {logging_mixin.py:188} INFO - [2024-06-27T11:47:44.280+0000] {dag.py:3096} INFO - Sync 1 DAGs
[2024-06-27T11:47:44.293+0000] {logging_mixin.py:188} INFO - [2024-06-27T11:47:44.293+0000] {dag.py:3954} INFO - Setting next_dagrun for example_branch_labels to 2024-06-26 00:00:00+00:00, run_after=2024-06-27 00:00:00+00:00
[2024-06-27T11:47:44.304+0000] {processor.py:183} INFO - Processing /home/airflow/.local/lib/python3.12/site-packages/airflow/example_dags/example_branch_labels.py took 0.044 seconds
[2024-06-27T11:48:14.449+0000] {processor.py:161} INFO - Started process (PID=887) to work on /home/airflow/.local/lib/python3.12/site-packages/airflow/example_dags/example_branch_labels.py
[2024-06-27T11:48:14.450+0000] {processor.py:830} INFO - Processing file /home/airflow/.local/lib/python3.12/site-packages/airflow/example_dags/example_branch_labels.py for tasks to queue
[2024-06-27T11:48:14.451+0000] {logging_mixin.py:188} INFO - [2024-06-27T11:48:14.451+0000] {dagbag.py:545} INFO - Filling up the DagBag from /home/airflow/.local/lib/python3.12/site-packages/airflow/example_dags/example_branch_labels.py
[2024-06-27T11:48:14.455+0000] {processor.py:840} INFO - DAG(s) 'example_branch_labels' retrieved from /home/airflow/.local/lib/python3.12/site-packages/airflow/example_dags/example_branch_labels.py
[2024-06-27T11:48:14.466+0000] {logging_mixin.py:188} INFO - [2024-06-27T11:48:14.466+0000] {dag.py:3096} INFO - Sync 1 DAGs
[2024-06-27T11:48:14.479+0000] {logging_mixin.py:188} INFO - [2024-06-27T11:48:14.479+0000] {dag.py:3954} INFO - Setting next_dagrun for example_branch_labels to 2024-06-26 00:00:00+00:00, run_after=2024-06-27 00:00:00+00:00
[2024-06-27T11:48:14.490+0000] {processor.py:183} INFO - Processing /home/airflow/.local/lib/python3.12/site-packages/airflow/example_dags/example_branch_labels.py took 0.044 seconds
[2024-06-27T11:48:45.494+0000] {processor.py:161} INFO - Started process (PID=946) to work on /home/airflow/.local/lib/python3.12/site-packages/airflow/example_dags/example_branch_labels.py
[2024-06-27T11:48:45.495+0000] {processor.py:830} INFO - Processing file /home/airflow/.local/lib/python3.12/site-packages/airflow/example_dags/example_branch_labels.py for tasks to queue
[2024-06-27T11:48:45.496+0000] {logging_mixin.py:188} INFO - [2024-06-27T11:48:45.496+0000] {dagbag.py:545} INFO - Filling up the DagBag from /home/airflow/.local/lib/python3.12/site-packages/airflow/example_dags/example_branch_labels.py
[2024-06-27T11:48:45.500+0000] {processor.py:840} INFO - DAG(s) 'example_branch_labels' retrieved from /home/airflow/.local/lib/python3.12/site-packages/airflow/example_dags/example_branch_labels.py
[2024-06-27T11:48:45.511+0000] {logging_mixin.py:188} INFO - [2024-06-27T11:48:45.510+0000] {dag.py:3096} INFO - Sync 1 DAGs
[2024-06-27T11:48:45.523+0000] {logging_mixin.py:188} INFO - [2024-06-27T11:48:45.522+0000] {dag.py:3954} INFO - Setting next_dagrun for example_branch_labels to 2024-06-26 00:00:00+00:00, run_after=2024-06-27 00:00:00+00:00
[2024-06-27T11:48:45.532+0000] {processor.py:183} INFO - Processing /home/airflow/.local/lib/python3.12/site-packages/airflow/example_dags/example_branch_labels.py took 0.041 seconds
[2024-06-27T11:49:15.616+0000] {processor.py:161} INFO - Started process (PID=1005) to work on /home/airflow/.local/lib/python3.12/site-packages/airflow/example_dags/example_branch_labels.py
[2024-06-27T11:49:15.617+0000] {processor.py:830} INFO - Processing file /home/airflow/.local/lib/python3.12/site-packages/airflow/example_dags/example_branch_labels.py for tasks to queue
[2024-06-27T11:49:15.618+0000] {logging_mixin.py:188} INFO - [2024-06-27T11:49:15.618+0000] {dagbag.py:545} INFO - Filling up the DagBag from /home/airflow/.local/lib/python3.12/site-packages/airflow/example_dags/example_branch_labels.py
[2024-06-27T11:49:15.622+0000] {processor.py:840} INFO - DAG(s) 'example_branch_labels' retrieved from /home/airflow/.local/lib/python3.12/site-packages/airflow/example_dags/example_branch_labels.py
[2024-06-27T11:49:15.633+0000] {logging_mixin.py:188} INFO - [2024-06-27T11:49:15.632+0000] {dag.py:3096} INFO - Sync 1 DAGs
[2024-06-27T11:49:15.646+0000] {logging_mixin.py:188} INFO - [2024-06-27T11:49:15.646+0000] {dag.py:3954} INFO - Setting next_dagrun for example_branch_labels to 2024-06-26 00:00:00+00:00, run_after=2024-06-27 00:00:00+00:00
[2024-06-27T11:49:15.656+0000] {processor.py:183} INFO - Processing /home/airflow/.local/lib/python3.12/site-packages/airflow/example_dags/example_branch_labels.py took 0.042 seconds
[2024-06-27T11:49:46.414+0000] {processor.py:161} INFO - Started process (PID=1064) to work on /home/airflow/.local/lib/python3.12/site-packages/airflow/example_dags/example_branch_labels.py
[2024-06-27T11:49:46.415+0000] {processor.py:830} INFO - Processing file /home/airflow/.local/lib/python3.12/site-packages/airflow/example_dags/example_branch_labels.py for tasks to queue
[2024-06-27T11:49:46.416+0000] {logging_mixin.py:188} INFO - [2024-06-27T11:49:46.415+0000] {dagbag.py:545} INFO - Filling up the DagBag from /home/airflow/.local/lib/python3.12/site-packages/airflow/example_dags/example_branch_labels.py
[2024-06-27T11:49:46.420+0000] {processor.py:840} INFO - DAG(s) 'example_branch_labels' retrieved from /home/airflow/.local/lib/python3.12/site-packages/airflow/example_dags/example_branch_labels.py
[2024-06-27T11:49:46.432+0000] {logging_mixin.py:188} INFO - [2024-06-27T11:49:46.431+0000] {dag.py:3096} INFO - Sync 1 DAGs
[2024-06-27T11:49:46.444+0000] {logging_mixin.py:188} INFO - [2024-06-27T11:49:46.444+0000] {dag.py:3954} INFO - Setting next_dagrun for example_branch_labels to 2024-06-26 00:00:00+00:00, run_after=2024-06-27 00:00:00+00:00
[2024-06-27T11:49:46.454+0000] {processor.py:183} INFO - Processing /home/airflow/.local/lib/python3.12/site-packages/airflow/example_dags/example_branch_labels.py took 0.044 seconds
[2024-06-27T11:50:17.194+0000] {processor.py:161} INFO - Started process (PID=1123) to work on /home/airflow/.local/lib/python3.12/site-packages/airflow/example_dags/example_branch_labels.py
[2024-06-27T11:50:17.194+0000] {processor.py:830} INFO - Processing file /home/airflow/.local/lib/python3.12/site-packages/airflow/example_dags/example_branch_labels.py for tasks to queue
[2024-06-27T11:50:17.195+0000] {logging_mixin.py:188} INFO - [2024-06-27T11:50:17.195+0000] {dagbag.py:545} INFO - Filling up the DagBag from /home/airflow/.local/lib/python3.12/site-packages/airflow/example_dags/example_branch_labels.py
[2024-06-27T11:50:17.199+0000] {processor.py:840} INFO - DAG(s) 'example_branch_labels' retrieved from /home/airflow/.local/lib/python3.12/site-packages/airflow/example_dags/example_branch_labels.py
[2024-06-27T11:50:17.211+0000] {logging_mixin.py:188} INFO - [2024-06-27T11:50:17.211+0000] {dag.py:3096} INFO - Sync 1 DAGs
[2024-06-27T11:50:17.223+0000] {logging_mixin.py:188} INFO - [2024-06-27T11:50:17.223+0000] {dag.py:3954} INFO - Setting next_dagrun for example_branch_labels to 2024-06-26 00:00:00+00:00, run_after=2024-06-27 00:00:00+00:00
[2024-06-27T11:50:17.233+0000] {processor.py:183} INFO - Processing /home/airflow/.local/lib/python3.12/site-packages/airflow/example_dags/example_branch_labels.py took 0.042 seconds
[2024-06-27T11:50:47.958+0000] {processor.py:161} INFO - Started process (PID=1182) to work on /home/airflow/.local/lib/python3.12/site-packages/airflow/example_dags/example_branch_labels.py
[2024-06-27T11:50:47.959+0000] {processor.py:830} INFO - Processing file /home/airflow/.local/lib/python3.12/site-packages/airflow/example_dags/example_branch_labels.py for tasks to queue
[2024-06-27T11:50:47.960+0000] {logging_mixin.py:188} INFO - [2024-06-27T11:50:47.960+0000] {dagbag.py:545} INFO - Filling up the DagBag from /home/airflow/.local/lib/python3.12/site-packages/airflow/example_dags/example_branch_labels.py
[2024-06-27T11:50:47.964+0000] {processor.py:840} INFO - DAG(s) 'example_branch_labels' retrieved from /home/airflow/.local/lib/python3.12/site-packages/airflow/example_dags/example_branch_labels.py
[2024-06-27T11:50:47.976+0000] {logging_mixin.py:188} INFO - [2024-06-27T11:50:47.976+0000] {dag.py:3096} INFO - Sync 1 DAGs
[2024-06-27T11:50:47.988+0000] {logging_mixin.py:188} INFO - [2024-06-27T11:50:47.988+0000] {dag.py:3954} INFO - Setting next_dagrun for example_branch_labels to 2024-06-26 00:00:00+00:00, run_after=2024-06-27 00:00:00+00:00
[2024-06-27T11:50:47.998+0000] {processor.py:183} INFO - Processing /home/airflow/.local/lib/python3.12/site-packages/airflow/example_dags/example_branch_labels.py took 0.043 seconds
[2024-06-27T11:51:18.804+0000] {processor.py:161} INFO - Started process (PID=1241) to work on /home/airflow/.local/lib/python3.12/site-packages/airflow/example_dags/example_branch_labels.py
[2024-06-27T11:51:18.805+0000] {processor.py:830} INFO - Processing file /home/airflow/.local/lib/python3.12/site-packages/airflow/example_dags/example_branch_labels.py for tasks to queue
[2024-06-27T11:51:18.806+0000] {logging_mixin.py:188} INFO - [2024-06-27T11:51:18.806+0000] {dagbag.py:545} INFO - Filling up the DagBag from /home/airflow/.local/lib/python3.12/site-packages/airflow/example_dags/example_branch_labels.py
[2024-06-27T11:51:18.810+0000] {processor.py:840} INFO - DAG(s) 'example_branch_labels' retrieved from /home/airflow/.local/lib/python3.12/site-packages/airflow/example_dags/example_branch_labels.py
[2024-06-27T11:51:18.821+0000] {logging_mixin.py:188} INFO - [2024-06-27T11:51:18.821+0000] {dag.py:3096} INFO - Sync 1 DAGs
[2024-06-27T11:51:18.833+0000] {logging_mixin.py:188} INFO - [2024-06-27T11:51:18.833+0000] {dag.py:3954} INFO - Setting next_dagrun for example_branch_labels to 2024-06-26 00:00:00+00:00, run_after=2024-06-27 00:00:00+00:00
[2024-06-27T11:51:18.843+0000] {processor.py:183} INFO - Processing /home/airflow/.local/lib/python3.12/site-packages/airflow/example_dags/example_branch_labels.py took 0.042 seconds
[2024-06-27T11:51:49.551+0000] {processor.py:161} INFO - Started process (PID=1300) to work on /home/airflow/.local/lib/python3.12/site-packages/airflow/example_dags/example_branch_labels.py
[2024-06-27T11:51:49.552+0000] {processor.py:830} INFO - Processing file /home/airflow/.local/lib/python3.12/site-packages/airflow/example_dags/example_branch_labels.py for tasks to queue
[2024-06-27T11:51:49.553+0000] {logging_mixin.py:188} INFO - [2024-06-27T11:51:49.553+0000] {dagbag.py:545} INFO - Filling up the DagBag from /home/airflow/.local/lib/python3.12/site-packages/airflow/example_dags/example_branch_labels.py
[2024-06-27T11:51:49.557+0000] {processor.py:840} INFO - DAG(s) 'example_branch_labels' retrieved from /home/airflow/.local/lib/python3.12/site-packages/airflow/example_dags/example_branch_labels.py
[2024-06-27T11:51:49.568+0000] {logging_mixin.py:188} INFO - [2024-06-27T11:51:49.567+0000] {dag.py:3096} INFO - Sync 1 DAGs
[2024-06-27T11:51:49.579+0000] {logging_mixin.py:188} INFO - [2024-06-27T11:51:49.579+0000] {dag.py:3954} INFO - Setting next_dagrun for example_branch_labels to 2024-06-26 00:00:00+00:00, run_after=2024-06-27 00:00:00+00:00
[2024-06-27T11:51:49.589+0000] {processor.py:183} INFO - Processing /home/airflow/.local/lib/python3.12/site-packages/airflow/example_dags/example_branch_labels.py took 0.041 seconds
[2024-06-27T11:52:20.394+0000] {processor.py:161} INFO - Started process (PID=1359) to work on /home/airflow/.local/lib/python3.12/site-packages/airflow/example_dags/example_branch_labels.py
[2024-06-27T11:52:20.395+0000] {processor.py:830} INFO - Processing file /home/airflow/.local/lib/python3.12/site-packages/airflow/example_dags/example_branch_labels.py for tasks to queue
[2024-06-27T11:52:20.395+0000] {logging_mixin.py:188} INFO - [2024-06-27T11:52:20.395+0000] {dagbag.py:545} INFO - Filling up the DagBag from /home/airflow/.local/lib/python3.12/site-packages/airflow/example_dags/example_branch_labels.py
[2024-06-27T11:52:20.399+0000] {processor.py:840} INFO - DAG(s) 'example_branch_labels' retrieved from /home/airflow/.local/lib/python3.12/site-packages/airflow/example_dags/example_branch_labels.py
[2024-06-27T11:52:20.413+0000] {logging_mixin.py:188} INFO - [2024-06-27T11:52:20.412+0000] {dag.py:3096} INFO - Sync 1 DAGs
[2024-06-27T11:52:20.433+0000] {logging_mixin.py:188} INFO - [2024-06-27T11:52:20.433+0000] {dag.py:3954} INFO - Setting next_dagrun for example_branch_labels to 2024-06-26 00:00:00+00:00, run_after=2024-06-27 00:00:00+00:00
[2024-06-27T11:52:20.445+0000] {processor.py:183} INFO - Processing /home/airflow/.local/lib/python3.12/site-packages/airflow/example_dags/example_branch_labels.py took 0.054 seconds
[2024-06-27T11:52:51.182+0000] {processor.py:161} INFO - Started process (PID=1419) to work on /home/airflow/.local/lib/python3.12/site-packages/airflow/example_dags/example_branch_labels.py
[2024-06-27T11:52:51.183+0000] {processor.py:830} INFO - Processing file /home/airflow/.local/lib/python3.12/site-packages/airflow/example_dags/example_branch_labels.py for tasks to queue
[2024-06-27T11:52:51.184+0000] {logging_mixin.py:188} INFO - [2024-06-27T11:52:51.184+0000] {dagbag.py:545} INFO - Filling up the DagBag from /home/airflow/.local/lib/python3.12/site-packages/airflow/example_dags/example_branch_labels.py
[2024-06-27T11:52:51.189+0000] {processor.py:840} INFO - DAG(s) 'example_branch_labels' retrieved from /home/airflow/.local/lib/python3.12/site-packages/airflow/example_dags/example_branch_labels.py
[2024-06-27T11:52:51.204+0000] {logging_mixin.py:188} INFO - [2024-06-27T11:52:51.204+0000] {dag.py:3096} INFO - Sync 1 DAGs
[2024-06-27T11:52:51.216+0000] {logging_mixin.py:188} INFO - [2024-06-27T11:52:51.216+0000] {dag.py:3954} INFO - Setting next_dagrun for example_branch_labels to 2024-06-26 00:00:00+00:00, run_after=2024-06-27 00:00:00+00:00
[2024-06-27T11:52:51.225+0000] {processor.py:183} INFO - Processing /home/airflow/.local/lib/python3.12/site-packages/airflow/example_dags/example_branch_labels.py took 0.046 seconds
[2024-06-27T11:53:22.058+0000] {processor.py:161} INFO - Started process (PID=1478) to work on /home/airflow/.local/lib/python3.12/site-packages/airflow/example_dags/example_branch_labels.py
[2024-06-27T11:53:22.059+0000] {processor.py:830} INFO - Processing file /home/airflow/.local/lib/python3.12/site-packages/airflow/example_dags/example_branch_labels.py for tasks to queue
[2024-06-27T11:53:22.060+0000] {logging_mixin.py:188} INFO - [2024-06-27T11:53:22.060+0000] {dagbag.py:545} INFO - Filling up the DagBag from /home/airflow/.local/lib/python3.12/site-packages/airflow/example_dags/example_branch_labels.py
[2024-06-27T11:53:22.064+0000] {processor.py:840} INFO - DAG(s) 'example_branch_labels' retrieved from /home/airflow/.local/lib/python3.12/site-packages/airflow/example_dags/example_branch_labels.py
[2024-06-27T11:53:22.076+0000] {logging_mixin.py:188} INFO - [2024-06-27T11:53:22.075+0000] {dag.py:3096} INFO - Sync 1 DAGs
[2024-06-27T11:53:22.088+0000] {logging_mixin.py:188} INFO - [2024-06-27T11:53:22.087+0000] {dag.py:3954} INFO - Setting next_dagrun for example_branch_labels to 2024-06-26 00:00:00+00:00, run_after=2024-06-27 00:00:00+00:00
[2024-06-27T11:53:22.097+0000] {processor.py:183} INFO - Processing /home/airflow/.local/lib/python3.12/site-packages/airflow/example_dags/example_branch_labels.py took 0.042 seconds
[2024-06-27T11:53:52.919+0000] {processor.py:161} INFO - Started process (PID=1537) to work on /home/airflow/.local/lib/python3.12/site-packages/airflow/example_dags/example_branch_labels.py
[2024-06-27T11:53:52.920+0000] {processor.py:830} INFO - Processing file /home/airflow/.local/lib/python3.12/site-packages/airflow/example_dags/example_branch_labels.py for tasks to queue
[2024-06-27T11:53:52.921+0000] {logging_mixin.py:188} INFO - [2024-06-27T11:53:52.921+0000] {dagbag.py:545} INFO - Filling up the DagBag from /home/airflow/.local/lib/python3.12/site-packages/airflow/example_dags/example_branch_labels.py
[2024-06-27T11:53:52.925+0000] {processor.py:840} INFO - DAG(s) 'example_branch_labels' retrieved from /home/airflow/.local/lib/python3.12/site-packages/airflow/example_dags/example_branch_labels.py
[2024-06-27T11:53:52.938+0000] {logging_mixin.py:188} INFO - [2024-06-27T11:53:52.938+0000] {dag.py:3096} INFO - Sync 1 DAGs
[2024-06-27T11:53:52.950+0000] {logging_mixin.py:188} INFO - [2024-06-27T11:53:52.950+0000] {dag.py:3954} INFO - Setting next_dagrun for example_branch_labels to 2024-06-26 00:00:00+00:00, run_after=2024-06-27 00:00:00+00:00
[2024-06-27T11:53:52.960+0000] {processor.py:183} INFO - Processing /home/airflow/.local/lib/python3.12/site-packages/airflow/example_dags/example_branch_labels.py took 0.044 seconds
[2024-06-27T11:54:23.815+0000] {processor.py:161} INFO - Started process (PID=1596) to work on /home/airflow/.local/lib/python3.12/site-packages/airflow/example_dags/example_branch_labels.py
[2024-06-27T11:54:23.816+0000] {processor.py:830} INFO - Processing file /home/airflow/.local/lib/python3.12/site-packages/airflow/example_dags/example_branch_labels.py for tasks to queue
[2024-06-27T11:54:23.816+0000] {logging_mixin.py:188} INFO - [2024-06-27T11:54:23.816+0000] {dagbag.py:545} INFO - Filling up the DagBag from /home/airflow/.local/lib/python3.12/site-packages/airflow/example_dags/example_branch_labels.py
[2024-06-27T11:54:23.820+0000] {processor.py:840} INFO - DAG(s) 'example_branch_labels' retrieved from /home/airflow/.local/lib/python3.12/site-packages/airflow/example_dags/example_branch_labels.py
[2024-06-27T11:54:23.832+0000] {logging_mixin.py:188} INFO - [2024-06-27T11:54:23.832+0000] {dag.py:3096} INFO - Sync 1 DAGs
[2024-06-27T11:54:23.844+0000] {logging_mixin.py:188} INFO - [2024-06-27T11:54:23.844+0000] {dag.py:3954} INFO - Setting next_dagrun for example_branch_labels to 2024-06-26 00:00:00+00:00, run_after=2024-06-27 00:00:00+00:00
[2024-06-27T11:54:23.854+0000] {processor.py:183} INFO - Processing /home/airflow/.local/lib/python3.12/site-packages/airflow/example_dags/example_branch_labels.py took 0.042 seconds
[2024-06-27T11:54:54.565+0000] {processor.py:161} INFO - Started process (PID=1655) to work on /home/airflow/.local/lib/python3.12/site-packages/airflow/example_dags/example_branch_labels.py
[2024-06-27T11:54:54.566+0000] {processor.py:830} INFO - Processing file /home/airflow/.local/lib/python3.12/site-packages/airflow/example_dags/example_branch_labels.py for tasks to queue
[2024-06-27T11:54:54.567+0000] {logging_mixin.py:188} INFO - [2024-06-27T11:54:54.567+0000] {dagbag.py:545} INFO - Filling up the DagBag from /home/airflow/.local/lib/python3.12/site-packages/airflow/example_dags/example_branch_labels.py
[2024-06-27T11:54:54.571+0000] {processor.py:840} INFO - DAG(s) 'example_branch_labels' retrieved from /home/airflow/.local/lib/python3.12/site-packages/airflow/example_dags/example_branch_labels.py
[2024-06-27T11:54:54.582+0000] {logging_mixin.py:188} INFO - [2024-06-27T11:54:54.582+0000] {dag.py:3096} INFO - Sync 1 DAGs
[2024-06-27T11:54:54.594+0000] {logging_mixin.py:188} INFO - [2024-06-27T11:54:54.594+0000] {dag.py:3954} INFO - Setting next_dagrun for example_branch_labels to 2024-06-26 00:00:00+00:00, run_after=2024-06-27 00:00:00+00:00
[2024-06-27T11:54:54.603+0000] {processor.py:183} INFO - Processing /home/airflow/.local/lib/python3.12/site-packages/airflow/example_dags/example_branch_labels.py took 0.041 seconds
[2024-06-27T11:55:25.396+0000] {processor.py:161} INFO - Started process (PID=1720) to work on /home/airflow/.local/lib/python3.12/site-packages/airflow/example_dags/example_branch_labels.py
[2024-06-27T11:55:25.396+0000] {processor.py:830} INFO - Processing file /home/airflow/.local/lib/python3.12/site-packages/airflow/example_dags/example_branch_labels.py for tasks to queue
[2024-06-27T11:55:25.398+0000] {logging_mixin.py:188} INFO - [2024-06-27T11:55:25.397+0000] {dagbag.py:545} INFO - Filling up the DagBag from /home/airflow/.local/lib/python3.12/site-packages/airflow/example_dags/example_branch_labels.py
[2024-06-27T11:55:25.405+0000] {processor.py:840} INFO - DAG(s) 'example_branch_labels' retrieved from /home/airflow/.local/lib/python3.12/site-packages/airflow/example_dags/example_branch_labels.py
[2024-06-27T11:55:25.416+0000] {logging_mixin.py:188} INFO - [2024-06-27T11:55:25.416+0000] {dag.py:3096} INFO - Sync 1 DAGs
[2024-06-27T11:55:25.428+0000] {logging_mixin.py:188} INFO - [2024-06-27T11:55:25.428+0000] {dag.py:3954} INFO - Setting next_dagrun for example_branch_labels to 2024-06-26 00:00:00+00:00, run_after=2024-06-27 00:00:00+00:00
[2024-06-27T11:55:25.438+0000] {processor.py:183} INFO - Processing /home/airflow/.local/lib/python3.12/site-packages/airflow/example_dags/example_branch_labels.py took 0.047 seconds
[2024-06-27T11:55:56.289+0000] {processor.py:161} INFO - Started process (PID=1779) to work on /home/airflow/.local/lib/python3.12/site-packages/airflow/example_dags/example_branch_labels.py
[2024-06-27T11:55:56.290+0000] {processor.py:830} INFO - Processing file /home/airflow/.local/lib/python3.12/site-packages/airflow/example_dags/example_branch_labels.py for tasks to queue
[2024-06-27T11:55:56.291+0000] {logging_mixin.py:188} INFO - [2024-06-27T11:55:56.291+0000] {dagbag.py:545} INFO - Filling up the DagBag from /home/airflow/.local/lib/python3.12/site-packages/airflow/example_dags/example_branch_labels.py
[2024-06-27T11:55:56.295+0000] {processor.py:840} INFO - DAG(s) 'example_branch_labels' retrieved from /home/airflow/.local/lib/python3.12/site-packages/airflow/example_dags/example_branch_labels.py
[2024-06-27T11:55:56.306+0000] {logging_mixin.py:188} INFO - [2024-06-27T11:55:56.306+0000] {dag.py:3096} INFO - Sync 1 DAGs
[2024-06-27T11:55:56.318+0000] {logging_mixin.py:188} INFO - [2024-06-27T11:55:56.318+0000] {dag.py:3954} INFO - Setting next_dagrun for example_branch_labels to 2024-06-26 00:00:00+00:00, run_after=2024-06-27 00:00:00+00:00
[2024-06-27T11:55:56.327+0000] {processor.py:183} INFO - Processing /home/airflow/.local/lib/python3.12/site-packages/airflow/example_dags/example_branch_labels.py took 0.041 seconds
[2024-06-27T11:56:27.294+0000] {processor.py:161} INFO - Started process (PID=1838) to work on /home/airflow/.local/lib/python3.12/site-packages/airflow/example_dags/example_branch_labels.py
[2024-06-27T11:56:27.294+0000] {processor.py:830} INFO - Processing file /home/airflow/.local/lib/python3.12/site-packages/airflow/example_dags/example_branch_labels.py for tasks to queue
[2024-06-27T11:56:27.295+0000] {logging_mixin.py:188} INFO - [2024-06-27T11:56:27.295+0000] {dagbag.py:545} INFO - Filling up the DagBag from /home/airflow/.local/lib/python3.12/site-packages/airflow/example_dags/example_branch_labels.py
[2024-06-27T11:56:27.299+0000] {processor.py:840} INFO - DAG(s) 'example_branch_labels' retrieved from /home/airflow/.local/lib/python3.12/site-packages/airflow/example_dags/example_branch_labels.py
[2024-06-27T11:56:27.310+0000] {logging_mixin.py:188} INFO - [2024-06-27T11:56:27.310+0000] {dag.py:3096} INFO - Sync 1 DAGs
[2024-06-27T11:56:27.323+0000] {logging_mixin.py:188} INFO - [2024-06-27T11:56:27.322+0000] {dag.py:3954} INFO - Setting next_dagrun for example_branch_labels to 2024-06-26 00:00:00+00:00, run_after=2024-06-27 00:00:00+00:00
[2024-06-27T11:56:27.332+0000] {processor.py:183} INFO - Processing /home/airflow/.local/lib/python3.12/site-packages/airflow/example_dags/example_branch_labels.py took 0.041 seconds
[2024-06-27T11:56:58.784+0000] {processor.py:161} INFO - Started process (PID=1897) to work on /home/airflow/.local/lib/python3.12/site-packages/airflow/example_dags/example_branch_labels.py
[2024-06-27T11:56:58.784+0000] {processor.py:830} INFO - Processing file /home/airflow/.local/lib/python3.12/site-packages/airflow/example_dags/example_branch_labels.py for tasks to queue
[2024-06-27T11:56:58.785+0000] {logging_mixin.py:188} INFO - [2024-06-27T11:56:58.785+0000] {dagbag.py:545} INFO - Filling up the DagBag from /home/airflow/.local/lib/python3.12/site-packages/airflow/example_dags/example_branch_labels.py
[2024-06-27T11:56:58.789+0000] {processor.py:840} INFO - DAG(s) 'example_branch_labels' retrieved from /home/airflow/.local/lib/python3.12/site-packages/airflow/example_dags/example_branch_labels.py
[2024-06-27T11:56:58.800+0000] {logging_mixin.py:188} INFO - [2024-06-27T11:56:58.800+0000] {dag.py:3096} INFO - Sync 1 DAGs
[2024-06-27T11:56:58.812+0000] {logging_mixin.py:188} INFO - [2024-06-27T11:56:58.812+0000] {dag.py:3954} INFO - Setting next_dagrun for example_branch_labels to 2024-06-26 00:00:00+00:00, run_after=2024-06-27 00:00:00+00:00
[2024-06-27T11:56:58.822+0000] {processor.py:183} INFO - Processing /home/airflow/.local/lib/python3.12/site-packages/airflow/example_dags/example_branch_labels.py took 0.041 seconds
[2024-06-27T11:57:29.684+0000] {processor.py:161} INFO - Started process (PID=1956) to work on /home/airflow/.local/lib/python3.12/site-packages/airflow/example_dags/example_branch_labels.py
[2024-06-27T11:57:29.684+0000] {processor.py:830} INFO - Processing file /home/airflow/.local/lib/python3.12/site-packages/airflow/example_dags/example_branch_labels.py for tasks to queue
[2024-06-27T11:57:29.685+0000] {logging_mixin.py:188} INFO - [2024-06-27T11:57:29.685+0000] {dagbag.py:545} INFO - Filling up the DagBag from /home/airflow/.local/lib/python3.12/site-packages/airflow/example_dags/example_branch_labels.py
[2024-06-27T11:57:29.689+0000] {processor.py:840} INFO - DAG(s) 'example_branch_labels' retrieved from /home/airflow/.local/lib/python3.12/site-packages/airflow/example_dags/example_branch_labels.py
[2024-06-27T11:57:29.700+0000] {logging_mixin.py:188} INFO - [2024-06-27T11:57:29.700+0000] {dag.py:3096} INFO - Sync 1 DAGs
[2024-06-27T11:57:29.712+0000] {logging_mixin.py:188} INFO - [2024-06-27T11:57:29.712+0000] {dag.py:3954} INFO - Setting next_dagrun for example_branch_labels to 2024-06-26 00:00:00+00:00, run_after=2024-06-27 00:00:00+00:00
[2024-06-27T11:57:29.721+0000] {processor.py:183} INFO - Processing /home/airflow/.local/lib/python3.12/site-packages/airflow/example_dags/example_branch_labels.py took 0.041 seconds
[2024-06-27T11:58:00.531+0000] {processor.py:161} INFO - Started process (PID=2015) to work on /home/airflow/.local/lib/python3.12/site-packages/airflow/example_dags/example_branch_labels.py
[2024-06-27T11:58:00.532+0000] {processor.py:830} INFO - Processing file /home/airflow/.local/lib/python3.12/site-packages/airflow/example_dags/example_branch_labels.py for tasks to queue
[2024-06-27T11:58:00.533+0000] {logging_mixin.py:188} INFO - [2024-06-27T11:58:00.532+0000] {dagbag.py:545} INFO - Filling up the DagBag from /home/airflow/.local/lib/python3.12/site-packages/airflow/example_dags/example_branch_labels.py
[2024-06-27T11:58:00.537+0000] {processor.py:840} INFO - DAG(s) 'example_branch_labels' retrieved from /home/airflow/.local/lib/python3.12/site-packages/airflow/example_dags/example_branch_labels.py
[2024-06-27T11:58:00.548+0000] {logging_mixin.py:188} INFO - [2024-06-27T11:58:00.548+0000] {dag.py:3096} INFO - Sync 1 DAGs
[2024-06-27T11:58:00.560+0000] {logging_mixin.py:188} INFO - [2024-06-27T11:58:00.560+0000] {dag.py:3954} INFO - Setting next_dagrun for example_branch_labels to 2024-06-26 00:00:00+00:00, run_after=2024-06-27 00:00:00+00:00
[2024-06-27T11:58:00.570+0000] {processor.py:183} INFO - Processing /home/airflow/.local/lib/python3.12/site-packages/airflow/example_dags/example_branch_labels.py took 0.042 seconds
[2024-06-27T11:58:31.229+0000] {processor.py:161} INFO - Started process (PID=2074) to work on /home/airflow/.local/lib/python3.12/site-packages/airflow/example_dags/example_branch_labels.py
[2024-06-27T11:58:31.230+0000] {processor.py:830} INFO - Processing file /home/airflow/.local/lib/python3.12/site-packages/airflow/example_dags/example_branch_labels.py for tasks to queue
[2024-06-27T11:58:31.230+0000] {logging_mixin.py:188} INFO - [2024-06-27T11:58:31.230+0000] {dagbag.py:545} INFO - Filling up the DagBag from /home/airflow/.local/lib/python3.12/site-packages/airflow/example_dags/example_branch_labels.py
[2024-06-27T11:58:31.234+0000] {processor.py:840} INFO - DAG(s) 'example_branch_labels' retrieved from /home/airflow/.local/lib/python3.12/site-packages/airflow/example_dags/example_branch_labels.py
[2024-06-27T11:58:31.245+0000] {logging_mixin.py:188} INFO - [2024-06-27T11:58:31.245+0000] {dag.py:3096} INFO - Sync 1 DAGs
[2024-06-27T11:58:31.258+0000] {logging_mixin.py:188} INFO - [2024-06-27T11:58:31.258+0000] {dag.py:3954} INFO - Setting next_dagrun for example_branch_labels to 2024-06-26 00:00:00+00:00, run_after=2024-06-27 00:00:00+00:00
[2024-06-27T11:58:31.268+0000] {processor.py:183} INFO - Processing /home/airflow/.local/lib/python3.12/site-packages/airflow/example_dags/example_branch_labels.py took 0.042 seconds
[2024-06-27T11:59:01.947+0000] {processor.py:161} INFO - Started process (PID=2133) to work on /home/airflow/.local/lib/python3.12/site-packages/airflow/example_dags/example_branch_labels.py
[2024-06-27T11:59:01.948+0000] {processor.py:830} INFO - Processing file /home/airflow/.local/lib/python3.12/site-packages/airflow/example_dags/example_branch_labels.py for tasks to queue
[2024-06-27T11:59:01.949+0000] {logging_mixin.py:188} INFO - [2024-06-27T11:59:01.949+0000] {dagbag.py:545} INFO - Filling up the DagBag from /home/airflow/.local/lib/python3.12/site-packages/airflow/example_dags/example_branch_labels.py
[2024-06-27T11:59:01.953+0000] {processor.py:840} INFO - DAG(s) 'example_branch_labels' retrieved from /home/airflow/.local/lib/python3.12/site-packages/airflow/example_dags/example_branch_labels.py
[2024-06-27T11:59:01.965+0000] {logging_mixin.py:188} INFO - [2024-06-27T11:59:01.965+0000] {dag.py:3096} INFO - Sync 1 DAGs
[2024-06-27T11:59:01.979+0000] {logging_mixin.py:188} INFO - [2024-06-27T11:59:01.979+0000] {dag.py:3954} INFO - Setting next_dagrun for example_branch_labels to 2024-06-26 00:00:00+00:00, run_after=2024-06-27 00:00:00+00:00
[2024-06-27T11:59:01.988+0000] {processor.py:183} INFO - Processing /home/airflow/.local/lib/python3.12/site-packages/airflow/example_dags/example_branch_labels.py took 0.044 seconds
[2024-06-27T11:59:32.698+0000] {processor.py:161} INFO - Started process (PID=2192) to work on /home/airflow/.local/lib/python3.12/site-packages/airflow/example_dags/example_branch_labels.py
[2024-06-27T11:59:32.699+0000] {processor.py:830} INFO - Processing file /home/airflow/.local/lib/python3.12/site-packages/airflow/example_dags/example_branch_labels.py for tasks to queue
[2024-06-27T11:59:32.700+0000] {logging_mixin.py:188} INFO - [2024-06-27T11:59:32.699+0000] {dagbag.py:545} INFO - Filling up the DagBag from /home/airflow/.local/lib/python3.12/site-packages/airflow/example_dags/example_branch_labels.py
[2024-06-27T11:59:32.704+0000] {processor.py:840} INFO - DAG(s) 'example_branch_labels' retrieved from /home/airflow/.local/lib/python3.12/site-packages/airflow/example_dags/example_branch_labels.py
[2024-06-27T11:59:32.714+0000] {logging_mixin.py:188} INFO - [2024-06-27T11:59:32.714+0000] {dag.py:3096} INFO - Sync 1 DAGs
[2024-06-27T11:59:32.727+0000] {logging_mixin.py:188} INFO - [2024-06-27T11:59:32.727+0000] {dag.py:3954} INFO - Setting next_dagrun for example_branch_labels to 2024-06-26 00:00:00+00:00, run_after=2024-06-27 00:00:00+00:00
[2024-06-27T11:59:32.736+0000] {processor.py:183} INFO - Processing /home/airflow/.local/lib/python3.12/site-packages/airflow/example_dags/example_branch_labels.py took 0.041 seconds
[2024-06-27T12:00:03.433+0000] {processor.py:161} INFO - Started process (PID=2251) to work on /home/airflow/.local/lib/python3.12/site-packages/airflow/example_dags/example_branch_labels.py
[2024-06-27T12:00:03.434+0000] {processor.py:830} INFO - Processing file /home/airflow/.local/lib/python3.12/site-packages/airflow/example_dags/example_branch_labels.py for tasks to queue
[2024-06-27T12:00:03.435+0000] {logging_mixin.py:188} INFO - [2024-06-27T12:00:03.435+0000] {dagbag.py:545} INFO - Filling up the DagBag from /home/airflow/.local/lib/python3.12/site-packages/airflow/example_dags/example_branch_labels.py
[2024-06-27T12:00:03.439+0000] {processor.py:840} INFO - DAG(s) 'example_branch_labels' retrieved from /home/airflow/.local/lib/python3.12/site-packages/airflow/example_dags/example_branch_labels.py
[2024-06-27T12:00:03.450+0000] {logging_mixin.py:188} INFO - [2024-06-27T12:00:03.450+0000] {dag.py:3096} INFO - Sync 1 DAGs
[2024-06-27T12:00:03.463+0000] {logging_mixin.py:188} INFO - [2024-06-27T12:00:03.463+0000] {dag.py:3954} INFO - Setting next_dagrun for example_branch_labels to 2024-06-26 00:00:00+00:00, run_after=2024-06-27 00:00:00+00:00
[2024-06-27T12:00:03.473+0000] {processor.py:183} INFO - Processing /home/airflow/.local/lib/python3.12/site-packages/airflow/example_dags/example_branch_labels.py took 0.043 seconds
[2024-06-27T12:00:34.166+0000] {processor.py:161} INFO - Started process (PID=2310) to work on /home/airflow/.local/lib/python3.12/site-packages/airflow/example_dags/example_branch_labels.py
[2024-06-27T12:00:34.167+0000] {processor.py:830} INFO - Processing file /home/airflow/.local/lib/python3.12/site-packages/airflow/example_dags/example_branch_labels.py for tasks to queue
[2024-06-27T12:00:34.167+0000] {logging_mixin.py:188} INFO - [2024-06-27T12:00:34.167+0000] {dagbag.py:545} INFO - Filling up the DagBag from /home/airflow/.local/lib/python3.12/site-packages/airflow/example_dags/example_branch_labels.py
[2024-06-27T12:00:34.171+0000] {processor.py:840} INFO - DAG(s) 'example_branch_labels' retrieved from /home/airflow/.local/lib/python3.12/site-packages/airflow/example_dags/example_branch_labels.py
[2024-06-27T12:00:34.182+0000] {logging_mixin.py:188} INFO - [2024-06-27T12:00:34.182+0000] {dag.py:3096} INFO - Sync 1 DAGs
[2024-06-27T12:00:34.195+0000] {logging_mixin.py:188} INFO - [2024-06-27T12:00:34.194+0000] {dag.py:3954} INFO - Setting next_dagrun for example_branch_labels to 2024-06-26 00:00:00+00:00, run_after=2024-06-27 00:00:00+00:00
[2024-06-27T12:00:34.204+0000] {processor.py:183} INFO - Processing /home/airflow/.local/lib/python3.12/site-packages/airflow/example_dags/example_branch_labels.py took 0.041 seconds
[2024-06-27T12:01:04.914+0000] {processor.py:161} INFO - Started process (PID=2369) to work on /home/airflow/.local/lib/python3.12/site-packages/airflow/example_dags/example_branch_labels.py
[2024-06-27T12:01:04.915+0000] {processor.py:830} INFO - Processing file /home/airflow/.local/lib/python3.12/site-packages/airflow/example_dags/example_branch_labels.py for tasks to queue
[2024-06-27T12:01:04.916+0000] {logging_mixin.py:188} INFO - [2024-06-27T12:01:04.915+0000] {dagbag.py:545} INFO - Filling up the DagBag from /home/airflow/.local/lib/python3.12/site-packages/airflow/example_dags/example_branch_labels.py
[2024-06-27T12:01:04.919+0000] {processor.py:840} INFO - DAG(s) 'example_branch_labels' retrieved from /home/airflow/.local/lib/python3.12/site-packages/airflow/example_dags/example_branch_labels.py
[2024-06-27T12:01:04.931+0000] {logging_mixin.py:188} INFO - [2024-06-27T12:01:04.930+0000] {dag.py:3096} INFO - Sync 1 DAGs
[2024-06-27T12:01:04.943+0000] {logging_mixin.py:188} INFO - [2024-06-27T12:01:04.943+0000] {dag.py:3954} INFO - Setting next_dagrun for example_branch_labels to 2024-06-26 00:00:00+00:00, run_after=2024-06-27 00:00:00+00:00
[2024-06-27T12:01:04.953+0000] {processor.py:183} INFO - Processing /home/airflow/.local/lib/python3.12/site-packages/airflow/example_dags/example_branch_labels.py took 0.042 seconds
[2024-06-27T12:01:35.761+0000] {processor.py:161} INFO - Started process (PID=2428) to work on /home/airflow/.local/lib/python3.12/site-packages/airflow/example_dags/example_branch_labels.py
[2024-06-27T12:01:35.762+0000] {processor.py:830} INFO - Processing file /home/airflow/.local/lib/python3.12/site-packages/airflow/example_dags/example_branch_labels.py for tasks to queue
[2024-06-27T12:01:35.763+0000] {logging_mixin.py:188} INFO - [2024-06-27T12:01:35.762+0000] {dagbag.py:545} INFO - Filling up the DagBag from /home/airflow/.local/lib/python3.12/site-packages/airflow/example_dags/example_branch_labels.py
[2024-06-27T12:01:35.767+0000] {processor.py:840} INFO - DAG(s) 'example_branch_labels' retrieved from /home/airflow/.local/lib/python3.12/site-packages/airflow/example_dags/example_branch_labels.py
[2024-06-27T12:01:35.779+0000] {logging_mixin.py:188} INFO - [2024-06-27T12:01:35.779+0000] {dag.py:3096} INFO - Sync 1 DAGs
[2024-06-27T12:01:35.793+0000] {logging_mixin.py:188} INFO - [2024-06-27T12:01:35.793+0000] {dag.py:3954} INFO - Setting next_dagrun for example_branch_labels to 2024-06-26 00:00:00+00:00, run_after=2024-06-27 00:00:00+00:00
[2024-06-27T12:01:35.805+0000] {processor.py:183} INFO - Processing /home/airflow/.local/lib/python3.12/site-packages/airflow/example_dags/example_branch_labels.py took 0.049 seconds
