[2024-06-27T11:41:03.682+0000] {processor.py:161} INFO - Started process (PID=51) to work on /home/airflow/.local/lib/python3.12/site-packages/airflow/example_dags/example_short_circuit_operator.py
[2024-06-27T11:41:03.682+0000] {processor.py:830} INFO - Processing file /home/airflow/.local/lib/python3.12/site-packages/airflow/example_dags/example_short_circuit_operator.py for tasks to queue
[2024-06-27T11:41:03.683+0000] {logging_mixin.py:188} INFO - [2024-06-27T11:41:03.683+0000] {dagbag.py:545} INFO - Filling up the DagBag from /home/airflow/.local/lib/python3.12/site-packages/airflow/example_dags/example_short_circuit_operator.py
[2024-06-27T11:41:03.690+0000] {processor.py:840} INFO - DAG(s) 'example_short_circuit_operator' retrieved from /home/airflow/.local/lib/python3.12/site-packages/airflow/example_dags/example_short_circuit_operator.py
[2024-06-27T11:41:03.697+0000] {logging_mixin.py:188} INFO - [2024-06-27T11:41:03.696+0000] {dag.py:3096} INFO - Sync 1 DAGs
[2024-06-27T11:41:03.711+0000] {logging_mixin.py:188} INFO - [2024-06-27T11:41:03.711+0000] {dag.py:3954} INFO - Setting next_dagrun for example_short_circuit_operator to 2024-06-26 00:00:00+00:00, run_after=2024-06-27 00:00:00+00:00
[2024-06-27T11:41:03.722+0000] {processor.py:183} INFO - Processing /home/airflow/.local/lib/python3.12/site-packages/airflow/example_dags/example_short_circuit_operator.py took 0.043 seconds
[2024-06-27T11:41:34.460+0000] {processor.py:161} INFO - Started process (PID=109) to work on /home/airflow/.local/lib/python3.12/site-packages/airflow/example_dags/example_short_circuit_operator.py
[2024-06-27T11:41:34.461+0000] {processor.py:830} INFO - Processing file /home/airflow/.local/lib/python3.12/site-packages/airflow/example_dags/example_short_circuit_operator.py for tasks to queue
[2024-06-27T11:41:34.462+0000] {logging_mixin.py:188} INFO - [2024-06-27T11:41:34.462+0000] {dagbag.py:545} INFO - Filling up the DagBag from /home/airflow/.local/lib/python3.12/site-packages/airflow/example_dags/example_short_circuit_operator.py
[2024-06-27T11:41:34.466+0000] {processor.py:840} INFO - DAG(s) 'example_short_circuit_operator' retrieved from /home/airflow/.local/lib/python3.12/site-packages/airflow/example_dags/example_short_circuit_operator.py
[2024-06-27T11:41:34.523+0000] {logging_mixin.py:188} INFO - [2024-06-27T11:41:34.523+0000] {dag.py:3096} INFO - Sync 1 DAGs
[2024-06-27T11:41:34.534+0000] {logging_mixin.py:188} INFO - [2024-06-27T11:41:34.534+0000] {dag.py:3954} INFO - Setting next_dagrun for example_short_circuit_operator to 2024-06-26 00:00:00+00:00, run_after=2024-06-27 00:00:00+00:00
[2024-06-27T11:41:34.544+0000] {processor.py:183} INFO - Processing /home/airflow/.local/lib/python3.12/site-packages/airflow/example_dags/example_short_circuit_operator.py took 0.087 seconds
[2024-06-27T11:42:04.997+0000] {processor.py:161} INFO - Started process (PID=167) to work on /home/airflow/.local/lib/python3.12/site-packages/airflow/example_dags/example_short_circuit_operator.py
[2024-06-27T11:42:04.998+0000] {processor.py:830} INFO - Processing file /home/airflow/.local/lib/python3.12/site-packages/airflow/example_dags/example_short_circuit_operator.py for tasks to queue
[2024-06-27T11:42:04.999+0000] {logging_mixin.py:188} INFO - [2024-06-27T11:42:04.999+0000] {dagbag.py:545} INFO - Filling up the DagBag from /home/airflow/.local/lib/python3.12/site-packages/airflow/example_dags/example_short_circuit_operator.py
[2024-06-27T11:42:05.003+0000] {processor.py:840} INFO - DAG(s) 'example_short_circuit_operator' retrieved from /home/airflow/.local/lib/python3.12/site-packages/airflow/example_dags/example_short_circuit_operator.py
[2024-06-27T11:42:05.017+0000] {logging_mixin.py:188} INFO - [2024-06-27T11:42:05.016+0000] {dag.py:3096} INFO - Sync 1 DAGs
[2024-06-27T11:42:05.030+0000] {logging_mixin.py:188} INFO - [2024-06-27T11:42:05.030+0000] {dag.py:3954} INFO - Setting next_dagrun for example_short_circuit_operator to 2024-06-26 00:00:00+00:00, run_after=2024-06-27 00:00:00+00:00
[2024-06-27T11:42:05.041+0000] {processor.py:183} INFO - Processing /home/airflow/.local/lib/python3.12/site-packages/airflow/example_dags/example_short_circuit_operator.py took 0.047 seconds
[2024-06-27T11:42:35.945+0000] {processor.py:161} INFO - Started process (PID=225) to work on /home/airflow/.local/lib/python3.12/site-packages/airflow/example_dags/example_short_circuit_operator.py
[2024-06-27T11:42:35.946+0000] {processor.py:830} INFO - Processing file /home/airflow/.local/lib/python3.12/site-packages/airflow/example_dags/example_short_circuit_operator.py for tasks to queue
[2024-06-27T11:42:35.947+0000] {logging_mixin.py:188} INFO - [2024-06-27T11:42:35.947+0000] {dagbag.py:545} INFO - Filling up the DagBag from /home/airflow/.local/lib/python3.12/site-packages/airflow/example_dags/example_short_circuit_operator.py
[2024-06-27T11:42:35.952+0000] {processor.py:840} INFO - DAG(s) 'example_short_circuit_operator' retrieved from /home/airflow/.local/lib/python3.12/site-packages/airflow/example_dags/example_short_circuit_operator.py
[2024-06-27T11:42:35.967+0000] {logging_mixin.py:188} INFO - [2024-06-27T11:42:35.966+0000] {dag.py:3096} INFO - Sync 1 DAGs
[2024-06-27T11:42:35.980+0000] {logging_mixin.py:188} INFO - [2024-06-27T11:42:35.980+0000] {dag.py:3954} INFO - Setting next_dagrun for example_short_circuit_operator to 2024-06-26 00:00:00+00:00, run_after=2024-06-27 00:00:00+00:00
[2024-06-27T11:42:36.000+0000] {processor.py:183} INFO - Processing /home/airflow/.local/lib/python3.12/site-packages/airflow/example_dags/example_short_circuit_operator.py took 0.058 seconds
[2024-06-27T11:43:06.192+0000] {processor.py:161} INFO - Started process (PID=283) to work on /home/airflow/.local/lib/python3.12/site-packages/airflow/example_dags/example_short_circuit_operator.py
[2024-06-27T11:43:06.194+0000] {processor.py:830} INFO - Processing file /home/airflow/.local/lib/python3.12/site-packages/airflow/example_dags/example_short_circuit_operator.py for tasks to queue
[2024-06-27T11:43:06.195+0000] {logging_mixin.py:188} INFO - [2024-06-27T11:43:06.195+0000] {dagbag.py:545} INFO - Filling up the DagBag from /home/airflow/.local/lib/python3.12/site-packages/airflow/example_dags/example_short_circuit_operator.py
[2024-06-27T11:43:06.199+0000] {processor.py:840} INFO - DAG(s) 'example_short_circuit_operator' retrieved from /home/airflow/.local/lib/python3.12/site-packages/airflow/example_dags/example_short_circuit_operator.py
[2024-06-27T11:43:06.213+0000] {logging_mixin.py:188} INFO - [2024-06-27T11:43:06.213+0000] {dag.py:3096} INFO - Sync 1 DAGs
[2024-06-27T11:43:06.225+0000] {logging_mixin.py:188} INFO - [2024-06-27T11:43:06.225+0000] {dag.py:3954} INFO - Setting next_dagrun for example_short_circuit_operator to 2024-06-26 00:00:00+00:00, run_after=2024-06-27 00:00:00+00:00
[2024-06-27T11:43:06.237+0000] {processor.py:183} INFO - Processing /home/airflow/.local/lib/python3.12/site-packages/airflow/example_dags/example_short_circuit_operator.py took 0.048 seconds
[2024-06-27T11:43:37.016+0000] {processor.py:161} INFO - Started process (PID=341) to work on /home/airflow/.local/lib/python3.12/site-packages/airflow/example_dags/example_short_circuit_operator.py
[2024-06-27T11:43:37.017+0000] {processor.py:830} INFO - Processing file /home/airflow/.local/lib/python3.12/site-packages/airflow/example_dags/example_short_circuit_operator.py for tasks to queue
[2024-06-27T11:43:37.018+0000] {logging_mixin.py:188} INFO - [2024-06-27T11:43:37.017+0000] {dagbag.py:545} INFO - Filling up the DagBag from /home/airflow/.local/lib/python3.12/site-packages/airflow/example_dags/example_short_circuit_operator.py
[2024-06-27T11:43:37.021+0000] {processor.py:840} INFO - DAG(s) 'example_short_circuit_operator' retrieved from /home/airflow/.local/lib/python3.12/site-packages/airflow/example_dags/example_short_circuit_operator.py
[2024-06-27T11:43:37.035+0000] {logging_mixin.py:188} INFO - [2024-06-27T11:43:37.034+0000] {dag.py:3096} INFO - Sync 1 DAGs
[2024-06-27T11:43:37.047+0000] {logging_mixin.py:188} INFO - [2024-06-27T11:43:37.047+0000] {dag.py:3954} INFO - Setting next_dagrun for example_short_circuit_operator to 2024-06-26 00:00:00+00:00, run_after=2024-06-27 00:00:00+00:00
[2024-06-27T11:43:37.058+0000] {processor.py:183} INFO - Processing /home/airflow/.local/lib/python3.12/site-packages/airflow/example_dags/example_short_circuit_operator.py took 0.046 seconds
[2024-06-27T11:44:07.708+0000] {processor.py:161} INFO - Started process (PID=399) to work on /home/airflow/.local/lib/python3.12/site-packages/airflow/example_dags/example_short_circuit_operator.py
[2024-06-27T11:44:07.709+0000] {processor.py:830} INFO - Processing file /home/airflow/.local/lib/python3.12/site-packages/airflow/example_dags/example_short_circuit_operator.py for tasks to queue
[2024-06-27T11:44:07.710+0000] {logging_mixin.py:188} INFO - [2024-06-27T11:44:07.710+0000] {dagbag.py:545} INFO - Filling up the DagBag from /home/airflow/.local/lib/python3.12/site-packages/airflow/example_dags/example_short_circuit_operator.py
[2024-06-27T11:44:07.714+0000] {processor.py:840} INFO - DAG(s) 'example_short_circuit_operator' retrieved from /home/airflow/.local/lib/python3.12/site-packages/airflow/example_dags/example_short_circuit_operator.py
[2024-06-27T11:44:07.726+0000] {logging_mixin.py:188} INFO - [2024-06-27T11:44:07.726+0000] {dag.py:3096} INFO - Sync 1 DAGs
[2024-06-27T11:44:07.737+0000] {logging_mixin.py:188} INFO - [2024-06-27T11:44:07.737+0000] {dag.py:3954} INFO - Setting next_dagrun for example_short_circuit_operator to 2024-06-26 00:00:00+00:00, run_after=2024-06-27 00:00:00+00:00
[2024-06-27T11:44:07.747+0000] {processor.py:183} INFO - Processing /home/airflow/.local/lib/python3.12/site-packages/airflow/example_dags/example_short_circuit_operator.py took 0.042 seconds
[2024-06-27T11:44:38.537+0000] {processor.py:161} INFO - Started process (PID=457) to work on /home/airflow/.local/lib/python3.12/site-packages/airflow/example_dags/example_short_circuit_operator.py
[2024-06-27T11:44:38.538+0000] {processor.py:830} INFO - Processing file /home/airflow/.local/lib/python3.12/site-packages/airflow/example_dags/example_short_circuit_operator.py for tasks to queue
[2024-06-27T11:44:38.539+0000] {logging_mixin.py:188} INFO - [2024-06-27T11:44:38.539+0000] {dagbag.py:545} INFO - Filling up the DagBag from /home/airflow/.local/lib/python3.12/site-packages/airflow/example_dags/example_short_circuit_operator.py
[2024-06-27T11:44:38.544+0000] {processor.py:840} INFO - DAG(s) 'example_short_circuit_operator' retrieved from /home/airflow/.local/lib/python3.12/site-packages/airflow/example_dags/example_short_circuit_operator.py
[2024-06-27T11:44:38.557+0000] {logging_mixin.py:188} INFO - [2024-06-27T11:44:38.557+0000] {dag.py:3096} INFO - Sync 1 DAGs
[2024-06-27T11:44:38.569+0000] {logging_mixin.py:188} INFO - [2024-06-27T11:44:38.569+0000] {dag.py:3954} INFO - Setting next_dagrun for example_short_circuit_operator to 2024-06-26 00:00:00+00:00, run_after=2024-06-27 00:00:00+00:00
[2024-06-27T11:44:38.579+0000] {processor.py:183} INFO - Processing /home/airflow/.local/lib/python3.12/site-packages/airflow/example_dags/example_short_circuit_operator.py took 0.045 seconds
[2024-06-27T11:45:09.358+0000] {processor.py:161} INFO - Started process (PID=515) to work on /home/airflow/.local/lib/python3.12/site-packages/airflow/example_dags/example_short_circuit_operator.py
[2024-06-27T11:45:09.359+0000] {processor.py:830} INFO - Processing file /home/airflow/.local/lib/python3.12/site-packages/airflow/example_dags/example_short_circuit_operator.py for tasks to queue
[2024-06-27T11:45:09.360+0000] {logging_mixin.py:188} INFO - [2024-06-27T11:45:09.360+0000] {dagbag.py:545} INFO - Filling up the DagBag from /home/airflow/.local/lib/python3.12/site-packages/airflow/example_dags/example_short_circuit_operator.py
[2024-06-27T11:45:09.364+0000] {processor.py:840} INFO - DAG(s) 'example_short_circuit_operator' retrieved from /home/airflow/.local/lib/python3.12/site-packages/airflow/example_dags/example_short_circuit_operator.py
[2024-06-27T11:45:09.376+0000] {logging_mixin.py:188} INFO - [2024-06-27T11:45:09.376+0000] {dag.py:3096} INFO - Sync 1 DAGs
[2024-06-27T11:45:09.389+0000] {logging_mixin.py:188} INFO - [2024-06-27T11:45:09.388+0000] {dag.py:3954} INFO - Setting next_dagrun for example_short_circuit_operator to 2024-06-26 00:00:00+00:00, run_after=2024-06-27 00:00:00+00:00
[2024-06-27T11:45:09.405+0000] {processor.py:183} INFO - Processing /home/airflow/.local/lib/python3.12/site-packages/airflow/example_dags/example_short_circuit_operator.py took 0.051 seconds
[2024-06-27T11:45:40.188+0000] {processor.py:161} INFO - Started process (PID=573) to work on /home/airflow/.local/lib/python3.12/site-packages/airflow/example_dags/example_short_circuit_operator.py
[2024-06-27T11:45:40.189+0000] {processor.py:830} INFO - Processing file /home/airflow/.local/lib/python3.12/site-packages/airflow/example_dags/example_short_circuit_operator.py for tasks to queue
[2024-06-27T11:45:40.189+0000] {logging_mixin.py:188} INFO - [2024-06-27T11:45:40.189+0000] {dagbag.py:545} INFO - Filling up the DagBag from /home/airflow/.local/lib/python3.12/site-packages/airflow/example_dags/example_short_circuit_operator.py
[2024-06-27T11:45:40.193+0000] {processor.py:840} INFO - DAG(s) 'example_short_circuit_operator' retrieved from /home/airflow/.local/lib/python3.12/site-packages/airflow/example_dags/example_short_circuit_operator.py
[2024-06-27T11:45:40.207+0000] {logging_mixin.py:188} INFO - [2024-06-27T11:45:40.207+0000] {dag.py:3096} INFO - Sync 1 DAGs
[2024-06-27T11:45:40.218+0000] {logging_mixin.py:188} INFO - [2024-06-27T11:45:40.218+0000] {dag.py:3954} INFO - Setting next_dagrun for example_short_circuit_operator to 2024-06-26 00:00:00+00:00, run_after=2024-06-27 00:00:00+00:00
[2024-06-27T11:45:40.228+0000] {processor.py:183} INFO - Processing /home/airflow/.local/lib/python3.12/site-packages/airflow/example_dags/example_short_circuit_operator.py took 0.044 seconds
[2024-06-27T11:46:10.990+0000] {processor.py:161} INFO - Started process (PID=632) to work on /home/airflow/.local/lib/python3.12/site-packages/airflow/example_dags/example_short_circuit_operator.py
[2024-06-27T11:46:10.991+0000] {processor.py:830} INFO - Processing file /home/airflow/.local/lib/python3.12/site-packages/airflow/example_dags/example_short_circuit_operator.py for tasks to queue
[2024-06-27T11:46:10.992+0000] {logging_mixin.py:188} INFO - [2024-06-27T11:46:10.991+0000] {dagbag.py:545} INFO - Filling up the DagBag from /home/airflow/.local/lib/python3.12/site-packages/airflow/example_dags/example_short_circuit_operator.py
[2024-06-27T11:46:10.995+0000] {processor.py:840} INFO - DAG(s) 'example_short_circuit_operator' retrieved from /home/airflow/.local/lib/python3.12/site-packages/airflow/example_dags/example_short_circuit_operator.py
[2024-06-27T11:46:11.008+0000] {logging_mixin.py:188} INFO - [2024-06-27T11:46:11.008+0000] {dag.py:3096} INFO - Sync 1 DAGs
[2024-06-27T11:46:11.021+0000] {logging_mixin.py:188} INFO - [2024-06-27T11:46:11.021+0000] {dag.py:3954} INFO - Setting next_dagrun for example_short_circuit_operator to 2024-06-26 00:00:00+00:00, run_after=2024-06-27 00:00:00+00:00
[2024-06-27T11:46:11.032+0000] {processor.py:183} INFO - Processing /home/airflow/.local/lib/python3.12/site-packages/airflow/example_dags/example_short_circuit_operator.py took 0.046 seconds
[2024-06-27T11:46:41.911+0000] {processor.py:161} INFO - Started process (PID=696) to work on /home/airflow/.local/lib/python3.12/site-packages/airflow/example_dags/example_short_circuit_operator.py
[2024-06-27T11:46:41.912+0000] {processor.py:830} INFO - Processing file /home/airflow/.local/lib/python3.12/site-packages/airflow/example_dags/example_short_circuit_operator.py for tasks to queue
[2024-06-27T11:46:41.913+0000] {logging_mixin.py:188} INFO - [2024-06-27T11:46:41.913+0000] {dagbag.py:545} INFO - Filling up the DagBag from /home/airflow/.local/lib/python3.12/site-packages/airflow/example_dags/example_short_circuit_operator.py
[2024-06-27T11:46:41.917+0000] {processor.py:840} INFO - DAG(s) 'example_short_circuit_operator' retrieved from /home/airflow/.local/lib/python3.12/site-packages/airflow/example_dags/example_short_circuit_operator.py
[2024-06-27T11:46:41.929+0000] {logging_mixin.py:188} INFO - [2024-06-27T11:46:41.929+0000] {dag.py:3096} INFO - Sync 1 DAGs
[2024-06-27T11:46:41.941+0000] {logging_mixin.py:188} INFO - [2024-06-27T11:46:41.941+0000] {dag.py:3954} INFO - Setting next_dagrun for example_short_circuit_operator to 2024-06-26 00:00:00+00:00, run_after=2024-06-27 00:00:00+00:00
[2024-06-27T11:46:41.951+0000] {processor.py:183} INFO - Processing /home/airflow/.local/lib/python3.12/site-packages/airflow/example_dags/example_short_circuit_operator.py took 0.043 seconds
[2024-06-27T11:47:12.769+0000] {processor.py:161} INFO - Started process (PID=757) to work on /home/airflow/.local/lib/python3.12/site-packages/airflow/example_dags/example_short_circuit_operator.py
[2024-06-27T11:47:12.770+0000] {processor.py:830} INFO - Processing file /home/airflow/.local/lib/python3.12/site-packages/airflow/example_dags/example_short_circuit_operator.py for tasks to queue
[2024-06-27T11:47:12.771+0000] {logging_mixin.py:188} INFO - [2024-06-27T11:47:12.771+0000] {dagbag.py:545} INFO - Filling up the DagBag from /home/airflow/.local/lib/python3.12/site-packages/airflow/example_dags/example_short_circuit_operator.py
[2024-06-27T11:47:12.775+0000] {processor.py:840} INFO - DAG(s) 'example_short_circuit_operator' retrieved from /home/airflow/.local/lib/python3.12/site-packages/airflow/example_dags/example_short_circuit_operator.py
[2024-06-27T11:47:12.788+0000] {logging_mixin.py:188} INFO - [2024-06-27T11:47:12.787+0000] {dag.py:3096} INFO - Sync 1 DAGs
[2024-06-27T11:47:12.800+0000] {logging_mixin.py:188} INFO - [2024-06-27T11:47:12.800+0000] {dag.py:3954} INFO - Setting next_dagrun for example_short_circuit_operator to 2024-06-26 00:00:00+00:00, run_after=2024-06-27 00:00:00+00:00
[2024-06-27T11:47:12.810+0000] {processor.py:183} INFO - Processing /home/airflow/.local/lib/python3.12/site-packages/airflow/example_dags/example_short_circuit_operator.py took 0.044 seconds
[2024-06-27T11:47:43.812+0000] {processor.py:161} INFO - Started process (PID=816) to work on /home/airflow/.local/lib/python3.12/site-packages/airflow/example_dags/example_short_circuit_operator.py
[2024-06-27T11:47:43.813+0000] {processor.py:830} INFO - Processing file /home/airflow/.local/lib/python3.12/site-packages/airflow/example_dags/example_short_circuit_operator.py for tasks to queue
[2024-06-27T11:47:43.814+0000] {logging_mixin.py:188} INFO - [2024-06-27T11:47:43.814+0000] {dagbag.py:545} INFO - Filling up the DagBag from /home/airflow/.local/lib/python3.12/site-packages/airflow/example_dags/example_short_circuit_operator.py
[2024-06-27T11:47:43.818+0000] {processor.py:840} INFO - DAG(s) 'example_short_circuit_operator' retrieved from /home/airflow/.local/lib/python3.12/site-packages/airflow/example_dags/example_short_circuit_operator.py
[2024-06-27T11:47:43.831+0000] {logging_mixin.py:188} INFO - [2024-06-27T11:47:43.831+0000] {dag.py:3096} INFO - Sync 1 DAGs
[2024-06-27T11:47:43.851+0000] {logging_mixin.py:188} INFO - [2024-06-27T11:47:43.850+0000] {dag.py:3954} INFO - Setting next_dagrun for example_short_circuit_operator to 2024-06-26 00:00:00+00:00, run_after=2024-06-27 00:00:00+00:00
[2024-06-27T11:47:43.862+0000] {processor.py:183} INFO - Processing /home/airflow/.local/lib/python3.12/site-packages/airflow/example_dags/example_short_circuit_operator.py took 0.053 seconds
[2024-06-27T11:48:14.050+0000] {processor.py:161} INFO - Started process (PID=875) to work on /home/airflow/.local/lib/python3.12/site-packages/airflow/example_dags/example_short_circuit_operator.py
[2024-06-27T11:48:14.050+0000] {processor.py:830} INFO - Processing file /home/airflow/.local/lib/python3.12/site-packages/airflow/example_dags/example_short_circuit_operator.py for tasks to queue
[2024-06-27T11:48:14.051+0000] {logging_mixin.py:188} INFO - [2024-06-27T11:48:14.051+0000] {dagbag.py:545} INFO - Filling up the DagBag from /home/airflow/.local/lib/python3.12/site-packages/airflow/example_dags/example_short_circuit_operator.py
[2024-06-27T11:48:14.055+0000] {processor.py:840} INFO - DAG(s) 'example_short_circuit_operator' retrieved from /home/airflow/.local/lib/python3.12/site-packages/airflow/example_dags/example_short_circuit_operator.py
[2024-06-27T11:48:14.067+0000] {logging_mixin.py:188} INFO - [2024-06-27T11:48:14.067+0000] {dag.py:3096} INFO - Sync 1 DAGs
[2024-06-27T11:48:14.078+0000] {logging_mixin.py:188} INFO - [2024-06-27T11:48:14.078+0000] {dag.py:3954} INFO - Setting next_dagrun for example_short_circuit_operator to 2024-06-26 00:00:00+00:00, run_after=2024-06-27 00:00:00+00:00
[2024-06-27T11:48:14.089+0000] {processor.py:183} INFO - Processing /home/airflow/.local/lib/python3.12/site-packages/airflow/example_dags/example_short_circuit_operator.py took 0.042 seconds
[2024-06-27T11:48:45.074+0000] {processor.py:161} INFO - Started process (PID=934) to work on /home/airflow/.local/lib/python3.12/site-packages/airflow/example_dags/example_short_circuit_operator.py
[2024-06-27T11:48:45.075+0000] {processor.py:830} INFO - Processing file /home/airflow/.local/lib/python3.12/site-packages/airflow/example_dags/example_short_circuit_operator.py for tasks to queue
[2024-06-27T11:48:45.076+0000] {logging_mixin.py:188} INFO - [2024-06-27T11:48:45.076+0000] {dagbag.py:545} INFO - Filling up the DagBag from /home/airflow/.local/lib/python3.12/site-packages/airflow/example_dags/example_short_circuit_operator.py
[2024-06-27T11:48:45.080+0000] {processor.py:840} INFO - DAG(s) 'example_short_circuit_operator' retrieved from /home/airflow/.local/lib/python3.12/site-packages/airflow/example_dags/example_short_circuit_operator.py
[2024-06-27T11:48:45.092+0000] {logging_mixin.py:188} INFO - [2024-06-27T11:48:45.092+0000] {dag.py:3096} INFO - Sync 1 DAGs
[2024-06-27T11:48:45.106+0000] {logging_mixin.py:188} INFO - [2024-06-27T11:48:45.106+0000] {dag.py:3954} INFO - Setting next_dagrun for example_short_circuit_operator to 2024-06-26 00:00:00+00:00, run_after=2024-06-27 00:00:00+00:00
[2024-06-27T11:48:45.118+0000] {processor.py:183} INFO - Processing /home/airflow/.local/lib/python3.12/site-packages/airflow/example_dags/example_short_circuit_operator.py took 0.047 seconds
[2024-06-27T11:49:15.209+0000] {processor.py:161} INFO - Started process (PID=993) to work on /home/airflow/.local/lib/python3.12/site-packages/airflow/example_dags/example_short_circuit_operator.py
[2024-06-27T11:49:15.209+0000] {processor.py:830} INFO - Processing file /home/airflow/.local/lib/python3.12/site-packages/airflow/example_dags/example_short_circuit_operator.py for tasks to queue
[2024-06-27T11:49:15.210+0000] {logging_mixin.py:188} INFO - [2024-06-27T11:49:15.210+0000] {dagbag.py:545} INFO - Filling up the DagBag from /home/airflow/.local/lib/python3.12/site-packages/airflow/example_dags/example_short_circuit_operator.py
[2024-06-27T11:49:15.214+0000] {processor.py:840} INFO - DAG(s) 'example_short_circuit_operator' retrieved from /home/airflow/.local/lib/python3.12/site-packages/airflow/example_dags/example_short_circuit_operator.py
[2024-06-27T11:49:15.227+0000] {logging_mixin.py:188} INFO - [2024-06-27T11:49:15.226+0000] {dag.py:3096} INFO - Sync 1 DAGs
[2024-06-27T11:49:15.238+0000] {logging_mixin.py:188} INFO - [2024-06-27T11:49:15.238+0000] {dag.py:3954} INFO - Setting next_dagrun for example_short_circuit_operator to 2024-06-26 00:00:00+00:00, run_after=2024-06-27 00:00:00+00:00
[2024-06-27T11:49:15.249+0000] {processor.py:183} INFO - Processing /home/airflow/.local/lib/python3.12/site-packages/airflow/example_dags/example_short_circuit_operator.py took 0.043 seconds
[2024-06-27T11:49:46.006+0000] {processor.py:161} INFO - Started process (PID=1052) to work on /home/airflow/.local/lib/python3.12/site-packages/airflow/example_dags/example_short_circuit_operator.py
[2024-06-27T11:49:46.007+0000] {processor.py:830} INFO - Processing file /home/airflow/.local/lib/python3.12/site-packages/airflow/example_dags/example_short_circuit_operator.py for tasks to queue
[2024-06-27T11:49:46.007+0000] {logging_mixin.py:188} INFO - [2024-06-27T11:49:46.007+0000] {dagbag.py:545} INFO - Filling up the DagBag from /home/airflow/.local/lib/python3.12/site-packages/airflow/example_dags/example_short_circuit_operator.py
[2024-06-27T11:49:46.011+0000] {processor.py:840} INFO - DAG(s) 'example_short_circuit_operator' retrieved from /home/airflow/.local/lib/python3.12/site-packages/airflow/example_dags/example_short_circuit_operator.py
[2024-06-27T11:49:46.024+0000] {logging_mixin.py:188} INFO - [2024-06-27T11:49:46.024+0000] {dag.py:3096} INFO - Sync 1 DAGs
[2024-06-27T11:49:46.036+0000] {logging_mixin.py:188} INFO - [2024-06-27T11:49:46.036+0000] {dag.py:3954} INFO - Setting next_dagrun for example_short_circuit_operator to 2024-06-26 00:00:00+00:00, run_after=2024-06-27 00:00:00+00:00
[2024-06-27T11:49:46.046+0000] {processor.py:183} INFO - Processing /home/airflow/.local/lib/python3.12/site-packages/airflow/example_dags/example_short_circuit_operator.py took 0.043 seconds
[2024-06-27T11:50:16.790+0000] {processor.py:161} INFO - Started process (PID=1111) to work on /home/airflow/.local/lib/python3.12/site-packages/airflow/example_dags/example_short_circuit_operator.py
[2024-06-27T11:50:16.791+0000] {processor.py:830} INFO - Processing file /home/airflow/.local/lib/python3.12/site-packages/airflow/example_dags/example_short_circuit_operator.py for tasks to queue
[2024-06-27T11:50:16.792+0000] {logging_mixin.py:188} INFO - [2024-06-27T11:50:16.792+0000] {dagbag.py:545} INFO - Filling up the DagBag from /home/airflow/.local/lib/python3.12/site-packages/airflow/example_dags/example_short_circuit_operator.py
[2024-06-27T11:50:16.796+0000] {processor.py:840} INFO - DAG(s) 'example_short_circuit_operator' retrieved from /home/airflow/.local/lib/python3.12/site-packages/airflow/example_dags/example_short_circuit_operator.py
[2024-06-27T11:50:16.808+0000] {logging_mixin.py:188} INFO - [2024-06-27T11:50:16.808+0000] {dag.py:3096} INFO - Sync 1 DAGs
[2024-06-27T11:50:16.820+0000] {logging_mixin.py:188} INFO - [2024-06-27T11:50:16.820+0000] {dag.py:3954} INFO - Setting next_dagrun for example_short_circuit_operator to 2024-06-26 00:00:00+00:00, run_after=2024-06-27 00:00:00+00:00
[2024-06-27T11:50:16.830+0000] {processor.py:183} INFO - Processing /home/airflow/.local/lib/python3.12/site-packages/airflow/example_dags/example_short_circuit_operator.py took 0.043 seconds
[2024-06-27T11:50:47.559+0000] {processor.py:161} INFO - Started process (PID=1170) to work on /home/airflow/.local/lib/python3.12/site-packages/airflow/example_dags/example_short_circuit_operator.py
[2024-06-27T11:50:47.560+0000] {processor.py:830} INFO - Processing file /home/airflow/.local/lib/python3.12/site-packages/airflow/example_dags/example_short_circuit_operator.py for tasks to queue
[2024-06-27T11:50:47.560+0000] {logging_mixin.py:188} INFO - [2024-06-27T11:50:47.560+0000] {dagbag.py:545} INFO - Filling up the DagBag from /home/airflow/.local/lib/python3.12/site-packages/airflow/example_dags/example_short_circuit_operator.py
[2024-06-27T11:50:47.564+0000] {processor.py:840} INFO - DAG(s) 'example_short_circuit_operator' retrieved from /home/airflow/.local/lib/python3.12/site-packages/airflow/example_dags/example_short_circuit_operator.py
[2024-06-27T11:50:47.577+0000] {logging_mixin.py:188} INFO - [2024-06-27T11:50:47.577+0000] {dag.py:3096} INFO - Sync 1 DAGs
[2024-06-27T11:50:47.589+0000] {logging_mixin.py:188} INFO - [2024-06-27T11:50:47.589+0000] {dag.py:3954} INFO - Setting next_dagrun for example_short_circuit_operator to 2024-06-26 00:00:00+00:00, run_after=2024-06-27 00:00:00+00:00
[2024-06-27T11:50:47.598+0000] {processor.py:183} INFO - Processing /home/airflow/.local/lib/python3.12/site-packages/airflow/example_dags/example_short_circuit_operator.py took 0.043 seconds
[2024-06-27T11:51:18.401+0000] {processor.py:161} INFO - Started process (PID=1229) to work on /home/airflow/.local/lib/python3.12/site-packages/airflow/example_dags/example_short_circuit_operator.py
[2024-06-27T11:51:18.402+0000] {processor.py:830} INFO - Processing file /home/airflow/.local/lib/python3.12/site-packages/airflow/example_dags/example_short_circuit_operator.py for tasks to queue
[2024-06-27T11:51:18.402+0000] {logging_mixin.py:188} INFO - [2024-06-27T11:51:18.402+0000] {dagbag.py:545} INFO - Filling up the DagBag from /home/airflow/.local/lib/python3.12/site-packages/airflow/example_dags/example_short_circuit_operator.py
[2024-06-27T11:51:18.406+0000] {processor.py:840} INFO - DAG(s) 'example_short_circuit_operator' retrieved from /home/airflow/.local/lib/python3.12/site-packages/airflow/example_dags/example_short_circuit_operator.py
[2024-06-27T11:51:18.419+0000] {logging_mixin.py:188} INFO - [2024-06-27T11:51:18.419+0000] {dag.py:3096} INFO - Sync 1 DAGs
[2024-06-27T11:51:18.432+0000] {logging_mixin.py:188} INFO - [2024-06-27T11:51:18.432+0000] {dag.py:3954} INFO - Setting next_dagrun for example_short_circuit_operator to 2024-06-26 00:00:00+00:00, run_after=2024-06-27 00:00:00+00:00
[2024-06-27T11:51:18.442+0000] {processor.py:183} INFO - Processing /home/airflow/.local/lib/python3.12/site-packages/airflow/example_dags/example_short_circuit_operator.py took 0.045 seconds
[2024-06-27T11:51:49.202+0000] {processor.py:161} INFO - Started process (PID=1288) to work on /home/airflow/.local/lib/python3.12/site-packages/airflow/example_dags/example_short_circuit_operator.py
[2024-06-27T11:51:49.202+0000] {processor.py:830} INFO - Processing file /home/airflow/.local/lib/python3.12/site-packages/airflow/example_dags/example_short_circuit_operator.py for tasks to queue
[2024-06-27T11:51:49.203+0000] {logging_mixin.py:188} INFO - [2024-06-27T11:51:49.203+0000] {dagbag.py:545} INFO - Filling up the DagBag from /home/airflow/.local/lib/python3.12/site-packages/airflow/example_dags/example_short_circuit_operator.py
[2024-06-27T11:51:49.207+0000] {processor.py:840} INFO - DAG(s) 'example_short_circuit_operator' retrieved from /home/airflow/.local/lib/python3.12/site-packages/airflow/example_dags/example_short_circuit_operator.py
[2024-06-27T11:51:49.219+0000] {logging_mixin.py:188} INFO - [2024-06-27T11:51:49.219+0000] {dag.py:3096} INFO - Sync 1 DAGs
[2024-06-27T11:51:49.231+0000] {logging_mixin.py:188} INFO - [2024-06-27T11:51:49.231+0000] {dag.py:3954} INFO - Setting next_dagrun for example_short_circuit_operator to 2024-06-26 00:00:00+00:00, run_after=2024-06-27 00:00:00+00:00
[2024-06-27T11:51:49.241+0000] {processor.py:183} INFO - Processing /home/airflow/.local/lib/python3.12/site-packages/airflow/example_dags/example_short_circuit_operator.py took 0.043 seconds
[2024-06-27T11:52:20.012+0000] {processor.py:161} INFO - Started process (PID=1347) to work on /home/airflow/.local/lib/python3.12/site-packages/airflow/example_dags/example_short_circuit_operator.py
[2024-06-27T11:52:20.012+0000] {processor.py:830} INFO - Processing file /home/airflow/.local/lib/python3.12/site-packages/airflow/example_dags/example_short_circuit_operator.py for tasks to queue
[2024-06-27T11:52:20.013+0000] {logging_mixin.py:188} INFO - [2024-06-27T11:52:20.013+0000] {dagbag.py:545} INFO - Filling up the DagBag from /home/airflow/.local/lib/python3.12/site-packages/airflow/example_dags/example_short_circuit_operator.py
[2024-06-27T11:52:20.017+0000] {processor.py:840} INFO - DAG(s) 'example_short_circuit_operator' retrieved from /home/airflow/.local/lib/python3.12/site-packages/airflow/example_dags/example_short_circuit_operator.py
[2024-06-27T11:52:20.030+0000] {logging_mixin.py:188} INFO - [2024-06-27T11:52:20.029+0000] {dag.py:3096} INFO - Sync 1 DAGs
[2024-06-27T11:52:20.041+0000] {logging_mixin.py:188} INFO - [2024-06-27T11:52:20.041+0000] {dag.py:3954} INFO - Setting next_dagrun for example_short_circuit_operator to 2024-06-26 00:00:00+00:00, run_after=2024-06-27 00:00:00+00:00
[2024-06-27T11:52:20.051+0000] {processor.py:183} INFO - Processing /home/airflow/.local/lib/python3.12/site-packages/airflow/example_dags/example_short_circuit_operator.py took 0.043 seconds
[2024-06-27T11:52:50.836+0000] {processor.py:161} INFO - Started process (PID=1407) to work on /home/airflow/.local/lib/python3.12/site-packages/airflow/example_dags/example_short_circuit_operator.py
[2024-06-27T11:52:50.837+0000] {processor.py:830} INFO - Processing file /home/airflow/.local/lib/python3.12/site-packages/airflow/example_dags/example_short_circuit_operator.py for tasks to queue
[2024-06-27T11:52:50.838+0000] {logging_mixin.py:188} INFO - [2024-06-27T11:52:50.838+0000] {dagbag.py:545} INFO - Filling up the DagBag from /home/airflow/.local/lib/python3.12/site-packages/airflow/example_dags/example_short_circuit_operator.py
[2024-06-27T11:52:50.842+0000] {processor.py:840} INFO - DAG(s) 'example_short_circuit_operator' retrieved from /home/airflow/.local/lib/python3.12/site-packages/airflow/example_dags/example_short_circuit_operator.py
[2024-06-27T11:52:50.854+0000] {logging_mixin.py:188} INFO - [2024-06-27T11:52:50.854+0000] {dag.py:3096} INFO - Sync 1 DAGs
[2024-06-27T11:52:50.866+0000] {logging_mixin.py:188} INFO - [2024-06-27T11:52:50.866+0000] {dag.py:3954} INFO - Setting next_dagrun for example_short_circuit_operator to 2024-06-26 00:00:00+00:00, run_after=2024-06-27 00:00:00+00:00
[2024-06-27T11:52:50.876+0000] {processor.py:183} INFO - Processing /home/airflow/.local/lib/python3.12/site-packages/airflow/example_dags/example_short_circuit_operator.py took 0.043 seconds
[2024-06-27T11:53:21.643+0000] {processor.py:161} INFO - Started process (PID=1466) to work on /home/airflow/.local/lib/python3.12/site-packages/airflow/example_dags/example_short_circuit_operator.py
[2024-06-27T11:53:21.644+0000] {processor.py:830} INFO - Processing file /home/airflow/.local/lib/python3.12/site-packages/airflow/example_dags/example_short_circuit_operator.py for tasks to queue
[2024-06-27T11:53:21.645+0000] {logging_mixin.py:188} INFO - [2024-06-27T11:53:21.644+0000] {dagbag.py:545} INFO - Filling up the DagBag from /home/airflow/.local/lib/python3.12/site-packages/airflow/example_dags/example_short_circuit_operator.py
[2024-06-27T11:53:21.648+0000] {processor.py:840} INFO - DAG(s) 'example_short_circuit_operator' retrieved from /home/airflow/.local/lib/python3.12/site-packages/airflow/example_dags/example_short_circuit_operator.py
[2024-06-27T11:53:21.661+0000] {logging_mixin.py:188} INFO - [2024-06-27T11:53:21.661+0000] {dag.py:3096} INFO - Sync 1 DAGs
[2024-06-27T11:53:21.674+0000] {logging_mixin.py:188} INFO - [2024-06-27T11:53:21.674+0000] {dag.py:3954} INFO - Setting next_dagrun for example_short_circuit_operator to 2024-06-26 00:00:00+00:00, run_after=2024-06-27 00:00:00+00:00
[2024-06-27T11:53:21.684+0000] {processor.py:183} INFO - Processing /home/airflow/.local/lib/python3.12/site-packages/airflow/example_dags/example_short_circuit_operator.py took 0.044 seconds
[2024-06-27T11:53:52.510+0000] {processor.py:161} INFO - Started process (PID=1525) to work on /home/airflow/.local/lib/python3.12/site-packages/airflow/example_dags/example_short_circuit_operator.py
[2024-06-27T11:53:52.510+0000] {processor.py:830} INFO - Processing file /home/airflow/.local/lib/python3.12/site-packages/airflow/example_dags/example_short_circuit_operator.py for tasks to queue
[2024-06-27T11:53:52.511+0000] {logging_mixin.py:188} INFO - [2024-06-27T11:53:52.511+0000] {dagbag.py:545} INFO - Filling up the DagBag from /home/airflow/.local/lib/python3.12/site-packages/airflow/example_dags/example_short_circuit_operator.py
[2024-06-27T11:53:52.515+0000] {processor.py:840} INFO - DAG(s) 'example_short_circuit_operator' retrieved from /home/airflow/.local/lib/python3.12/site-packages/airflow/example_dags/example_short_circuit_operator.py
[2024-06-27T11:53:52.528+0000] {logging_mixin.py:188} INFO - [2024-06-27T11:53:52.528+0000] {dag.py:3096} INFO - Sync 1 DAGs
[2024-06-27T11:53:52.540+0000] {logging_mixin.py:188} INFO - [2024-06-27T11:53:52.540+0000] {dag.py:3954} INFO - Setting next_dagrun for example_short_circuit_operator to 2024-06-26 00:00:00+00:00, run_after=2024-06-27 00:00:00+00:00
[2024-06-27T11:53:52.549+0000] {processor.py:183} INFO - Processing /home/airflow/.local/lib/python3.12/site-packages/airflow/example_dags/example_short_circuit_operator.py took 0.043 seconds
[2024-06-27T11:54:23.402+0000] {processor.py:161} INFO - Started process (PID=1584) to work on /home/airflow/.local/lib/python3.12/site-packages/airflow/example_dags/example_short_circuit_operator.py
[2024-06-27T11:54:23.402+0000] {processor.py:830} INFO - Processing file /home/airflow/.local/lib/python3.12/site-packages/airflow/example_dags/example_short_circuit_operator.py for tasks to queue
[2024-06-27T11:54:23.403+0000] {logging_mixin.py:188} INFO - [2024-06-27T11:54:23.403+0000] {dagbag.py:545} INFO - Filling up the DagBag from /home/airflow/.local/lib/python3.12/site-packages/airflow/example_dags/example_short_circuit_operator.py
[2024-06-27T11:54:23.407+0000] {processor.py:840} INFO - DAG(s) 'example_short_circuit_operator' retrieved from /home/airflow/.local/lib/python3.12/site-packages/airflow/example_dags/example_short_circuit_operator.py
[2024-06-27T11:54:23.419+0000] {logging_mixin.py:188} INFO - [2024-06-27T11:54:23.419+0000] {dag.py:3096} INFO - Sync 1 DAGs
[2024-06-27T11:54:23.432+0000] {logging_mixin.py:188} INFO - [2024-06-27T11:54:23.431+0000] {dag.py:3954} INFO - Setting next_dagrun for example_short_circuit_operator to 2024-06-26 00:00:00+00:00, run_after=2024-06-27 00:00:00+00:00
[2024-06-27T11:54:23.442+0000] {processor.py:183} INFO - Processing /home/airflow/.local/lib/python3.12/site-packages/airflow/example_dags/example_short_circuit_operator.py took 0.044 seconds
[2024-06-27T11:54:54.207+0000] {processor.py:161} INFO - Started process (PID=1643) to work on /home/airflow/.local/lib/python3.12/site-packages/airflow/example_dags/example_short_circuit_operator.py
[2024-06-27T11:54:54.207+0000] {processor.py:830} INFO - Processing file /home/airflow/.local/lib/python3.12/site-packages/airflow/example_dags/example_short_circuit_operator.py for tasks to queue
[2024-06-27T11:54:54.208+0000] {logging_mixin.py:188} INFO - [2024-06-27T11:54:54.208+0000] {dagbag.py:545} INFO - Filling up the DagBag from /home/airflow/.local/lib/python3.12/site-packages/airflow/example_dags/example_short_circuit_operator.py
[2024-06-27T11:54:54.212+0000] {processor.py:840} INFO - DAG(s) 'example_short_circuit_operator' retrieved from /home/airflow/.local/lib/python3.12/site-packages/airflow/example_dags/example_short_circuit_operator.py
[2024-06-27T11:54:54.225+0000] {logging_mixin.py:188} INFO - [2024-06-27T11:54:54.224+0000] {dag.py:3096} INFO - Sync 1 DAGs
[2024-06-27T11:54:54.236+0000] {logging_mixin.py:188} INFO - [2024-06-27T11:54:54.236+0000] {dag.py:3954} INFO - Setting next_dagrun for example_short_circuit_operator to 2024-06-26 00:00:00+00:00, run_after=2024-06-27 00:00:00+00:00
[2024-06-27T11:54:54.246+0000] {processor.py:183} INFO - Processing /home/airflow/.local/lib/python3.12/site-packages/airflow/example_dags/example_short_circuit_operator.py took 0.042 seconds
[2024-06-27T11:55:25.025+0000] {processor.py:161} INFO - Started process (PID=1702) to work on /home/airflow/.local/lib/python3.12/site-packages/airflow/example_dags/example_short_circuit_operator.py
[2024-06-27T11:55:25.026+0000] {processor.py:830} INFO - Processing file /home/airflow/.local/lib/python3.12/site-packages/airflow/example_dags/example_short_circuit_operator.py for tasks to queue
[2024-06-27T11:55:25.027+0000] {logging_mixin.py:188} INFO - [2024-06-27T11:55:25.027+0000] {dagbag.py:545} INFO - Filling up the DagBag from /home/airflow/.local/lib/python3.12/site-packages/airflow/example_dags/example_short_circuit_operator.py
[2024-06-27T11:55:25.031+0000] {processor.py:840} INFO - DAG(s) 'example_short_circuit_operator' retrieved from /home/airflow/.local/lib/python3.12/site-packages/airflow/example_dags/example_short_circuit_operator.py
[2024-06-27T11:55:25.043+0000] {logging_mixin.py:188} INFO - [2024-06-27T11:55:25.043+0000] {dag.py:3096} INFO - Sync 1 DAGs
[2024-06-27T11:55:25.055+0000] {logging_mixin.py:188} INFO - [2024-06-27T11:55:25.055+0000] {dag.py:3954} INFO - Setting next_dagrun for example_short_circuit_operator to 2024-06-26 00:00:00+00:00, run_after=2024-06-27 00:00:00+00:00
[2024-06-27T11:55:25.065+0000] {processor.py:183} INFO - Processing /home/airflow/.local/lib/python3.12/site-packages/airflow/example_dags/example_short_circuit_operator.py took 0.043 seconds
[2024-06-27T11:55:55.946+0000] {processor.py:161} INFO - Started process (PID=1767) to work on /home/airflow/.local/lib/python3.12/site-packages/airflow/example_dags/example_short_circuit_operator.py
[2024-06-27T11:55:55.947+0000] {processor.py:830} INFO - Processing file /home/airflow/.local/lib/python3.12/site-packages/airflow/example_dags/example_short_circuit_operator.py for tasks to queue
[2024-06-27T11:55:55.948+0000] {logging_mixin.py:188} INFO - [2024-06-27T11:55:55.948+0000] {dagbag.py:545} INFO - Filling up the DagBag from /home/airflow/.local/lib/python3.12/site-packages/airflow/example_dags/example_short_circuit_operator.py
[2024-06-27T11:55:55.952+0000] {processor.py:840} INFO - DAG(s) 'example_short_circuit_operator' retrieved from /home/airflow/.local/lib/python3.12/site-packages/airflow/example_dags/example_short_circuit_operator.py
[2024-06-27T11:55:55.964+0000] {logging_mixin.py:188} INFO - [2024-06-27T11:55:55.964+0000] {dag.py:3096} INFO - Sync 1 DAGs
[2024-06-27T11:55:55.976+0000] {logging_mixin.py:188} INFO - [2024-06-27T11:55:55.976+0000] {dag.py:3954} INFO - Setting next_dagrun for example_short_circuit_operator to 2024-06-26 00:00:00+00:00, run_after=2024-06-27 00:00:00+00:00
[2024-06-27T11:55:55.986+0000] {processor.py:183} INFO - Processing /home/airflow/.local/lib/python3.12/site-packages/airflow/example_dags/example_short_circuit_operator.py took 0.043 seconds
[2024-06-27T11:56:26.952+0000] {processor.py:161} INFO - Started process (PID=1826) to work on /home/airflow/.local/lib/python3.12/site-packages/airflow/example_dags/example_short_circuit_operator.py
[2024-06-27T11:56:26.952+0000] {processor.py:830} INFO - Processing file /home/airflow/.local/lib/python3.12/site-packages/airflow/example_dags/example_short_circuit_operator.py for tasks to queue
[2024-06-27T11:56:26.953+0000] {logging_mixin.py:188} INFO - [2024-06-27T11:56:26.953+0000] {dagbag.py:545} INFO - Filling up the DagBag from /home/airflow/.local/lib/python3.12/site-packages/airflow/example_dags/example_short_circuit_operator.py
[2024-06-27T11:56:26.957+0000] {processor.py:840} INFO - DAG(s) 'example_short_circuit_operator' retrieved from /home/airflow/.local/lib/python3.12/site-packages/airflow/example_dags/example_short_circuit_operator.py
[2024-06-27T11:56:26.970+0000] {logging_mixin.py:188} INFO - [2024-06-27T11:56:26.970+0000] {dag.py:3096} INFO - Sync 1 DAGs
[2024-06-27T11:56:26.982+0000] {logging_mixin.py:188} INFO - [2024-06-27T11:56:26.982+0000] {dag.py:3954} INFO - Setting next_dagrun for example_short_circuit_operator to 2024-06-26 00:00:00+00:00, run_after=2024-06-27 00:00:00+00:00
[2024-06-27T11:56:26.992+0000] {processor.py:183} INFO - Processing /home/airflow/.local/lib/python3.12/site-packages/airflow/example_dags/example_short_circuit_operator.py took 0.044 seconds
[2024-06-27T11:56:58.314+0000] {processor.py:161} INFO - Started process (PID=1885) to work on /home/airflow/.local/lib/python3.12/site-packages/airflow/example_dags/example_short_circuit_operator.py
[2024-06-27T11:56:58.315+0000] {processor.py:830} INFO - Processing file /home/airflow/.local/lib/python3.12/site-packages/airflow/example_dags/example_short_circuit_operator.py for tasks to queue
[2024-06-27T11:56:58.316+0000] {logging_mixin.py:188} INFO - [2024-06-27T11:56:58.316+0000] {dagbag.py:545} INFO - Filling up the DagBag from /home/airflow/.local/lib/python3.12/site-packages/airflow/example_dags/example_short_circuit_operator.py
[2024-06-27T11:56:58.320+0000] {processor.py:840} INFO - DAG(s) 'example_short_circuit_operator' retrieved from /home/airflow/.local/lib/python3.12/site-packages/airflow/example_dags/example_short_circuit_operator.py
[2024-06-27T11:56:58.414+0000] {logging_mixin.py:188} INFO - [2024-06-27T11:56:58.414+0000] {dag.py:3096} INFO - Sync 1 DAGs
[2024-06-27T11:56:58.425+0000] {logging_mixin.py:188} INFO - [2024-06-27T11:56:58.425+0000] {dag.py:3954} INFO - Setting next_dagrun for example_short_circuit_operator to 2024-06-26 00:00:00+00:00, run_after=2024-06-27 00:00:00+00:00
[2024-06-27T11:56:58.436+0000] {processor.py:183} INFO - Processing /home/airflow/.local/lib/python3.12/site-packages/airflow/example_dags/example_short_circuit_operator.py took 0.124 seconds
[2024-06-27T11:57:28.922+0000] {processor.py:161} INFO - Started process (PID=1944) to work on /home/airflow/.local/lib/python3.12/site-packages/airflow/example_dags/example_short_circuit_operator.py
[2024-06-27T11:57:28.922+0000] {processor.py:830} INFO - Processing file /home/airflow/.local/lib/python3.12/site-packages/airflow/example_dags/example_short_circuit_operator.py for tasks to queue
[2024-06-27T11:57:28.923+0000] {logging_mixin.py:188} INFO - [2024-06-27T11:57:28.923+0000] {dagbag.py:545} INFO - Filling up the DagBag from /home/airflow/.local/lib/python3.12/site-packages/airflow/example_dags/example_short_circuit_operator.py
[2024-06-27T11:57:28.927+0000] {processor.py:840} INFO - DAG(s) 'example_short_circuit_operator' retrieved from /home/airflow/.local/lib/python3.12/site-packages/airflow/example_dags/example_short_circuit_operator.py
[2024-06-27T11:57:29.025+0000] {logging_mixin.py:188} INFO - [2024-06-27T11:57:29.025+0000] {dag.py:3096} INFO - Sync 1 DAGs
[2024-06-27T11:57:29.035+0000] {logging_mixin.py:188} INFO - [2024-06-27T11:57:29.035+0000] {dag.py:3954} INFO - Setting next_dagrun for example_short_circuit_operator to 2024-06-26 00:00:00+00:00, run_after=2024-06-27 00:00:00+00:00
[2024-06-27T11:57:29.045+0000] {processor.py:183} INFO - Processing /home/airflow/.local/lib/python3.12/site-packages/airflow/example_dags/example_short_circuit_operator.py took 0.126 seconds
[2024-06-27T11:57:59.146+0000] {processor.py:161} INFO - Started process (PID=2003) to work on /home/airflow/.local/lib/python3.12/site-packages/airflow/example_dags/example_short_circuit_operator.py
[2024-06-27T11:57:59.147+0000] {processor.py:830} INFO - Processing file /home/airflow/.local/lib/python3.12/site-packages/airflow/example_dags/example_short_circuit_operator.py for tasks to queue
[2024-06-27T11:57:59.148+0000] {logging_mixin.py:188} INFO - [2024-06-27T11:57:59.148+0000] {dagbag.py:545} INFO - Filling up the DagBag from /home/airflow/.local/lib/python3.12/site-packages/airflow/example_dags/example_short_circuit_operator.py
[2024-06-27T11:57:59.152+0000] {processor.py:840} INFO - DAG(s) 'example_short_circuit_operator' retrieved from /home/airflow/.local/lib/python3.12/site-packages/airflow/example_dags/example_short_circuit_operator.py
[2024-06-27T11:57:59.165+0000] {logging_mixin.py:188} INFO - [2024-06-27T11:57:59.164+0000] {dag.py:3096} INFO - Sync 1 DAGs
[2024-06-27T11:57:59.177+0000] {logging_mixin.py:188} INFO - [2024-06-27T11:57:59.176+0000] {dag.py:3954} INFO - Setting next_dagrun for example_short_circuit_operator to 2024-06-26 00:00:00+00:00, run_after=2024-06-27 00:00:00+00:00
[2024-06-27T11:57:59.187+0000] {processor.py:183} INFO - Processing /home/airflow/.local/lib/python3.12/site-packages/airflow/example_dags/example_short_circuit_operator.py took 0.043 seconds
[2024-06-27T11:58:29.857+0000] {processor.py:161} INFO - Started process (PID=2062) to work on /home/airflow/.local/lib/python3.12/site-packages/airflow/example_dags/example_short_circuit_operator.py
[2024-06-27T11:58:29.858+0000] {processor.py:830} INFO - Processing file /home/airflow/.local/lib/python3.12/site-packages/airflow/example_dags/example_short_circuit_operator.py for tasks to queue
[2024-06-27T11:58:29.859+0000] {logging_mixin.py:188} INFO - [2024-06-27T11:58:29.858+0000] {dagbag.py:545} INFO - Filling up the DagBag from /home/airflow/.local/lib/python3.12/site-packages/airflow/example_dags/example_short_circuit_operator.py
[2024-06-27T11:58:29.862+0000] {processor.py:840} INFO - DAG(s) 'example_short_circuit_operator' retrieved from /home/airflow/.local/lib/python3.12/site-packages/airflow/example_dags/example_short_circuit_operator.py
[2024-06-27T11:58:29.876+0000] {logging_mixin.py:188} INFO - [2024-06-27T11:58:29.876+0000] {dag.py:3096} INFO - Sync 1 DAGs
[2024-06-27T11:58:29.888+0000] {logging_mixin.py:188} INFO - [2024-06-27T11:58:29.888+0000] {dag.py:3954} INFO - Setting next_dagrun for example_short_circuit_operator to 2024-06-26 00:00:00+00:00, run_after=2024-06-27 00:00:00+00:00
[2024-06-27T11:58:29.898+0000] {processor.py:183} INFO - Processing /home/airflow/.local/lib/python3.12/site-packages/airflow/example_dags/example_short_circuit_operator.py took 0.044 seconds
[2024-06-27T11:59:00.565+0000] {processor.py:161} INFO - Started process (PID=2121) to work on /home/airflow/.local/lib/python3.12/site-packages/airflow/example_dags/example_short_circuit_operator.py
[2024-06-27T11:59:00.566+0000] {processor.py:830} INFO - Processing file /home/airflow/.local/lib/python3.12/site-packages/airflow/example_dags/example_short_circuit_operator.py for tasks to queue
[2024-06-27T11:59:00.567+0000] {logging_mixin.py:188} INFO - [2024-06-27T11:59:00.566+0000] {dagbag.py:545} INFO - Filling up the DagBag from /home/airflow/.local/lib/python3.12/site-packages/airflow/example_dags/example_short_circuit_operator.py
[2024-06-27T11:59:00.570+0000] {processor.py:840} INFO - DAG(s) 'example_short_circuit_operator' retrieved from /home/airflow/.local/lib/python3.12/site-packages/airflow/example_dags/example_short_circuit_operator.py
[2024-06-27T11:59:00.583+0000] {logging_mixin.py:188} INFO - [2024-06-27T11:59:00.583+0000] {dag.py:3096} INFO - Sync 1 DAGs
[2024-06-27T11:59:00.595+0000] {logging_mixin.py:188} INFO - [2024-06-27T11:59:00.595+0000] {dag.py:3954} INFO - Setting next_dagrun for example_short_circuit_operator to 2024-06-26 00:00:00+00:00, run_after=2024-06-27 00:00:00+00:00
[2024-06-27T11:59:00.605+0000] {processor.py:183} INFO - Processing /home/airflow/.local/lib/python3.12/site-packages/airflow/example_dags/example_short_circuit_operator.py took 0.043 seconds
[2024-06-27T11:59:31.315+0000] {processor.py:161} INFO - Started process (PID=2180) to work on /home/airflow/.local/lib/python3.12/site-packages/airflow/example_dags/example_short_circuit_operator.py
[2024-06-27T11:59:31.316+0000] {processor.py:830} INFO - Processing file /home/airflow/.local/lib/python3.12/site-packages/airflow/example_dags/example_short_circuit_operator.py for tasks to queue
[2024-06-27T11:59:31.317+0000] {logging_mixin.py:188} INFO - [2024-06-27T11:59:31.317+0000] {dagbag.py:545} INFO - Filling up the DagBag from /home/airflow/.local/lib/python3.12/site-packages/airflow/example_dags/example_short_circuit_operator.py
[2024-06-27T11:59:31.321+0000] {processor.py:840} INFO - DAG(s) 'example_short_circuit_operator' retrieved from /home/airflow/.local/lib/python3.12/site-packages/airflow/example_dags/example_short_circuit_operator.py
[2024-06-27T11:59:31.333+0000] {logging_mixin.py:188} INFO - [2024-06-27T11:59:31.333+0000] {dag.py:3096} INFO - Sync 1 DAGs
[2024-06-27T11:59:31.345+0000] {logging_mixin.py:188} INFO - [2024-06-27T11:59:31.345+0000] {dag.py:3954} INFO - Setting next_dagrun for example_short_circuit_operator to 2024-06-26 00:00:00+00:00, run_after=2024-06-27 00:00:00+00:00
[2024-06-27T11:59:31.356+0000] {processor.py:183} INFO - Processing /home/airflow/.local/lib/python3.12/site-packages/airflow/example_dags/example_short_circuit_operator.py took 0.047 seconds
[2024-06-27T12:00:02.056+0000] {processor.py:161} INFO - Started process (PID=2239) to work on /home/airflow/.local/lib/python3.12/site-packages/airflow/example_dags/example_short_circuit_operator.py
[2024-06-27T12:00:02.057+0000] {processor.py:830} INFO - Processing file /home/airflow/.local/lib/python3.12/site-packages/airflow/example_dags/example_short_circuit_operator.py for tasks to queue
[2024-06-27T12:00:02.058+0000] {logging_mixin.py:188} INFO - [2024-06-27T12:00:02.058+0000] {dagbag.py:545} INFO - Filling up the DagBag from /home/airflow/.local/lib/python3.12/site-packages/airflow/example_dags/example_short_circuit_operator.py
[2024-06-27T12:00:02.062+0000] {processor.py:840} INFO - DAG(s) 'example_short_circuit_operator' retrieved from /home/airflow/.local/lib/python3.12/site-packages/airflow/example_dags/example_short_circuit_operator.py
[2024-06-27T12:00:02.075+0000] {logging_mixin.py:188} INFO - [2024-06-27T12:00:02.075+0000] {dag.py:3096} INFO - Sync 1 DAGs
[2024-06-27T12:00:02.086+0000] {logging_mixin.py:188} INFO - [2024-06-27T12:00:02.086+0000] {dag.py:3954} INFO - Setting next_dagrun for example_short_circuit_operator to 2024-06-26 00:00:00+00:00, run_after=2024-06-27 00:00:00+00:00
[2024-06-27T12:00:02.096+0000] {processor.py:183} INFO - Processing /home/airflow/.local/lib/python3.12/site-packages/airflow/example_dags/example_short_circuit_operator.py took 0.043 seconds
[2024-06-27T12:00:32.788+0000] {processor.py:161} INFO - Started process (PID=2298) to work on /home/airflow/.local/lib/python3.12/site-packages/airflow/example_dags/example_short_circuit_operator.py
[2024-06-27T12:00:32.789+0000] {processor.py:830} INFO - Processing file /home/airflow/.local/lib/python3.12/site-packages/airflow/example_dags/example_short_circuit_operator.py for tasks to queue
[2024-06-27T12:00:32.790+0000] {logging_mixin.py:188} INFO - [2024-06-27T12:00:32.790+0000] {dagbag.py:545} INFO - Filling up the DagBag from /home/airflow/.local/lib/python3.12/site-packages/airflow/example_dags/example_short_circuit_operator.py
[2024-06-27T12:00:32.794+0000] {processor.py:840} INFO - DAG(s) 'example_short_circuit_operator' retrieved from /home/airflow/.local/lib/python3.12/site-packages/airflow/example_dags/example_short_circuit_operator.py
[2024-06-27T12:00:32.806+0000] {logging_mixin.py:188} INFO - [2024-06-27T12:00:32.806+0000] {dag.py:3096} INFO - Sync 1 DAGs
[2024-06-27T12:00:32.817+0000] {logging_mixin.py:188} INFO - [2024-06-27T12:00:32.817+0000] {dag.py:3954} INFO - Setting next_dagrun for example_short_circuit_operator to 2024-06-26 00:00:00+00:00, run_after=2024-06-27 00:00:00+00:00
[2024-06-27T12:00:32.826+0000] {processor.py:183} INFO - Processing /home/airflow/.local/lib/python3.12/site-packages/airflow/example_dags/example_short_circuit_operator.py took 0.041 seconds
[2024-06-27T12:01:03.530+0000] {processor.py:161} INFO - Started process (PID=2357) to work on /home/airflow/.local/lib/python3.12/site-packages/airflow/example_dags/example_short_circuit_operator.py
[2024-06-27T12:01:03.531+0000] {processor.py:830} INFO - Processing file /home/airflow/.local/lib/python3.12/site-packages/airflow/example_dags/example_short_circuit_operator.py for tasks to queue
[2024-06-27T12:01:03.531+0000] {logging_mixin.py:188} INFO - [2024-06-27T12:01:03.531+0000] {dagbag.py:545} INFO - Filling up the DagBag from /home/airflow/.local/lib/python3.12/site-packages/airflow/example_dags/example_short_circuit_operator.py
[2024-06-27T12:01:03.535+0000] {processor.py:840} INFO - DAG(s) 'example_short_circuit_operator' retrieved from /home/airflow/.local/lib/python3.12/site-packages/airflow/example_dags/example_short_circuit_operator.py
[2024-06-27T12:01:03.548+0000] {logging_mixin.py:188} INFO - [2024-06-27T12:01:03.548+0000] {dag.py:3096} INFO - Sync 1 DAGs
[2024-06-27T12:01:03.559+0000] {logging_mixin.py:188} INFO - [2024-06-27T12:01:03.559+0000] {dag.py:3954} INFO - Setting next_dagrun for example_short_circuit_operator to 2024-06-26 00:00:00+00:00, run_after=2024-06-27 00:00:00+00:00
[2024-06-27T12:01:03.570+0000] {processor.py:183} INFO - Processing /home/airflow/.local/lib/python3.12/site-packages/airflow/example_dags/example_short_circuit_operator.py took 0.043 seconds
[2024-06-27T12:01:34.332+0000] {processor.py:161} INFO - Started process (PID=2416) to work on /home/airflow/.local/lib/python3.12/site-packages/airflow/example_dags/example_short_circuit_operator.py
[2024-06-27T12:01:34.333+0000] {processor.py:830} INFO - Processing file /home/airflow/.local/lib/python3.12/site-packages/airflow/example_dags/example_short_circuit_operator.py for tasks to queue
[2024-06-27T12:01:34.334+0000] {logging_mixin.py:188} INFO - [2024-06-27T12:01:34.334+0000] {dagbag.py:545} INFO - Filling up the DagBag from /home/airflow/.local/lib/python3.12/site-packages/airflow/example_dags/example_short_circuit_operator.py
[2024-06-27T12:01:34.338+0000] {processor.py:840} INFO - DAG(s) 'example_short_circuit_operator' retrieved from /home/airflow/.local/lib/python3.12/site-packages/airflow/example_dags/example_short_circuit_operator.py
[2024-06-27T12:01:34.352+0000] {logging_mixin.py:188} INFO - [2024-06-27T12:01:34.352+0000] {dag.py:3096} INFO - Sync 1 DAGs
[2024-06-27T12:01:34.366+0000] {logging_mixin.py:188} INFO - [2024-06-27T12:01:34.366+0000] {dag.py:3954} INFO - Setting next_dagrun for example_short_circuit_operator to 2024-06-26 00:00:00+00:00, run_after=2024-06-27 00:00:00+00:00
[2024-06-27T12:01:34.377+0000] {processor.py:183} INFO - Processing /home/airflow/.local/lib/python3.12/site-packages/airflow/example_dags/example_short_circuit_operator.py took 0.048 seconds
