[2024-06-27T11:41:04.114+0000] {processor.py:161} INFO - Started process (PID=65) to work on /home/airflow/.local/lib/python3.12/site-packages/airflow/example_dags/example_dynamic_task_mapping_with_no_taskflow_operators.py
[2024-06-27T11:41:04.115+0000] {processor.py:830} INFO - Processing file /home/airflow/.local/lib/python3.12/site-packages/airflow/example_dags/example_dynamic_task_mapping_with_no_taskflow_operators.py for tasks to queue
[2024-06-27T11:41:04.116+0000] {logging_mixin.py:188} INFO - [2024-06-27T11:41:04.115+0000] {dagbag.py:545} INFO - Filling up the DagBag from /home/airflow/.local/lib/python3.12/site-packages/airflow/example_dags/example_dynamic_task_mapping_with_no_taskflow_operators.py
[2024-06-27T11:41:04.120+0000] {processor.py:840} INFO - DAG(s) 'example_dynamic_task_mapping_with_no_taskflow_operators' retrieved from /home/airflow/.local/lib/python3.12/site-packages/airflow/example_dags/example_dynamic_task_mapping_with_no_taskflow_operators.py
[2024-06-27T11:41:04.127+0000] {logging_mixin.py:188} INFO - [2024-06-27T11:41:04.127+0000] {dag.py:3096} INFO - Sync 1 DAGs
[2024-06-27T11:41:04.142+0000] {logging_mixin.py:188} INFO - [2024-06-27T11:41:04.141+0000] {dag.py:3954} INFO - Setting next_dagrun for example_dynamic_task_mapping_with_no_taskflow_operators to 2024-06-26 00:00:00+00:00, run_after=2024-06-27 00:00:00+00:00
[2024-06-27T11:41:04.153+0000] {processor.py:183} INFO - Processing /home/airflow/.local/lib/python3.12/site-packages/airflow/example_dags/example_dynamic_task_mapping_with_no_taskflow_operators.py took 0.042 seconds
[2024-06-27T11:41:35.294+0000] {processor.py:161} INFO - Started process (PID=123) to work on /home/airflow/.local/lib/python3.12/site-packages/airflow/example_dags/example_dynamic_task_mapping_with_no_taskflow_operators.py
[2024-06-27T11:41:35.295+0000] {processor.py:830} INFO - Processing file /home/airflow/.local/lib/python3.12/site-packages/airflow/example_dags/example_dynamic_task_mapping_with_no_taskflow_operators.py for tasks to queue
[2024-06-27T11:41:35.296+0000] {logging_mixin.py:188} INFO - [2024-06-27T11:41:35.296+0000] {dagbag.py:545} INFO - Filling up the DagBag from /home/airflow/.local/lib/python3.12/site-packages/airflow/example_dags/example_dynamic_task_mapping_with_no_taskflow_operators.py
[2024-06-27T11:41:35.299+0000] {processor.py:840} INFO - DAG(s) 'example_dynamic_task_mapping_with_no_taskflow_operators' retrieved from /home/airflow/.local/lib/python3.12/site-packages/airflow/example_dags/example_dynamic_task_mapping_with_no_taskflow_operators.py
[2024-06-27T11:41:35.356+0000] {logging_mixin.py:188} INFO - [2024-06-27T11:41:35.356+0000] {dag.py:3096} INFO - Sync 1 DAGs
[2024-06-27T11:41:35.369+0000] {logging_mixin.py:188} INFO - [2024-06-27T11:41:35.369+0000] {dag.py:3954} INFO - Setting next_dagrun for example_dynamic_task_mapping_with_no_taskflow_operators to 2024-06-26 00:00:00+00:00, run_after=2024-06-27 00:00:00+00:00
[2024-06-27T11:41:35.380+0000] {processor.py:183} INFO - Processing /home/airflow/.local/lib/python3.12/site-packages/airflow/example_dags/example_dynamic_task_mapping_with_no_taskflow_operators.py took 0.089 seconds
[2024-06-27T11:42:05.511+0000] {processor.py:161} INFO - Started process (PID=181) to work on /home/airflow/.local/lib/python3.12/site-packages/airflow/example_dags/example_dynamic_task_mapping_with_no_taskflow_operators.py
[2024-06-27T11:42:05.512+0000] {processor.py:830} INFO - Processing file /home/airflow/.local/lib/python3.12/site-packages/airflow/example_dags/example_dynamic_task_mapping_with_no_taskflow_operators.py for tasks to queue
[2024-06-27T11:42:05.513+0000] {logging_mixin.py:188} INFO - [2024-06-27T11:42:05.512+0000] {dagbag.py:545} INFO - Filling up the DagBag from /home/airflow/.local/lib/python3.12/site-packages/airflow/example_dags/example_dynamic_task_mapping_with_no_taskflow_operators.py
[2024-06-27T11:42:05.516+0000] {processor.py:840} INFO - DAG(s) 'example_dynamic_task_mapping_with_no_taskflow_operators' retrieved from /home/airflow/.local/lib/python3.12/site-packages/airflow/example_dags/example_dynamic_task_mapping_with_no_taskflow_operators.py
[2024-06-27T11:42:05.527+0000] {logging_mixin.py:188} INFO - [2024-06-27T11:42:05.527+0000] {dag.py:3096} INFO - Sync 1 DAGs
[2024-06-27T11:42:05.540+0000] {logging_mixin.py:188} INFO - [2024-06-27T11:42:05.540+0000] {dag.py:3954} INFO - Setting next_dagrun for example_dynamic_task_mapping_with_no_taskflow_operators to 2024-06-26 00:00:00+00:00, run_after=2024-06-27 00:00:00+00:00
[2024-06-27T11:42:05.551+0000] {processor.py:183} INFO - Processing /home/airflow/.local/lib/python3.12/site-packages/airflow/example_dags/example_dynamic_task_mapping_with_no_taskflow_operators.py took 0.043 seconds
[2024-06-27T11:42:36.528+0000] {processor.py:161} INFO - Started process (PID=239) to work on /home/airflow/.local/lib/python3.12/site-packages/airflow/example_dags/example_dynamic_task_mapping_with_no_taskflow_operators.py
[2024-06-27T11:42:36.529+0000] {processor.py:830} INFO - Processing file /home/airflow/.local/lib/python3.12/site-packages/airflow/example_dags/example_dynamic_task_mapping_with_no_taskflow_operators.py for tasks to queue
[2024-06-27T11:42:36.530+0000] {logging_mixin.py:188} INFO - [2024-06-27T11:42:36.529+0000] {dagbag.py:545} INFO - Filling up the DagBag from /home/airflow/.local/lib/python3.12/site-packages/airflow/example_dags/example_dynamic_task_mapping_with_no_taskflow_operators.py
[2024-06-27T11:42:36.534+0000] {processor.py:840} INFO - DAG(s) 'example_dynamic_task_mapping_with_no_taskflow_operators' retrieved from /home/airflow/.local/lib/python3.12/site-packages/airflow/example_dags/example_dynamic_task_mapping_with_no_taskflow_operators.py
[2024-06-27T11:42:36.545+0000] {logging_mixin.py:188} INFO - [2024-06-27T11:42:36.544+0000] {dag.py:3096} INFO - Sync 1 DAGs
[2024-06-27T11:42:36.557+0000] {logging_mixin.py:188} INFO - [2024-06-27T11:42:36.557+0000] {dag.py:3954} INFO - Setting next_dagrun for example_dynamic_task_mapping_with_no_taskflow_operators to 2024-06-26 00:00:00+00:00, run_after=2024-06-27 00:00:00+00:00
[2024-06-27T11:42:36.569+0000] {processor.py:183} INFO - Processing /home/airflow/.local/lib/python3.12/site-packages/airflow/example_dags/example_dynamic_task_mapping_with_no_taskflow_operators.py took 0.045 seconds
[2024-06-27T11:43:06.656+0000] {processor.py:161} INFO - Started process (PID=297) to work on /home/airflow/.local/lib/python3.12/site-packages/airflow/example_dags/example_dynamic_task_mapping_with_no_taskflow_operators.py
[2024-06-27T11:43:06.656+0000] {processor.py:830} INFO - Processing file /home/airflow/.local/lib/python3.12/site-packages/airflow/example_dags/example_dynamic_task_mapping_with_no_taskflow_operators.py for tasks to queue
[2024-06-27T11:43:06.657+0000] {logging_mixin.py:188} INFO - [2024-06-27T11:43:06.657+0000] {dagbag.py:545} INFO - Filling up the DagBag from /home/airflow/.local/lib/python3.12/site-packages/airflow/example_dags/example_dynamic_task_mapping_with_no_taskflow_operators.py
[2024-06-27T11:43:06.661+0000] {processor.py:840} INFO - DAG(s) 'example_dynamic_task_mapping_with_no_taskflow_operators' retrieved from /home/airflow/.local/lib/python3.12/site-packages/airflow/example_dags/example_dynamic_task_mapping_with_no_taskflow_operators.py
[2024-06-27T11:43:06.674+0000] {logging_mixin.py:188} INFO - [2024-06-27T11:43:06.674+0000] {dag.py:3096} INFO - Sync 1 DAGs
[2024-06-27T11:43:06.691+0000] {logging_mixin.py:188} INFO - [2024-06-27T11:43:06.691+0000] {dag.py:3954} INFO - Setting next_dagrun for example_dynamic_task_mapping_with_no_taskflow_operators to 2024-06-26 00:00:00+00:00, run_after=2024-06-27 00:00:00+00:00
[2024-06-27T11:43:06.705+0000] {processor.py:183} INFO - Processing /home/airflow/.local/lib/python3.12/site-packages/airflow/example_dags/example_dynamic_task_mapping_with_no_taskflow_operators.py took 0.052 seconds
[2024-06-27T11:43:37.486+0000] {processor.py:161} INFO - Started process (PID=355) to work on /home/airflow/.local/lib/python3.12/site-packages/airflow/example_dags/example_dynamic_task_mapping_with_no_taskflow_operators.py
[2024-06-27T11:43:37.487+0000] {processor.py:830} INFO - Processing file /home/airflow/.local/lib/python3.12/site-packages/airflow/example_dags/example_dynamic_task_mapping_with_no_taskflow_operators.py for tasks to queue
[2024-06-27T11:43:37.488+0000] {logging_mixin.py:188} INFO - [2024-06-27T11:43:37.487+0000] {dagbag.py:545} INFO - Filling up the DagBag from /home/airflow/.local/lib/python3.12/site-packages/airflow/example_dags/example_dynamic_task_mapping_with_no_taskflow_operators.py
[2024-06-27T11:43:37.491+0000] {processor.py:840} INFO - DAG(s) 'example_dynamic_task_mapping_with_no_taskflow_operators' retrieved from /home/airflow/.local/lib/python3.12/site-packages/airflow/example_dags/example_dynamic_task_mapping_with_no_taskflow_operators.py
[2024-06-27T11:43:37.502+0000] {logging_mixin.py:188} INFO - [2024-06-27T11:43:37.501+0000] {dag.py:3096} INFO - Sync 1 DAGs
[2024-06-27T11:43:37.513+0000] {logging_mixin.py:188} INFO - [2024-06-27T11:43:37.513+0000] {dag.py:3954} INFO - Setting next_dagrun for example_dynamic_task_mapping_with_no_taskflow_operators to 2024-06-26 00:00:00+00:00, run_after=2024-06-27 00:00:00+00:00
[2024-06-27T11:43:37.523+0000] {processor.py:183} INFO - Processing /home/airflow/.local/lib/python3.12/site-packages/airflow/example_dags/example_dynamic_task_mapping_with_no_taskflow_operators.py took 0.040 seconds
[2024-06-27T11:44:08.164+0000] {processor.py:161} INFO - Started process (PID=413) to work on /home/airflow/.local/lib/python3.12/site-packages/airflow/example_dags/example_dynamic_task_mapping_with_no_taskflow_operators.py
[2024-06-27T11:44:08.164+0000] {processor.py:830} INFO - Processing file /home/airflow/.local/lib/python3.12/site-packages/airflow/example_dags/example_dynamic_task_mapping_with_no_taskflow_operators.py for tasks to queue
[2024-06-27T11:44:08.165+0000] {logging_mixin.py:188} INFO - [2024-06-27T11:44:08.165+0000] {dagbag.py:545} INFO - Filling up the DagBag from /home/airflow/.local/lib/python3.12/site-packages/airflow/example_dags/example_dynamic_task_mapping_with_no_taskflow_operators.py
[2024-06-27T11:44:08.169+0000] {processor.py:840} INFO - DAG(s) 'example_dynamic_task_mapping_with_no_taskflow_operators' retrieved from /home/airflow/.local/lib/python3.12/site-packages/airflow/example_dags/example_dynamic_task_mapping_with_no_taskflow_operators.py
[2024-06-27T11:44:08.179+0000] {logging_mixin.py:188} INFO - [2024-06-27T11:44:08.179+0000] {dag.py:3096} INFO - Sync 1 DAGs
[2024-06-27T11:44:08.191+0000] {logging_mixin.py:188} INFO - [2024-06-27T11:44:08.191+0000] {dag.py:3954} INFO - Setting next_dagrun for example_dynamic_task_mapping_with_no_taskflow_operators to 2024-06-26 00:00:00+00:00, run_after=2024-06-27 00:00:00+00:00
[2024-06-27T11:44:08.201+0000] {processor.py:183} INFO - Processing /home/airflow/.local/lib/python3.12/site-packages/airflow/example_dags/example_dynamic_task_mapping_with_no_taskflow_operators.py took 0.041 seconds
[2024-06-27T11:44:39.033+0000] {processor.py:161} INFO - Started process (PID=471) to work on /home/airflow/.local/lib/python3.12/site-packages/airflow/example_dags/example_dynamic_task_mapping_with_no_taskflow_operators.py
[2024-06-27T11:44:39.034+0000] {processor.py:830} INFO - Processing file /home/airflow/.local/lib/python3.12/site-packages/airflow/example_dags/example_dynamic_task_mapping_with_no_taskflow_operators.py for tasks to queue
[2024-06-27T11:44:39.035+0000] {logging_mixin.py:188} INFO - [2024-06-27T11:44:39.035+0000] {dagbag.py:545} INFO - Filling up the DagBag from /home/airflow/.local/lib/python3.12/site-packages/airflow/example_dags/example_dynamic_task_mapping_with_no_taskflow_operators.py
[2024-06-27T11:44:39.038+0000] {processor.py:840} INFO - DAG(s) 'example_dynamic_task_mapping_with_no_taskflow_operators' retrieved from /home/airflow/.local/lib/python3.12/site-packages/airflow/example_dags/example_dynamic_task_mapping_with_no_taskflow_operators.py
[2024-06-27T11:44:39.049+0000] {logging_mixin.py:188} INFO - [2024-06-27T11:44:39.049+0000] {dag.py:3096} INFO - Sync 1 DAGs
[2024-06-27T11:44:39.061+0000] {logging_mixin.py:188} INFO - [2024-06-27T11:44:39.061+0000] {dag.py:3954} INFO - Setting next_dagrun for example_dynamic_task_mapping_with_no_taskflow_operators to 2024-06-26 00:00:00+00:00, run_after=2024-06-27 00:00:00+00:00
[2024-06-27T11:44:39.071+0000] {processor.py:183} INFO - Processing /home/airflow/.local/lib/python3.12/site-packages/airflow/example_dags/example_dynamic_task_mapping_with_no_taskflow_operators.py took 0.042 seconds
[2024-06-27T11:45:09.901+0000] {processor.py:161} INFO - Started process (PID=529) to work on /home/airflow/.local/lib/python3.12/site-packages/airflow/example_dags/example_dynamic_task_mapping_with_no_taskflow_operators.py
[2024-06-27T11:45:09.902+0000] {processor.py:830} INFO - Processing file /home/airflow/.local/lib/python3.12/site-packages/airflow/example_dags/example_dynamic_task_mapping_with_no_taskflow_operators.py for tasks to queue
[2024-06-27T11:45:09.903+0000] {logging_mixin.py:188} INFO - [2024-06-27T11:45:09.902+0000] {dagbag.py:545} INFO - Filling up the DagBag from /home/airflow/.local/lib/python3.12/site-packages/airflow/example_dags/example_dynamic_task_mapping_with_no_taskflow_operators.py
[2024-06-27T11:45:09.906+0000] {processor.py:840} INFO - DAG(s) 'example_dynamic_task_mapping_with_no_taskflow_operators' retrieved from /home/airflow/.local/lib/python3.12/site-packages/airflow/example_dags/example_dynamic_task_mapping_with_no_taskflow_operators.py
[2024-06-27T11:45:09.918+0000] {logging_mixin.py:188} INFO - [2024-06-27T11:45:09.918+0000] {dag.py:3096} INFO - Sync 1 DAGs
[2024-06-27T11:45:09.930+0000] {logging_mixin.py:188} INFO - [2024-06-27T11:45:09.930+0000] {dag.py:3954} INFO - Setting next_dagrun for example_dynamic_task_mapping_with_no_taskflow_operators to 2024-06-26 00:00:00+00:00, run_after=2024-06-27 00:00:00+00:00
[2024-06-27T11:45:09.941+0000] {processor.py:183} INFO - Processing /home/airflow/.local/lib/python3.12/site-packages/airflow/example_dags/example_dynamic_task_mapping_with_no_taskflow_operators.py took 0.044 seconds
[2024-06-27T11:45:40.650+0000] {processor.py:161} INFO - Started process (PID=587) to work on /home/airflow/.local/lib/python3.12/site-packages/airflow/example_dags/example_dynamic_task_mapping_with_no_taskflow_operators.py
[2024-06-27T11:45:40.651+0000] {processor.py:830} INFO - Processing file /home/airflow/.local/lib/python3.12/site-packages/airflow/example_dags/example_dynamic_task_mapping_with_no_taskflow_operators.py for tasks to queue
[2024-06-27T11:45:40.652+0000] {logging_mixin.py:188} INFO - [2024-06-27T11:45:40.652+0000] {dagbag.py:545} INFO - Filling up the DagBag from /home/airflow/.local/lib/python3.12/site-packages/airflow/example_dags/example_dynamic_task_mapping_with_no_taskflow_operators.py
[2024-06-27T11:45:40.655+0000] {processor.py:840} INFO - DAG(s) 'example_dynamic_task_mapping_with_no_taskflow_operators' retrieved from /home/airflow/.local/lib/python3.12/site-packages/airflow/example_dags/example_dynamic_task_mapping_with_no_taskflow_operators.py
[2024-06-27T11:45:40.666+0000] {logging_mixin.py:188} INFO - [2024-06-27T11:45:40.666+0000] {dag.py:3096} INFO - Sync 1 DAGs
[2024-06-27T11:45:40.678+0000] {logging_mixin.py:188} INFO - [2024-06-27T11:45:40.678+0000] {dag.py:3954} INFO - Setting next_dagrun for example_dynamic_task_mapping_with_no_taskflow_operators to 2024-06-26 00:00:00+00:00, run_after=2024-06-27 00:00:00+00:00
[2024-06-27T11:45:40.688+0000] {processor.py:183} INFO - Processing /home/airflow/.local/lib/python3.12/site-packages/airflow/example_dags/example_dynamic_task_mapping_with_no_taskflow_operators.py took 0.040 seconds
[2024-06-27T11:46:11.417+0000] {processor.py:161} INFO - Started process (PID=646) to work on /home/airflow/.local/lib/python3.12/site-packages/airflow/example_dags/example_dynamic_task_mapping_with_no_taskflow_operators.py
[2024-06-27T11:46:11.417+0000] {processor.py:830} INFO - Processing file /home/airflow/.local/lib/python3.12/site-packages/airflow/example_dags/example_dynamic_task_mapping_with_no_taskflow_operators.py for tasks to queue
[2024-06-27T11:46:11.418+0000] {logging_mixin.py:188} INFO - [2024-06-27T11:46:11.418+0000] {dagbag.py:545} INFO - Filling up the DagBag from /home/airflow/.local/lib/python3.12/site-packages/airflow/example_dags/example_dynamic_task_mapping_with_no_taskflow_operators.py
[2024-06-27T11:46:11.423+0000] {processor.py:840} INFO - DAG(s) 'example_dynamic_task_mapping_with_no_taskflow_operators' retrieved from /home/airflow/.local/lib/python3.12/site-packages/airflow/example_dags/example_dynamic_task_mapping_with_no_taskflow_operators.py
[2024-06-27T11:46:11.433+0000] {logging_mixin.py:188} INFO - [2024-06-27T11:46:11.433+0000] {dag.py:3096} INFO - Sync 1 DAGs
[2024-06-27T11:46:11.445+0000] {logging_mixin.py:188} INFO - [2024-06-27T11:46:11.445+0000] {dag.py:3954} INFO - Setting next_dagrun for example_dynamic_task_mapping_with_no_taskflow_operators to 2024-06-26 00:00:00+00:00, run_after=2024-06-27 00:00:00+00:00
[2024-06-27T11:46:11.456+0000] {processor.py:183} INFO - Processing /home/airflow/.local/lib/python3.12/site-packages/airflow/example_dags/example_dynamic_task_mapping_with_no_taskflow_operators.py took 0.043 seconds
[2024-06-27T11:46:42.387+0000] {processor.py:161} INFO - Started process (PID=710) to work on /home/airflow/.local/lib/python3.12/site-packages/airflow/example_dags/example_dynamic_task_mapping_with_no_taskflow_operators.py
[2024-06-27T11:46:42.387+0000] {processor.py:830} INFO - Processing file /home/airflow/.local/lib/python3.12/site-packages/airflow/example_dags/example_dynamic_task_mapping_with_no_taskflow_operators.py for tasks to queue
[2024-06-27T11:46:42.388+0000] {logging_mixin.py:188} INFO - [2024-06-27T11:46:42.388+0000] {dagbag.py:545} INFO - Filling up the DagBag from /home/airflow/.local/lib/python3.12/site-packages/airflow/example_dags/example_dynamic_task_mapping_with_no_taskflow_operators.py
[2024-06-27T11:46:42.391+0000] {processor.py:840} INFO - DAG(s) 'example_dynamic_task_mapping_with_no_taskflow_operators' retrieved from /home/airflow/.local/lib/python3.12/site-packages/airflow/example_dags/example_dynamic_task_mapping_with_no_taskflow_operators.py
[2024-06-27T11:46:42.402+0000] {logging_mixin.py:188} INFO - [2024-06-27T11:46:42.402+0000] {dag.py:3096} INFO - Sync 1 DAGs
[2024-06-27T11:46:42.414+0000] {logging_mixin.py:188} INFO - [2024-06-27T11:46:42.413+0000] {dag.py:3954} INFO - Setting next_dagrun for example_dynamic_task_mapping_with_no_taskflow_operators to 2024-06-26 00:00:00+00:00, run_after=2024-06-27 00:00:00+00:00
[2024-06-27T11:46:42.424+0000] {processor.py:183} INFO - Processing /home/airflow/.local/lib/python3.12/site-packages/airflow/example_dags/example_dynamic_task_mapping_with_no_taskflow_operators.py took 0.040 seconds
[2024-06-27T11:47:13.244+0000] {processor.py:161} INFO - Started process (PID=771) to work on /home/airflow/.local/lib/python3.12/site-packages/airflow/example_dags/example_dynamic_task_mapping_with_no_taskflow_operators.py
[2024-06-27T11:47:13.245+0000] {processor.py:830} INFO - Processing file /home/airflow/.local/lib/python3.12/site-packages/airflow/example_dags/example_dynamic_task_mapping_with_no_taskflow_operators.py for tasks to queue
[2024-06-27T11:47:13.246+0000] {logging_mixin.py:188} INFO - [2024-06-27T11:47:13.246+0000] {dagbag.py:545} INFO - Filling up the DagBag from /home/airflow/.local/lib/python3.12/site-packages/airflow/example_dags/example_dynamic_task_mapping_with_no_taskflow_operators.py
[2024-06-27T11:47:13.250+0000] {processor.py:840} INFO - DAG(s) 'example_dynamic_task_mapping_with_no_taskflow_operators' retrieved from /home/airflow/.local/lib/python3.12/site-packages/airflow/example_dags/example_dynamic_task_mapping_with_no_taskflow_operators.py
[2024-06-27T11:47:13.261+0000] {logging_mixin.py:188} INFO - [2024-06-27T11:47:13.261+0000] {dag.py:3096} INFO - Sync 1 DAGs
[2024-06-27T11:47:13.273+0000] {logging_mixin.py:188} INFO - [2024-06-27T11:47:13.273+0000] {dag.py:3954} INFO - Setting next_dagrun for example_dynamic_task_mapping_with_no_taskflow_operators to 2024-06-26 00:00:00+00:00, run_after=2024-06-27 00:00:00+00:00
[2024-06-27T11:47:13.283+0000] {processor.py:183} INFO - Processing /home/airflow/.local/lib/python3.12/site-packages/airflow/example_dags/example_dynamic_task_mapping_with_no_taskflow_operators.py took 0.042 seconds
[2024-06-27T11:47:44.317+0000] {processor.py:161} INFO - Started process (PID=830) to work on /home/airflow/.local/lib/python3.12/site-packages/airflow/example_dags/example_dynamic_task_mapping_with_no_taskflow_operators.py
[2024-06-27T11:47:44.318+0000] {processor.py:830} INFO - Processing file /home/airflow/.local/lib/python3.12/site-packages/airflow/example_dags/example_dynamic_task_mapping_with_no_taskflow_operators.py for tasks to queue
[2024-06-27T11:47:44.319+0000] {logging_mixin.py:188} INFO - [2024-06-27T11:47:44.318+0000] {dagbag.py:545} INFO - Filling up the DagBag from /home/airflow/.local/lib/python3.12/site-packages/airflow/example_dags/example_dynamic_task_mapping_with_no_taskflow_operators.py
[2024-06-27T11:47:44.322+0000] {processor.py:840} INFO - DAG(s) 'example_dynamic_task_mapping_with_no_taskflow_operators' retrieved from /home/airflow/.local/lib/python3.12/site-packages/airflow/example_dags/example_dynamic_task_mapping_with_no_taskflow_operators.py
[2024-06-27T11:47:44.332+0000] {logging_mixin.py:188} INFO - [2024-06-27T11:47:44.332+0000] {dag.py:3096} INFO - Sync 1 DAGs
[2024-06-27T11:47:44.350+0000] {logging_mixin.py:188} INFO - [2024-06-27T11:47:44.349+0000] {dag.py:3954} INFO - Setting next_dagrun for example_dynamic_task_mapping_with_no_taskflow_operators to 2024-06-26 00:00:00+00:00, run_after=2024-06-27 00:00:00+00:00
[2024-06-27T11:47:44.364+0000] {processor.py:183} INFO - Processing /home/airflow/.local/lib/python3.12/site-packages/airflow/example_dags/example_dynamic_task_mapping_with_no_taskflow_operators.py took 0.050 seconds
[2024-06-27T11:48:14.503+0000] {processor.py:161} INFO - Started process (PID=889) to work on /home/airflow/.local/lib/python3.12/site-packages/airflow/example_dags/example_dynamic_task_mapping_with_no_taskflow_operators.py
[2024-06-27T11:48:14.504+0000] {processor.py:830} INFO - Processing file /home/airflow/.local/lib/python3.12/site-packages/airflow/example_dags/example_dynamic_task_mapping_with_no_taskflow_operators.py for tasks to queue
[2024-06-27T11:48:14.505+0000] {logging_mixin.py:188} INFO - [2024-06-27T11:48:14.504+0000] {dagbag.py:545} INFO - Filling up the DagBag from /home/airflow/.local/lib/python3.12/site-packages/airflow/example_dags/example_dynamic_task_mapping_with_no_taskflow_operators.py
[2024-06-27T11:48:14.508+0000] {processor.py:840} INFO - DAG(s) 'example_dynamic_task_mapping_with_no_taskflow_operators' retrieved from /home/airflow/.local/lib/python3.12/site-packages/airflow/example_dags/example_dynamic_task_mapping_with_no_taskflow_operators.py
[2024-06-27T11:48:14.518+0000] {logging_mixin.py:188} INFO - [2024-06-27T11:48:14.518+0000] {dag.py:3096} INFO - Sync 1 DAGs
[2024-06-27T11:48:14.530+0000] {logging_mixin.py:188} INFO - [2024-06-27T11:48:14.530+0000] {dag.py:3954} INFO - Setting next_dagrun for example_dynamic_task_mapping_with_no_taskflow_operators to 2024-06-26 00:00:00+00:00, run_after=2024-06-27 00:00:00+00:00
[2024-06-27T11:48:14.541+0000] {processor.py:183} INFO - Processing /home/airflow/.local/lib/python3.12/site-packages/airflow/example_dags/example_dynamic_task_mapping_with_no_taskflow_operators.py took 0.041 seconds
[2024-06-27T11:48:45.597+0000] {processor.py:161} INFO - Started process (PID=948) to work on /home/airflow/.local/lib/python3.12/site-packages/airflow/example_dags/example_dynamic_task_mapping_with_no_taskflow_operators.py
[2024-06-27T11:48:45.598+0000] {processor.py:830} INFO - Processing file /home/airflow/.local/lib/python3.12/site-packages/airflow/example_dags/example_dynamic_task_mapping_with_no_taskflow_operators.py for tasks to queue
[2024-06-27T11:48:45.599+0000] {logging_mixin.py:188} INFO - [2024-06-27T11:48:45.599+0000] {dagbag.py:545} INFO - Filling up the DagBag from /home/airflow/.local/lib/python3.12/site-packages/airflow/example_dags/example_dynamic_task_mapping_with_no_taskflow_operators.py
[2024-06-27T11:48:45.602+0000] {processor.py:840} INFO - DAG(s) 'example_dynamic_task_mapping_with_no_taskflow_operators' retrieved from /home/airflow/.local/lib/python3.12/site-packages/airflow/example_dags/example_dynamic_task_mapping_with_no_taskflow_operators.py
[2024-06-27T11:48:45.615+0000] {logging_mixin.py:188} INFO - [2024-06-27T11:48:45.615+0000] {dag.py:3096} INFO - Sync 1 DAGs
[2024-06-27T11:48:45.627+0000] {logging_mixin.py:188} INFO - [2024-06-27T11:48:45.627+0000] {dag.py:3954} INFO - Setting next_dagrun for example_dynamic_task_mapping_with_no_taskflow_operators to 2024-06-26 00:00:00+00:00, run_after=2024-06-27 00:00:00+00:00
[2024-06-27T11:48:45.637+0000] {processor.py:183} INFO - Processing /home/airflow/.local/lib/python3.12/site-packages/airflow/example_dags/example_dynamic_task_mapping_with_no_taskflow_operators.py took 0.043 seconds
[2024-06-27T11:49:15.669+0000] {processor.py:161} INFO - Started process (PID=1007) to work on /home/airflow/.local/lib/python3.12/site-packages/airflow/example_dags/example_dynamic_task_mapping_with_no_taskflow_operators.py
[2024-06-27T11:49:15.669+0000] {processor.py:830} INFO - Processing file /home/airflow/.local/lib/python3.12/site-packages/airflow/example_dags/example_dynamic_task_mapping_with_no_taskflow_operators.py for tasks to queue
[2024-06-27T11:49:15.670+0000] {logging_mixin.py:188} INFO - [2024-06-27T11:49:15.670+0000] {dagbag.py:545} INFO - Filling up the DagBag from /home/airflow/.local/lib/python3.12/site-packages/airflow/example_dags/example_dynamic_task_mapping_with_no_taskflow_operators.py
[2024-06-27T11:49:15.673+0000] {processor.py:840} INFO - DAG(s) 'example_dynamic_task_mapping_with_no_taskflow_operators' retrieved from /home/airflow/.local/lib/python3.12/site-packages/airflow/example_dags/example_dynamic_task_mapping_with_no_taskflow_operators.py
[2024-06-27T11:49:15.684+0000] {logging_mixin.py:188} INFO - [2024-06-27T11:49:15.684+0000] {dag.py:3096} INFO - Sync 1 DAGs
[2024-06-27T11:49:15.695+0000] {logging_mixin.py:188} INFO - [2024-06-27T11:49:15.695+0000] {dag.py:3954} INFO - Setting next_dagrun for example_dynamic_task_mapping_with_no_taskflow_operators to 2024-06-26 00:00:00+00:00, run_after=2024-06-27 00:00:00+00:00
[2024-06-27T11:49:15.705+0000] {processor.py:183} INFO - Processing /home/airflow/.local/lib/python3.12/site-packages/airflow/example_dags/example_dynamic_task_mapping_with_no_taskflow_operators.py took 0.039 seconds
[2024-06-27T11:49:46.467+0000] {processor.py:161} INFO - Started process (PID=1066) to work on /home/airflow/.local/lib/python3.12/site-packages/airflow/example_dags/example_dynamic_task_mapping_with_no_taskflow_operators.py
[2024-06-27T11:49:46.468+0000] {processor.py:830} INFO - Processing file /home/airflow/.local/lib/python3.12/site-packages/airflow/example_dags/example_dynamic_task_mapping_with_no_taskflow_operators.py for tasks to queue
[2024-06-27T11:49:46.469+0000] {logging_mixin.py:188} INFO - [2024-06-27T11:49:46.469+0000] {dagbag.py:545} INFO - Filling up the DagBag from /home/airflow/.local/lib/python3.12/site-packages/airflow/example_dags/example_dynamic_task_mapping_with_no_taskflow_operators.py
[2024-06-27T11:49:46.472+0000] {processor.py:840} INFO - DAG(s) 'example_dynamic_task_mapping_with_no_taskflow_operators' retrieved from /home/airflow/.local/lib/python3.12/site-packages/airflow/example_dags/example_dynamic_task_mapping_with_no_taskflow_operators.py
[2024-06-27T11:49:46.483+0000] {logging_mixin.py:188} INFO - [2024-06-27T11:49:46.482+0000] {dag.py:3096} INFO - Sync 1 DAGs
[2024-06-27T11:49:46.495+0000] {logging_mixin.py:188} INFO - [2024-06-27T11:49:46.494+0000] {dag.py:3954} INFO - Setting next_dagrun for example_dynamic_task_mapping_with_no_taskflow_operators to 2024-06-26 00:00:00+00:00, run_after=2024-06-27 00:00:00+00:00
[2024-06-27T11:49:46.505+0000] {processor.py:183} INFO - Processing /home/airflow/.local/lib/python3.12/site-packages/airflow/example_dags/example_dynamic_task_mapping_with_no_taskflow_operators.py took 0.041 seconds
[2024-06-27T11:50:17.246+0000] {processor.py:161} INFO - Started process (PID=1125) to work on /home/airflow/.local/lib/python3.12/site-packages/airflow/example_dags/example_dynamic_task_mapping_with_no_taskflow_operators.py
[2024-06-27T11:50:17.247+0000] {processor.py:830} INFO - Processing file /home/airflow/.local/lib/python3.12/site-packages/airflow/example_dags/example_dynamic_task_mapping_with_no_taskflow_operators.py for tasks to queue
[2024-06-27T11:50:17.248+0000] {logging_mixin.py:188} INFO - [2024-06-27T11:50:17.247+0000] {dagbag.py:545} INFO - Filling up the DagBag from /home/airflow/.local/lib/python3.12/site-packages/airflow/example_dags/example_dynamic_task_mapping_with_no_taskflow_operators.py
[2024-06-27T11:50:17.251+0000] {processor.py:840} INFO - DAG(s) 'example_dynamic_task_mapping_with_no_taskflow_operators' retrieved from /home/airflow/.local/lib/python3.12/site-packages/airflow/example_dags/example_dynamic_task_mapping_with_no_taskflow_operators.py
[2024-06-27T11:50:17.261+0000] {logging_mixin.py:188} INFO - [2024-06-27T11:50:17.261+0000] {dag.py:3096} INFO - Sync 1 DAGs
[2024-06-27T11:50:17.273+0000] {logging_mixin.py:188} INFO - [2024-06-27T11:50:17.273+0000] {dag.py:3954} INFO - Setting next_dagrun for example_dynamic_task_mapping_with_no_taskflow_operators to 2024-06-26 00:00:00+00:00, run_after=2024-06-27 00:00:00+00:00
[2024-06-27T11:50:17.282+0000] {processor.py:183} INFO - Processing /home/airflow/.local/lib/python3.12/site-packages/airflow/example_dags/example_dynamic_task_mapping_with_no_taskflow_operators.py took 0.040 seconds
[2024-06-27T11:50:48.010+0000] {processor.py:161} INFO - Started process (PID=1184) to work on /home/airflow/.local/lib/python3.12/site-packages/airflow/example_dags/example_dynamic_task_mapping_with_no_taskflow_operators.py
[2024-06-27T11:50:48.011+0000] {processor.py:830} INFO - Processing file /home/airflow/.local/lib/python3.12/site-packages/airflow/example_dags/example_dynamic_task_mapping_with_no_taskflow_operators.py for tasks to queue
[2024-06-27T11:50:48.012+0000] {logging_mixin.py:188} INFO - [2024-06-27T11:50:48.012+0000] {dagbag.py:545} INFO - Filling up the DagBag from /home/airflow/.local/lib/python3.12/site-packages/airflow/example_dags/example_dynamic_task_mapping_with_no_taskflow_operators.py
[2024-06-27T11:50:48.016+0000] {processor.py:840} INFO - DAG(s) 'example_dynamic_task_mapping_with_no_taskflow_operators' retrieved from /home/airflow/.local/lib/python3.12/site-packages/airflow/example_dags/example_dynamic_task_mapping_with_no_taskflow_operators.py
[2024-06-27T11:50:48.026+0000] {logging_mixin.py:188} INFO - [2024-06-27T11:50:48.026+0000] {dag.py:3096} INFO - Sync 1 DAGs
[2024-06-27T11:50:48.038+0000] {logging_mixin.py:188} INFO - [2024-06-27T11:50:48.038+0000] {dag.py:3954} INFO - Setting next_dagrun for example_dynamic_task_mapping_with_no_taskflow_operators to 2024-06-26 00:00:00+00:00, run_after=2024-06-27 00:00:00+00:00
[2024-06-27T11:50:48.048+0000] {processor.py:183} INFO - Processing /home/airflow/.local/lib/python3.12/site-packages/airflow/example_dags/example_dynamic_task_mapping_with_no_taskflow_operators.py took 0.041 seconds
[2024-06-27T11:51:18.856+0000] {processor.py:161} INFO - Started process (PID=1243) to work on /home/airflow/.local/lib/python3.12/site-packages/airflow/example_dags/example_dynamic_task_mapping_with_no_taskflow_operators.py
[2024-06-27T11:51:18.857+0000] {processor.py:830} INFO - Processing file /home/airflow/.local/lib/python3.12/site-packages/airflow/example_dags/example_dynamic_task_mapping_with_no_taskflow_operators.py for tasks to queue
[2024-06-27T11:51:18.858+0000] {logging_mixin.py:188} INFO - [2024-06-27T11:51:18.857+0000] {dagbag.py:545} INFO - Filling up the DagBag from /home/airflow/.local/lib/python3.12/site-packages/airflow/example_dags/example_dynamic_task_mapping_with_no_taskflow_operators.py
[2024-06-27T11:51:18.861+0000] {processor.py:840} INFO - DAG(s) 'example_dynamic_task_mapping_with_no_taskflow_operators' retrieved from /home/airflow/.local/lib/python3.12/site-packages/airflow/example_dags/example_dynamic_task_mapping_with_no_taskflow_operators.py
[2024-06-27T11:51:18.871+0000] {logging_mixin.py:188} INFO - [2024-06-27T11:51:18.871+0000] {dag.py:3096} INFO - Sync 1 DAGs
[2024-06-27T11:51:18.883+0000] {logging_mixin.py:188} INFO - [2024-06-27T11:51:18.883+0000] {dag.py:3954} INFO - Setting next_dagrun for example_dynamic_task_mapping_with_no_taskflow_operators to 2024-06-26 00:00:00+00:00, run_after=2024-06-27 00:00:00+00:00
[2024-06-27T11:51:18.893+0000] {processor.py:183} INFO - Processing /home/airflow/.local/lib/python3.12/site-packages/airflow/example_dags/example_dynamic_task_mapping_with_no_taskflow_operators.py took 0.040 seconds
[2024-06-27T11:51:49.608+0000] {processor.py:161} INFO - Started process (PID=1302) to work on /home/airflow/.local/lib/python3.12/site-packages/airflow/example_dags/example_dynamic_task_mapping_with_no_taskflow_operators.py
[2024-06-27T11:51:49.609+0000] {processor.py:830} INFO - Processing file /home/airflow/.local/lib/python3.12/site-packages/airflow/example_dags/example_dynamic_task_mapping_with_no_taskflow_operators.py for tasks to queue
[2024-06-27T11:51:49.610+0000] {logging_mixin.py:188} INFO - [2024-06-27T11:51:49.610+0000] {dagbag.py:545} INFO - Filling up the DagBag from /home/airflow/.local/lib/python3.12/site-packages/airflow/example_dags/example_dynamic_task_mapping_with_no_taskflow_operators.py
[2024-06-27T11:51:49.613+0000] {processor.py:840} INFO - DAG(s) 'example_dynamic_task_mapping_with_no_taskflow_operators' retrieved from /home/airflow/.local/lib/python3.12/site-packages/airflow/example_dags/example_dynamic_task_mapping_with_no_taskflow_operators.py
[2024-06-27T11:51:49.623+0000] {logging_mixin.py:188} INFO - [2024-06-27T11:51:49.623+0000] {dag.py:3096} INFO - Sync 1 DAGs
[2024-06-27T11:51:49.641+0000] {logging_mixin.py:188} INFO - [2024-06-27T11:51:49.641+0000] {dag.py:3954} INFO - Setting next_dagrun for example_dynamic_task_mapping_with_no_taskflow_operators to 2024-06-26 00:00:00+00:00, run_after=2024-06-27 00:00:00+00:00
[2024-06-27T11:51:49.651+0000] {processor.py:183} INFO - Processing /home/airflow/.local/lib/python3.12/site-packages/airflow/example_dags/example_dynamic_task_mapping_with_no_taskflow_operators.py took 0.046 seconds
[2024-06-27T11:52:20.515+0000] {processor.py:161} INFO - Started process (PID=1361) to work on /home/airflow/.local/lib/python3.12/site-packages/airflow/example_dags/example_dynamic_task_mapping_with_no_taskflow_operators.py
[2024-06-27T11:52:20.516+0000] {processor.py:830} INFO - Processing file /home/airflow/.local/lib/python3.12/site-packages/airflow/example_dags/example_dynamic_task_mapping_with_no_taskflow_operators.py for tasks to queue
[2024-06-27T11:52:20.517+0000] {logging_mixin.py:188} INFO - [2024-06-27T11:52:20.517+0000] {dagbag.py:545} INFO - Filling up the DagBag from /home/airflow/.local/lib/python3.12/site-packages/airflow/example_dags/example_dynamic_task_mapping_with_no_taskflow_operators.py
[2024-06-27T11:52:20.521+0000] {processor.py:840} INFO - DAG(s) 'example_dynamic_task_mapping_with_no_taskflow_operators' retrieved from /home/airflow/.local/lib/python3.12/site-packages/airflow/example_dags/example_dynamic_task_mapping_with_no_taskflow_operators.py
[2024-06-27T11:52:20.532+0000] {logging_mixin.py:188} INFO - [2024-06-27T11:52:20.532+0000] {dag.py:3096} INFO - Sync 1 DAGs
[2024-06-27T11:52:20.544+0000] {logging_mixin.py:188} INFO - [2024-06-27T11:52:20.544+0000] {dag.py:3954} INFO - Setting next_dagrun for example_dynamic_task_mapping_with_no_taskflow_operators to 2024-06-26 00:00:00+00:00, run_after=2024-06-27 00:00:00+00:00
[2024-06-27T11:52:20.554+0000] {processor.py:183} INFO - Processing /home/airflow/.local/lib/python3.12/site-packages/airflow/example_dags/example_dynamic_task_mapping_with_no_taskflow_operators.py took 0.042 seconds
[2024-06-27T11:52:51.248+0000] {processor.py:161} INFO - Started process (PID=1421) to work on /home/airflow/.local/lib/python3.12/site-packages/airflow/example_dags/example_dynamic_task_mapping_with_no_taskflow_operators.py
[2024-06-27T11:52:51.248+0000] {processor.py:830} INFO - Processing file /home/airflow/.local/lib/python3.12/site-packages/airflow/example_dags/example_dynamic_task_mapping_with_no_taskflow_operators.py for tasks to queue
[2024-06-27T11:52:51.249+0000] {logging_mixin.py:188} INFO - [2024-06-27T11:52:51.249+0000] {dagbag.py:545} INFO - Filling up the DagBag from /home/airflow/.local/lib/python3.12/site-packages/airflow/example_dags/example_dynamic_task_mapping_with_no_taskflow_operators.py
[2024-06-27T11:52:51.253+0000] {processor.py:840} INFO - DAG(s) 'example_dynamic_task_mapping_with_no_taskflow_operators' retrieved from /home/airflow/.local/lib/python3.12/site-packages/airflow/example_dags/example_dynamic_task_mapping_with_no_taskflow_operators.py
[2024-06-27T11:52:51.263+0000] {logging_mixin.py:188} INFO - [2024-06-27T11:52:51.263+0000] {dag.py:3096} INFO - Sync 1 DAGs
[2024-06-27T11:52:51.275+0000] {logging_mixin.py:188} INFO - [2024-06-27T11:52:51.275+0000] {dag.py:3954} INFO - Setting next_dagrun for example_dynamic_task_mapping_with_no_taskflow_operators to 2024-06-26 00:00:00+00:00, run_after=2024-06-27 00:00:00+00:00
[2024-06-27T11:52:51.284+0000] {processor.py:183} INFO - Processing /home/airflow/.local/lib/python3.12/site-packages/airflow/example_dags/example_dynamic_task_mapping_with_no_taskflow_operators.py took 0.040 seconds
[2024-06-27T11:53:22.110+0000] {processor.py:161} INFO - Started process (PID=1480) to work on /home/airflow/.local/lib/python3.12/site-packages/airflow/example_dags/example_dynamic_task_mapping_with_no_taskflow_operators.py
[2024-06-27T11:53:22.111+0000] {processor.py:830} INFO - Processing file /home/airflow/.local/lib/python3.12/site-packages/airflow/example_dags/example_dynamic_task_mapping_with_no_taskflow_operators.py for tasks to queue
[2024-06-27T11:53:22.112+0000] {logging_mixin.py:188} INFO - [2024-06-27T11:53:22.112+0000] {dagbag.py:545} INFO - Filling up the DagBag from /home/airflow/.local/lib/python3.12/site-packages/airflow/example_dags/example_dynamic_task_mapping_with_no_taskflow_operators.py
[2024-06-27T11:53:22.115+0000] {processor.py:840} INFO - DAG(s) 'example_dynamic_task_mapping_with_no_taskflow_operators' retrieved from /home/airflow/.local/lib/python3.12/site-packages/airflow/example_dags/example_dynamic_task_mapping_with_no_taskflow_operators.py
[2024-06-27T11:53:22.125+0000] {logging_mixin.py:188} INFO - [2024-06-27T11:53:22.125+0000] {dag.py:3096} INFO - Sync 1 DAGs
[2024-06-27T11:53:22.137+0000] {logging_mixin.py:188} INFO - [2024-06-27T11:53:22.137+0000] {dag.py:3954} INFO - Setting next_dagrun for example_dynamic_task_mapping_with_no_taskflow_operators to 2024-06-26 00:00:00+00:00, run_after=2024-06-27 00:00:00+00:00
[2024-06-27T11:53:22.147+0000] {processor.py:183} INFO - Processing /home/airflow/.local/lib/python3.12/site-packages/airflow/example_dags/example_dynamic_task_mapping_with_no_taskflow_operators.py took 0.040 seconds
[2024-06-27T11:53:52.973+0000] {processor.py:161} INFO - Started process (PID=1539) to work on /home/airflow/.local/lib/python3.12/site-packages/airflow/example_dags/example_dynamic_task_mapping_with_no_taskflow_operators.py
[2024-06-27T11:53:52.974+0000] {processor.py:830} INFO - Processing file /home/airflow/.local/lib/python3.12/site-packages/airflow/example_dags/example_dynamic_task_mapping_with_no_taskflow_operators.py for tasks to queue
[2024-06-27T11:53:52.975+0000] {logging_mixin.py:188} INFO - [2024-06-27T11:53:52.975+0000] {dagbag.py:545} INFO - Filling up the DagBag from /home/airflow/.local/lib/python3.12/site-packages/airflow/example_dags/example_dynamic_task_mapping_with_no_taskflow_operators.py
[2024-06-27T11:53:52.978+0000] {processor.py:840} INFO - DAG(s) 'example_dynamic_task_mapping_with_no_taskflow_operators' retrieved from /home/airflow/.local/lib/python3.12/site-packages/airflow/example_dags/example_dynamic_task_mapping_with_no_taskflow_operators.py
[2024-06-27T11:53:52.988+0000] {logging_mixin.py:188} INFO - [2024-06-27T11:53:52.988+0000] {dag.py:3096} INFO - Sync 1 DAGs
[2024-06-27T11:53:53.008+0000] {logging_mixin.py:188} INFO - [2024-06-27T11:53:53.007+0000] {dag.py:3954} INFO - Setting next_dagrun for example_dynamic_task_mapping_with_no_taskflow_operators to 2024-06-26 00:00:00+00:00, run_after=2024-06-27 00:00:00+00:00
[2024-06-27T11:53:53.020+0000] {processor.py:183} INFO - Processing /home/airflow/.local/lib/python3.12/site-packages/airflow/example_dags/example_dynamic_task_mapping_with_no_taskflow_operators.py took 0.050 seconds
[2024-06-27T11:54:23.866+0000] {processor.py:161} INFO - Started process (PID=1598) to work on /home/airflow/.local/lib/python3.12/site-packages/airflow/example_dags/example_dynamic_task_mapping_with_no_taskflow_operators.py
[2024-06-27T11:54:23.867+0000] {processor.py:830} INFO - Processing file /home/airflow/.local/lib/python3.12/site-packages/airflow/example_dags/example_dynamic_task_mapping_with_no_taskflow_operators.py for tasks to queue
[2024-06-27T11:54:23.868+0000] {logging_mixin.py:188} INFO - [2024-06-27T11:54:23.868+0000] {dagbag.py:545} INFO - Filling up the DagBag from /home/airflow/.local/lib/python3.12/site-packages/airflow/example_dags/example_dynamic_task_mapping_with_no_taskflow_operators.py
[2024-06-27T11:54:23.871+0000] {processor.py:840} INFO - DAG(s) 'example_dynamic_task_mapping_with_no_taskflow_operators' retrieved from /home/airflow/.local/lib/python3.12/site-packages/airflow/example_dags/example_dynamic_task_mapping_with_no_taskflow_operators.py
[2024-06-27T11:54:23.882+0000] {logging_mixin.py:188} INFO - [2024-06-27T11:54:23.882+0000] {dag.py:3096} INFO - Sync 1 DAGs
[2024-06-27T11:54:23.894+0000] {logging_mixin.py:188} INFO - [2024-06-27T11:54:23.893+0000] {dag.py:3954} INFO - Setting next_dagrun for example_dynamic_task_mapping_with_no_taskflow_operators to 2024-06-26 00:00:00+00:00, run_after=2024-06-27 00:00:00+00:00
[2024-06-27T11:54:23.903+0000] {processor.py:183} INFO - Processing /home/airflow/.local/lib/python3.12/site-packages/airflow/example_dags/example_dynamic_task_mapping_with_no_taskflow_operators.py took 0.040 seconds
[2024-06-27T11:54:54.622+0000] {processor.py:161} INFO - Started process (PID=1657) to work on /home/airflow/.local/lib/python3.12/site-packages/airflow/example_dags/example_dynamic_task_mapping_with_no_taskflow_operators.py
[2024-06-27T11:54:54.623+0000] {processor.py:830} INFO - Processing file /home/airflow/.local/lib/python3.12/site-packages/airflow/example_dags/example_dynamic_task_mapping_with_no_taskflow_operators.py for tasks to queue
[2024-06-27T11:54:54.624+0000] {logging_mixin.py:188} INFO - [2024-06-27T11:54:54.623+0000] {dagbag.py:545} INFO - Filling up the DagBag from /home/airflow/.local/lib/python3.12/site-packages/airflow/example_dags/example_dynamic_task_mapping_with_no_taskflow_operators.py
[2024-06-27T11:54:54.627+0000] {processor.py:840} INFO - DAG(s) 'example_dynamic_task_mapping_with_no_taskflow_operators' retrieved from /home/airflow/.local/lib/python3.12/site-packages/airflow/example_dags/example_dynamic_task_mapping_with_no_taskflow_operators.py
[2024-06-27T11:54:54.637+0000] {logging_mixin.py:188} INFO - [2024-06-27T11:54:54.637+0000] {dag.py:3096} INFO - Sync 1 DAGs
[2024-06-27T11:54:54.649+0000] {logging_mixin.py:188} INFO - [2024-06-27T11:54:54.649+0000] {dag.py:3954} INFO - Setting next_dagrun for example_dynamic_task_mapping_with_no_taskflow_operators to 2024-06-26 00:00:00+00:00, run_after=2024-06-27 00:00:00+00:00
[2024-06-27T11:54:54.659+0000] {processor.py:183} INFO - Processing /home/airflow/.local/lib/python3.12/site-packages/airflow/example_dags/example_dynamic_task_mapping_with_no_taskflow_operators.py took 0.040 seconds
[2024-06-27T11:55:25.465+0000] {processor.py:161} INFO - Started process (PID=1722) to work on /home/airflow/.local/lib/python3.12/site-packages/airflow/example_dags/example_dynamic_task_mapping_with_no_taskflow_operators.py
[2024-06-27T11:55:25.465+0000] {processor.py:830} INFO - Processing file /home/airflow/.local/lib/python3.12/site-packages/airflow/example_dags/example_dynamic_task_mapping_with_no_taskflow_operators.py for tasks to queue
[2024-06-27T11:55:25.466+0000] {logging_mixin.py:188} INFO - [2024-06-27T11:55:25.466+0000] {dagbag.py:545} INFO - Filling up the DagBag from /home/airflow/.local/lib/python3.12/site-packages/airflow/example_dags/example_dynamic_task_mapping_with_no_taskflow_operators.py
[2024-06-27T11:55:25.470+0000] {processor.py:840} INFO - DAG(s) 'example_dynamic_task_mapping_with_no_taskflow_operators' retrieved from /home/airflow/.local/lib/python3.12/site-packages/airflow/example_dags/example_dynamic_task_mapping_with_no_taskflow_operators.py
[2024-06-27T11:55:25.480+0000] {logging_mixin.py:188} INFO - [2024-06-27T11:55:25.480+0000] {dag.py:3096} INFO - Sync 1 DAGs
[2024-06-27T11:55:25.492+0000] {logging_mixin.py:188} INFO - [2024-06-27T11:55:25.492+0000] {dag.py:3954} INFO - Setting next_dagrun for example_dynamic_task_mapping_with_no_taskflow_operators to 2024-06-26 00:00:00+00:00, run_after=2024-06-27 00:00:00+00:00
[2024-06-27T11:55:25.502+0000] {processor.py:183} INFO - Processing /home/airflow/.local/lib/python3.12/site-packages/airflow/example_dags/example_dynamic_task_mapping_with_no_taskflow_operators.py took 0.042 seconds
[2024-06-27T11:55:56.340+0000] {processor.py:161} INFO - Started process (PID=1781) to work on /home/airflow/.local/lib/python3.12/site-packages/airflow/example_dags/example_dynamic_task_mapping_with_no_taskflow_operators.py
[2024-06-27T11:55:56.340+0000] {processor.py:830} INFO - Processing file /home/airflow/.local/lib/python3.12/site-packages/airflow/example_dags/example_dynamic_task_mapping_with_no_taskflow_operators.py for tasks to queue
[2024-06-27T11:55:56.341+0000] {logging_mixin.py:188} INFO - [2024-06-27T11:55:56.341+0000] {dagbag.py:545} INFO - Filling up the DagBag from /home/airflow/.local/lib/python3.12/site-packages/airflow/example_dags/example_dynamic_task_mapping_with_no_taskflow_operators.py
[2024-06-27T11:55:56.345+0000] {processor.py:840} INFO - DAG(s) 'example_dynamic_task_mapping_with_no_taskflow_operators' retrieved from /home/airflow/.local/lib/python3.12/site-packages/airflow/example_dags/example_dynamic_task_mapping_with_no_taskflow_operators.py
[2024-06-27T11:55:56.355+0000] {logging_mixin.py:188} INFO - [2024-06-27T11:55:56.354+0000] {dag.py:3096} INFO - Sync 1 DAGs
[2024-06-27T11:55:56.366+0000] {logging_mixin.py:188} INFO - [2024-06-27T11:55:56.366+0000] {dag.py:3954} INFO - Setting next_dagrun for example_dynamic_task_mapping_with_no_taskflow_operators to 2024-06-26 00:00:00+00:00, run_after=2024-06-27 00:00:00+00:00
[2024-06-27T11:55:56.376+0000] {processor.py:183} INFO - Processing /home/airflow/.local/lib/python3.12/site-packages/airflow/example_dags/example_dynamic_task_mapping_with_no_taskflow_operators.py took 0.039 seconds
[2024-06-27T11:56:27.358+0000] {processor.py:161} INFO - Started process (PID=1840) to work on /home/airflow/.local/lib/python3.12/site-packages/airflow/example_dags/example_dynamic_task_mapping_with_no_taskflow_operators.py
[2024-06-27T11:56:27.359+0000] {processor.py:830} INFO - Processing file /home/airflow/.local/lib/python3.12/site-packages/airflow/example_dags/example_dynamic_task_mapping_with_no_taskflow_operators.py for tasks to queue
[2024-06-27T11:56:27.360+0000] {logging_mixin.py:188} INFO - [2024-06-27T11:56:27.360+0000] {dagbag.py:545} INFO - Filling up the DagBag from /home/airflow/.local/lib/python3.12/site-packages/airflow/example_dags/example_dynamic_task_mapping_with_no_taskflow_operators.py
[2024-06-27T11:56:27.363+0000] {processor.py:840} INFO - DAG(s) 'example_dynamic_task_mapping_with_no_taskflow_operators' retrieved from /home/airflow/.local/lib/python3.12/site-packages/airflow/example_dags/example_dynamic_task_mapping_with_no_taskflow_operators.py
[2024-06-27T11:56:27.373+0000] {logging_mixin.py:188} INFO - [2024-06-27T11:56:27.373+0000] {dag.py:3096} INFO - Sync 1 DAGs
[2024-06-27T11:56:27.385+0000] {logging_mixin.py:188} INFO - [2024-06-27T11:56:27.385+0000] {dag.py:3954} INFO - Setting next_dagrun for example_dynamic_task_mapping_with_no_taskflow_operators to 2024-06-26 00:00:00+00:00, run_after=2024-06-27 00:00:00+00:00
[2024-06-27T11:56:27.394+0000] {processor.py:183} INFO - Processing /home/airflow/.local/lib/python3.12/site-packages/airflow/example_dags/example_dynamic_task_mapping_with_no_taskflow_operators.py took 0.039 seconds
[2024-06-27T11:56:58.836+0000] {processor.py:161} INFO - Started process (PID=1899) to work on /home/airflow/.local/lib/python3.12/site-packages/airflow/example_dags/example_dynamic_task_mapping_with_no_taskflow_operators.py
[2024-06-27T11:56:58.837+0000] {processor.py:830} INFO - Processing file /home/airflow/.local/lib/python3.12/site-packages/airflow/example_dags/example_dynamic_task_mapping_with_no_taskflow_operators.py for tasks to queue
[2024-06-27T11:56:58.838+0000] {logging_mixin.py:188} INFO - [2024-06-27T11:56:58.837+0000] {dagbag.py:545} INFO - Filling up the DagBag from /home/airflow/.local/lib/python3.12/site-packages/airflow/example_dags/example_dynamic_task_mapping_with_no_taskflow_operators.py
[2024-06-27T11:56:58.841+0000] {processor.py:840} INFO - DAG(s) 'example_dynamic_task_mapping_with_no_taskflow_operators' retrieved from /home/airflow/.local/lib/python3.12/site-packages/airflow/example_dags/example_dynamic_task_mapping_with_no_taskflow_operators.py
[2024-06-27T11:56:58.851+0000] {logging_mixin.py:188} INFO - [2024-06-27T11:56:58.851+0000] {dag.py:3096} INFO - Sync 1 DAGs
[2024-06-27T11:56:58.862+0000] {logging_mixin.py:188} INFO - [2024-06-27T11:56:58.862+0000] {dag.py:3954} INFO - Setting next_dagrun for example_dynamic_task_mapping_with_no_taskflow_operators to 2024-06-26 00:00:00+00:00, run_after=2024-06-27 00:00:00+00:00
[2024-06-27T11:56:58.872+0000] {processor.py:183} INFO - Processing /home/airflow/.local/lib/python3.12/site-packages/airflow/example_dags/example_dynamic_task_mapping_with_no_taskflow_operators.py took 0.039 seconds
[2024-06-27T11:57:29.788+0000] {processor.py:161} INFO - Started process (PID=1958) to work on /home/airflow/.local/lib/python3.12/site-packages/airflow/example_dags/example_dynamic_task_mapping_with_no_taskflow_operators.py
[2024-06-27T11:57:29.789+0000] {processor.py:830} INFO - Processing file /home/airflow/.local/lib/python3.12/site-packages/airflow/example_dags/example_dynamic_task_mapping_with_no_taskflow_operators.py for tasks to queue
[2024-06-27T11:57:29.790+0000] {logging_mixin.py:188} INFO - [2024-06-27T11:57:29.790+0000] {dagbag.py:545} INFO - Filling up the DagBag from /home/airflow/.local/lib/python3.12/site-packages/airflow/example_dags/example_dynamic_task_mapping_with_no_taskflow_operators.py
[2024-06-27T11:57:29.793+0000] {processor.py:840} INFO - DAG(s) 'example_dynamic_task_mapping_with_no_taskflow_operators' retrieved from /home/airflow/.local/lib/python3.12/site-packages/airflow/example_dags/example_dynamic_task_mapping_with_no_taskflow_operators.py
[2024-06-27T11:57:29.804+0000] {logging_mixin.py:188} INFO - [2024-06-27T11:57:29.804+0000] {dag.py:3096} INFO - Sync 1 DAGs
[2024-06-27T11:57:29.816+0000] {logging_mixin.py:188} INFO - [2024-06-27T11:57:29.816+0000] {dag.py:3954} INFO - Setting next_dagrun for example_dynamic_task_mapping_with_no_taskflow_operators to 2024-06-26 00:00:00+00:00, run_after=2024-06-27 00:00:00+00:00
[2024-06-27T11:57:29.826+0000] {processor.py:183} INFO - Processing /home/airflow/.local/lib/python3.12/site-packages/airflow/example_dags/example_dynamic_task_mapping_with_no_taskflow_operators.py took 0.041 seconds
[2024-06-27T11:58:00.584+0000] {processor.py:161} INFO - Started process (PID=2017) to work on /home/airflow/.local/lib/python3.12/site-packages/airflow/example_dags/example_dynamic_task_mapping_with_no_taskflow_operators.py
[2024-06-27T11:58:00.585+0000] {processor.py:830} INFO - Processing file /home/airflow/.local/lib/python3.12/site-packages/airflow/example_dags/example_dynamic_task_mapping_with_no_taskflow_operators.py for tasks to queue
[2024-06-27T11:58:00.586+0000] {logging_mixin.py:188} INFO - [2024-06-27T11:58:00.585+0000] {dagbag.py:545} INFO - Filling up the DagBag from /home/airflow/.local/lib/python3.12/site-packages/airflow/example_dags/example_dynamic_task_mapping_with_no_taskflow_operators.py
[2024-06-27T11:58:00.589+0000] {processor.py:840} INFO - DAG(s) 'example_dynamic_task_mapping_with_no_taskflow_operators' retrieved from /home/airflow/.local/lib/python3.12/site-packages/airflow/example_dags/example_dynamic_task_mapping_with_no_taskflow_operators.py
[2024-06-27T11:58:00.599+0000] {logging_mixin.py:188} INFO - [2024-06-27T11:58:00.599+0000] {dag.py:3096} INFO - Sync 1 DAGs
[2024-06-27T11:58:00.610+0000] {logging_mixin.py:188} INFO - [2024-06-27T11:58:00.610+0000] {dag.py:3954} INFO - Setting next_dagrun for example_dynamic_task_mapping_with_no_taskflow_operators to 2024-06-26 00:00:00+00:00, run_after=2024-06-27 00:00:00+00:00
[2024-06-27T11:58:00.620+0000] {processor.py:183} INFO - Processing /home/airflow/.local/lib/python3.12/site-packages/airflow/example_dags/example_dynamic_task_mapping_with_no_taskflow_operators.py took 0.039 seconds
[2024-06-27T11:58:31.282+0000] {processor.py:161} INFO - Started process (PID=2076) to work on /home/airflow/.local/lib/python3.12/site-packages/airflow/example_dags/example_dynamic_task_mapping_with_no_taskflow_operators.py
[2024-06-27T11:58:31.283+0000] {processor.py:830} INFO - Processing file /home/airflow/.local/lib/python3.12/site-packages/airflow/example_dags/example_dynamic_task_mapping_with_no_taskflow_operators.py for tasks to queue
[2024-06-27T11:58:31.283+0000] {logging_mixin.py:188} INFO - [2024-06-27T11:58:31.283+0000] {dagbag.py:545} INFO - Filling up the DagBag from /home/airflow/.local/lib/python3.12/site-packages/airflow/example_dags/example_dynamic_task_mapping_with_no_taskflow_operators.py
[2024-06-27T11:58:31.287+0000] {processor.py:840} INFO - DAG(s) 'example_dynamic_task_mapping_with_no_taskflow_operators' retrieved from /home/airflow/.local/lib/python3.12/site-packages/airflow/example_dags/example_dynamic_task_mapping_with_no_taskflow_operators.py
[2024-06-27T11:58:31.297+0000] {logging_mixin.py:188} INFO - [2024-06-27T11:58:31.296+0000] {dag.py:3096} INFO - Sync 1 DAGs
[2024-06-27T11:58:31.308+0000] {logging_mixin.py:188} INFO - [2024-06-27T11:58:31.308+0000] {dag.py:3954} INFO - Setting next_dagrun for example_dynamic_task_mapping_with_no_taskflow_operators to 2024-06-26 00:00:00+00:00, run_after=2024-06-27 00:00:00+00:00
[2024-06-27T11:58:31.318+0000] {processor.py:183} INFO - Processing /home/airflow/.local/lib/python3.12/site-packages/airflow/example_dags/example_dynamic_task_mapping_with_no_taskflow_operators.py took 0.039 seconds
[2024-06-27T11:59:02.003+0000] {processor.py:161} INFO - Started process (PID=2135) to work on /home/airflow/.local/lib/python3.12/site-packages/airflow/example_dags/example_dynamic_task_mapping_with_no_taskflow_operators.py
[2024-06-27T11:59:02.004+0000] {processor.py:830} INFO - Processing file /home/airflow/.local/lib/python3.12/site-packages/airflow/example_dags/example_dynamic_task_mapping_with_no_taskflow_operators.py for tasks to queue
[2024-06-27T11:59:02.004+0000] {logging_mixin.py:188} INFO - [2024-06-27T11:59:02.004+0000] {dagbag.py:545} INFO - Filling up the DagBag from /home/airflow/.local/lib/python3.12/site-packages/airflow/example_dags/example_dynamic_task_mapping_with_no_taskflow_operators.py
[2024-06-27T11:59:02.008+0000] {processor.py:840} INFO - DAG(s) 'example_dynamic_task_mapping_with_no_taskflow_operators' retrieved from /home/airflow/.local/lib/python3.12/site-packages/airflow/example_dags/example_dynamic_task_mapping_with_no_taskflow_operators.py
[2024-06-27T11:59:02.018+0000] {logging_mixin.py:188} INFO - [2024-06-27T11:59:02.018+0000] {dag.py:3096} INFO - Sync 1 DAGs
[2024-06-27T11:59:02.029+0000] {logging_mixin.py:188} INFO - [2024-06-27T11:59:02.029+0000] {dag.py:3954} INFO - Setting next_dagrun for example_dynamic_task_mapping_with_no_taskflow_operators to 2024-06-26 00:00:00+00:00, run_after=2024-06-27 00:00:00+00:00
[2024-06-27T11:59:02.043+0000] {processor.py:183} INFO - Processing /home/airflow/.local/lib/python3.12/site-packages/airflow/example_dags/example_dynamic_task_mapping_with_no_taskflow_operators.py took 0.043 seconds
[2024-06-27T11:59:32.750+0000] {processor.py:161} INFO - Started process (PID=2194) to work on /home/airflow/.local/lib/python3.12/site-packages/airflow/example_dags/example_dynamic_task_mapping_with_no_taskflow_operators.py
[2024-06-27T11:59:32.751+0000] {processor.py:830} INFO - Processing file /home/airflow/.local/lib/python3.12/site-packages/airflow/example_dags/example_dynamic_task_mapping_with_no_taskflow_operators.py for tasks to queue
[2024-06-27T11:59:32.752+0000] {logging_mixin.py:188} INFO - [2024-06-27T11:59:32.752+0000] {dagbag.py:545} INFO - Filling up the DagBag from /home/airflow/.local/lib/python3.12/site-packages/airflow/example_dags/example_dynamic_task_mapping_with_no_taskflow_operators.py
[2024-06-27T11:59:32.755+0000] {processor.py:840} INFO - DAG(s) 'example_dynamic_task_mapping_with_no_taskflow_operators' retrieved from /home/airflow/.local/lib/python3.12/site-packages/airflow/example_dags/example_dynamic_task_mapping_with_no_taskflow_operators.py
[2024-06-27T11:59:32.765+0000] {logging_mixin.py:188} INFO - [2024-06-27T11:59:32.765+0000] {dag.py:3096} INFO - Sync 1 DAGs
[2024-06-27T11:59:32.777+0000] {logging_mixin.py:188} INFO - [2024-06-27T11:59:32.777+0000] {dag.py:3954} INFO - Setting next_dagrun for example_dynamic_task_mapping_with_no_taskflow_operators to 2024-06-26 00:00:00+00:00, run_after=2024-06-27 00:00:00+00:00
[2024-06-27T11:59:32.787+0000] {processor.py:183} INFO - Processing /home/airflow/.local/lib/python3.12/site-packages/airflow/example_dags/example_dynamic_task_mapping_with_no_taskflow_operators.py took 0.040 seconds
[2024-06-27T12:00:03.487+0000] {processor.py:161} INFO - Started process (PID=2253) to work on /home/airflow/.local/lib/python3.12/site-packages/airflow/example_dags/example_dynamic_task_mapping_with_no_taskflow_operators.py
[2024-06-27T12:00:03.488+0000] {processor.py:830} INFO - Processing file /home/airflow/.local/lib/python3.12/site-packages/airflow/example_dags/example_dynamic_task_mapping_with_no_taskflow_operators.py for tasks to queue
[2024-06-27T12:00:03.489+0000] {logging_mixin.py:188} INFO - [2024-06-27T12:00:03.488+0000] {dagbag.py:545} INFO - Filling up the DagBag from /home/airflow/.local/lib/python3.12/site-packages/airflow/example_dags/example_dynamic_task_mapping_with_no_taskflow_operators.py
[2024-06-27T12:00:03.492+0000] {processor.py:840} INFO - DAG(s) 'example_dynamic_task_mapping_with_no_taskflow_operators' retrieved from /home/airflow/.local/lib/python3.12/site-packages/airflow/example_dags/example_dynamic_task_mapping_with_no_taskflow_operators.py
[2024-06-27T12:00:03.503+0000] {logging_mixin.py:188} INFO - [2024-06-27T12:00:03.502+0000] {dag.py:3096} INFO - Sync 1 DAGs
[2024-06-27T12:00:03.515+0000] {logging_mixin.py:188} INFO - [2024-06-27T12:00:03.514+0000] {dag.py:3954} INFO - Setting next_dagrun for example_dynamic_task_mapping_with_no_taskflow_operators to 2024-06-26 00:00:00+00:00, run_after=2024-06-27 00:00:00+00:00
[2024-06-27T12:00:03.524+0000] {processor.py:183} INFO - Processing /home/airflow/.local/lib/python3.12/site-packages/airflow/example_dags/example_dynamic_task_mapping_with_no_taskflow_operators.py took 0.041 seconds
[2024-06-27T12:00:34.218+0000] {processor.py:161} INFO - Started process (PID=2312) to work on /home/airflow/.local/lib/python3.12/site-packages/airflow/example_dags/example_dynamic_task_mapping_with_no_taskflow_operators.py
[2024-06-27T12:00:34.219+0000] {processor.py:830} INFO - Processing file /home/airflow/.local/lib/python3.12/site-packages/airflow/example_dags/example_dynamic_task_mapping_with_no_taskflow_operators.py for tasks to queue
[2024-06-27T12:00:34.220+0000] {logging_mixin.py:188} INFO - [2024-06-27T12:00:34.219+0000] {dagbag.py:545} INFO - Filling up the DagBag from /home/airflow/.local/lib/python3.12/site-packages/airflow/example_dags/example_dynamic_task_mapping_with_no_taskflow_operators.py
[2024-06-27T12:00:34.223+0000] {processor.py:840} INFO - DAG(s) 'example_dynamic_task_mapping_with_no_taskflow_operators' retrieved from /home/airflow/.local/lib/python3.12/site-packages/airflow/example_dags/example_dynamic_task_mapping_with_no_taskflow_operators.py
[2024-06-27T12:00:34.234+0000] {logging_mixin.py:188} INFO - [2024-06-27T12:00:34.234+0000] {dag.py:3096} INFO - Sync 1 DAGs
[2024-06-27T12:00:34.246+0000] {logging_mixin.py:188} INFO - [2024-06-27T12:00:34.245+0000] {dag.py:3954} INFO - Setting next_dagrun for example_dynamic_task_mapping_with_no_taskflow_operators to 2024-06-26 00:00:00+00:00, run_after=2024-06-27 00:00:00+00:00
[2024-06-27T12:00:34.256+0000] {processor.py:183} INFO - Processing /home/airflow/.local/lib/python3.12/site-packages/airflow/example_dags/example_dynamic_task_mapping_with_no_taskflow_operators.py took 0.041 seconds
[2024-06-27T12:01:04.967+0000] {processor.py:161} INFO - Started process (PID=2371) to work on /home/airflow/.local/lib/python3.12/site-packages/airflow/example_dags/example_dynamic_task_mapping_with_no_taskflow_operators.py
[2024-06-27T12:01:04.967+0000] {processor.py:830} INFO - Processing file /home/airflow/.local/lib/python3.12/site-packages/airflow/example_dags/example_dynamic_task_mapping_with_no_taskflow_operators.py for tasks to queue
[2024-06-27T12:01:04.968+0000] {logging_mixin.py:188} INFO - [2024-06-27T12:01:04.968+0000] {dagbag.py:545} INFO - Filling up the DagBag from /home/airflow/.local/lib/python3.12/site-packages/airflow/example_dags/example_dynamic_task_mapping_with_no_taskflow_operators.py
[2024-06-27T12:01:04.972+0000] {processor.py:840} INFO - DAG(s) 'example_dynamic_task_mapping_with_no_taskflow_operators' retrieved from /home/airflow/.local/lib/python3.12/site-packages/airflow/example_dags/example_dynamic_task_mapping_with_no_taskflow_operators.py
[2024-06-27T12:01:04.982+0000] {logging_mixin.py:188} INFO - [2024-06-27T12:01:04.982+0000] {dag.py:3096} INFO - Sync 1 DAGs
[2024-06-27T12:01:04.994+0000] {logging_mixin.py:188} INFO - [2024-06-27T12:01:04.994+0000] {dag.py:3954} INFO - Setting next_dagrun for example_dynamic_task_mapping_with_no_taskflow_operators to 2024-06-26 00:00:00+00:00, run_after=2024-06-27 00:00:00+00:00
[2024-06-27T12:01:05.003+0000] {processor.py:183} INFO - Processing /home/airflow/.local/lib/python3.12/site-packages/airflow/example_dags/example_dynamic_task_mapping_with_no_taskflow_operators.py took 0.040 seconds
[2024-06-27T12:01:35.820+0000] {processor.py:161} INFO - Started process (PID=2430) to work on /home/airflow/.local/lib/python3.12/site-packages/airflow/example_dags/example_dynamic_task_mapping_with_no_taskflow_operators.py
[2024-06-27T12:01:35.821+0000] {processor.py:830} INFO - Processing file /home/airflow/.local/lib/python3.12/site-packages/airflow/example_dags/example_dynamic_task_mapping_with_no_taskflow_operators.py for tasks to queue
[2024-06-27T12:01:35.822+0000] {logging_mixin.py:188} INFO - [2024-06-27T12:01:35.822+0000] {dagbag.py:545} INFO - Filling up the DagBag from /home/airflow/.local/lib/python3.12/site-packages/airflow/example_dags/example_dynamic_task_mapping_with_no_taskflow_operators.py
[2024-06-27T12:01:35.826+0000] {processor.py:840} INFO - DAG(s) 'example_dynamic_task_mapping_with_no_taskflow_operators' retrieved from /home/airflow/.local/lib/python3.12/site-packages/airflow/example_dags/example_dynamic_task_mapping_with_no_taskflow_operators.py
[2024-06-27T12:01:35.837+0000] {logging_mixin.py:188} INFO - [2024-06-27T12:01:35.837+0000] {dag.py:3096} INFO - Sync 1 DAGs
[2024-06-27T12:01:35.850+0000] {logging_mixin.py:188} INFO - [2024-06-27T12:01:35.850+0000] {dag.py:3954} INFO - Setting next_dagrun for example_dynamic_task_mapping_with_no_taskflow_operators to 2024-06-26 00:00:00+00:00, run_after=2024-06-27 00:00:00+00:00
[2024-06-27T12:01:35.862+0000] {processor.py:183} INFO - Processing /home/airflow/.local/lib/python3.12/site-packages/airflow/example_dags/example_dynamic_task_mapping_with_no_taskflow_operators.py took 0.045 seconds
