[2024-06-27T11:41:04.387+0000] {processor.py:161} INFO - Started process (PID=75) to work on /home/airflow/.local/lib/python3.12/site-packages/airflow/example_dags/example_task_group_decorator.py
[2024-06-27T11:41:04.388+0000] {processor.py:830} INFO - Processing file /home/airflow/.local/lib/python3.12/site-packages/airflow/example_dags/example_task_group_decorator.py for tasks to queue
[2024-06-27T11:41:04.389+0000] {logging_mixin.py:188} INFO - [2024-06-27T11:41:04.388+0000] {dagbag.py:545} INFO - Filling up the DagBag from /home/airflow/.local/lib/python3.12/site-packages/airflow/example_dags/example_task_group_decorator.py
[2024-06-27T11:41:04.398+0000] {processor.py:840} INFO - DAG(s) 'example_task_group_decorator' retrieved from /home/airflow/.local/lib/python3.12/site-packages/airflow/example_dags/example_task_group_decorator.py
[2024-06-27T11:41:04.405+0000] {logging_mixin.py:188} INFO - [2024-06-27T11:41:04.405+0000] {dag.py:3096} INFO - Sync 1 DAGs
[2024-06-27T11:41:04.419+0000] {logging_mixin.py:188} INFO - [2024-06-27T11:41:04.419+0000] {dag.py:3954} INFO - Setting next_dagrun for example_task_group_decorator to 2024-06-26 00:00:00+00:00, run_after=2024-06-27 00:00:00+00:00
[2024-06-27T11:41:04.431+0000] {processor.py:183} INFO - Processing /home/airflow/.local/lib/python3.12/site-packages/airflow/example_dags/example_task_group_decorator.py took 0.047 seconds
[2024-06-27T11:41:35.907+0000] {processor.py:161} INFO - Started process (PID=133) to work on /home/airflow/.local/lib/python3.12/site-packages/airflow/example_dags/example_task_group_decorator.py
[2024-06-27T11:41:35.908+0000] {processor.py:830} INFO - Processing file /home/airflow/.local/lib/python3.12/site-packages/airflow/example_dags/example_task_group_decorator.py for tasks to queue
[2024-06-27T11:41:35.910+0000] {logging_mixin.py:188} INFO - [2024-06-27T11:41:35.909+0000] {dagbag.py:545} INFO - Filling up the DagBag from /home/airflow/.local/lib/python3.12/site-packages/airflow/example_dags/example_task_group_decorator.py
[2024-06-27T11:41:35.917+0000] {processor.py:840} INFO - DAG(s) 'example_task_group_decorator' retrieved from /home/airflow/.local/lib/python3.12/site-packages/airflow/example_dags/example_task_group_decorator.py
[2024-06-27T11:41:35.978+0000] {logging_mixin.py:188} INFO - [2024-06-27T11:41:35.978+0000] {dag.py:3096} INFO - Sync 1 DAGs
[2024-06-27T11:41:35.989+0000] {logging_mixin.py:188} INFO - [2024-06-27T11:41:35.989+0000] {dag.py:3954} INFO - Setting next_dagrun for example_task_group_decorator to 2024-06-26 00:00:00+00:00, run_after=2024-06-27 00:00:00+00:00
[2024-06-27T11:41:36.001+0000] {processor.py:183} INFO - Processing /home/airflow/.local/lib/python3.12/site-packages/airflow/example_dags/example_task_group_decorator.py took 0.096 seconds
[2024-06-27T11:42:06.846+0000] {processor.py:161} INFO - Started process (PID=191) to work on /home/airflow/.local/lib/python3.12/site-packages/airflow/example_dags/example_task_group_decorator.py
[2024-06-27T11:42:06.852+0000] {processor.py:830} INFO - Processing file /home/airflow/.local/lib/python3.12/site-packages/airflow/example_dags/example_task_group_decorator.py for tasks to queue
[2024-06-27T11:42:06.854+0000] {logging_mixin.py:188} INFO - [2024-06-27T11:42:06.854+0000] {dagbag.py:545} INFO - Filling up the DagBag from /home/airflow/.local/lib/python3.12/site-packages/airflow/example_dags/example_task_group_decorator.py
[2024-06-27T11:42:06.867+0000] {processor.py:840} INFO - DAG(s) 'example_task_group_decorator' retrieved from /home/airflow/.local/lib/python3.12/site-packages/airflow/example_dags/example_task_group_decorator.py
[2024-06-27T11:42:06.882+0000] {logging_mixin.py:188} INFO - [2024-06-27T11:42:06.881+0000] {dag.py:3096} INFO - Sync 1 DAGs
[2024-06-27T11:42:06.895+0000] {logging_mixin.py:188} INFO - [2024-06-27T11:42:06.894+0000] {dag.py:3954} INFO - Setting next_dagrun for example_task_group_decorator to 2024-06-26 00:00:00+00:00, run_after=2024-06-27 00:00:00+00:00
[2024-06-27T11:42:06.905+0000] {processor.py:183} INFO - Processing /home/airflow/.local/lib/python3.12/site-packages/airflow/example_dags/example_task_group_decorator.py took 0.063 seconds
[2024-06-27T11:42:37.827+0000] {processor.py:161} INFO - Started process (PID=249) to work on /home/airflow/.local/lib/python3.12/site-packages/airflow/example_dags/example_task_group_decorator.py
[2024-06-27T11:42:37.833+0000] {processor.py:830} INFO - Processing file /home/airflow/.local/lib/python3.12/site-packages/airflow/example_dags/example_task_group_decorator.py for tasks to queue
[2024-06-27T11:42:37.834+0000] {logging_mixin.py:188} INFO - [2024-06-27T11:42:37.834+0000] {dagbag.py:545} INFO - Filling up the DagBag from /home/airflow/.local/lib/python3.12/site-packages/airflow/example_dags/example_task_group_decorator.py
[2024-06-27T11:42:37.844+0000] {processor.py:840} INFO - DAG(s) 'example_task_group_decorator' retrieved from /home/airflow/.local/lib/python3.12/site-packages/airflow/example_dags/example_task_group_decorator.py
[2024-06-27T11:42:37.858+0000] {logging_mixin.py:188} INFO - [2024-06-27T11:42:37.858+0000] {dag.py:3096} INFO - Sync 1 DAGs
[2024-06-27T11:42:37.872+0000] {logging_mixin.py:188} INFO - [2024-06-27T11:42:37.872+0000] {dag.py:3954} INFO - Setting next_dagrun for example_task_group_decorator to 2024-06-26 00:00:00+00:00, run_after=2024-06-27 00:00:00+00:00
[2024-06-27T11:42:37.883+0000] {processor.py:183} INFO - Processing /home/airflow/.local/lib/python3.12/site-packages/airflow/example_dags/example_task_group_decorator.py took 0.059 seconds
[2024-06-27T11:43:07.970+0000] {processor.py:161} INFO - Started process (PID=307) to work on /home/airflow/.local/lib/python3.12/site-packages/airflow/example_dags/example_task_group_decorator.py
[2024-06-27T11:43:07.977+0000] {processor.py:830} INFO - Processing file /home/airflow/.local/lib/python3.12/site-packages/airflow/example_dags/example_task_group_decorator.py for tasks to queue
[2024-06-27T11:43:07.979+0000] {logging_mixin.py:188} INFO - [2024-06-27T11:43:07.978+0000] {dagbag.py:545} INFO - Filling up the DagBag from /home/airflow/.local/lib/python3.12/site-packages/airflow/example_dags/example_task_group_decorator.py
[2024-06-27T11:43:07.991+0000] {processor.py:840} INFO - DAG(s) 'example_task_group_decorator' retrieved from /home/airflow/.local/lib/python3.12/site-packages/airflow/example_dags/example_task_group_decorator.py
[2024-06-27T11:43:08.005+0000] {logging_mixin.py:188} INFO - [2024-06-27T11:43:08.005+0000] {dag.py:3096} INFO - Sync 1 DAGs
[2024-06-27T11:43:08.017+0000] {logging_mixin.py:188} INFO - [2024-06-27T11:43:08.017+0000] {dag.py:3954} INFO - Setting next_dagrun for example_task_group_decorator to 2024-06-26 00:00:00+00:00, run_after=2024-06-27 00:00:00+00:00
[2024-06-27T11:43:08.027+0000] {processor.py:183} INFO - Processing /home/airflow/.local/lib/python3.12/site-packages/airflow/example_dags/example_task_group_decorator.py took 0.060 seconds
[2024-06-27T11:43:38.774+0000] {processor.py:161} INFO - Started process (PID=365) to work on /home/airflow/.local/lib/python3.12/site-packages/airflow/example_dags/example_task_group_decorator.py
[2024-06-27T11:43:38.774+0000] {processor.py:830} INFO - Processing file /home/airflow/.local/lib/python3.12/site-packages/airflow/example_dags/example_task_group_decorator.py for tasks to queue
[2024-06-27T11:43:38.775+0000] {logging_mixin.py:188} INFO - [2024-06-27T11:43:38.775+0000] {dagbag.py:545} INFO - Filling up the DagBag from /home/airflow/.local/lib/python3.12/site-packages/airflow/example_dags/example_task_group_decorator.py
[2024-06-27T11:43:38.782+0000] {processor.py:840} INFO - DAG(s) 'example_task_group_decorator' retrieved from /home/airflow/.local/lib/python3.12/site-packages/airflow/example_dags/example_task_group_decorator.py
[2024-06-27T11:43:38.795+0000] {logging_mixin.py:188} INFO - [2024-06-27T11:43:38.795+0000] {dag.py:3096} INFO - Sync 1 DAGs
[2024-06-27T11:43:38.806+0000] {logging_mixin.py:188} INFO - [2024-06-27T11:43:38.806+0000] {dag.py:3954} INFO - Setting next_dagrun for example_task_group_decorator to 2024-06-26 00:00:00+00:00, run_after=2024-06-27 00:00:00+00:00
[2024-06-27T11:43:38.816+0000] {processor.py:183} INFO - Processing /home/airflow/.local/lib/python3.12/site-packages/airflow/example_dags/example_task_group_decorator.py took 0.046 seconds
[2024-06-27T11:44:09.453+0000] {processor.py:161} INFO - Started process (PID=423) to work on /home/airflow/.local/lib/python3.12/site-packages/airflow/example_dags/example_task_group_decorator.py
[2024-06-27T11:44:09.458+0000] {processor.py:830} INFO - Processing file /home/airflow/.local/lib/python3.12/site-packages/airflow/example_dags/example_task_group_decorator.py for tasks to queue
[2024-06-27T11:44:09.460+0000] {logging_mixin.py:188} INFO - [2024-06-27T11:44:09.460+0000] {dagbag.py:545} INFO - Filling up the DagBag from /home/airflow/.local/lib/python3.12/site-packages/airflow/example_dags/example_task_group_decorator.py
[2024-06-27T11:44:09.472+0000] {processor.py:840} INFO - DAG(s) 'example_task_group_decorator' retrieved from /home/airflow/.local/lib/python3.12/site-packages/airflow/example_dags/example_task_group_decorator.py
[2024-06-27T11:44:09.486+0000] {logging_mixin.py:188} INFO - [2024-06-27T11:44:09.486+0000] {dag.py:3096} INFO - Sync 1 DAGs
[2024-06-27T11:44:09.498+0000] {logging_mixin.py:188} INFO - [2024-06-27T11:44:09.498+0000] {dag.py:3954} INFO - Setting next_dagrun for example_task_group_decorator to 2024-06-26 00:00:00+00:00, run_after=2024-06-27 00:00:00+00:00
[2024-06-27T11:44:09.509+0000] {processor.py:183} INFO - Processing /home/airflow/.local/lib/python3.12/site-packages/airflow/example_dags/example_task_group_decorator.py took 0.060 seconds
[2024-06-27T11:44:40.371+0000] {processor.py:161} INFO - Started process (PID=481) to work on /home/airflow/.local/lib/python3.12/site-packages/airflow/example_dags/example_task_group_decorator.py
[2024-06-27T11:44:40.372+0000] {processor.py:830} INFO - Processing file /home/airflow/.local/lib/python3.12/site-packages/airflow/example_dags/example_task_group_decorator.py for tasks to queue
[2024-06-27T11:44:40.373+0000] {logging_mixin.py:188} INFO - [2024-06-27T11:44:40.373+0000] {dagbag.py:545} INFO - Filling up the DagBag from /home/airflow/.local/lib/python3.12/site-packages/airflow/example_dags/example_task_group_decorator.py
[2024-06-27T11:44:40.381+0000] {processor.py:840} INFO - DAG(s) 'example_task_group_decorator' retrieved from /home/airflow/.local/lib/python3.12/site-packages/airflow/example_dags/example_task_group_decorator.py
[2024-06-27T11:44:40.395+0000] {logging_mixin.py:188} INFO - [2024-06-27T11:44:40.395+0000] {dag.py:3096} INFO - Sync 1 DAGs
[2024-06-27T11:44:40.407+0000] {logging_mixin.py:188} INFO - [2024-06-27T11:44:40.407+0000] {dag.py:3954} INFO - Setting next_dagrun for example_task_group_decorator to 2024-06-26 00:00:00+00:00, run_after=2024-06-27 00:00:00+00:00
[2024-06-27T11:44:40.419+0000] {processor.py:183} INFO - Processing /home/airflow/.local/lib/python3.12/site-packages/airflow/example_dags/example_task_group_decorator.py took 0.052 seconds
[2024-06-27T11:45:11.175+0000] {processor.py:161} INFO - Started process (PID=539) to work on /home/airflow/.local/lib/python3.12/site-packages/airflow/example_dags/example_task_group_decorator.py
[2024-06-27T11:45:11.181+0000] {processor.py:830} INFO - Processing file /home/airflow/.local/lib/python3.12/site-packages/airflow/example_dags/example_task_group_decorator.py for tasks to queue
[2024-06-27T11:45:11.182+0000] {logging_mixin.py:188} INFO - [2024-06-27T11:45:11.182+0000] {dagbag.py:545} INFO - Filling up the DagBag from /home/airflow/.local/lib/python3.12/site-packages/airflow/example_dags/example_task_group_decorator.py
[2024-06-27T11:45:11.193+0000] {processor.py:840} INFO - DAG(s) 'example_task_group_decorator' retrieved from /home/airflow/.local/lib/python3.12/site-packages/airflow/example_dags/example_task_group_decorator.py
[2024-06-27T11:45:11.206+0000] {logging_mixin.py:188} INFO - [2024-06-27T11:45:11.205+0000] {dag.py:3096} INFO - Sync 1 DAGs
[2024-06-27T11:45:11.217+0000] {logging_mixin.py:188} INFO - [2024-06-27T11:45:11.217+0000] {dag.py:3954} INFO - Setting next_dagrun for example_task_group_decorator to 2024-06-26 00:00:00+00:00, run_after=2024-06-27 00:00:00+00:00
[2024-06-27T11:45:11.228+0000] {processor.py:183} INFO - Processing /home/airflow/.local/lib/python3.12/site-packages/airflow/example_dags/example_task_group_decorator.py took 0.056 seconds
[2024-06-27T11:45:41.946+0000] {processor.py:161} INFO - Started process (PID=597) to work on /home/airflow/.local/lib/python3.12/site-packages/airflow/example_dags/example_task_group_decorator.py
[2024-06-27T11:45:41.953+0000] {processor.py:830} INFO - Processing file /home/airflow/.local/lib/python3.12/site-packages/airflow/example_dags/example_task_group_decorator.py for tasks to queue
[2024-06-27T11:45:41.955+0000] {logging_mixin.py:188} INFO - [2024-06-27T11:45:41.954+0000] {dagbag.py:545} INFO - Filling up the DagBag from /home/airflow/.local/lib/python3.12/site-packages/airflow/example_dags/example_task_group_decorator.py
[2024-06-27T11:45:41.970+0000] {processor.py:840} INFO - DAG(s) 'example_task_group_decorator' retrieved from /home/airflow/.local/lib/python3.12/site-packages/airflow/example_dags/example_task_group_decorator.py
[2024-06-27T11:45:41.984+0000] {logging_mixin.py:188} INFO - [2024-06-27T11:45:41.983+0000] {dag.py:3096} INFO - Sync 1 DAGs
[2024-06-27T11:45:41.995+0000] {logging_mixin.py:188} INFO - [2024-06-27T11:45:41.995+0000] {dag.py:3954} INFO - Setting next_dagrun for example_task_group_decorator to 2024-06-26 00:00:00+00:00, run_after=2024-06-27 00:00:00+00:00
[2024-06-27T11:45:42.005+0000] {processor.py:183} INFO - Processing /home/airflow/.local/lib/python3.12/site-packages/airflow/example_dags/example_task_group_decorator.py took 0.062 seconds
[2024-06-27T11:46:12.778+0000] {processor.py:161} INFO - Started process (PID=656) to work on /home/airflow/.local/lib/python3.12/site-packages/airflow/example_dags/example_task_group_decorator.py
[2024-06-27T11:46:12.783+0000] {processor.py:830} INFO - Processing file /home/airflow/.local/lib/python3.12/site-packages/airflow/example_dags/example_task_group_decorator.py for tasks to queue
[2024-06-27T11:46:12.785+0000] {logging_mixin.py:188} INFO - [2024-06-27T11:46:12.784+0000] {dagbag.py:545} INFO - Filling up the DagBag from /home/airflow/.local/lib/python3.12/site-packages/airflow/example_dags/example_task_group_decorator.py
[2024-06-27T11:46:12.796+0000] {processor.py:840} INFO - DAG(s) 'example_task_group_decorator' retrieved from /home/airflow/.local/lib/python3.12/site-packages/airflow/example_dags/example_task_group_decorator.py
[2024-06-27T11:46:12.810+0000] {logging_mixin.py:188} INFO - [2024-06-27T11:46:12.810+0000] {dag.py:3096} INFO - Sync 1 DAGs
[2024-06-27T11:46:12.823+0000] {logging_mixin.py:188} INFO - [2024-06-27T11:46:12.823+0000] {dag.py:3954} INFO - Setting next_dagrun for example_task_group_decorator to 2024-06-26 00:00:00+00:00, run_after=2024-06-27 00:00:00+00:00
[2024-06-27T11:46:12.833+0000] {processor.py:183} INFO - Processing /home/airflow/.local/lib/python3.12/site-packages/airflow/example_dags/example_task_group_decorator.py took 0.060 seconds
[2024-06-27T11:46:43.697+0000] {processor.py:161} INFO - Started process (PID=721) to work on /home/airflow/.local/lib/python3.12/site-packages/airflow/example_dags/example_task_group_decorator.py
[2024-06-27T11:46:43.698+0000] {processor.py:830} INFO - Processing file /home/airflow/.local/lib/python3.12/site-packages/airflow/example_dags/example_task_group_decorator.py for tasks to queue
[2024-06-27T11:46:43.699+0000] {logging_mixin.py:188} INFO - [2024-06-27T11:46:43.699+0000] {dagbag.py:545} INFO - Filling up the DagBag from /home/airflow/.local/lib/python3.12/site-packages/airflow/example_dags/example_task_group_decorator.py
[2024-06-27T11:46:43.707+0000] {processor.py:840} INFO - DAG(s) 'example_task_group_decorator' retrieved from /home/airflow/.local/lib/python3.12/site-packages/airflow/example_dags/example_task_group_decorator.py
[2024-06-27T11:46:43.722+0000] {logging_mixin.py:188} INFO - [2024-06-27T11:46:43.722+0000] {dag.py:3096} INFO - Sync 1 DAGs
[2024-06-27T11:46:43.735+0000] {logging_mixin.py:188} INFO - [2024-06-27T11:46:43.735+0000] {dag.py:3954} INFO - Setting next_dagrun for example_task_group_decorator to 2024-06-26 00:00:00+00:00, run_after=2024-06-27 00:00:00+00:00
[2024-06-27T11:46:43.746+0000] {processor.py:183} INFO - Processing /home/airflow/.local/lib/python3.12/site-packages/airflow/example_dags/example_task_group_decorator.py took 0.051 seconds
[2024-06-27T11:47:14.523+0000] {processor.py:161} INFO - Started process (PID=781) to work on /home/airflow/.local/lib/python3.12/site-packages/airflow/example_dags/example_task_group_decorator.py
[2024-06-27T11:47:14.530+0000] {processor.py:830} INFO - Processing file /home/airflow/.local/lib/python3.12/site-packages/airflow/example_dags/example_task_group_decorator.py for tasks to queue
[2024-06-27T11:47:14.532+0000] {logging_mixin.py:188} INFO - [2024-06-27T11:47:14.531+0000] {dagbag.py:545} INFO - Filling up the DagBag from /home/airflow/.local/lib/python3.12/site-packages/airflow/example_dags/example_task_group_decorator.py
[2024-06-27T11:47:14.544+0000] {processor.py:840} INFO - DAG(s) 'example_task_group_decorator' retrieved from /home/airflow/.local/lib/python3.12/site-packages/airflow/example_dags/example_task_group_decorator.py
[2024-06-27T11:47:14.557+0000] {logging_mixin.py:188} INFO - [2024-06-27T11:47:14.557+0000] {dag.py:3096} INFO - Sync 1 DAGs
[2024-06-27T11:47:14.569+0000] {logging_mixin.py:188} INFO - [2024-06-27T11:47:14.569+0000] {dag.py:3954} INFO - Setting next_dagrun for example_task_group_decorator to 2024-06-26 00:00:00+00:00, run_after=2024-06-27 00:00:00+00:00
[2024-06-27T11:47:14.579+0000] {processor.py:183} INFO - Processing /home/airflow/.local/lib/python3.12/site-packages/airflow/example_dags/example_task_group_decorator.py took 0.059 seconds
[2024-06-27T11:47:44.664+0000] {processor.py:161} INFO - Started process (PID=840) to work on /home/airflow/.local/lib/python3.12/site-packages/airflow/example_dags/example_task_group_decorator.py
[2024-06-27T11:47:44.665+0000] {processor.py:830} INFO - Processing file /home/airflow/.local/lib/python3.12/site-packages/airflow/example_dags/example_task_group_decorator.py for tasks to queue
[2024-06-27T11:47:44.666+0000] {logging_mixin.py:188} INFO - [2024-06-27T11:47:44.666+0000] {dagbag.py:545} INFO - Filling up the DagBag from /home/airflow/.local/lib/python3.12/site-packages/airflow/example_dags/example_task_group_decorator.py
[2024-06-27T11:47:44.673+0000] {processor.py:840} INFO - DAG(s) 'example_task_group_decorator' retrieved from /home/airflow/.local/lib/python3.12/site-packages/airflow/example_dags/example_task_group_decorator.py
[2024-06-27T11:47:44.687+0000] {logging_mixin.py:188} INFO - [2024-06-27T11:47:44.686+0000] {dag.py:3096} INFO - Sync 1 DAGs
[2024-06-27T11:47:44.699+0000] {logging_mixin.py:188} INFO - [2024-06-27T11:47:44.699+0000] {dag.py:3954} INFO - Setting next_dagrun for example_task_group_decorator to 2024-06-26 00:00:00+00:00, run_after=2024-06-27 00:00:00+00:00
[2024-06-27T11:47:44.709+0000] {processor.py:183} INFO - Processing /home/airflow/.local/lib/python3.12/site-packages/airflow/example_dags/example_task_group_decorator.py took 0.048 seconds
[2024-06-27T11:48:14.779+0000] {processor.py:161} INFO - Started process (PID=899) to work on /home/airflow/.local/lib/python3.12/site-packages/airflow/example_dags/example_task_group_decorator.py
[2024-06-27T11:48:14.780+0000] {processor.py:830} INFO - Processing file /home/airflow/.local/lib/python3.12/site-packages/airflow/example_dags/example_task_group_decorator.py for tasks to queue
[2024-06-27T11:48:14.780+0000] {logging_mixin.py:188} INFO - [2024-06-27T11:48:14.780+0000] {dagbag.py:545} INFO - Filling up the DagBag from /home/airflow/.local/lib/python3.12/site-packages/airflow/example_dags/example_task_group_decorator.py
[2024-06-27T11:48:14.788+0000] {processor.py:840} INFO - DAG(s) 'example_task_group_decorator' retrieved from /home/airflow/.local/lib/python3.12/site-packages/airflow/example_dags/example_task_group_decorator.py
[2024-06-27T11:48:14.802+0000] {logging_mixin.py:188} INFO - [2024-06-27T11:48:14.802+0000] {dag.py:3096} INFO - Sync 1 DAGs
[2024-06-27T11:48:14.815+0000] {logging_mixin.py:188} INFO - [2024-06-27T11:48:14.815+0000] {dag.py:3954} INFO - Setting next_dagrun for example_task_group_decorator to 2024-06-26 00:00:00+00:00, run_after=2024-06-27 00:00:00+00:00
[2024-06-27T11:48:14.826+0000] {processor.py:183} INFO - Processing /home/airflow/.local/lib/python3.12/site-packages/airflow/example_dags/example_task_group_decorator.py took 0.050 seconds
[2024-06-27T11:48:45.879+0000] {processor.py:161} INFO - Started process (PID=958) to work on /home/airflow/.local/lib/python3.12/site-packages/airflow/example_dags/example_task_group_decorator.py
[2024-06-27T11:48:45.880+0000] {processor.py:830} INFO - Processing file /home/airflow/.local/lib/python3.12/site-packages/airflow/example_dags/example_task_group_decorator.py for tasks to queue
[2024-06-27T11:48:45.881+0000] {logging_mixin.py:188} INFO - [2024-06-27T11:48:45.881+0000] {dagbag.py:545} INFO - Filling up the DagBag from /home/airflow/.local/lib/python3.12/site-packages/airflow/example_dags/example_task_group_decorator.py
[2024-06-27T11:48:45.888+0000] {processor.py:840} INFO - DAG(s) 'example_task_group_decorator' retrieved from /home/airflow/.local/lib/python3.12/site-packages/airflow/example_dags/example_task_group_decorator.py
[2024-06-27T11:48:45.903+0000] {logging_mixin.py:188} INFO - [2024-06-27T11:48:45.902+0000] {dag.py:3096} INFO - Sync 1 DAGs
[2024-06-27T11:48:45.915+0000] {logging_mixin.py:188} INFO - [2024-06-27T11:48:45.915+0000] {dag.py:3954} INFO - Setting next_dagrun for example_task_group_decorator to 2024-06-26 00:00:00+00:00, run_after=2024-06-27 00:00:00+00:00
[2024-06-27T11:48:45.927+0000] {processor.py:183} INFO - Processing /home/airflow/.local/lib/python3.12/site-packages/airflow/example_dags/example_task_group_decorator.py took 0.051 seconds
[2024-06-27T11:49:15.963+0000] {processor.py:161} INFO - Started process (PID=1017) to work on /home/airflow/.local/lib/python3.12/site-packages/airflow/example_dags/example_task_group_decorator.py
[2024-06-27T11:49:15.964+0000] {processor.py:830} INFO - Processing file /home/airflow/.local/lib/python3.12/site-packages/airflow/example_dags/example_task_group_decorator.py for tasks to queue
[2024-06-27T11:49:15.965+0000] {logging_mixin.py:188} INFO - [2024-06-27T11:49:15.965+0000] {dagbag.py:545} INFO - Filling up the DagBag from /home/airflow/.local/lib/python3.12/site-packages/airflow/example_dags/example_task_group_decorator.py
[2024-06-27T11:49:15.972+0000] {processor.py:840} INFO - DAG(s) 'example_task_group_decorator' retrieved from /home/airflow/.local/lib/python3.12/site-packages/airflow/example_dags/example_task_group_decorator.py
[2024-06-27T11:49:15.988+0000] {logging_mixin.py:188} INFO - [2024-06-27T11:49:15.987+0000] {dag.py:3096} INFO - Sync 1 DAGs
[2024-06-27T11:49:16.002+0000] {logging_mixin.py:188} INFO - [2024-06-27T11:49:16.001+0000] {dag.py:3954} INFO - Setting next_dagrun for example_task_group_decorator to 2024-06-26 00:00:00+00:00, run_after=2024-06-27 00:00:00+00:00
[2024-06-27T11:49:16.015+0000] {processor.py:183} INFO - Processing /home/airflow/.local/lib/python3.12/site-packages/airflow/example_dags/example_task_group_decorator.py took 0.056 seconds
[2024-06-27T11:49:46.734+0000] {processor.py:161} INFO - Started process (PID=1076) to work on /home/airflow/.local/lib/python3.12/site-packages/airflow/example_dags/example_task_group_decorator.py
[2024-06-27T11:49:46.735+0000] {processor.py:830} INFO - Processing file /home/airflow/.local/lib/python3.12/site-packages/airflow/example_dags/example_task_group_decorator.py for tasks to queue
[2024-06-27T11:49:46.736+0000] {logging_mixin.py:188} INFO - [2024-06-27T11:49:46.736+0000] {dagbag.py:545} INFO - Filling up the DagBag from /home/airflow/.local/lib/python3.12/site-packages/airflow/example_dags/example_task_group_decorator.py
[2024-06-27T11:49:46.744+0000] {processor.py:840} INFO - DAG(s) 'example_task_group_decorator' retrieved from /home/airflow/.local/lib/python3.12/site-packages/airflow/example_dags/example_task_group_decorator.py
[2024-06-27T11:49:46.757+0000] {logging_mixin.py:188} INFO - [2024-06-27T11:49:46.757+0000] {dag.py:3096} INFO - Sync 1 DAGs
[2024-06-27T11:49:46.769+0000] {logging_mixin.py:188} INFO - [2024-06-27T11:49:46.769+0000] {dag.py:3954} INFO - Setting next_dagrun for example_task_group_decorator to 2024-06-26 00:00:00+00:00, run_after=2024-06-27 00:00:00+00:00
[2024-06-27T11:49:46.780+0000] {processor.py:183} INFO - Processing /home/airflow/.local/lib/python3.12/site-packages/airflow/example_dags/example_task_group_decorator.py took 0.048 seconds
[2024-06-27T11:50:17.512+0000] {processor.py:161} INFO - Started process (PID=1135) to work on /home/airflow/.local/lib/python3.12/site-packages/airflow/example_dags/example_task_group_decorator.py
[2024-06-27T11:50:17.513+0000] {processor.py:830} INFO - Processing file /home/airflow/.local/lib/python3.12/site-packages/airflow/example_dags/example_task_group_decorator.py for tasks to queue
[2024-06-27T11:50:17.514+0000] {logging_mixin.py:188} INFO - [2024-06-27T11:50:17.514+0000] {dagbag.py:545} INFO - Filling up the DagBag from /home/airflow/.local/lib/python3.12/site-packages/airflow/example_dags/example_task_group_decorator.py
[2024-06-27T11:50:17.521+0000] {processor.py:840} INFO - DAG(s) 'example_task_group_decorator' retrieved from /home/airflow/.local/lib/python3.12/site-packages/airflow/example_dags/example_task_group_decorator.py
[2024-06-27T11:50:17.534+0000] {logging_mixin.py:188} INFO - [2024-06-27T11:50:17.534+0000] {dag.py:3096} INFO - Sync 1 DAGs
[2024-06-27T11:50:17.545+0000] {logging_mixin.py:188} INFO - [2024-06-27T11:50:17.545+0000] {dag.py:3954} INFO - Setting next_dagrun for example_task_group_decorator to 2024-06-26 00:00:00+00:00, run_after=2024-06-27 00:00:00+00:00
[2024-06-27T11:50:17.556+0000] {processor.py:183} INFO - Processing /home/airflow/.local/lib/python3.12/site-packages/airflow/example_dags/example_task_group_decorator.py took 0.046 seconds
[2024-06-27T11:50:48.327+0000] {processor.py:161} INFO - Started process (PID=1194) to work on /home/airflow/.local/lib/python3.12/site-packages/airflow/example_dags/example_task_group_decorator.py
[2024-06-27T11:50:48.327+0000] {processor.py:830} INFO - Processing file /home/airflow/.local/lib/python3.12/site-packages/airflow/example_dags/example_task_group_decorator.py for tasks to queue
[2024-06-27T11:50:48.328+0000] {logging_mixin.py:188} INFO - [2024-06-27T11:50:48.328+0000] {dagbag.py:545} INFO - Filling up the DagBag from /home/airflow/.local/lib/python3.12/site-packages/airflow/example_dags/example_task_group_decorator.py
[2024-06-27T11:50:48.336+0000] {processor.py:840} INFO - DAG(s) 'example_task_group_decorator' retrieved from /home/airflow/.local/lib/python3.12/site-packages/airflow/example_dags/example_task_group_decorator.py
[2024-06-27T11:50:48.349+0000] {logging_mixin.py:188} INFO - [2024-06-27T11:50:48.349+0000] {dag.py:3096} INFO - Sync 1 DAGs
[2024-06-27T11:50:48.361+0000] {logging_mixin.py:188} INFO - [2024-06-27T11:50:48.361+0000] {dag.py:3954} INFO - Setting next_dagrun for example_task_group_decorator to 2024-06-26 00:00:00+00:00, run_after=2024-06-27 00:00:00+00:00
[2024-06-27T11:50:48.371+0000] {processor.py:183} INFO - Processing /home/airflow/.local/lib/python3.12/site-packages/airflow/example_dags/example_task_group_decorator.py took 0.048 seconds
[2024-06-27T11:51:19.174+0000] {processor.py:161} INFO - Started process (PID=1253) to work on /home/airflow/.local/lib/python3.12/site-packages/airflow/example_dags/example_task_group_decorator.py
[2024-06-27T11:51:19.175+0000] {processor.py:830} INFO - Processing file /home/airflow/.local/lib/python3.12/site-packages/airflow/example_dags/example_task_group_decorator.py for tasks to queue
[2024-06-27T11:51:19.176+0000] {logging_mixin.py:188} INFO - [2024-06-27T11:51:19.176+0000] {dagbag.py:545} INFO - Filling up the DagBag from /home/airflow/.local/lib/python3.12/site-packages/airflow/example_dags/example_task_group_decorator.py
[2024-06-27T11:51:19.184+0000] {processor.py:840} INFO - DAG(s) 'example_task_group_decorator' retrieved from /home/airflow/.local/lib/python3.12/site-packages/airflow/example_dags/example_task_group_decorator.py
[2024-06-27T11:51:19.197+0000] {logging_mixin.py:188} INFO - [2024-06-27T11:51:19.197+0000] {dag.py:3096} INFO - Sync 1 DAGs
[2024-06-27T11:51:19.209+0000] {logging_mixin.py:188} INFO - [2024-06-27T11:51:19.209+0000] {dag.py:3954} INFO - Setting next_dagrun for example_task_group_decorator to 2024-06-26 00:00:00+00:00, run_after=2024-06-27 00:00:00+00:00
[2024-06-27T11:51:19.219+0000] {processor.py:183} INFO - Processing /home/airflow/.local/lib/python3.12/site-packages/airflow/example_dags/example_task_group_decorator.py took 0.048 seconds
[2024-06-27T11:51:49.982+0000] {processor.py:161} INFO - Started process (PID=1312) to work on /home/airflow/.local/lib/python3.12/site-packages/airflow/example_dags/example_task_group_decorator.py
[2024-06-27T11:51:49.983+0000] {processor.py:830} INFO - Processing file /home/airflow/.local/lib/python3.12/site-packages/airflow/example_dags/example_task_group_decorator.py for tasks to queue
[2024-06-27T11:51:49.983+0000] {logging_mixin.py:188} INFO - [2024-06-27T11:51:49.983+0000] {dagbag.py:545} INFO - Filling up the DagBag from /home/airflow/.local/lib/python3.12/site-packages/airflow/example_dags/example_task_group_decorator.py
[2024-06-27T11:51:49.993+0000] {processor.py:840} INFO - DAG(s) 'example_task_group_decorator' retrieved from /home/airflow/.local/lib/python3.12/site-packages/airflow/example_dags/example_task_group_decorator.py
[2024-06-27T11:51:50.008+0000] {logging_mixin.py:188} INFO - [2024-06-27T11:51:50.008+0000] {dag.py:3096} INFO - Sync 1 DAGs
[2024-06-27T11:51:50.020+0000] {logging_mixin.py:188} INFO - [2024-06-27T11:51:50.020+0000] {dag.py:3954} INFO - Setting next_dagrun for example_task_group_decorator to 2024-06-26 00:00:00+00:00, run_after=2024-06-27 00:00:00+00:00
[2024-06-27T11:51:50.032+0000] {processor.py:183} INFO - Processing /home/airflow/.local/lib/python3.12/site-packages/airflow/example_dags/example_task_group_decorator.py took 0.053 seconds
[2024-06-27T11:52:20.782+0000] {processor.py:161} INFO - Started process (PID=1371) to work on /home/airflow/.local/lib/python3.12/site-packages/airflow/example_dags/example_task_group_decorator.py
[2024-06-27T11:52:20.783+0000] {processor.py:830} INFO - Processing file /home/airflow/.local/lib/python3.12/site-packages/airflow/example_dags/example_task_group_decorator.py for tasks to queue
[2024-06-27T11:52:20.784+0000] {logging_mixin.py:188} INFO - [2024-06-27T11:52:20.784+0000] {dagbag.py:545} INFO - Filling up the DagBag from /home/airflow/.local/lib/python3.12/site-packages/airflow/example_dags/example_task_group_decorator.py
[2024-06-27T11:52:20.791+0000] {processor.py:840} INFO - DAG(s) 'example_task_group_decorator' retrieved from /home/airflow/.local/lib/python3.12/site-packages/airflow/example_dags/example_task_group_decorator.py
[2024-06-27T11:52:20.804+0000] {logging_mixin.py:188} INFO - [2024-06-27T11:52:20.804+0000] {dag.py:3096} INFO - Sync 1 DAGs
[2024-06-27T11:52:20.815+0000] {logging_mixin.py:188} INFO - [2024-06-27T11:52:20.815+0000] {dag.py:3954} INFO - Setting next_dagrun for example_task_group_decorator to 2024-06-26 00:00:00+00:00, run_after=2024-06-27 00:00:00+00:00
[2024-06-27T11:52:20.826+0000] {processor.py:183} INFO - Processing /home/airflow/.local/lib/python3.12/site-packages/airflow/example_dags/example_task_group_decorator.py took 0.047 seconds
[2024-06-27T11:52:51.611+0000] {processor.py:161} INFO - Started process (PID=1431) to work on /home/airflow/.local/lib/python3.12/site-packages/airflow/example_dags/example_task_group_decorator.py
[2024-06-27T11:52:51.612+0000] {processor.py:830} INFO - Processing file /home/airflow/.local/lib/python3.12/site-packages/airflow/example_dags/example_task_group_decorator.py for tasks to queue
[2024-06-27T11:52:51.613+0000] {logging_mixin.py:188} INFO - [2024-06-27T11:52:51.613+0000] {dagbag.py:545} INFO - Filling up the DagBag from /home/airflow/.local/lib/python3.12/site-packages/airflow/example_dags/example_task_group_decorator.py
[2024-06-27T11:52:51.620+0000] {processor.py:840} INFO - DAG(s) 'example_task_group_decorator' retrieved from /home/airflow/.local/lib/python3.12/site-packages/airflow/example_dags/example_task_group_decorator.py
[2024-06-27T11:52:51.634+0000] {logging_mixin.py:188} INFO - [2024-06-27T11:52:51.633+0000] {dag.py:3096} INFO - Sync 1 DAGs
[2024-06-27T11:52:51.645+0000] {logging_mixin.py:188} INFO - [2024-06-27T11:52:51.645+0000] {dag.py:3954} INFO - Setting next_dagrun for example_task_group_decorator to 2024-06-26 00:00:00+00:00, run_after=2024-06-27 00:00:00+00:00
[2024-06-27T11:52:51.656+0000] {processor.py:183} INFO - Processing /home/airflow/.local/lib/python3.12/site-packages/airflow/example_dags/example_task_group_decorator.py took 0.048 seconds
[2024-06-27T11:53:22.437+0000] {processor.py:161} INFO - Started process (PID=1490) to work on /home/airflow/.local/lib/python3.12/site-packages/airflow/example_dags/example_task_group_decorator.py
[2024-06-27T11:53:22.438+0000] {processor.py:830} INFO - Processing file /home/airflow/.local/lib/python3.12/site-packages/airflow/example_dags/example_task_group_decorator.py for tasks to queue
[2024-06-27T11:53:22.439+0000] {logging_mixin.py:188} INFO - [2024-06-27T11:53:22.439+0000] {dagbag.py:545} INFO - Filling up the DagBag from /home/airflow/.local/lib/python3.12/site-packages/airflow/example_dags/example_task_group_decorator.py
[2024-06-27T11:53:22.447+0000] {processor.py:840} INFO - DAG(s) 'example_task_group_decorator' retrieved from /home/airflow/.local/lib/python3.12/site-packages/airflow/example_dags/example_task_group_decorator.py
[2024-06-27T11:53:22.460+0000] {logging_mixin.py:188} INFO - [2024-06-27T11:53:22.460+0000] {dag.py:3096} INFO - Sync 1 DAGs
[2024-06-27T11:53:22.478+0000] {logging_mixin.py:188} INFO - [2024-06-27T11:53:22.478+0000] {dag.py:3954} INFO - Setting next_dagrun for example_task_group_decorator to 2024-06-26 00:00:00+00:00, run_after=2024-06-27 00:00:00+00:00
[2024-06-27T11:53:22.489+0000] {processor.py:183} INFO - Processing /home/airflow/.local/lib/python3.12/site-packages/airflow/example_dags/example_task_group_decorator.py took 0.055 seconds
[2024-06-27T11:53:53.305+0000] {processor.py:161} INFO - Started process (PID=1549) to work on /home/airflow/.local/lib/python3.12/site-packages/airflow/example_dags/example_task_group_decorator.py
[2024-06-27T11:53:53.306+0000] {processor.py:830} INFO - Processing file /home/airflow/.local/lib/python3.12/site-packages/airflow/example_dags/example_task_group_decorator.py for tasks to queue
[2024-06-27T11:53:53.307+0000] {logging_mixin.py:188} INFO - [2024-06-27T11:53:53.307+0000] {dagbag.py:545} INFO - Filling up the DagBag from /home/airflow/.local/lib/python3.12/site-packages/airflow/example_dags/example_task_group_decorator.py
[2024-06-27T11:53:53.314+0000] {processor.py:840} INFO - DAG(s) 'example_task_group_decorator' retrieved from /home/airflow/.local/lib/python3.12/site-packages/airflow/example_dags/example_task_group_decorator.py
[2024-06-27T11:53:53.328+0000] {logging_mixin.py:188} INFO - [2024-06-27T11:53:53.328+0000] {dag.py:3096} INFO - Sync 1 DAGs
[2024-06-27T11:53:53.339+0000] {logging_mixin.py:188} INFO - [2024-06-27T11:53:53.339+0000] {dag.py:3954} INFO - Setting next_dagrun for example_task_group_decorator to 2024-06-26 00:00:00+00:00, run_after=2024-06-27 00:00:00+00:00
[2024-06-27T11:53:53.350+0000] {processor.py:183} INFO - Processing /home/airflow/.local/lib/python3.12/site-packages/airflow/example_dags/example_task_group_decorator.py took 0.048 seconds
[2024-06-27T11:54:24.192+0000] {processor.py:161} INFO - Started process (PID=1608) to work on /home/airflow/.local/lib/python3.12/site-packages/airflow/example_dags/example_task_group_decorator.py
[2024-06-27T11:54:24.192+0000] {processor.py:830} INFO - Processing file /home/airflow/.local/lib/python3.12/site-packages/airflow/example_dags/example_task_group_decorator.py for tasks to queue
[2024-06-27T11:54:24.193+0000] {logging_mixin.py:188} INFO - [2024-06-27T11:54:24.193+0000] {dagbag.py:545} INFO - Filling up the DagBag from /home/airflow/.local/lib/python3.12/site-packages/airflow/example_dags/example_task_group_decorator.py
[2024-06-27T11:54:24.201+0000] {processor.py:840} INFO - DAG(s) 'example_task_group_decorator' retrieved from /home/airflow/.local/lib/python3.12/site-packages/airflow/example_dags/example_task_group_decorator.py
[2024-06-27T11:54:24.214+0000] {logging_mixin.py:188} INFO - [2024-06-27T11:54:24.213+0000] {dag.py:3096} INFO - Sync 1 DAGs
[2024-06-27T11:54:24.225+0000] {logging_mixin.py:188} INFO - [2024-06-27T11:54:24.225+0000] {dag.py:3954} INFO - Setting next_dagrun for example_task_group_decorator to 2024-06-26 00:00:00+00:00, run_after=2024-06-27 00:00:00+00:00
[2024-06-27T11:54:24.235+0000] {processor.py:183} INFO - Processing /home/airflow/.local/lib/python3.12/site-packages/airflow/example_dags/example_task_group_decorator.py took 0.046 seconds
[2024-06-27T11:54:54.988+0000] {processor.py:161} INFO - Started process (PID=1667) to work on /home/airflow/.local/lib/python3.12/site-packages/airflow/example_dags/example_task_group_decorator.py
[2024-06-27T11:54:54.989+0000] {processor.py:830} INFO - Processing file /home/airflow/.local/lib/python3.12/site-packages/airflow/example_dags/example_task_group_decorator.py for tasks to queue
[2024-06-27T11:54:54.990+0000] {logging_mixin.py:188} INFO - [2024-06-27T11:54:54.990+0000] {dagbag.py:545} INFO - Filling up the DagBag from /home/airflow/.local/lib/python3.12/site-packages/airflow/example_dags/example_task_group_decorator.py
[2024-06-27T11:54:54.997+0000] {processor.py:840} INFO - DAG(s) 'example_task_group_decorator' retrieved from /home/airflow/.local/lib/python3.12/site-packages/airflow/example_dags/example_task_group_decorator.py
[2024-06-27T11:54:55.011+0000] {logging_mixin.py:188} INFO - [2024-06-27T11:54:55.011+0000] {dag.py:3096} INFO - Sync 1 DAGs
[2024-06-27T11:54:55.022+0000] {logging_mixin.py:188} INFO - [2024-06-27T11:54:55.022+0000] {dag.py:3954} INFO - Setting next_dagrun for example_task_group_decorator to 2024-06-26 00:00:00+00:00, run_after=2024-06-27 00:00:00+00:00
[2024-06-27T11:54:55.033+0000] {processor.py:183} INFO - Processing /home/airflow/.local/lib/python3.12/site-packages/airflow/example_dags/example_task_group_decorator.py took 0.048 seconds
[2024-06-27T11:55:25.836+0000] {processor.py:161} INFO - Started process (PID=1732) to work on /home/airflow/.local/lib/python3.12/site-packages/airflow/example_dags/example_task_group_decorator.py
[2024-06-27T11:55:25.837+0000] {processor.py:830} INFO - Processing file /home/airflow/.local/lib/python3.12/site-packages/airflow/example_dags/example_task_group_decorator.py for tasks to queue
[2024-06-27T11:55:25.838+0000] {logging_mixin.py:188} INFO - [2024-06-27T11:55:25.838+0000] {dagbag.py:545} INFO - Filling up the DagBag from /home/airflow/.local/lib/python3.12/site-packages/airflow/example_dags/example_task_group_decorator.py
[2024-06-27T11:55:25.846+0000] {processor.py:840} INFO - DAG(s) 'example_task_group_decorator' retrieved from /home/airflow/.local/lib/python3.12/site-packages/airflow/example_dags/example_task_group_decorator.py
[2024-06-27T11:55:25.860+0000] {logging_mixin.py:188} INFO - [2024-06-27T11:55:25.860+0000] {dag.py:3096} INFO - Sync 1 DAGs
[2024-06-27T11:55:25.872+0000] {logging_mixin.py:188} INFO - [2024-06-27T11:55:25.872+0000] {dag.py:3954} INFO - Setting next_dagrun for example_task_group_decorator to 2024-06-26 00:00:00+00:00, run_after=2024-06-27 00:00:00+00:00
[2024-06-27T11:55:25.883+0000] {processor.py:183} INFO - Processing /home/airflow/.local/lib/python3.12/site-packages/airflow/example_dags/example_task_group_decorator.py took 0.050 seconds
[2024-06-27T11:55:56.616+0000] {processor.py:161} INFO - Started process (PID=1791) to work on /home/airflow/.local/lib/python3.12/site-packages/airflow/example_dags/example_task_group_decorator.py
[2024-06-27T11:55:56.617+0000] {processor.py:830} INFO - Processing file /home/airflow/.local/lib/python3.12/site-packages/airflow/example_dags/example_task_group_decorator.py for tasks to queue
[2024-06-27T11:55:56.617+0000] {logging_mixin.py:188} INFO - [2024-06-27T11:55:56.617+0000] {dagbag.py:545} INFO - Filling up the DagBag from /home/airflow/.local/lib/python3.12/site-packages/airflow/example_dags/example_task_group_decorator.py
[2024-06-27T11:55:56.625+0000] {processor.py:840} INFO - DAG(s) 'example_task_group_decorator' retrieved from /home/airflow/.local/lib/python3.12/site-packages/airflow/example_dags/example_task_group_decorator.py
[2024-06-27T11:55:56.638+0000] {logging_mixin.py:188} INFO - [2024-06-27T11:55:56.638+0000] {dag.py:3096} INFO - Sync 1 DAGs
[2024-06-27T11:55:56.650+0000] {logging_mixin.py:188} INFO - [2024-06-27T11:55:56.650+0000] {dag.py:3954} INFO - Setting next_dagrun for example_task_group_decorator to 2024-06-26 00:00:00+00:00, run_after=2024-06-27 00:00:00+00:00
[2024-06-27T11:55:56.662+0000] {processor.py:183} INFO - Processing /home/airflow/.local/lib/python3.12/site-packages/airflow/example_dags/example_task_group_decorator.py took 0.049 seconds
[2024-06-27T11:56:27.654+0000] {processor.py:161} INFO - Started process (PID=1850) to work on /home/airflow/.local/lib/python3.12/site-packages/airflow/example_dags/example_task_group_decorator.py
[2024-06-27T11:56:27.655+0000] {processor.py:830} INFO - Processing file /home/airflow/.local/lib/python3.12/site-packages/airflow/example_dags/example_task_group_decorator.py for tasks to queue
[2024-06-27T11:56:27.656+0000] {logging_mixin.py:188} INFO - [2024-06-27T11:56:27.656+0000] {dagbag.py:545} INFO - Filling up the DagBag from /home/airflow/.local/lib/python3.12/site-packages/airflow/example_dags/example_task_group_decorator.py
[2024-06-27T11:56:27.663+0000] {processor.py:840} INFO - DAG(s) 'example_task_group_decorator' retrieved from /home/airflow/.local/lib/python3.12/site-packages/airflow/example_dags/example_task_group_decorator.py
[2024-06-27T11:56:27.677+0000] {logging_mixin.py:188} INFO - [2024-06-27T11:56:27.677+0000] {dag.py:3096} INFO - Sync 1 DAGs
[2024-06-27T11:56:27.689+0000] {logging_mixin.py:188} INFO - [2024-06-27T11:56:27.689+0000] {dag.py:3954} INFO - Setting next_dagrun for example_task_group_decorator to 2024-06-26 00:00:00+00:00, run_after=2024-06-27 00:00:00+00:00
[2024-06-27T11:56:27.699+0000] {processor.py:183} INFO - Processing /home/airflow/.local/lib/python3.12/site-packages/airflow/example_dags/example_task_group_decorator.py took 0.048 seconds
[2024-06-27T11:56:59.188+0000] {processor.py:161} INFO - Started process (PID=1909) to work on /home/airflow/.local/lib/python3.12/site-packages/airflow/example_dags/example_task_group_decorator.py
[2024-06-27T11:56:59.189+0000] {processor.py:830} INFO - Processing file /home/airflow/.local/lib/python3.12/site-packages/airflow/example_dags/example_task_group_decorator.py for tasks to queue
[2024-06-27T11:56:59.190+0000] {logging_mixin.py:188} INFO - [2024-06-27T11:56:59.190+0000] {dagbag.py:545} INFO - Filling up the DagBag from /home/airflow/.local/lib/python3.12/site-packages/airflow/example_dags/example_task_group_decorator.py
[2024-06-27T11:56:59.197+0000] {processor.py:840} INFO - DAG(s) 'example_task_group_decorator' retrieved from /home/airflow/.local/lib/python3.12/site-packages/airflow/example_dags/example_task_group_decorator.py
[2024-06-27T11:56:59.211+0000] {logging_mixin.py:188} INFO - [2024-06-27T11:56:59.210+0000] {dag.py:3096} INFO - Sync 1 DAGs
[2024-06-27T11:56:59.222+0000] {logging_mixin.py:188} INFO - [2024-06-27T11:56:59.222+0000] {dag.py:3954} INFO - Setting next_dagrun for example_task_group_decorator to 2024-06-26 00:00:00+00:00, run_after=2024-06-27 00:00:00+00:00
[2024-06-27T11:56:59.232+0000] {processor.py:183} INFO - Processing /home/airflow/.local/lib/python3.12/site-packages/airflow/example_dags/example_task_group_decorator.py took 0.047 seconds
[2024-06-27T11:57:30.063+0000] {processor.py:161} INFO - Started process (PID=1968) to work on /home/airflow/.local/lib/python3.12/site-packages/airflow/example_dags/example_task_group_decorator.py
[2024-06-27T11:57:30.064+0000] {processor.py:830} INFO - Processing file /home/airflow/.local/lib/python3.12/site-packages/airflow/example_dags/example_task_group_decorator.py for tasks to queue
[2024-06-27T11:57:30.065+0000] {logging_mixin.py:188} INFO - [2024-06-27T11:57:30.064+0000] {dagbag.py:545} INFO - Filling up the DagBag from /home/airflow/.local/lib/python3.12/site-packages/airflow/example_dags/example_task_group_decorator.py
[2024-06-27T11:57:30.072+0000] {processor.py:840} INFO - DAG(s) 'example_task_group_decorator' retrieved from /home/airflow/.local/lib/python3.12/site-packages/airflow/example_dags/example_task_group_decorator.py
[2024-06-27T11:57:30.088+0000] {logging_mixin.py:188} INFO - [2024-06-27T11:57:30.087+0000] {dag.py:3096} INFO - Sync 1 DAGs
[2024-06-27T11:57:30.101+0000] {logging_mixin.py:188} INFO - [2024-06-27T11:57:30.101+0000] {dag.py:3954} INFO - Setting next_dagrun for example_task_group_decorator to 2024-06-26 00:00:00+00:00, run_after=2024-06-27 00:00:00+00:00
[2024-06-27T11:57:30.112+0000] {processor.py:183} INFO - Processing /home/airflow/.local/lib/python3.12/site-packages/airflow/example_dags/example_task_group_decorator.py took 0.053 seconds
[2024-06-27T11:58:00.854+0000] {processor.py:161} INFO - Started process (PID=2027) to work on /home/airflow/.local/lib/python3.12/site-packages/airflow/example_dags/example_task_group_decorator.py
[2024-06-27T11:58:00.855+0000] {processor.py:830} INFO - Processing file /home/airflow/.local/lib/python3.12/site-packages/airflow/example_dags/example_task_group_decorator.py for tasks to queue
[2024-06-27T11:58:00.855+0000] {logging_mixin.py:188} INFO - [2024-06-27T11:58:00.855+0000] {dagbag.py:545} INFO - Filling up the DagBag from /home/airflow/.local/lib/python3.12/site-packages/airflow/example_dags/example_task_group_decorator.py
[2024-06-27T11:58:00.863+0000] {processor.py:840} INFO - DAG(s) 'example_task_group_decorator' retrieved from /home/airflow/.local/lib/python3.12/site-packages/airflow/example_dags/example_task_group_decorator.py
[2024-06-27T11:58:00.876+0000] {logging_mixin.py:188} INFO - [2024-06-27T11:58:00.876+0000] {dag.py:3096} INFO - Sync 1 DAGs
[2024-06-27T11:58:00.888+0000] {logging_mixin.py:188} INFO - [2024-06-27T11:58:00.888+0000] {dag.py:3954} INFO - Setting next_dagrun for example_task_group_decorator to 2024-06-26 00:00:00+00:00, run_after=2024-06-27 00:00:00+00:00
[2024-06-27T11:58:00.899+0000] {processor.py:183} INFO - Processing /home/airflow/.local/lib/python3.12/site-packages/airflow/example_dags/example_task_group_decorator.py took 0.048 seconds
[2024-06-27T11:58:31.553+0000] {processor.py:161} INFO - Started process (PID=2086) to work on /home/airflow/.local/lib/python3.12/site-packages/airflow/example_dags/example_task_group_decorator.py
[2024-06-27T11:58:31.554+0000] {processor.py:830} INFO - Processing file /home/airflow/.local/lib/python3.12/site-packages/airflow/example_dags/example_task_group_decorator.py for tasks to queue
[2024-06-27T11:58:31.555+0000] {logging_mixin.py:188} INFO - [2024-06-27T11:58:31.554+0000] {dagbag.py:545} INFO - Filling up the DagBag from /home/airflow/.local/lib/python3.12/site-packages/airflow/example_dags/example_task_group_decorator.py
[2024-06-27T11:58:31.562+0000] {processor.py:840} INFO - DAG(s) 'example_task_group_decorator' retrieved from /home/airflow/.local/lib/python3.12/site-packages/airflow/example_dags/example_task_group_decorator.py
[2024-06-27T11:58:31.576+0000] {logging_mixin.py:188} INFO - [2024-06-27T11:58:31.576+0000] {dag.py:3096} INFO - Sync 1 DAGs
[2024-06-27T11:58:31.588+0000] {logging_mixin.py:188} INFO - [2024-06-27T11:58:31.588+0000] {dag.py:3954} INFO - Setting next_dagrun for example_task_group_decorator to 2024-06-26 00:00:00+00:00, run_after=2024-06-27 00:00:00+00:00
[2024-06-27T11:58:31.599+0000] {processor.py:183} INFO - Processing /home/airflow/.local/lib/python3.12/site-packages/airflow/example_dags/example_task_group_decorator.py took 0.049 seconds
[2024-06-27T11:59:02.278+0000] {processor.py:161} INFO - Started process (PID=2145) to work on /home/airflow/.local/lib/python3.12/site-packages/airflow/example_dags/example_task_group_decorator.py
[2024-06-27T11:59:02.279+0000] {processor.py:830} INFO - Processing file /home/airflow/.local/lib/python3.12/site-packages/airflow/example_dags/example_task_group_decorator.py for tasks to queue
[2024-06-27T11:59:02.279+0000] {logging_mixin.py:188} INFO - [2024-06-27T11:59:02.279+0000] {dagbag.py:545} INFO - Filling up the DagBag from /home/airflow/.local/lib/python3.12/site-packages/airflow/example_dags/example_task_group_decorator.py
[2024-06-27T11:59:02.289+0000] {processor.py:840} INFO - DAG(s) 'example_task_group_decorator' retrieved from /home/airflow/.local/lib/python3.12/site-packages/airflow/example_dags/example_task_group_decorator.py
[2024-06-27T11:59:02.303+0000] {logging_mixin.py:188} INFO - [2024-06-27T11:59:02.303+0000] {dag.py:3096} INFO - Sync 1 DAGs
[2024-06-27T11:59:02.315+0000] {logging_mixin.py:188} INFO - [2024-06-27T11:59:02.315+0000] {dag.py:3954} INFO - Setting next_dagrun for example_task_group_decorator to 2024-06-26 00:00:00+00:00, run_after=2024-06-27 00:00:00+00:00
[2024-06-27T11:59:02.326+0000] {processor.py:183} INFO - Processing /home/airflow/.local/lib/python3.12/site-packages/airflow/example_dags/example_task_group_decorator.py took 0.051 seconds
[2024-06-27T11:59:33.027+0000] {processor.py:161} INFO - Started process (PID=2204) to work on /home/airflow/.local/lib/python3.12/site-packages/airflow/example_dags/example_task_group_decorator.py
[2024-06-27T11:59:33.027+0000] {processor.py:830} INFO - Processing file /home/airflow/.local/lib/python3.12/site-packages/airflow/example_dags/example_task_group_decorator.py for tasks to queue
[2024-06-27T11:59:33.028+0000] {logging_mixin.py:188} INFO - [2024-06-27T11:59:33.028+0000] {dagbag.py:545} INFO - Filling up the DagBag from /home/airflow/.local/lib/python3.12/site-packages/airflow/example_dags/example_task_group_decorator.py
[2024-06-27T11:59:33.035+0000] {processor.py:840} INFO - DAG(s) 'example_task_group_decorator' retrieved from /home/airflow/.local/lib/python3.12/site-packages/airflow/example_dags/example_task_group_decorator.py
[2024-06-27T11:59:33.049+0000] {logging_mixin.py:188} INFO - [2024-06-27T11:59:33.049+0000] {dag.py:3096} INFO - Sync 1 DAGs
[2024-06-27T11:59:33.061+0000] {logging_mixin.py:188} INFO - [2024-06-27T11:59:33.061+0000] {dag.py:3954} INFO - Setting next_dagrun for example_task_group_decorator to 2024-06-26 00:00:00+00:00, run_after=2024-06-27 00:00:00+00:00
[2024-06-27T11:59:33.075+0000] {processor.py:183} INFO - Processing /home/airflow/.local/lib/python3.12/site-packages/airflow/example_dags/example_task_group_decorator.py took 0.051 seconds
[2024-06-27T12:00:03.759+0000] {processor.py:161} INFO - Started process (PID=2263) to work on /home/airflow/.local/lib/python3.12/site-packages/airflow/example_dags/example_task_group_decorator.py
[2024-06-27T12:00:03.759+0000] {processor.py:830} INFO - Processing file /home/airflow/.local/lib/python3.12/site-packages/airflow/example_dags/example_task_group_decorator.py for tasks to queue
[2024-06-27T12:00:03.760+0000] {logging_mixin.py:188} INFO - [2024-06-27T12:00:03.760+0000] {dagbag.py:545} INFO - Filling up the DagBag from /home/airflow/.local/lib/python3.12/site-packages/airflow/example_dags/example_task_group_decorator.py
[2024-06-27T12:00:03.768+0000] {processor.py:840} INFO - DAG(s) 'example_task_group_decorator' retrieved from /home/airflow/.local/lib/python3.12/site-packages/airflow/example_dags/example_task_group_decorator.py
[2024-06-27T12:00:03.782+0000] {logging_mixin.py:188} INFO - [2024-06-27T12:00:03.782+0000] {dag.py:3096} INFO - Sync 1 DAGs
[2024-06-27T12:00:03.794+0000] {logging_mixin.py:188} INFO - [2024-06-27T12:00:03.794+0000] {dag.py:3954} INFO - Setting next_dagrun for example_task_group_decorator to 2024-06-26 00:00:00+00:00, run_after=2024-06-27 00:00:00+00:00
[2024-06-27T12:00:03.805+0000] {processor.py:183} INFO - Processing /home/airflow/.local/lib/python3.12/site-packages/airflow/example_dags/example_task_group_decorator.py took 0.050 seconds
[2024-06-27T12:00:34.492+0000] {processor.py:161} INFO - Started process (PID=2322) to work on /home/airflow/.local/lib/python3.12/site-packages/airflow/example_dags/example_task_group_decorator.py
[2024-06-27T12:00:34.493+0000] {processor.py:830} INFO - Processing file /home/airflow/.local/lib/python3.12/site-packages/airflow/example_dags/example_task_group_decorator.py for tasks to queue
[2024-06-27T12:00:34.494+0000] {logging_mixin.py:188} INFO - [2024-06-27T12:00:34.494+0000] {dagbag.py:545} INFO - Filling up the DagBag from /home/airflow/.local/lib/python3.12/site-packages/airflow/example_dags/example_task_group_decorator.py
[2024-06-27T12:00:34.501+0000] {processor.py:840} INFO - DAG(s) 'example_task_group_decorator' retrieved from /home/airflow/.local/lib/python3.12/site-packages/airflow/example_dags/example_task_group_decorator.py
[2024-06-27T12:00:34.515+0000] {logging_mixin.py:188} INFO - [2024-06-27T12:00:34.515+0000] {dag.py:3096} INFO - Sync 1 DAGs
[2024-06-27T12:00:34.527+0000] {logging_mixin.py:188} INFO - [2024-06-27T12:00:34.527+0000] {dag.py:3954} INFO - Setting next_dagrun for example_task_group_decorator to 2024-06-26 00:00:00+00:00, run_after=2024-06-27 00:00:00+00:00
[2024-06-27T12:00:34.538+0000] {processor.py:183} INFO - Processing /home/airflow/.local/lib/python3.12/site-packages/airflow/example_dags/example_task_group_decorator.py took 0.049 seconds
[2024-06-27T12:01:05.234+0000] {processor.py:161} INFO - Started process (PID=2381) to work on /home/airflow/.local/lib/python3.12/site-packages/airflow/example_dags/example_task_group_decorator.py
[2024-06-27T12:01:05.235+0000] {processor.py:830} INFO - Processing file /home/airflow/.local/lib/python3.12/site-packages/airflow/example_dags/example_task_group_decorator.py for tasks to queue
[2024-06-27T12:01:05.236+0000] {logging_mixin.py:188} INFO - [2024-06-27T12:01:05.236+0000] {dagbag.py:545} INFO - Filling up the DagBag from /home/airflow/.local/lib/python3.12/site-packages/airflow/example_dags/example_task_group_decorator.py
[2024-06-27T12:01:05.243+0000] {processor.py:840} INFO - DAG(s) 'example_task_group_decorator' retrieved from /home/airflow/.local/lib/python3.12/site-packages/airflow/example_dags/example_task_group_decorator.py
[2024-06-27T12:01:05.257+0000] {logging_mixin.py:188} INFO - [2024-06-27T12:01:05.257+0000] {dag.py:3096} INFO - Sync 1 DAGs
[2024-06-27T12:01:05.269+0000] {logging_mixin.py:188} INFO - [2024-06-27T12:01:05.269+0000] {dag.py:3954} INFO - Setting next_dagrun for example_task_group_decorator to 2024-06-26 00:00:00+00:00, run_after=2024-06-27 00:00:00+00:00
[2024-06-27T12:01:05.278+0000] {processor.py:183} INFO - Processing /home/airflow/.local/lib/python3.12/site-packages/airflow/example_dags/example_task_group_decorator.py took 0.047 seconds
[2024-06-27T12:01:36.156+0000] {processor.py:161} INFO - Started process (PID=2440) to work on /home/airflow/.local/lib/python3.12/site-packages/airflow/example_dags/example_task_group_decorator.py
[2024-06-27T12:01:36.157+0000] {processor.py:830} INFO - Processing file /home/airflow/.local/lib/python3.12/site-packages/airflow/example_dags/example_task_group_decorator.py for tasks to queue
[2024-06-27T12:01:36.158+0000] {logging_mixin.py:188} INFO - [2024-06-27T12:01:36.158+0000] {dagbag.py:545} INFO - Filling up the DagBag from /home/airflow/.local/lib/python3.12/site-packages/airflow/example_dags/example_task_group_decorator.py
[2024-06-27T12:01:36.168+0000] {processor.py:840} INFO - DAG(s) 'example_task_group_decorator' retrieved from /home/airflow/.local/lib/python3.12/site-packages/airflow/example_dags/example_task_group_decorator.py
[2024-06-27T12:01:36.182+0000] {logging_mixin.py:188} INFO - [2024-06-27T12:01:36.182+0000] {dag.py:3096} INFO - Sync 1 DAGs
[2024-06-27T12:01:36.198+0000] {logging_mixin.py:188} INFO - [2024-06-27T12:01:36.198+0000] {dag.py:3954} INFO - Setting next_dagrun for example_task_group_decorator to 2024-06-26 00:00:00+00:00, run_after=2024-06-27 00:00:00+00:00
[2024-06-27T12:01:36.210+0000] {processor.py:183} INFO - Processing /home/airflow/.local/lib/python3.12/site-packages/airflow/example_dags/example_task_group_decorator.py took 0.057 seconds
