[2024-06-27T11:41:04.499+0000] {processor.py:161} INFO - Started process (PID=80) to work on /home/airflow/.local/lib/python3.12/site-packages/airflow/example_dags/example_skip_dag.py
[2024-06-27T11:41:04.500+0000] {processor.py:830} INFO - Processing file /home/airflow/.local/lib/python3.12/site-packages/airflow/example_dags/example_skip_dag.py for tasks to queue
[2024-06-27T11:41:04.501+0000] {logging_mixin.py:188} INFO - [2024-06-27T11:41:04.501+0000] {dagbag.py:545} INFO - Filling up the DagBag from /home/airflow/.local/lib/python3.12/site-packages/airflow/example_dags/example_skip_dag.py
[2024-06-27T11:41:04.507+0000] {processor.py:840} INFO - DAG(s) 'example_skip_dag' retrieved from /home/airflow/.local/lib/python3.12/site-packages/airflow/example_dags/example_skip_dag.py
[2024-06-27T11:41:04.514+0000] {logging_mixin.py:188} INFO - [2024-06-27T11:41:04.514+0000] {dag.py:3096} INFO - Sync 1 DAGs
[2024-06-27T11:41:04.528+0000] {logging_mixin.py:188} INFO - [2024-06-27T11:41:04.528+0000] {dag.py:3954} INFO - Setting next_dagrun for example_skip_dag to 2024-06-26 00:00:00+00:00, run_after=2024-06-27 00:00:00+00:00
[2024-06-27T11:41:04.538+0000] {processor.py:183} INFO - Processing /home/airflow/.local/lib/python3.12/site-packages/airflow/example_dags/example_skip_dag.py took 0.043 seconds
[2024-06-27T11:41:36.107+0000] {processor.py:161} INFO - Started process (PID=138) to work on /home/airflow/.local/lib/python3.12/site-packages/airflow/example_dags/example_skip_dag.py
[2024-06-27T11:41:36.108+0000] {processor.py:830} INFO - Processing file /home/airflow/.local/lib/python3.12/site-packages/airflow/example_dags/example_skip_dag.py for tasks to queue
[2024-06-27T11:41:36.109+0000] {logging_mixin.py:188} INFO - [2024-06-27T11:41:36.109+0000] {dagbag.py:545} INFO - Filling up the DagBag from /home/airflow/.local/lib/python3.12/site-packages/airflow/example_dags/example_skip_dag.py
[2024-06-27T11:41:36.113+0000] {processor.py:840} INFO - DAG(s) 'example_skip_dag' retrieved from /home/airflow/.local/lib/python3.12/site-packages/airflow/example_dags/example_skip_dag.py
[2024-06-27T11:41:36.169+0000] {logging_mixin.py:188} INFO - [2024-06-27T11:41:36.168+0000] {dag.py:3096} INFO - Sync 1 DAGs
[2024-06-27T11:41:36.181+0000] {logging_mixin.py:188} INFO - [2024-06-27T11:41:36.180+0000] {dag.py:3954} INFO - Setting next_dagrun for example_skip_dag to 2024-06-26 00:00:00+00:00, run_after=2024-06-27 00:00:00+00:00
[2024-06-27T11:41:36.192+0000] {processor.py:183} INFO - Processing /home/airflow/.local/lib/python3.12/site-packages/airflow/example_dags/example_skip_dag.py took 0.088 seconds
[2024-06-27T11:42:07.068+0000] {processor.py:161} INFO - Started process (PID=196) to work on /home/airflow/.local/lib/python3.12/site-packages/airflow/example_dags/example_skip_dag.py
[2024-06-27T11:42:07.068+0000] {processor.py:830} INFO - Processing file /home/airflow/.local/lib/python3.12/site-packages/airflow/example_dags/example_skip_dag.py for tasks to queue
[2024-06-27T11:42:07.069+0000] {logging_mixin.py:188} INFO - [2024-06-27T11:42:07.069+0000] {dagbag.py:545} INFO - Filling up the DagBag from /home/airflow/.local/lib/python3.12/site-packages/airflow/example_dags/example_skip_dag.py
[2024-06-27T11:42:07.073+0000] {processor.py:840} INFO - DAG(s) 'example_skip_dag' retrieved from /home/airflow/.local/lib/python3.12/site-packages/airflow/example_dags/example_skip_dag.py
[2024-06-27T11:42:07.085+0000] {logging_mixin.py:188} INFO - [2024-06-27T11:42:07.085+0000] {dag.py:3096} INFO - Sync 1 DAGs
[2024-06-27T11:42:07.098+0000] {logging_mixin.py:188} INFO - [2024-06-27T11:42:07.098+0000] {dag.py:3954} INFO - Setting next_dagrun for example_skip_dag to 2024-06-26 00:00:00+00:00, run_after=2024-06-27 00:00:00+00:00
[2024-06-27T11:42:07.109+0000] {processor.py:183} INFO - Processing /home/airflow/.local/lib/python3.12/site-packages/airflow/example_dags/example_skip_dag.py took 0.045 seconds
[2024-06-27T11:42:37.995+0000] {processor.py:161} INFO - Started process (PID=254) to work on /home/airflow/.local/lib/python3.12/site-packages/airflow/example_dags/example_skip_dag.py
[2024-06-27T11:42:37.996+0000] {processor.py:830} INFO - Processing file /home/airflow/.local/lib/python3.12/site-packages/airflow/example_dags/example_skip_dag.py for tasks to queue
[2024-06-27T11:42:37.997+0000] {logging_mixin.py:188} INFO - [2024-06-27T11:42:37.996+0000] {dagbag.py:545} INFO - Filling up the DagBag from /home/airflow/.local/lib/python3.12/site-packages/airflow/example_dags/example_skip_dag.py
[2024-06-27T11:42:38.000+0000] {processor.py:840} INFO - DAG(s) 'example_skip_dag' retrieved from /home/airflow/.local/lib/python3.12/site-packages/airflow/example_dags/example_skip_dag.py
[2024-06-27T11:42:38.012+0000] {logging_mixin.py:188} INFO - [2024-06-27T11:42:38.011+0000] {dag.py:3096} INFO - Sync 1 DAGs
[2024-06-27T11:42:38.024+0000] {logging_mixin.py:188} INFO - [2024-06-27T11:42:38.024+0000] {dag.py:3954} INFO - Setting next_dagrun for example_skip_dag to 2024-06-26 00:00:00+00:00, run_after=2024-06-27 00:00:00+00:00
[2024-06-27T11:42:38.034+0000] {processor.py:183} INFO - Processing /home/airflow/.local/lib/python3.12/site-packages/airflow/example_dags/example_skip_dag.py took 0.042 seconds
[2024-06-27T11:43:08.190+0000] {processor.py:161} INFO - Started process (PID=312) to work on /home/airflow/.local/lib/python3.12/site-packages/airflow/example_dags/example_skip_dag.py
[2024-06-27T11:43:08.191+0000] {processor.py:830} INFO - Processing file /home/airflow/.local/lib/python3.12/site-packages/airflow/example_dags/example_skip_dag.py for tasks to queue
[2024-06-27T11:43:08.192+0000] {logging_mixin.py:188} INFO - [2024-06-27T11:43:08.192+0000] {dagbag.py:545} INFO - Filling up the DagBag from /home/airflow/.local/lib/python3.12/site-packages/airflow/example_dags/example_skip_dag.py
[2024-06-27T11:43:08.195+0000] {processor.py:840} INFO - DAG(s) 'example_skip_dag' retrieved from /home/airflow/.local/lib/python3.12/site-packages/airflow/example_dags/example_skip_dag.py
[2024-06-27T11:43:08.207+0000] {logging_mixin.py:188} INFO - [2024-06-27T11:43:08.207+0000] {dag.py:3096} INFO - Sync 1 DAGs
[2024-06-27T11:43:08.220+0000] {logging_mixin.py:188} INFO - [2024-06-27T11:43:08.220+0000] {dag.py:3954} INFO - Setting next_dagrun for example_skip_dag to 2024-06-26 00:00:00+00:00, run_after=2024-06-27 00:00:00+00:00
[2024-06-27T11:43:08.232+0000] {processor.py:183} INFO - Processing /home/airflow/.local/lib/python3.12/site-packages/airflow/example_dags/example_skip_dag.py took 0.045 seconds
[2024-06-27T11:43:38.914+0000] {processor.py:161} INFO - Started process (PID=370) to work on /home/airflow/.local/lib/python3.12/site-packages/airflow/example_dags/example_skip_dag.py
[2024-06-27T11:43:38.916+0000] {processor.py:830} INFO - Processing file /home/airflow/.local/lib/python3.12/site-packages/airflow/example_dags/example_skip_dag.py for tasks to queue
[2024-06-27T11:43:38.917+0000] {logging_mixin.py:188} INFO - [2024-06-27T11:43:38.917+0000] {dagbag.py:545} INFO - Filling up the DagBag from /home/airflow/.local/lib/python3.12/site-packages/airflow/example_dags/example_skip_dag.py
[2024-06-27T11:43:38.920+0000] {processor.py:840} INFO - DAG(s) 'example_skip_dag' retrieved from /home/airflow/.local/lib/python3.12/site-packages/airflow/example_dags/example_skip_dag.py
[2024-06-27T11:43:38.932+0000] {logging_mixin.py:188} INFO - [2024-06-27T11:43:38.932+0000] {dag.py:3096} INFO - Sync 1 DAGs
[2024-06-27T11:43:38.946+0000] {logging_mixin.py:188} INFO - [2024-06-27T11:43:38.946+0000] {dag.py:3954} INFO - Setting next_dagrun for example_skip_dag to 2024-06-26 00:00:00+00:00, run_after=2024-06-27 00:00:00+00:00
[2024-06-27T11:43:38.958+0000] {processor.py:183} INFO - Processing /home/airflow/.local/lib/python3.12/site-packages/airflow/example_dags/example_skip_dag.py took 0.047 seconds
[2024-06-27T11:44:09.662+0000] {processor.py:161} INFO - Started process (PID=428) to work on /home/airflow/.local/lib/python3.12/site-packages/airflow/example_dags/example_skip_dag.py
[2024-06-27T11:44:09.663+0000] {processor.py:830} INFO - Processing file /home/airflow/.local/lib/python3.12/site-packages/airflow/example_dags/example_skip_dag.py for tasks to queue
[2024-06-27T11:44:09.664+0000] {logging_mixin.py:188} INFO - [2024-06-27T11:44:09.664+0000] {dagbag.py:545} INFO - Filling up the DagBag from /home/airflow/.local/lib/python3.12/site-packages/airflow/example_dags/example_skip_dag.py
[2024-06-27T11:44:09.667+0000] {processor.py:840} INFO - DAG(s) 'example_skip_dag' retrieved from /home/airflow/.local/lib/python3.12/site-packages/airflow/example_dags/example_skip_dag.py
[2024-06-27T11:44:09.679+0000] {logging_mixin.py:188} INFO - [2024-06-27T11:44:09.679+0000] {dag.py:3096} INFO - Sync 1 DAGs
[2024-06-27T11:44:09.691+0000] {logging_mixin.py:188} INFO - [2024-06-27T11:44:09.691+0000] {dag.py:3954} INFO - Setting next_dagrun for example_skip_dag to 2024-06-26 00:00:00+00:00, run_after=2024-06-27 00:00:00+00:00
[2024-06-27T11:44:09.702+0000] {processor.py:183} INFO - Processing /home/airflow/.local/lib/python3.12/site-packages/airflow/example_dags/example_skip_dag.py took 0.043 seconds
[2024-06-27T11:44:40.521+0000] {processor.py:161} INFO - Started process (PID=486) to work on /home/airflow/.local/lib/python3.12/site-packages/airflow/example_dags/example_skip_dag.py
[2024-06-27T11:44:40.522+0000] {processor.py:830} INFO - Processing file /home/airflow/.local/lib/python3.12/site-packages/airflow/example_dags/example_skip_dag.py for tasks to queue
[2024-06-27T11:44:40.523+0000] {logging_mixin.py:188} INFO - [2024-06-27T11:44:40.523+0000] {dagbag.py:545} INFO - Filling up the DagBag from /home/airflow/.local/lib/python3.12/site-packages/airflow/example_dags/example_skip_dag.py
[2024-06-27T11:44:40.526+0000] {processor.py:840} INFO - DAG(s) 'example_skip_dag' retrieved from /home/airflow/.local/lib/python3.12/site-packages/airflow/example_dags/example_skip_dag.py
[2024-06-27T11:44:40.539+0000] {logging_mixin.py:188} INFO - [2024-06-27T11:44:40.538+0000] {dag.py:3096} INFO - Sync 1 DAGs
[2024-06-27T11:44:40.551+0000] {logging_mixin.py:188} INFO - [2024-06-27T11:44:40.551+0000] {dag.py:3954} INFO - Setting next_dagrun for example_skip_dag to 2024-06-26 00:00:00+00:00, run_after=2024-06-27 00:00:00+00:00
[2024-06-27T11:44:40.562+0000] {processor.py:183} INFO - Processing /home/airflow/.local/lib/python3.12/site-packages/airflow/example_dags/example_skip_dag.py took 0.044 seconds
[2024-06-27T11:45:11.390+0000] {processor.py:161} INFO - Started process (PID=544) to work on /home/airflow/.local/lib/python3.12/site-packages/airflow/example_dags/example_skip_dag.py
[2024-06-27T11:45:11.391+0000] {processor.py:830} INFO - Processing file /home/airflow/.local/lib/python3.12/site-packages/airflow/example_dags/example_skip_dag.py for tasks to queue
[2024-06-27T11:45:11.391+0000] {logging_mixin.py:188} INFO - [2024-06-27T11:45:11.391+0000] {dagbag.py:545} INFO - Filling up the DagBag from /home/airflow/.local/lib/python3.12/site-packages/airflow/example_dags/example_skip_dag.py
[2024-06-27T11:45:11.395+0000] {processor.py:840} INFO - DAG(s) 'example_skip_dag' retrieved from /home/airflow/.local/lib/python3.12/site-packages/airflow/example_dags/example_skip_dag.py
[2024-06-27T11:45:11.407+0000] {logging_mixin.py:188} INFO - [2024-06-27T11:45:11.407+0000] {dag.py:3096} INFO - Sync 1 DAGs
[2024-06-27T11:45:11.419+0000] {logging_mixin.py:188} INFO - [2024-06-27T11:45:11.419+0000] {dag.py:3954} INFO - Setting next_dagrun for example_skip_dag to 2024-06-26 00:00:00+00:00, run_after=2024-06-27 00:00:00+00:00
[2024-06-27T11:45:11.430+0000] {processor.py:183} INFO - Processing /home/airflow/.local/lib/python3.12/site-packages/airflow/example_dags/example_skip_dag.py took 0.044 seconds
[2024-06-27T11:45:42.101+0000] {processor.py:161} INFO - Started process (PID=602) to work on /home/airflow/.local/lib/python3.12/site-packages/airflow/example_dags/example_skip_dag.py
[2024-06-27T11:45:42.102+0000] {processor.py:830} INFO - Processing file /home/airflow/.local/lib/python3.12/site-packages/airflow/example_dags/example_skip_dag.py for tasks to queue
[2024-06-27T11:45:42.103+0000] {logging_mixin.py:188} INFO - [2024-06-27T11:45:42.103+0000] {dagbag.py:545} INFO - Filling up the DagBag from /home/airflow/.local/lib/python3.12/site-packages/airflow/example_dags/example_skip_dag.py
[2024-06-27T11:45:42.106+0000] {processor.py:840} INFO - DAG(s) 'example_skip_dag' retrieved from /home/airflow/.local/lib/python3.12/site-packages/airflow/example_dags/example_skip_dag.py
[2024-06-27T11:45:42.118+0000] {logging_mixin.py:188} INFO - [2024-06-27T11:45:42.118+0000] {dag.py:3096} INFO - Sync 1 DAGs
[2024-06-27T11:45:42.132+0000] {logging_mixin.py:188} INFO - [2024-06-27T11:45:42.132+0000] {dag.py:3954} INFO - Setting next_dagrun for example_skip_dag to 2024-06-26 00:00:00+00:00, run_after=2024-06-27 00:00:00+00:00
[2024-06-27T11:45:42.142+0000] {processor.py:183} INFO - Processing /home/airflow/.local/lib/python3.12/site-packages/airflow/example_dags/example_skip_dag.py took 0.044 seconds
[2024-06-27T11:46:12.990+0000] {processor.py:161} INFO - Started process (PID=661) to work on /home/airflow/.local/lib/python3.12/site-packages/airflow/example_dags/example_skip_dag.py
[2024-06-27T11:46:12.991+0000] {processor.py:830} INFO - Processing file /home/airflow/.local/lib/python3.12/site-packages/airflow/example_dags/example_skip_dag.py for tasks to queue
[2024-06-27T11:46:12.992+0000] {logging_mixin.py:188} INFO - [2024-06-27T11:46:12.992+0000] {dagbag.py:545} INFO - Filling up the DagBag from /home/airflow/.local/lib/python3.12/site-packages/airflow/example_dags/example_skip_dag.py
[2024-06-27T11:46:12.995+0000] {processor.py:840} INFO - DAG(s) 'example_skip_dag' retrieved from /home/airflow/.local/lib/python3.12/site-packages/airflow/example_dags/example_skip_dag.py
[2024-06-27T11:46:13.007+0000] {logging_mixin.py:188} INFO - [2024-06-27T11:46:13.007+0000] {dag.py:3096} INFO - Sync 1 DAGs
[2024-06-27T11:46:13.019+0000] {logging_mixin.py:188} INFO - [2024-06-27T11:46:13.019+0000] {dag.py:3954} INFO - Setting next_dagrun for example_skip_dag to 2024-06-26 00:00:00+00:00, run_after=2024-06-27 00:00:00+00:00
[2024-06-27T11:46:13.029+0000] {processor.py:183} INFO - Processing /home/airflow/.local/lib/python3.12/site-packages/airflow/example_dags/example_skip_dag.py took 0.043 seconds
[2024-06-27T11:46:43.831+0000] {processor.py:161} INFO - Started process (PID=726) to work on /home/airflow/.local/lib/python3.12/site-packages/airflow/example_dags/example_skip_dag.py
[2024-06-27T11:46:43.832+0000] {processor.py:830} INFO - Processing file /home/airflow/.local/lib/python3.12/site-packages/airflow/example_dags/example_skip_dag.py for tasks to queue
[2024-06-27T11:46:43.833+0000] {logging_mixin.py:188} INFO - [2024-06-27T11:46:43.833+0000] {dagbag.py:545} INFO - Filling up the DagBag from /home/airflow/.local/lib/python3.12/site-packages/airflow/example_dags/example_skip_dag.py
[2024-06-27T11:46:43.837+0000] {processor.py:840} INFO - DAG(s) 'example_skip_dag' retrieved from /home/airflow/.local/lib/python3.12/site-packages/airflow/example_dags/example_skip_dag.py
[2024-06-27T11:46:43.849+0000] {logging_mixin.py:188} INFO - [2024-06-27T11:46:43.848+0000] {dag.py:3096} INFO - Sync 1 DAGs
[2024-06-27T11:46:43.862+0000] {logging_mixin.py:188} INFO - [2024-06-27T11:46:43.862+0000] {dag.py:3954} INFO - Setting next_dagrun for example_skip_dag to 2024-06-26 00:00:00+00:00, run_after=2024-06-27 00:00:00+00:00
[2024-06-27T11:46:43.874+0000] {processor.py:183} INFO - Processing /home/airflow/.local/lib/python3.12/site-packages/airflow/example_dags/example_skip_dag.py took 0.046 seconds
[2024-06-27T11:47:14.728+0000] {processor.py:161} INFO - Started process (PID=786) to work on /home/airflow/.local/lib/python3.12/site-packages/airflow/example_dags/example_skip_dag.py
[2024-06-27T11:47:14.729+0000] {processor.py:830} INFO - Processing file /home/airflow/.local/lib/python3.12/site-packages/airflow/example_dags/example_skip_dag.py for tasks to queue
[2024-06-27T11:47:14.730+0000] {logging_mixin.py:188} INFO - [2024-06-27T11:47:14.730+0000] {dagbag.py:545} INFO - Filling up the DagBag from /home/airflow/.local/lib/python3.12/site-packages/airflow/example_dags/example_skip_dag.py
[2024-06-27T11:47:14.734+0000] {processor.py:840} INFO - DAG(s) 'example_skip_dag' retrieved from /home/airflow/.local/lib/python3.12/site-packages/airflow/example_dags/example_skip_dag.py
[2024-06-27T11:47:14.745+0000] {logging_mixin.py:188} INFO - [2024-06-27T11:47:14.745+0000] {dag.py:3096} INFO - Sync 1 DAGs
[2024-06-27T11:47:14.760+0000] {logging_mixin.py:188} INFO - [2024-06-27T11:47:14.760+0000] {dag.py:3954} INFO - Setting next_dagrun for example_skip_dag to 2024-06-26 00:00:00+00:00, run_after=2024-06-27 00:00:00+00:00
[2024-06-27T11:47:14.772+0000] {processor.py:183} INFO - Processing /home/airflow/.local/lib/python3.12/site-packages/airflow/example_dags/example_skip_dag.py took 0.047 seconds
[2024-06-27T11:47:44.834+0000] {processor.py:161} INFO - Started process (PID=846) to work on /home/airflow/.local/lib/python3.12/site-packages/airflow/example_dags/example_skip_dag.py
[2024-06-27T11:47:44.835+0000] {processor.py:830} INFO - Processing file /home/airflow/.local/lib/python3.12/site-packages/airflow/example_dags/example_skip_dag.py for tasks to queue
[2024-06-27T11:47:44.836+0000] {logging_mixin.py:188} INFO - [2024-06-27T11:47:44.835+0000] {dagbag.py:545} INFO - Filling up the DagBag from /home/airflow/.local/lib/python3.12/site-packages/airflow/example_dags/example_skip_dag.py
[2024-06-27T11:47:44.840+0000] {processor.py:840} INFO - DAG(s) 'example_skip_dag' retrieved from /home/airflow/.local/lib/python3.12/site-packages/airflow/example_dags/example_skip_dag.py
[2024-06-27T11:47:44.855+0000] {logging_mixin.py:188} INFO - [2024-06-27T11:47:44.855+0000] {dag.py:3096} INFO - Sync 1 DAGs
[2024-06-27T11:47:44.868+0000] {logging_mixin.py:188} INFO - [2024-06-27T11:47:44.868+0000] {dag.py:3954} INFO - Setting next_dagrun for example_skip_dag to 2024-06-26 00:00:00+00:00, run_after=2024-06-27 00:00:00+00:00
[2024-06-27T11:47:44.879+0000] {processor.py:183} INFO - Processing /home/airflow/.local/lib/python3.12/site-packages/airflow/example_dags/example_skip_dag.py took 0.049 seconds
[2024-06-27T11:48:14.922+0000] {processor.py:161} INFO - Started process (PID=905) to work on /home/airflow/.local/lib/python3.12/site-packages/airflow/example_dags/example_skip_dag.py
[2024-06-27T11:48:14.923+0000] {processor.py:830} INFO - Processing file /home/airflow/.local/lib/python3.12/site-packages/airflow/example_dags/example_skip_dag.py for tasks to queue
[2024-06-27T11:48:14.924+0000] {logging_mixin.py:188} INFO - [2024-06-27T11:48:14.923+0000] {dagbag.py:545} INFO - Filling up the DagBag from /home/airflow/.local/lib/python3.12/site-packages/airflow/example_dags/example_skip_dag.py
[2024-06-27T11:48:14.927+0000] {processor.py:840} INFO - DAG(s) 'example_skip_dag' retrieved from /home/airflow/.local/lib/python3.12/site-packages/airflow/example_dags/example_skip_dag.py
[2024-06-27T11:48:14.940+0000] {logging_mixin.py:188} INFO - [2024-06-27T11:48:14.940+0000] {dag.py:3096} INFO - Sync 1 DAGs
[2024-06-27T11:48:14.953+0000] {logging_mixin.py:188} INFO - [2024-06-27T11:48:14.953+0000] {dag.py:3954} INFO - Setting next_dagrun for example_skip_dag to 2024-06-26 00:00:00+00:00, run_after=2024-06-27 00:00:00+00:00
[2024-06-27T11:48:14.966+0000] {processor.py:183} INFO - Processing /home/airflow/.local/lib/python3.12/site-packages/airflow/example_dags/example_skip_dag.py took 0.047 seconds
[2024-06-27T11:48:46.005+0000] {processor.py:161} INFO - Started process (PID=963) to work on /home/airflow/.local/lib/python3.12/site-packages/airflow/example_dags/example_skip_dag.py
[2024-06-27T11:48:46.006+0000] {processor.py:830} INFO - Processing file /home/airflow/.local/lib/python3.12/site-packages/airflow/example_dags/example_skip_dag.py for tasks to queue
[2024-06-27T11:48:46.007+0000] {logging_mixin.py:188} INFO - [2024-06-27T11:48:46.007+0000] {dagbag.py:545} INFO - Filling up the DagBag from /home/airflow/.local/lib/python3.12/site-packages/airflow/example_dags/example_skip_dag.py
[2024-06-27T11:48:46.010+0000] {processor.py:840} INFO - DAG(s) 'example_skip_dag' retrieved from /home/airflow/.local/lib/python3.12/site-packages/airflow/example_dags/example_skip_dag.py
[2024-06-27T11:48:46.022+0000] {logging_mixin.py:188} INFO - [2024-06-27T11:48:46.021+0000] {dag.py:3096} INFO - Sync 1 DAGs
[2024-06-27T11:48:46.034+0000] {logging_mixin.py:188} INFO - [2024-06-27T11:48:46.033+0000] {dag.py:3954} INFO - Setting next_dagrun for example_skip_dag to 2024-06-26 00:00:00+00:00, run_after=2024-06-27 00:00:00+00:00
[2024-06-27T11:48:46.044+0000] {processor.py:183} INFO - Processing /home/airflow/.local/lib/python3.12/site-packages/airflow/example_dags/example_skip_dag.py took 0.043 seconds
[2024-06-27T11:49:16.126+0000] {processor.py:161} INFO - Started process (PID=1022) to work on /home/airflow/.local/lib/python3.12/site-packages/airflow/example_dags/example_skip_dag.py
[2024-06-27T11:49:16.126+0000] {processor.py:830} INFO - Processing file /home/airflow/.local/lib/python3.12/site-packages/airflow/example_dags/example_skip_dag.py for tasks to queue
[2024-06-27T11:49:16.127+0000] {logging_mixin.py:188} INFO - [2024-06-27T11:49:16.127+0000] {dagbag.py:545} INFO - Filling up the DagBag from /home/airflow/.local/lib/python3.12/site-packages/airflow/example_dags/example_skip_dag.py
[2024-06-27T11:49:16.130+0000] {processor.py:840} INFO - DAG(s) 'example_skip_dag' retrieved from /home/airflow/.local/lib/python3.12/site-packages/airflow/example_dags/example_skip_dag.py
[2024-06-27T11:49:16.142+0000] {logging_mixin.py:188} INFO - [2024-06-27T11:49:16.142+0000] {dag.py:3096} INFO - Sync 1 DAGs
[2024-06-27T11:49:16.154+0000] {logging_mixin.py:188} INFO - [2024-06-27T11:49:16.154+0000] {dag.py:3954} INFO - Setting next_dagrun for example_skip_dag to 2024-06-26 00:00:00+00:00, run_after=2024-06-27 00:00:00+00:00
[2024-06-27T11:49:16.165+0000] {processor.py:183} INFO - Processing /home/airflow/.local/lib/python3.12/site-packages/airflow/example_dags/example_skip_dag.py took 0.042 seconds
[2024-06-27T11:49:46.872+0000] {processor.py:161} INFO - Started process (PID=1081) to work on /home/airflow/.local/lib/python3.12/site-packages/airflow/example_dags/example_skip_dag.py
[2024-06-27T11:49:46.873+0000] {processor.py:830} INFO - Processing file /home/airflow/.local/lib/python3.12/site-packages/airflow/example_dags/example_skip_dag.py for tasks to queue
[2024-06-27T11:49:46.874+0000] {logging_mixin.py:188} INFO - [2024-06-27T11:49:46.874+0000] {dagbag.py:545} INFO - Filling up the DagBag from /home/airflow/.local/lib/python3.12/site-packages/airflow/example_dags/example_skip_dag.py
[2024-06-27T11:49:46.877+0000] {processor.py:840} INFO - DAG(s) 'example_skip_dag' retrieved from /home/airflow/.local/lib/python3.12/site-packages/airflow/example_dags/example_skip_dag.py
[2024-06-27T11:49:46.889+0000] {logging_mixin.py:188} INFO - [2024-06-27T11:49:46.889+0000] {dag.py:3096} INFO - Sync 1 DAGs
[2024-06-27T11:49:46.901+0000] {logging_mixin.py:188} INFO - [2024-06-27T11:49:46.901+0000] {dag.py:3954} INFO - Setting next_dagrun for example_skip_dag to 2024-06-26 00:00:00+00:00, run_after=2024-06-27 00:00:00+00:00
[2024-06-27T11:49:46.912+0000] {processor.py:183} INFO - Processing /home/airflow/.local/lib/python3.12/site-packages/airflow/example_dags/example_skip_dag.py took 0.042 seconds
[2024-06-27T11:50:17.646+0000] {processor.py:161} INFO - Started process (PID=1140) to work on /home/airflow/.local/lib/python3.12/site-packages/airflow/example_dags/example_skip_dag.py
[2024-06-27T11:50:17.647+0000] {processor.py:830} INFO - Processing file /home/airflow/.local/lib/python3.12/site-packages/airflow/example_dags/example_skip_dag.py for tasks to queue
[2024-06-27T11:50:17.648+0000] {logging_mixin.py:188} INFO - [2024-06-27T11:50:17.648+0000] {dagbag.py:545} INFO - Filling up the DagBag from /home/airflow/.local/lib/python3.12/site-packages/airflow/example_dags/example_skip_dag.py
[2024-06-27T11:50:17.651+0000] {processor.py:840} INFO - DAG(s) 'example_skip_dag' retrieved from /home/airflow/.local/lib/python3.12/site-packages/airflow/example_dags/example_skip_dag.py
[2024-06-27T11:50:17.662+0000] {logging_mixin.py:188} INFO - [2024-06-27T11:50:17.662+0000] {dag.py:3096} INFO - Sync 1 DAGs
[2024-06-27T11:50:17.674+0000] {logging_mixin.py:188} INFO - [2024-06-27T11:50:17.674+0000] {dag.py:3954} INFO - Setting next_dagrun for example_skip_dag to 2024-06-26 00:00:00+00:00, run_after=2024-06-27 00:00:00+00:00
[2024-06-27T11:50:17.685+0000] {processor.py:183} INFO - Processing /home/airflow/.local/lib/python3.12/site-packages/airflow/example_dags/example_skip_dag.py took 0.042 seconds
[2024-06-27T11:50:48.475+0000] {processor.py:161} INFO - Started process (PID=1199) to work on /home/airflow/.local/lib/python3.12/site-packages/airflow/example_dags/example_skip_dag.py
[2024-06-27T11:50:48.476+0000] {processor.py:830} INFO - Processing file /home/airflow/.local/lib/python3.12/site-packages/airflow/example_dags/example_skip_dag.py for tasks to queue
[2024-06-27T11:50:48.477+0000] {logging_mixin.py:188} INFO - [2024-06-27T11:50:48.477+0000] {dagbag.py:545} INFO - Filling up the DagBag from /home/airflow/.local/lib/python3.12/site-packages/airflow/example_dags/example_skip_dag.py
[2024-06-27T11:50:48.480+0000] {processor.py:840} INFO - DAG(s) 'example_skip_dag' retrieved from /home/airflow/.local/lib/python3.12/site-packages/airflow/example_dags/example_skip_dag.py
[2024-06-27T11:50:48.492+0000] {logging_mixin.py:188} INFO - [2024-06-27T11:50:48.491+0000] {dag.py:3096} INFO - Sync 1 DAGs
[2024-06-27T11:50:48.503+0000] {logging_mixin.py:188} INFO - [2024-06-27T11:50:48.503+0000] {dag.py:3954} INFO - Setting next_dagrun for example_skip_dag to 2024-06-26 00:00:00+00:00, run_after=2024-06-27 00:00:00+00:00
[2024-06-27T11:50:48.514+0000] {processor.py:183} INFO - Processing /home/airflow/.local/lib/python3.12/site-packages/airflow/example_dags/example_skip_dag.py took 0.042 seconds
[2024-06-27T11:51:19.324+0000] {processor.py:161} INFO - Started process (PID=1258) to work on /home/airflow/.local/lib/python3.12/site-packages/airflow/example_dags/example_skip_dag.py
[2024-06-27T11:51:19.325+0000] {processor.py:830} INFO - Processing file /home/airflow/.local/lib/python3.12/site-packages/airflow/example_dags/example_skip_dag.py for tasks to queue
[2024-06-27T11:51:19.326+0000] {logging_mixin.py:188} INFO - [2024-06-27T11:51:19.326+0000] {dagbag.py:545} INFO - Filling up the DagBag from /home/airflow/.local/lib/python3.12/site-packages/airflow/example_dags/example_skip_dag.py
[2024-06-27T11:51:19.329+0000] {processor.py:840} INFO - DAG(s) 'example_skip_dag' retrieved from /home/airflow/.local/lib/python3.12/site-packages/airflow/example_dags/example_skip_dag.py
[2024-06-27T11:51:19.340+0000] {logging_mixin.py:188} INFO - [2024-06-27T11:51:19.340+0000] {dag.py:3096} INFO - Sync 1 DAGs
[2024-06-27T11:51:19.352+0000] {logging_mixin.py:188} INFO - [2024-06-27T11:51:19.352+0000] {dag.py:3954} INFO - Setting next_dagrun for example_skip_dag to 2024-06-26 00:00:00+00:00, run_after=2024-06-27 00:00:00+00:00
[2024-06-27T11:51:19.363+0000] {processor.py:183} INFO - Processing /home/airflow/.local/lib/python3.12/site-packages/airflow/example_dags/example_skip_dag.py took 0.042 seconds
[2024-06-27T11:51:50.092+0000] {processor.py:161} INFO - Started process (PID=1317) to work on /home/airflow/.local/lib/python3.12/site-packages/airflow/example_dags/example_skip_dag.py
[2024-06-27T11:51:50.092+0000] {processor.py:830} INFO - Processing file /home/airflow/.local/lib/python3.12/site-packages/airflow/example_dags/example_skip_dag.py for tasks to queue
[2024-06-27T11:51:50.093+0000] {logging_mixin.py:188} INFO - [2024-06-27T11:51:50.093+0000] {dagbag.py:545} INFO - Filling up the DagBag from /home/airflow/.local/lib/python3.12/site-packages/airflow/example_dags/example_skip_dag.py
[2024-06-27T11:51:50.096+0000] {processor.py:840} INFO - DAG(s) 'example_skip_dag' retrieved from /home/airflow/.local/lib/python3.12/site-packages/airflow/example_dags/example_skip_dag.py
[2024-06-27T11:51:50.107+0000] {logging_mixin.py:188} INFO - [2024-06-27T11:51:50.107+0000] {dag.py:3096} INFO - Sync 1 DAGs
[2024-06-27T11:51:50.119+0000] {logging_mixin.py:188} INFO - [2024-06-27T11:51:50.119+0000] {dag.py:3954} INFO - Setting next_dagrun for example_skip_dag to 2024-06-26 00:00:00+00:00, run_after=2024-06-27 00:00:00+00:00
[2024-06-27T11:51:50.131+0000] {processor.py:183} INFO - Processing /home/airflow/.local/lib/python3.12/site-packages/airflow/example_dags/example_skip_dag.py took 0.043 seconds
[2024-06-27T11:52:20.923+0000] {processor.py:161} INFO - Started process (PID=1376) to work on /home/airflow/.local/lib/python3.12/site-packages/airflow/example_dags/example_skip_dag.py
[2024-06-27T11:52:20.923+0000] {processor.py:830} INFO - Processing file /home/airflow/.local/lib/python3.12/site-packages/airflow/example_dags/example_skip_dag.py for tasks to queue
[2024-06-27T11:52:20.924+0000] {logging_mixin.py:188} INFO - [2024-06-27T11:52:20.924+0000] {dagbag.py:545} INFO - Filling up the DagBag from /home/airflow/.local/lib/python3.12/site-packages/airflow/example_dags/example_skip_dag.py
[2024-06-27T11:52:20.927+0000] {processor.py:840} INFO - DAG(s) 'example_skip_dag' retrieved from /home/airflow/.local/lib/python3.12/site-packages/airflow/example_dags/example_skip_dag.py
[2024-06-27T11:52:20.940+0000] {logging_mixin.py:188} INFO - [2024-06-27T11:52:20.939+0000] {dag.py:3096} INFO - Sync 1 DAGs
[2024-06-27T11:52:20.953+0000] {logging_mixin.py:188} INFO - [2024-06-27T11:52:20.953+0000] {dag.py:3954} INFO - Setting next_dagrun for example_skip_dag to 2024-06-26 00:00:00+00:00, run_after=2024-06-27 00:00:00+00:00
[2024-06-27T11:52:20.964+0000] {processor.py:183} INFO - Processing /home/airflow/.local/lib/python3.12/site-packages/airflow/example_dags/example_skip_dag.py took 0.045 seconds
[2024-06-27T11:52:51.720+0000] {processor.py:161} INFO - Started process (PID=1436) to work on /home/airflow/.local/lib/python3.12/site-packages/airflow/example_dags/example_skip_dag.py
[2024-06-27T11:52:51.721+0000] {processor.py:830} INFO - Processing file /home/airflow/.local/lib/python3.12/site-packages/airflow/example_dags/example_skip_dag.py for tasks to queue
[2024-06-27T11:52:51.722+0000] {logging_mixin.py:188} INFO - [2024-06-27T11:52:51.721+0000] {dagbag.py:545} INFO - Filling up the DagBag from /home/airflow/.local/lib/python3.12/site-packages/airflow/example_dags/example_skip_dag.py
[2024-06-27T11:52:51.725+0000] {processor.py:840} INFO - DAG(s) 'example_skip_dag' retrieved from /home/airflow/.local/lib/python3.12/site-packages/airflow/example_dags/example_skip_dag.py
[2024-06-27T11:52:51.736+0000] {logging_mixin.py:188} INFO - [2024-06-27T11:52:51.736+0000] {dag.py:3096} INFO - Sync 1 DAGs
[2024-06-27T11:52:51.748+0000] {logging_mixin.py:188} INFO - [2024-06-27T11:52:51.747+0000] {dag.py:3954} INFO - Setting next_dagrun for example_skip_dag to 2024-06-26 00:00:00+00:00, run_after=2024-06-27 00:00:00+00:00
[2024-06-27T11:52:51.758+0000] {processor.py:183} INFO - Processing /home/airflow/.local/lib/python3.12/site-packages/airflow/example_dags/example_skip_dag.py took 0.041 seconds
[2024-06-27T11:53:22.593+0000] {processor.py:161} INFO - Started process (PID=1495) to work on /home/airflow/.local/lib/python3.12/site-packages/airflow/example_dags/example_skip_dag.py
[2024-06-27T11:53:22.594+0000] {processor.py:830} INFO - Processing file /home/airflow/.local/lib/python3.12/site-packages/airflow/example_dags/example_skip_dag.py for tasks to queue
[2024-06-27T11:53:22.595+0000] {logging_mixin.py:188} INFO - [2024-06-27T11:53:22.595+0000] {dagbag.py:545} INFO - Filling up the DagBag from /home/airflow/.local/lib/python3.12/site-packages/airflow/example_dags/example_skip_dag.py
[2024-06-27T11:53:22.599+0000] {processor.py:840} INFO - DAG(s) 'example_skip_dag' retrieved from /home/airflow/.local/lib/python3.12/site-packages/airflow/example_dags/example_skip_dag.py
[2024-06-27T11:53:22.610+0000] {logging_mixin.py:188} INFO - [2024-06-27T11:53:22.610+0000] {dag.py:3096} INFO - Sync 1 DAGs
[2024-06-27T11:53:22.622+0000] {logging_mixin.py:188} INFO - [2024-06-27T11:53:22.622+0000] {dag.py:3954} INFO - Setting next_dagrun for example_skip_dag to 2024-06-26 00:00:00+00:00, run_after=2024-06-27 00:00:00+00:00
[2024-06-27T11:53:22.633+0000] {processor.py:183} INFO - Processing /home/airflow/.local/lib/python3.12/site-packages/airflow/example_dags/example_skip_dag.py took 0.042 seconds
[2024-06-27T11:53:53.456+0000] {processor.py:161} INFO - Started process (PID=1554) to work on /home/airflow/.local/lib/python3.12/site-packages/airflow/example_dags/example_skip_dag.py
[2024-06-27T11:53:53.457+0000] {processor.py:830} INFO - Processing file /home/airflow/.local/lib/python3.12/site-packages/airflow/example_dags/example_skip_dag.py for tasks to queue
[2024-06-27T11:53:53.458+0000] {logging_mixin.py:188} INFO - [2024-06-27T11:53:53.458+0000] {dagbag.py:545} INFO - Filling up the DagBag from /home/airflow/.local/lib/python3.12/site-packages/airflow/example_dags/example_skip_dag.py
[2024-06-27T11:53:53.462+0000] {processor.py:840} INFO - DAG(s) 'example_skip_dag' retrieved from /home/airflow/.local/lib/python3.12/site-packages/airflow/example_dags/example_skip_dag.py
[2024-06-27T11:53:53.473+0000] {logging_mixin.py:188} INFO - [2024-06-27T11:53:53.473+0000] {dag.py:3096} INFO - Sync 1 DAGs
[2024-06-27T11:53:53.487+0000] {logging_mixin.py:188} INFO - [2024-06-27T11:53:53.486+0000] {dag.py:3954} INFO - Setting next_dagrun for example_skip_dag to 2024-06-26 00:00:00+00:00, run_after=2024-06-27 00:00:00+00:00
[2024-06-27T11:53:53.504+0000] {processor.py:183} INFO - Processing /home/airflow/.local/lib/python3.12/site-packages/airflow/example_dags/example_skip_dag.py took 0.051 seconds
[2024-06-27T11:54:24.300+0000] {processor.py:161} INFO - Started process (PID=1613) to work on /home/airflow/.local/lib/python3.12/site-packages/airflow/example_dags/example_skip_dag.py
[2024-06-27T11:54:24.301+0000] {processor.py:830} INFO - Processing file /home/airflow/.local/lib/python3.12/site-packages/airflow/example_dags/example_skip_dag.py for tasks to queue
[2024-06-27T11:54:24.302+0000] {logging_mixin.py:188} INFO - [2024-06-27T11:54:24.301+0000] {dagbag.py:545} INFO - Filling up the DagBag from /home/airflow/.local/lib/python3.12/site-packages/airflow/example_dags/example_skip_dag.py
[2024-06-27T11:54:24.305+0000] {processor.py:840} INFO - DAG(s) 'example_skip_dag' retrieved from /home/airflow/.local/lib/python3.12/site-packages/airflow/example_dags/example_skip_dag.py
[2024-06-27T11:54:24.316+0000] {logging_mixin.py:188} INFO - [2024-06-27T11:54:24.316+0000] {dag.py:3096} INFO - Sync 1 DAGs
[2024-06-27T11:54:24.327+0000] {logging_mixin.py:188} INFO - [2024-06-27T11:54:24.327+0000] {dag.py:3954} INFO - Setting next_dagrun for example_skip_dag to 2024-06-26 00:00:00+00:00, run_after=2024-06-27 00:00:00+00:00
[2024-06-27T11:54:24.339+0000] {processor.py:183} INFO - Processing /home/airflow/.local/lib/python3.12/site-packages/airflow/example_dags/example_skip_dag.py took 0.042 seconds
[2024-06-27T11:54:55.099+0000] {processor.py:161} INFO - Started process (PID=1672) to work on /home/airflow/.local/lib/python3.12/site-packages/airflow/example_dags/example_skip_dag.py
[2024-06-27T11:54:55.100+0000] {processor.py:830} INFO - Processing file /home/airflow/.local/lib/python3.12/site-packages/airflow/example_dags/example_skip_dag.py for tasks to queue
[2024-06-27T11:54:55.101+0000] {logging_mixin.py:188} INFO - [2024-06-27T11:54:55.100+0000] {dagbag.py:545} INFO - Filling up the DagBag from /home/airflow/.local/lib/python3.12/site-packages/airflow/example_dags/example_skip_dag.py
[2024-06-27T11:54:55.104+0000] {processor.py:840} INFO - DAG(s) 'example_skip_dag' retrieved from /home/airflow/.local/lib/python3.12/site-packages/airflow/example_dags/example_skip_dag.py
[2024-06-27T11:54:55.115+0000] {logging_mixin.py:188} INFO - [2024-06-27T11:54:55.115+0000] {dag.py:3096} INFO - Sync 1 DAGs
[2024-06-27T11:54:55.126+0000] {logging_mixin.py:188} INFO - [2024-06-27T11:54:55.126+0000] {dag.py:3954} INFO - Setting next_dagrun for example_skip_dag to 2024-06-26 00:00:00+00:00, run_after=2024-06-27 00:00:00+00:00
[2024-06-27T11:54:55.136+0000] {processor.py:183} INFO - Processing /home/airflow/.local/lib/python3.12/site-packages/airflow/example_dags/example_skip_dag.py took 0.041 seconds
[2024-06-27T11:55:25.987+0000] {processor.py:161} INFO - Started process (PID=1737) to work on /home/airflow/.local/lib/python3.12/site-packages/airflow/example_dags/example_skip_dag.py
[2024-06-27T11:55:25.988+0000] {processor.py:830} INFO - Processing file /home/airflow/.local/lib/python3.12/site-packages/airflow/example_dags/example_skip_dag.py for tasks to queue
[2024-06-27T11:55:25.989+0000] {logging_mixin.py:188} INFO - [2024-06-27T11:55:25.989+0000] {dagbag.py:545} INFO - Filling up the DagBag from /home/airflow/.local/lib/python3.12/site-packages/airflow/example_dags/example_skip_dag.py
[2024-06-27T11:55:25.993+0000] {processor.py:840} INFO - DAG(s) 'example_skip_dag' retrieved from /home/airflow/.local/lib/python3.12/site-packages/airflow/example_dags/example_skip_dag.py
[2024-06-27T11:55:26.004+0000] {logging_mixin.py:188} INFO - [2024-06-27T11:55:26.004+0000] {dag.py:3096} INFO - Sync 1 DAGs
[2024-06-27T11:55:26.016+0000] {logging_mixin.py:188} INFO - [2024-06-27T11:55:26.016+0000] {dag.py:3954} INFO - Setting next_dagrun for example_skip_dag to 2024-06-26 00:00:00+00:00, run_after=2024-06-27 00:00:00+00:00
[2024-06-27T11:55:26.026+0000] {processor.py:183} INFO - Processing /home/airflow/.local/lib/python3.12/site-packages/airflow/example_dags/example_skip_dag.py took 0.042 seconds
[2024-06-27T11:55:56.754+0000] {processor.py:161} INFO - Started process (PID=1796) to work on /home/airflow/.local/lib/python3.12/site-packages/airflow/example_dags/example_skip_dag.py
[2024-06-27T11:55:56.755+0000] {processor.py:830} INFO - Processing file /home/airflow/.local/lib/python3.12/site-packages/airflow/example_dags/example_skip_dag.py for tasks to queue
[2024-06-27T11:55:56.756+0000] {logging_mixin.py:188} INFO - [2024-06-27T11:55:56.755+0000] {dagbag.py:545} INFO - Filling up the DagBag from /home/airflow/.local/lib/python3.12/site-packages/airflow/example_dags/example_skip_dag.py
[2024-06-27T11:55:56.759+0000] {processor.py:840} INFO - DAG(s) 'example_skip_dag' retrieved from /home/airflow/.local/lib/python3.12/site-packages/airflow/example_dags/example_skip_dag.py
[2024-06-27T11:55:56.770+0000] {logging_mixin.py:188} INFO - [2024-06-27T11:55:56.770+0000] {dag.py:3096} INFO - Sync 1 DAGs
[2024-06-27T11:55:56.782+0000] {logging_mixin.py:188} INFO - [2024-06-27T11:55:56.782+0000] {dag.py:3954} INFO - Setting next_dagrun for example_skip_dag to 2024-06-26 00:00:00+00:00, run_after=2024-06-27 00:00:00+00:00
[2024-06-27T11:55:56.793+0000] {processor.py:183} INFO - Processing /home/airflow/.local/lib/python3.12/site-packages/airflow/example_dags/example_skip_dag.py took 0.042 seconds
[2024-06-27T11:56:27.765+0000] {processor.py:161} INFO - Started process (PID=1855) to work on /home/airflow/.local/lib/python3.12/site-packages/airflow/example_dags/example_skip_dag.py
[2024-06-27T11:56:27.766+0000] {processor.py:830} INFO - Processing file /home/airflow/.local/lib/python3.12/site-packages/airflow/example_dags/example_skip_dag.py for tasks to queue
[2024-06-27T11:56:27.766+0000] {logging_mixin.py:188} INFO - [2024-06-27T11:56:27.766+0000] {dagbag.py:545} INFO - Filling up the DagBag from /home/airflow/.local/lib/python3.12/site-packages/airflow/example_dags/example_skip_dag.py
[2024-06-27T11:56:27.770+0000] {processor.py:840} INFO - DAG(s) 'example_skip_dag' retrieved from /home/airflow/.local/lib/python3.12/site-packages/airflow/example_dags/example_skip_dag.py
[2024-06-27T11:56:27.780+0000] {logging_mixin.py:188} INFO - [2024-06-27T11:56:27.780+0000] {dag.py:3096} INFO - Sync 1 DAGs
[2024-06-27T11:56:27.792+0000] {logging_mixin.py:188} INFO - [2024-06-27T11:56:27.791+0000] {dag.py:3954} INFO - Setting next_dagrun for example_skip_dag to 2024-06-26 00:00:00+00:00, run_after=2024-06-27 00:00:00+00:00
[2024-06-27T11:56:27.802+0000] {processor.py:183} INFO - Processing /home/airflow/.local/lib/python3.12/site-packages/airflow/example_dags/example_skip_dag.py took 0.040 seconds
[2024-06-27T11:56:59.335+0000] {processor.py:161} INFO - Started process (PID=1914) to work on /home/airflow/.local/lib/python3.12/site-packages/airflow/example_dags/example_skip_dag.py
[2024-06-27T11:56:59.336+0000] {processor.py:830} INFO - Processing file /home/airflow/.local/lib/python3.12/site-packages/airflow/example_dags/example_skip_dag.py for tasks to queue
[2024-06-27T11:56:59.337+0000] {logging_mixin.py:188} INFO - [2024-06-27T11:56:59.337+0000] {dagbag.py:545} INFO - Filling up the DagBag from /home/airflow/.local/lib/python3.12/site-packages/airflow/example_dags/example_skip_dag.py
[2024-06-27T11:56:59.340+0000] {processor.py:840} INFO - DAG(s) 'example_skip_dag' retrieved from /home/airflow/.local/lib/python3.12/site-packages/airflow/example_dags/example_skip_dag.py
[2024-06-27T11:56:59.352+0000] {logging_mixin.py:188} INFO - [2024-06-27T11:56:59.352+0000] {dag.py:3096} INFO - Sync 1 DAGs
[2024-06-27T11:56:59.364+0000] {logging_mixin.py:188} INFO - [2024-06-27T11:56:59.364+0000] {dag.py:3954} INFO - Setting next_dagrun for example_skip_dag to 2024-06-26 00:00:00+00:00, run_after=2024-06-27 00:00:00+00:00
[2024-06-27T11:56:59.375+0000] {processor.py:183} INFO - Processing /home/airflow/.local/lib/python3.12/site-packages/airflow/example_dags/example_skip_dag.py took 0.043 seconds
[2024-06-27T11:57:30.215+0000] {processor.py:161} INFO - Started process (PID=1973) to work on /home/airflow/.local/lib/python3.12/site-packages/airflow/example_dags/example_skip_dag.py
[2024-06-27T11:57:30.216+0000] {processor.py:830} INFO - Processing file /home/airflow/.local/lib/python3.12/site-packages/airflow/example_dags/example_skip_dag.py for tasks to queue
[2024-06-27T11:57:30.217+0000] {logging_mixin.py:188} INFO - [2024-06-27T11:57:30.217+0000] {dagbag.py:545} INFO - Filling up the DagBag from /home/airflow/.local/lib/python3.12/site-packages/airflow/example_dags/example_skip_dag.py
[2024-06-27T11:57:30.221+0000] {processor.py:840} INFO - DAG(s) 'example_skip_dag' retrieved from /home/airflow/.local/lib/python3.12/site-packages/airflow/example_dags/example_skip_dag.py
[2024-06-27T11:57:30.234+0000] {logging_mixin.py:188} INFO - [2024-06-27T11:57:30.234+0000] {dag.py:3096} INFO - Sync 1 DAGs
[2024-06-27T11:57:30.247+0000] {logging_mixin.py:188} INFO - [2024-06-27T11:57:30.247+0000] {dag.py:3954} INFO - Setting next_dagrun for example_skip_dag to 2024-06-26 00:00:00+00:00, run_after=2024-06-27 00:00:00+00:00
[2024-06-27T11:57:30.259+0000] {processor.py:183} INFO - Processing /home/airflow/.local/lib/python3.12/site-packages/airflow/example_dags/example_skip_dag.py took 0.047 seconds
[2024-06-27T11:58:00.999+0000] {processor.py:161} INFO - Started process (PID=2033) to work on /home/airflow/.local/lib/python3.12/site-packages/airflow/example_dags/example_skip_dag.py
[2024-06-27T11:58:01.000+0000] {processor.py:830} INFO - Processing file /home/airflow/.local/lib/python3.12/site-packages/airflow/example_dags/example_skip_dag.py for tasks to queue
[2024-06-27T11:58:01.001+0000] {logging_mixin.py:188} INFO - [2024-06-27T11:58:01.001+0000] {dagbag.py:545} INFO - Filling up the DagBag from /home/airflow/.local/lib/python3.12/site-packages/airflow/example_dags/example_skip_dag.py
[2024-06-27T11:58:01.005+0000] {processor.py:840} INFO - DAG(s) 'example_skip_dag' retrieved from /home/airflow/.local/lib/python3.12/site-packages/airflow/example_dags/example_skip_dag.py
[2024-06-27T11:58:01.016+0000] {logging_mixin.py:188} INFO - [2024-06-27T11:58:01.016+0000] {dag.py:3096} INFO - Sync 1 DAGs
[2024-06-27T11:58:01.028+0000] {logging_mixin.py:188} INFO - [2024-06-27T11:58:01.028+0000] {dag.py:3954} INFO - Setting next_dagrun for example_skip_dag to 2024-06-26 00:00:00+00:00, run_after=2024-06-27 00:00:00+00:00
[2024-06-27T11:58:01.039+0000] {processor.py:183} INFO - Processing /home/airflow/.local/lib/python3.12/site-packages/airflow/example_dags/example_skip_dag.py took 0.043 seconds
[2024-06-27T11:58:31.675+0000] {processor.py:161} INFO - Started process (PID=2091) to work on /home/airflow/.local/lib/python3.12/site-packages/airflow/example_dags/example_skip_dag.py
[2024-06-27T11:58:31.676+0000] {processor.py:830} INFO - Processing file /home/airflow/.local/lib/python3.12/site-packages/airflow/example_dags/example_skip_dag.py for tasks to queue
[2024-06-27T11:58:31.677+0000] {logging_mixin.py:188} INFO - [2024-06-27T11:58:31.676+0000] {dagbag.py:545} INFO - Filling up the DagBag from /home/airflow/.local/lib/python3.12/site-packages/airflow/example_dags/example_skip_dag.py
[2024-06-27T11:58:31.680+0000] {processor.py:840} INFO - DAG(s) 'example_skip_dag' retrieved from /home/airflow/.local/lib/python3.12/site-packages/airflow/example_dags/example_skip_dag.py
[2024-06-27T11:58:31.692+0000] {logging_mixin.py:188} INFO - [2024-06-27T11:58:31.691+0000] {dag.py:3096} INFO - Sync 1 DAGs
[2024-06-27T11:58:31.703+0000] {logging_mixin.py:188} INFO - [2024-06-27T11:58:31.703+0000] {dag.py:3954} INFO - Setting next_dagrun for example_skip_dag to 2024-06-26 00:00:00+00:00, run_after=2024-06-27 00:00:00+00:00
[2024-06-27T11:58:31.715+0000] {processor.py:183} INFO - Processing /home/airflow/.local/lib/python3.12/site-packages/airflow/example_dags/example_skip_dag.py took 0.043 seconds
[2024-06-27T11:59:02.400+0000] {processor.py:161} INFO - Started process (PID=2150) to work on /home/airflow/.local/lib/python3.12/site-packages/airflow/example_dags/example_skip_dag.py
[2024-06-27T11:59:02.401+0000] {processor.py:830} INFO - Processing file /home/airflow/.local/lib/python3.12/site-packages/airflow/example_dags/example_skip_dag.py for tasks to queue
[2024-06-27T11:59:02.402+0000] {logging_mixin.py:188} INFO - [2024-06-27T11:59:02.402+0000] {dagbag.py:545} INFO - Filling up the DagBag from /home/airflow/.local/lib/python3.12/site-packages/airflow/example_dags/example_skip_dag.py
[2024-06-27T11:59:02.405+0000] {processor.py:840} INFO - DAG(s) 'example_skip_dag' retrieved from /home/airflow/.local/lib/python3.12/site-packages/airflow/example_dags/example_skip_dag.py
[2024-06-27T11:59:02.417+0000] {logging_mixin.py:188} INFO - [2024-06-27T11:59:02.417+0000] {dag.py:3096} INFO - Sync 1 DAGs
[2024-06-27T11:59:02.428+0000] {logging_mixin.py:188} INFO - [2024-06-27T11:59:02.428+0000] {dag.py:3954} INFO - Setting next_dagrun for example_skip_dag to 2024-06-26 00:00:00+00:00, run_after=2024-06-27 00:00:00+00:00
[2024-06-27T11:59:02.439+0000] {processor.py:183} INFO - Processing /home/airflow/.local/lib/python3.12/site-packages/airflow/example_dags/example_skip_dag.py took 0.041 seconds
[2024-06-27T11:59:33.152+0000] {processor.py:161} INFO - Started process (PID=2209) to work on /home/airflow/.local/lib/python3.12/site-packages/airflow/example_dags/example_skip_dag.py
[2024-06-27T11:59:33.153+0000] {processor.py:830} INFO - Processing file /home/airflow/.local/lib/python3.12/site-packages/airflow/example_dags/example_skip_dag.py for tasks to queue
[2024-06-27T11:59:33.153+0000] {logging_mixin.py:188} INFO - [2024-06-27T11:59:33.153+0000] {dagbag.py:545} INFO - Filling up the DagBag from /home/airflow/.local/lib/python3.12/site-packages/airflow/example_dags/example_skip_dag.py
[2024-06-27T11:59:33.157+0000] {processor.py:840} INFO - DAG(s) 'example_skip_dag' retrieved from /home/airflow/.local/lib/python3.12/site-packages/airflow/example_dags/example_skip_dag.py
[2024-06-27T11:59:33.169+0000] {logging_mixin.py:188} INFO - [2024-06-27T11:59:33.168+0000] {dag.py:3096} INFO - Sync 1 DAGs
[2024-06-27T11:59:33.180+0000] {logging_mixin.py:188} INFO - [2024-06-27T11:59:33.180+0000] {dag.py:3954} INFO - Setting next_dagrun for example_skip_dag to 2024-06-26 00:00:00+00:00, run_after=2024-06-27 00:00:00+00:00
[2024-06-27T11:59:33.191+0000] {processor.py:183} INFO - Processing /home/airflow/.local/lib/python3.12/site-packages/airflow/example_dags/example_skip_dag.py took 0.042 seconds
[2024-06-27T12:00:03.881+0000] {processor.py:161} INFO - Started process (PID=2268) to work on /home/airflow/.local/lib/python3.12/site-packages/airflow/example_dags/example_skip_dag.py
[2024-06-27T12:00:03.882+0000] {processor.py:830} INFO - Processing file /home/airflow/.local/lib/python3.12/site-packages/airflow/example_dags/example_skip_dag.py for tasks to queue
[2024-06-27T12:00:03.883+0000] {logging_mixin.py:188} INFO - [2024-06-27T12:00:03.883+0000] {dagbag.py:545} INFO - Filling up the DagBag from /home/airflow/.local/lib/python3.12/site-packages/airflow/example_dags/example_skip_dag.py
[2024-06-27T12:00:03.886+0000] {processor.py:840} INFO - DAG(s) 'example_skip_dag' retrieved from /home/airflow/.local/lib/python3.12/site-packages/airflow/example_dags/example_skip_dag.py
[2024-06-27T12:00:03.898+0000] {logging_mixin.py:188} INFO - [2024-06-27T12:00:03.898+0000] {dag.py:3096} INFO - Sync 1 DAGs
[2024-06-27T12:00:03.910+0000] {logging_mixin.py:188} INFO - [2024-06-27T12:00:03.910+0000] {dag.py:3954} INFO - Setting next_dagrun for example_skip_dag to 2024-06-26 00:00:00+00:00, run_after=2024-06-27 00:00:00+00:00
[2024-06-27T12:00:03.920+0000] {processor.py:183} INFO - Processing /home/airflow/.local/lib/python3.12/site-packages/airflow/example_dags/example_skip_dag.py took 0.042 seconds
[2024-06-27T12:00:34.610+0000] {processor.py:161} INFO - Started process (PID=2327) to work on /home/airflow/.local/lib/python3.12/site-packages/airflow/example_dags/example_skip_dag.py
[2024-06-27T12:00:34.611+0000] {processor.py:830} INFO - Processing file /home/airflow/.local/lib/python3.12/site-packages/airflow/example_dags/example_skip_dag.py for tasks to queue
[2024-06-27T12:00:34.612+0000] {logging_mixin.py:188} INFO - [2024-06-27T12:00:34.612+0000] {dagbag.py:545} INFO - Filling up the DagBag from /home/airflow/.local/lib/python3.12/site-packages/airflow/example_dags/example_skip_dag.py
[2024-06-27T12:00:34.615+0000] {processor.py:840} INFO - DAG(s) 'example_skip_dag' retrieved from /home/airflow/.local/lib/python3.12/site-packages/airflow/example_dags/example_skip_dag.py
[2024-06-27T12:00:34.626+0000] {logging_mixin.py:188} INFO - [2024-06-27T12:00:34.626+0000] {dag.py:3096} INFO - Sync 1 DAGs
[2024-06-27T12:00:34.637+0000] {logging_mixin.py:188} INFO - [2024-06-27T12:00:34.637+0000] {dag.py:3954} INFO - Setting next_dagrun for example_skip_dag to 2024-06-26 00:00:00+00:00, run_after=2024-06-27 00:00:00+00:00
[2024-06-27T12:00:34.648+0000] {processor.py:183} INFO - Processing /home/airflow/.local/lib/python3.12/site-packages/airflow/example_dags/example_skip_dag.py took 0.041 seconds
[2024-06-27T12:01:05.359+0000] {processor.py:161} INFO - Started process (PID=2386) to work on /home/airflow/.local/lib/python3.12/site-packages/airflow/example_dags/example_skip_dag.py
[2024-06-27T12:01:05.360+0000] {processor.py:830} INFO - Processing file /home/airflow/.local/lib/python3.12/site-packages/airflow/example_dags/example_skip_dag.py for tasks to queue
[2024-06-27T12:01:05.361+0000] {logging_mixin.py:188} INFO - [2024-06-27T12:01:05.361+0000] {dagbag.py:545} INFO - Filling up the DagBag from /home/airflow/.local/lib/python3.12/site-packages/airflow/example_dags/example_skip_dag.py
[2024-06-27T12:01:05.364+0000] {processor.py:840} INFO - DAG(s) 'example_skip_dag' retrieved from /home/airflow/.local/lib/python3.12/site-packages/airflow/example_dags/example_skip_dag.py
[2024-06-27T12:01:05.375+0000] {logging_mixin.py:188} INFO - [2024-06-27T12:01:05.375+0000] {dag.py:3096} INFO - Sync 1 DAGs
[2024-06-27T12:01:05.387+0000] {logging_mixin.py:188} INFO - [2024-06-27T12:01:05.387+0000] {dag.py:3954} INFO - Setting next_dagrun for example_skip_dag to 2024-06-26 00:00:00+00:00, run_after=2024-06-27 00:00:00+00:00
[2024-06-27T12:01:05.397+0000] {processor.py:183} INFO - Processing /home/airflow/.local/lib/python3.12/site-packages/airflow/example_dags/example_skip_dag.py took 0.042 seconds
[2024-06-27T12:01:36.305+0000] {processor.py:161} INFO - Started process (PID=2445) to work on /home/airflow/.local/lib/python3.12/site-packages/airflow/example_dags/example_skip_dag.py
[2024-06-27T12:01:36.306+0000] {processor.py:830} INFO - Processing file /home/airflow/.local/lib/python3.12/site-packages/airflow/example_dags/example_skip_dag.py for tasks to queue
[2024-06-27T12:01:36.307+0000] {logging_mixin.py:188} INFO - [2024-06-27T12:01:36.307+0000] {dagbag.py:545} INFO - Filling up the DagBag from /home/airflow/.local/lib/python3.12/site-packages/airflow/example_dags/example_skip_dag.py
[2024-06-27T12:01:36.311+0000] {processor.py:840} INFO - DAG(s) 'example_skip_dag' retrieved from /home/airflow/.local/lib/python3.12/site-packages/airflow/example_dags/example_skip_dag.py
[2024-06-27T12:01:36.323+0000] {logging_mixin.py:188} INFO - [2024-06-27T12:01:36.323+0000] {dag.py:3096} INFO - Sync 1 DAGs
[2024-06-27T12:01:36.337+0000] {logging_mixin.py:188} INFO - [2024-06-27T12:01:36.337+0000] {dag.py:3954} INFO - Setting next_dagrun for example_skip_dag to 2024-06-26 00:00:00+00:00, run_after=2024-06-27 00:00:00+00:00
[2024-06-27T12:01:36.349+0000] {processor.py:183} INFO - Processing /home/airflow/.local/lib/python3.12/site-packages/airflow/example_dags/example_skip_dag.py took 0.047 seconds
