[2024-06-27T11:41:03.501+0000] {processor.py:161} INFO - Started process (PID=47) to work on /home/airflow/.local/lib/python3.12/site-packages/airflow/example_dags/example_latest_only_with_trigger.py
[2024-06-27T11:41:03.502+0000] {processor.py:830} INFO - Processing file /home/airflow/.local/lib/python3.12/site-packages/airflow/example_dags/example_latest_only_with_trigger.py for tasks to queue
[2024-06-27T11:41:03.503+0000] {logging_mixin.py:188} INFO - [2024-06-27T11:41:03.502+0000] {dagbag.py:545} INFO - Filling up the DagBag from /home/airflow/.local/lib/python3.12/site-packages/airflow/example_dags/example_latest_only_with_trigger.py
[2024-06-27T11:41:03.507+0000] {processor.py:840} INFO - DAG(s) 'latest_only_with_trigger' retrieved from /home/airflow/.local/lib/python3.12/site-packages/airflow/example_dags/example_latest_only_with_trigger.py
[2024-06-27T11:41:03.513+0000] {logging_mixin.py:188} INFO - [2024-06-27T11:41:03.513+0000] {dag.py:3096} INFO - Sync 1 DAGs
[2024-06-27T11:41:03.528+0000] {logging_mixin.py:188} INFO - [2024-06-27T11:41:03.528+0000] {dag.py:3954} INFO - Setting next_dagrun for latest_only_with_trigger to 2024-06-27 04:00:00+00:00, run_after=2024-06-27 08:00:00+00:00
[2024-06-27T11:41:03.539+0000] {processor.py:183} INFO - Processing /home/airflow/.local/lib/python3.12/site-packages/airflow/example_dags/example_latest_only_with_trigger.py took 0.041 seconds
[2024-06-27T11:41:34.279+0000] {processor.py:161} INFO - Started process (PID=105) to work on /home/airflow/.local/lib/python3.12/site-packages/airflow/example_dags/example_latest_only_with_trigger.py
[2024-06-27T11:41:34.280+0000] {processor.py:830} INFO - Processing file /home/airflow/.local/lib/python3.12/site-packages/airflow/example_dags/example_latest_only_with_trigger.py for tasks to queue
[2024-06-27T11:41:34.281+0000] {logging_mixin.py:188} INFO - [2024-06-27T11:41:34.281+0000] {dagbag.py:545} INFO - Filling up the DagBag from /home/airflow/.local/lib/python3.12/site-packages/airflow/example_dags/example_latest_only_with_trigger.py
[2024-06-27T11:41:34.284+0000] {processor.py:840} INFO - DAG(s) 'latest_only_with_trigger' retrieved from /home/airflow/.local/lib/python3.12/site-packages/airflow/example_dags/example_latest_only_with_trigger.py
[2024-06-27T11:41:34.339+0000] {logging_mixin.py:188} INFO - [2024-06-27T11:41:34.339+0000] {dag.py:3096} INFO - Sync 1 DAGs
[2024-06-27T11:41:34.349+0000] {logging_mixin.py:188} INFO - [2024-06-27T11:41:34.349+0000] {dag.py:3954} INFO - Setting next_dagrun for latest_only_with_trigger to 2024-06-27 04:00:00+00:00, run_after=2024-06-27 08:00:00+00:00
[2024-06-27T11:41:34.360+0000] {processor.py:183} INFO - Processing /home/airflow/.local/lib/python3.12/site-packages/airflow/example_dags/example_latest_only_with_trigger.py took 0.083 seconds
[2024-06-27T11:42:04.896+0000] {processor.py:161} INFO - Started process (PID=163) to work on /home/airflow/.local/lib/python3.12/site-packages/airflow/example_dags/example_latest_only_with_trigger.py
[2024-06-27T11:42:04.897+0000] {processor.py:830} INFO - Processing file /home/airflow/.local/lib/python3.12/site-packages/airflow/example_dags/example_latest_only_with_trigger.py for tasks to queue
[2024-06-27T11:42:04.898+0000] {logging_mixin.py:188} INFO - [2024-06-27T11:42:04.898+0000] {dagbag.py:545} INFO - Filling up the DagBag from /home/airflow/.local/lib/python3.12/site-packages/airflow/example_dags/example_latest_only_with_trigger.py
[2024-06-27T11:42:04.901+0000] {processor.py:840} INFO - DAG(s) 'latest_only_with_trigger' retrieved from /home/airflow/.local/lib/python3.12/site-packages/airflow/example_dags/example_latest_only_with_trigger.py
[2024-06-27T11:42:04.912+0000] {logging_mixin.py:188} INFO - [2024-06-27T11:42:04.912+0000] {dag.py:3096} INFO - Sync 1 DAGs
[2024-06-27T11:42:04.924+0000] {logging_mixin.py:188} INFO - [2024-06-27T11:42:04.924+0000] {dag.py:3954} INFO - Setting next_dagrun for latest_only_with_trigger to 2024-06-27 04:00:00+00:00, run_after=2024-06-27 08:00:00+00:00
[2024-06-27T11:42:04.935+0000] {processor.py:183} INFO - Processing /home/airflow/.local/lib/python3.12/site-packages/airflow/example_dags/example_latest_only_with_trigger.py took 0.042 seconds
[2024-06-27T11:42:35.797+0000] {processor.py:161} INFO - Started process (PID=221) to work on /home/airflow/.local/lib/python3.12/site-packages/airflow/example_dags/example_latest_only_with_trigger.py
[2024-06-27T11:42:35.798+0000] {processor.py:830} INFO - Processing file /home/airflow/.local/lib/python3.12/site-packages/airflow/example_dags/example_latest_only_with_trigger.py for tasks to queue
[2024-06-27T11:42:35.799+0000] {logging_mixin.py:188} INFO - [2024-06-27T11:42:35.799+0000] {dagbag.py:545} INFO - Filling up the DagBag from /home/airflow/.local/lib/python3.12/site-packages/airflow/example_dags/example_latest_only_with_trigger.py
[2024-06-27T11:42:35.802+0000] {processor.py:840} INFO - DAG(s) 'latest_only_with_trigger' retrieved from /home/airflow/.local/lib/python3.12/site-packages/airflow/example_dags/example_latest_only_with_trigger.py
[2024-06-27T11:42:35.813+0000] {logging_mixin.py:188} INFO - [2024-06-27T11:42:35.813+0000] {dag.py:3096} INFO - Sync 1 DAGs
[2024-06-27T11:42:35.826+0000] {logging_mixin.py:188} INFO - [2024-06-27T11:42:35.826+0000] {dag.py:3954} INFO - Setting next_dagrun for latest_only_with_trigger to 2024-06-27 04:00:00+00:00, run_after=2024-06-27 08:00:00+00:00
[2024-06-27T11:42:35.837+0000] {processor.py:183} INFO - Processing /home/airflow/.local/lib/python3.12/site-packages/airflow/example_dags/example_latest_only_with_trigger.py took 0.043 seconds
[2024-06-27T11:43:06.086+0000] {processor.py:161} INFO - Started process (PID=279) to work on /home/airflow/.local/lib/python3.12/site-packages/airflow/example_dags/example_latest_only_with_trigger.py
[2024-06-27T11:43:06.087+0000] {processor.py:830} INFO - Processing file /home/airflow/.local/lib/python3.12/site-packages/airflow/example_dags/example_latest_only_with_trigger.py for tasks to queue
[2024-06-27T11:43:06.088+0000] {logging_mixin.py:188} INFO - [2024-06-27T11:43:06.088+0000] {dagbag.py:545} INFO - Filling up the DagBag from /home/airflow/.local/lib/python3.12/site-packages/airflow/example_dags/example_latest_only_with_trigger.py
[2024-06-27T11:43:06.091+0000] {processor.py:840} INFO - DAG(s) 'latest_only_with_trigger' retrieved from /home/airflow/.local/lib/python3.12/site-packages/airflow/example_dags/example_latest_only_with_trigger.py
[2024-06-27T11:43:06.103+0000] {logging_mixin.py:188} INFO - [2024-06-27T11:43:06.103+0000] {dag.py:3096} INFO - Sync 1 DAGs
[2024-06-27T11:43:06.117+0000] {logging_mixin.py:188} INFO - [2024-06-27T11:43:06.116+0000] {dag.py:3954} INFO - Setting next_dagrun for latest_only_with_trigger to 2024-06-27 04:00:00+00:00, run_after=2024-06-27 08:00:00+00:00
[2024-06-27T11:43:06.128+0000] {processor.py:183} INFO - Processing /home/airflow/.local/lib/python3.12/site-packages/airflow/example_dags/example_latest_only_with_trigger.py took 0.044 seconds
[2024-06-27T11:43:36.913+0000] {processor.py:161} INFO - Started process (PID=337) to work on /home/airflow/.local/lib/python3.12/site-packages/airflow/example_dags/example_latest_only_with_trigger.py
[2024-06-27T11:43:36.914+0000] {processor.py:830} INFO - Processing file /home/airflow/.local/lib/python3.12/site-packages/airflow/example_dags/example_latest_only_with_trigger.py for tasks to queue
[2024-06-27T11:43:36.915+0000] {logging_mixin.py:188} INFO - [2024-06-27T11:43:36.915+0000] {dagbag.py:545} INFO - Filling up the DagBag from /home/airflow/.local/lib/python3.12/site-packages/airflow/example_dags/example_latest_only_with_trigger.py
[2024-06-27T11:43:36.918+0000] {processor.py:840} INFO - DAG(s) 'latest_only_with_trigger' retrieved from /home/airflow/.local/lib/python3.12/site-packages/airflow/example_dags/example_latest_only_with_trigger.py
[2024-06-27T11:43:36.930+0000] {logging_mixin.py:188} INFO - [2024-06-27T11:43:36.929+0000] {dag.py:3096} INFO - Sync 1 DAGs
[2024-06-27T11:43:36.942+0000] {logging_mixin.py:188} INFO - [2024-06-27T11:43:36.942+0000] {dag.py:3954} INFO - Setting next_dagrun for latest_only_with_trigger to 2024-06-27 04:00:00+00:00, run_after=2024-06-27 08:00:00+00:00
[2024-06-27T11:43:36.953+0000] {processor.py:183} INFO - Processing /home/airflow/.local/lib/python3.12/site-packages/airflow/example_dags/example_latest_only_with_trigger.py took 0.042 seconds
[2024-06-27T11:44:07.611+0000] {processor.py:161} INFO - Started process (PID=395) to work on /home/airflow/.local/lib/python3.12/site-packages/airflow/example_dags/example_latest_only_with_trigger.py
[2024-06-27T11:44:07.611+0000] {processor.py:830} INFO - Processing file /home/airflow/.local/lib/python3.12/site-packages/airflow/example_dags/example_latest_only_with_trigger.py for tasks to queue
[2024-06-27T11:44:07.612+0000] {logging_mixin.py:188} INFO - [2024-06-27T11:44:07.612+0000] {dagbag.py:545} INFO - Filling up the DagBag from /home/airflow/.local/lib/python3.12/site-packages/airflow/example_dags/example_latest_only_with_trigger.py
[2024-06-27T11:44:07.615+0000] {processor.py:840} INFO - DAG(s) 'latest_only_with_trigger' retrieved from /home/airflow/.local/lib/python3.12/site-packages/airflow/example_dags/example_latest_only_with_trigger.py
[2024-06-27T11:44:07.627+0000] {logging_mixin.py:188} INFO - [2024-06-27T11:44:07.627+0000] {dag.py:3096} INFO - Sync 1 DAGs
[2024-06-27T11:44:07.639+0000] {logging_mixin.py:188} INFO - [2024-06-27T11:44:07.639+0000] {dag.py:3954} INFO - Setting next_dagrun for latest_only_with_trigger to 2024-06-27 04:00:00+00:00, run_after=2024-06-27 08:00:00+00:00
[2024-06-27T11:44:07.649+0000] {processor.py:183} INFO - Processing /home/airflow/.local/lib/python3.12/site-packages/airflow/example_dags/example_latest_only_with_trigger.py took 0.042 seconds
[2024-06-27T11:44:38.389+0000] {processor.py:161} INFO - Started process (PID=453) to work on /home/airflow/.local/lib/python3.12/site-packages/airflow/example_dags/example_latest_only_with_trigger.py
[2024-06-27T11:44:38.389+0000] {processor.py:830} INFO - Processing file /home/airflow/.local/lib/python3.12/site-packages/airflow/example_dags/example_latest_only_with_trigger.py for tasks to queue
[2024-06-27T11:44:38.390+0000] {logging_mixin.py:188} INFO - [2024-06-27T11:44:38.390+0000] {dagbag.py:545} INFO - Filling up the DagBag from /home/airflow/.local/lib/python3.12/site-packages/airflow/example_dags/example_latest_only_with_trigger.py
[2024-06-27T11:44:38.393+0000] {processor.py:840} INFO - DAG(s) 'latest_only_with_trigger' retrieved from /home/airflow/.local/lib/python3.12/site-packages/airflow/example_dags/example_latest_only_with_trigger.py
[2024-06-27T11:44:38.404+0000] {logging_mixin.py:188} INFO - [2024-06-27T11:44:38.404+0000] {dag.py:3096} INFO - Sync 1 DAGs
[2024-06-27T11:44:38.416+0000] {logging_mixin.py:188} INFO - [2024-06-27T11:44:38.416+0000] {dag.py:3954} INFO - Setting next_dagrun for latest_only_with_trigger to 2024-06-27 04:00:00+00:00, run_after=2024-06-27 08:00:00+00:00
[2024-06-27T11:44:38.427+0000] {processor.py:183} INFO - Processing /home/airflow/.local/lib/python3.12/site-packages/airflow/example_dags/example_latest_only_with_trigger.py took 0.041 seconds
[2024-06-27T11:45:09.214+0000] {processor.py:161} INFO - Started process (PID=511) to work on /home/airflow/.local/lib/python3.12/site-packages/airflow/example_dags/example_latest_only_with_trigger.py
[2024-06-27T11:45:09.215+0000] {processor.py:830} INFO - Processing file /home/airflow/.local/lib/python3.12/site-packages/airflow/example_dags/example_latest_only_with_trigger.py for tasks to queue
[2024-06-27T11:45:09.216+0000] {logging_mixin.py:188} INFO - [2024-06-27T11:45:09.216+0000] {dagbag.py:545} INFO - Filling up the DagBag from /home/airflow/.local/lib/python3.12/site-packages/airflow/example_dags/example_latest_only_with_trigger.py
[2024-06-27T11:45:09.219+0000] {processor.py:840} INFO - DAG(s) 'latest_only_with_trigger' retrieved from /home/airflow/.local/lib/python3.12/site-packages/airflow/example_dags/example_latest_only_with_trigger.py
[2024-06-27T11:45:09.230+0000] {logging_mixin.py:188} INFO - [2024-06-27T11:45:09.229+0000] {dag.py:3096} INFO - Sync 1 DAGs
[2024-06-27T11:45:09.242+0000] {logging_mixin.py:188} INFO - [2024-06-27T11:45:09.242+0000] {dag.py:3954} INFO - Setting next_dagrun for latest_only_with_trigger to 2024-06-27 04:00:00+00:00, run_after=2024-06-27 08:00:00+00:00
[2024-06-27T11:45:09.254+0000] {processor.py:183} INFO - Processing /home/airflow/.local/lib/python3.12/site-packages/airflow/example_dags/example_latest_only_with_trigger.py took 0.042 seconds
[2024-06-27T11:45:40.091+0000] {processor.py:161} INFO - Started process (PID=569) to work on /home/airflow/.local/lib/python3.12/site-packages/airflow/example_dags/example_latest_only_with_trigger.py
[2024-06-27T11:45:40.092+0000] {processor.py:830} INFO - Processing file /home/airflow/.local/lib/python3.12/site-packages/airflow/example_dags/example_latest_only_with_trigger.py for tasks to queue
[2024-06-27T11:45:40.093+0000] {logging_mixin.py:188} INFO - [2024-06-27T11:45:40.093+0000] {dagbag.py:545} INFO - Filling up the DagBag from /home/airflow/.local/lib/python3.12/site-packages/airflow/example_dags/example_latest_only_with_trigger.py
[2024-06-27T11:45:40.096+0000] {processor.py:840} INFO - DAG(s) 'latest_only_with_trigger' retrieved from /home/airflow/.local/lib/python3.12/site-packages/airflow/example_dags/example_latest_only_with_trigger.py
[2024-06-27T11:45:40.107+0000] {logging_mixin.py:188} INFO - [2024-06-27T11:45:40.107+0000] {dag.py:3096} INFO - Sync 1 DAGs
[2024-06-27T11:45:40.118+0000] {logging_mixin.py:188} INFO - [2024-06-27T11:45:40.118+0000] {dag.py:3954} INFO - Setting next_dagrun for latest_only_with_trigger to 2024-06-27 04:00:00+00:00, run_after=2024-06-27 08:00:00+00:00
[2024-06-27T11:45:40.128+0000] {processor.py:183} INFO - Processing /home/airflow/.local/lib/python3.12/site-packages/airflow/example_dags/example_latest_only_with_trigger.py took 0.040 seconds
[2024-06-27T11:46:10.889+0000] {processor.py:161} INFO - Started process (PID=628) to work on /home/airflow/.local/lib/python3.12/site-packages/airflow/example_dags/example_latest_only_with_trigger.py
[2024-06-27T11:46:10.890+0000] {processor.py:830} INFO - Processing file /home/airflow/.local/lib/python3.12/site-packages/airflow/example_dags/example_latest_only_with_trigger.py for tasks to queue
[2024-06-27T11:46:10.891+0000] {logging_mixin.py:188} INFO - [2024-06-27T11:46:10.890+0000] {dagbag.py:545} INFO - Filling up the DagBag from /home/airflow/.local/lib/python3.12/site-packages/airflow/example_dags/example_latest_only_with_trigger.py
[2024-06-27T11:46:10.894+0000] {processor.py:840} INFO - DAG(s) 'latest_only_with_trigger' retrieved from /home/airflow/.local/lib/python3.12/site-packages/airflow/example_dags/example_latest_only_with_trigger.py
[2024-06-27T11:46:10.905+0000] {logging_mixin.py:188} INFO - [2024-06-27T11:46:10.905+0000] {dag.py:3096} INFO - Sync 1 DAGs
[2024-06-27T11:46:10.917+0000] {logging_mixin.py:188} INFO - [2024-06-27T11:46:10.917+0000] {dag.py:3954} INFO - Setting next_dagrun for latest_only_with_trigger to 2024-06-27 04:00:00+00:00, run_after=2024-06-27 08:00:00+00:00
[2024-06-27T11:46:10.928+0000] {processor.py:183} INFO - Processing /home/airflow/.local/lib/python3.12/site-packages/airflow/example_dags/example_latest_only_with_trigger.py took 0.043 seconds
[2024-06-27T11:46:41.815+0000] {processor.py:161} INFO - Started process (PID=692) to work on /home/airflow/.local/lib/python3.12/site-packages/airflow/example_dags/example_latest_only_with_trigger.py
[2024-06-27T11:46:41.816+0000] {processor.py:830} INFO - Processing file /home/airflow/.local/lib/python3.12/site-packages/airflow/example_dags/example_latest_only_with_trigger.py for tasks to queue
[2024-06-27T11:46:41.817+0000] {logging_mixin.py:188} INFO - [2024-06-27T11:46:41.817+0000] {dagbag.py:545} INFO - Filling up the DagBag from /home/airflow/.local/lib/python3.12/site-packages/airflow/example_dags/example_latest_only_with_trigger.py
[2024-06-27T11:46:41.820+0000] {processor.py:840} INFO - DAG(s) 'latest_only_with_trigger' retrieved from /home/airflow/.local/lib/python3.12/site-packages/airflow/example_dags/example_latest_only_with_trigger.py
[2024-06-27T11:46:41.831+0000] {logging_mixin.py:188} INFO - [2024-06-27T11:46:41.830+0000] {dag.py:3096} INFO - Sync 1 DAGs
[2024-06-27T11:46:41.842+0000] {logging_mixin.py:188} INFO - [2024-06-27T11:46:41.842+0000] {dag.py:3954} INFO - Setting next_dagrun for latest_only_with_trigger to 2024-06-27 04:00:00+00:00, run_after=2024-06-27 08:00:00+00:00
[2024-06-27T11:46:41.852+0000] {processor.py:183} INFO - Processing /home/airflow/.local/lib/python3.12/site-packages/airflow/example_dags/example_latest_only_with_trigger.py took 0.040 seconds
[2024-06-27T11:47:12.670+0000] {processor.py:161} INFO - Started process (PID=753) to work on /home/airflow/.local/lib/python3.12/site-packages/airflow/example_dags/example_latest_only_with_trigger.py
[2024-06-27T11:47:12.671+0000] {processor.py:830} INFO - Processing file /home/airflow/.local/lib/python3.12/site-packages/airflow/example_dags/example_latest_only_with_trigger.py for tasks to queue
[2024-06-27T11:47:12.671+0000] {logging_mixin.py:188} INFO - [2024-06-27T11:47:12.671+0000] {dagbag.py:545} INFO - Filling up the DagBag from /home/airflow/.local/lib/python3.12/site-packages/airflow/example_dags/example_latest_only_with_trigger.py
[2024-06-27T11:47:12.674+0000] {processor.py:840} INFO - DAG(s) 'latest_only_with_trigger' retrieved from /home/airflow/.local/lib/python3.12/site-packages/airflow/example_dags/example_latest_only_with_trigger.py
[2024-06-27T11:47:12.685+0000] {logging_mixin.py:188} INFO - [2024-06-27T11:47:12.685+0000] {dag.py:3096} INFO - Sync 1 DAGs
[2024-06-27T11:47:12.698+0000] {logging_mixin.py:188} INFO - [2024-06-27T11:47:12.697+0000] {dag.py:3954} INFO - Setting next_dagrun for latest_only_with_trigger to 2024-06-27 04:00:00+00:00, run_after=2024-06-27 08:00:00+00:00
[2024-06-27T11:47:12.708+0000] {processor.py:183} INFO - Processing /home/airflow/.local/lib/python3.12/site-packages/airflow/example_dags/example_latest_only_with_trigger.py took 0.041 seconds
[2024-06-27T11:47:43.709+0000] {processor.py:161} INFO - Started process (PID=812) to work on /home/airflow/.local/lib/python3.12/site-packages/airflow/example_dags/example_latest_only_with_trigger.py
[2024-06-27T11:47:43.710+0000] {processor.py:830} INFO - Processing file /home/airflow/.local/lib/python3.12/site-packages/airflow/example_dags/example_latest_only_with_trigger.py for tasks to queue
[2024-06-27T11:47:43.711+0000] {logging_mixin.py:188} INFO - [2024-06-27T11:47:43.711+0000] {dagbag.py:545} INFO - Filling up the DagBag from /home/airflow/.local/lib/python3.12/site-packages/airflow/example_dags/example_latest_only_with_trigger.py
[2024-06-27T11:47:43.714+0000] {processor.py:840} INFO - DAG(s) 'latest_only_with_trigger' retrieved from /home/airflow/.local/lib/python3.12/site-packages/airflow/example_dags/example_latest_only_with_trigger.py
[2024-06-27T11:47:43.725+0000] {logging_mixin.py:188} INFO - [2024-06-27T11:47:43.725+0000] {dag.py:3096} INFO - Sync 1 DAGs
[2024-06-27T11:47:43.738+0000] {logging_mixin.py:188} INFO - [2024-06-27T11:47:43.738+0000] {dag.py:3954} INFO - Setting next_dagrun for latest_only_with_trigger to 2024-06-27 04:00:00+00:00, run_after=2024-06-27 08:00:00+00:00
[2024-06-27T11:47:43.749+0000] {processor.py:183} INFO - Processing /home/airflow/.local/lib/python3.12/site-packages/airflow/example_dags/example_latest_only_with_trigger.py took 0.043 seconds
[2024-06-27T11:48:13.952+0000] {processor.py:161} INFO - Started process (PID=871) to work on /home/airflow/.local/lib/python3.12/site-packages/airflow/example_dags/example_latest_only_with_trigger.py
[2024-06-27T11:48:13.953+0000] {processor.py:830} INFO - Processing file /home/airflow/.local/lib/python3.12/site-packages/airflow/example_dags/example_latest_only_with_trigger.py for tasks to queue
[2024-06-27T11:48:13.954+0000] {logging_mixin.py:188} INFO - [2024-06-27T11:48:13.954+0000] {dagbag.py:545} INFO - Filling up the DagBag from /home/airflow/.local/lib/python3.12/site-packages/airflow/example_dags/example_latest_only_with_trigger.py
[2024-06-27T11:48:13.957+0000] {processor.py:840} INFO - DAG(s) 'latest_only_with_trigger' retrieved from /home/airflow/.local/lib/python3.12/site-packages/airflow/example_dags/example_latest_only_with_trigger.py
[2024-06-27T11:48:13.969+0000] {logging_mixin.py:188} INFO - [2024-06-27T11:48:13.968+0000] {dag.py:3096} INFO - Sync 1 DAGs
[2024-06-27T11:48:13.980+0000] {logging_mixin.py:188} INFO - [2024-06-27T11:48:13.980+0000] {dag.py:3954} INFO - Setting next_dagrun for latest_only_with_trigger to 2024-06-27 04:00:00+00:00, run_after=2024-06-27 08:00:00+00:00
[2024-06-27T11:48:13.991+0000] {processor.py:183} INFO - Processing /home/airflow/.local/lib/python3.12/site-packages/airflow/example_dags/example_latest_only_with_trigger.py took 0.041 seconds
[2024-06-27T11:48:44.933+0000] {processor.py:161} INFO - Started process (PID=930) to work on /home/airflow/.local/lib/python3.12/site-packages/airflow/example_dags/example_latest_only_with_trigger.py
[2024-06-27T11:48:44.934+0000] {processor.py:830} INFO - Processing file /home/airflow/.local/lib/python3.12/site-packages/airflow/example_dags/example_latest_only_with_trigger.py for tasks to queue
[2024-06-27T11:48:44.935+0000] {logging_mixin.py:188} INFO - [2024-06-27T11:48:44.935+0000] {dagbag.py:545} INFO - Filling up the DagBag from /home/airflow/.local/lib/python3.12/site-packages/airflow/example_dags/example_latest_only_with_trigger.py
[2024-06-27T11:48:44.938+0000] {processor.py:840} INFO - DAG(s) 'latest_only_with_trigger' retrieved from /home/airflow/.local/lib/python3.12/site-packages/airflow/example_dags/example_latest_only_with_trigger.py
[2024-06-27T11:48:44.949+0000] {logging_mixin.py:188} INFO - [2024-06-27T11:48:44.949+0000] {dag.py:3096} INFO - Sync 1 DAGs
[2024-06-27T11:48:44.960+0000] {logging_mixin.py:188} INFO - [2024-06-27T11:48:44.960+0000] {dag.py:3954} INFO - Setting next_dagrun for latest_only_with_trigger to 2024-06-27 04:00:00+00:00, run_after=2024-06-27 08:00:00+00:00
[2024-06-27T11:48:44.970+0000] {processor.py:183} INFO - Processing /home/airflow/.local/lib/python3.12/site-packages/airflow/example_dags/example_latest_only_with_trigger.py took 0.040 seconds
[2024-06-27T11:49:15.112+0000] {processor.py:161} INFO - Started process (PID=989) to work on /home/airflow/.local/lib/python3.12/site-packages/airflow/example_dags/example_latest_only_with_trigger.py
[2024-06-27T11:49:15.113+0000] {processor.py:830} INFO - Processing file /home/airflow/.local/lib/python3.12/site-packages/airflow/example_dags/example_latest_only_with_trigger.py for tasks to queue
[2024-06-27T11:49:15.114+0000] {logging_mixin.py:188} INFO - [2024-06-27T11:49:15.114+0000] {dagbag.py:545} INFO - Filling up the DagBag from /home/airflow/.local/lib/python3.12/site-packages/airflow/example_dags/example_latest_only_with_trigger.py
[2024-06-27T11:49:15.117+0000] {processor.py:840} INFO - DAG(s) 'latest_only_with_trigger' retrieved from /home/airflow/.local/lib/python3.12/site-packages/airflow/example_dags/example_latest_only_with_trigger.py
[2024-06-27T11:49:15.128+0000] {logging_mixin.py:188} INFO - [2024-06-27T11:49:15.128+0000] {dag.py:3096} INFO - Sync 1 DAGs
[2024-06-27T11:49:15.140+0000] {logging_mixin.py:188} INFO - [2024-06-27T11:49:15.140+0000] {dag.py:3954} INFO - Setting next_dagrun for latest_only_with_trigger to 2024-06-27 04:00:00+00:00, run_after=2024-06-27 08:00:00+00:00
[2024-06-27T11:49:15.150+0000] {processor.py:183} INFO - Processing /home/airflow/.local/lib/python3.12/site-packages/airflow/example_dags/example_latest_only_with_trigger.py took 0.041 seconds
[2024-06-27T11:49:45.906+0000] {processor.py:161} INFO - Started process (PID=1048) to work on /home/airflow/.local/lib/python3.12/site-packages/airflow/example_dags/example_latest_only_with_trigger.py
[2024-06-27T11:49:45.907+0000] {processor.py:830} INFO - Processing file /home/airflow/.local/lib/python3.12/site-packages/airflow/example_dags/example_latest_only_with_trigger.py for tasks to queue
[2024-06-27T11:49:45.908+0000] {logging_mixin.py:188} INFO - [2024-06-27T11:49:45.908+0000] {dagbag.py:545} INFO - Filling up the DagBag from /home/airflow/.local/lib/python3.12/site-packages/airflow/example_dags/example_latest_only_with_trigger.py
[2024-06-27T11:49:45.911+0000] {processor.py:840} INFO - DAG(s) 'latest_only_with_trigger' retrieved from /home/airflow/.local/lib/python3.12/site-packages/airflow/example_dags/example_latest_only_with_trigger.py
[2024-06-27T11:49:45.923+0000] {logging_mixin.py:188} INFO - [2024-06-27T11:49:45.922+0000] {dag.py:3096} INFO - Sync 1 DAGs
[2024-06-27T11:49:45.935+0000] {logging_mixin.py:188} INFO - [2024-06-27T11:49:45.935+0000] {dag.py:3954} INFO - Setting next_dagrun for latest_only_with_trigger to 2024-06-27 04:00:00+00:00, run_after=2024-06-27 08:00:00+00:00
[2024-06-27T11:49:45.946+0000] {processor.py:183} INFO - Processing /home/airflow/.local/lib/python3.12/site-packages/airflow/example_dags/example_latest_only_with_trigger.py took 0.043 seconds
[2024-06-27T11:50:16.692+0000] {processor.py:161} INFO - Started process (PID=1107) to work on /home/airflow/.local/lib/python3.12/site-packages/airflow/example_dags/example_latest_only_with_trigger.py
[2024-06-27T11:50:16.694+0000] {processor.py:830} INFO - Processing file /home/airflow/.local/lib/python3.12/site-packages/airflow/example_dags/example_latest_only_with_trigger.py for tasks to queue
[2024-06-27T11:50:16.695+0000] {logging_mixin.py:188} INFO - [2024-06-27T11:50:16.694+0000] {dagbag.py:545} INFO - Filling up the DagBag from /home/airflow/.local/lib/python3.12/site-packages/airflow/example_dags/example_latest_only_with_trigger.py
[2024-06-27T11:50:16.697+0000] {processor.py:840} INFO - DAG(s) 'latest_only_with_trigger' retrieved from /home/airflow/.local/lib/python3.12/site-packages/airflow/example_dags/example_latest_only_with_trigger.py
[2024-06-27T11:50:16.709+0000] {logging_mixin.py:188} INFO - [2024-06-27T11:50:16.709+0000] {dag.py:3096} INFO - Sync 1 DAGs
[2024-06-27T11:50:16.721+0000] {logging_mixin.py:188} INFO - [2024-06-27T11:50:16.720+0000] {dag.py:3954} INFO - Setting next_dagrun for latest_only_with_trigger to 2024-06-27 04:00:00+00:00, run_after=2024-06-27 08:00:00+00:00
[2024-06-27T11:50:16.731+0000] {processor.py:183} INFO - Processing /home/airflow/.local/lib/python3.12/site-packages/airflow/example_dags/example_latest_only_with_trigger.py took 0.041 seconds
[2024-06-27T11:50:47.461+0000] {processor.py:161} INFO - Started process (PID=1166) to work on /home/airflow/.local/lib/python3.12/site-packages/airflow/example_dags/example_latest_only_with_trigger.py
[2024-06-27T11:50:47.462+0000] {processor.py:830} INFO - Processing file /home/airflow/.local/lib/python3.12/site-packages/airflow/example_dags/example_latest_only_with_trigger.py for tasks to queue
[2024-06-27T11:50:47.463+0000] {logging_mixin.py:188} INFO - [2024-06-27T11:50:47.462+0000] {dagbag.py:545} INFO - Filling up the DagBag from /home/airflow/.local/lib/python3.12/site-packages/airflow/example_dags/example_latest_only_with_trigger.py
[2024-06-27T11:50:47.466+0000] {processor.py:840} INFO - DAG(s) 'latest_only_with_trigger' retrieved from /home/airflow/.local/lib/python3.12/site-packages/airflow/example_dags/example_latest_only_with_trigger.py
[2024-06-27T11:50:47.477+0000] {logging_mixin.py:188} INFO - [2024-06-27T11:50:47.477+0000] {dag.py:3096} INFO - Sync 1 DAGs
[2024-06-27T11:50:47.489+0000] {logging_mixin.py:188} INFO - [2024-06-27T11:50:47.489+0000] {dag.py:3954} INFO - Setting next_dagrun for latest_only_with_trigger to 2024-06-27 04:00:00+00:00, run_after=2024-06-27 08:00:00+00:00
[2024-06-27T11:50:47.499+0000] {processor.py:183} INFO - Processing /home/airflow/.local/lib/python3.12/site-packages/airflow/example_dags/example_latest_only_with_trigger.py took 0.042 seconds
[2024-06-27T11:51:18.304+0000] {processor.py:161} INFO - Started process (PID=1225) to work on /home/airflow/.local/lib/python3.12/site-packages/airflow/example_dags/example_latest_only_with_trigger.py
[2024-06-27T11:51:18.305+0000] {processor.py:830} INFO - Processing file /home/airflow/.local/lib/python3.12/site-packages/airflow/example_dags/example_latest_only_with_trigger.py for tasks to queue
[2024-06-27T11:51:18.306+0000] {logging_mixin.py:188} INFO - [2024-06-27T11:51:18.306+0000] {dagbag.py:545} INFO - Filling up the DagBag from /home/airflow/.local/lib/python3.12/site-packages/airflow/example_dags/example_latest_only_with_trigger.py
[2024-06-27T11:51:18.308+0000] {processor.py:840} INFO - DAG(s) 'latest_only_with_trigger' retrieved from /home/airflow/.local/lib/python3.12/site-packages/airflow/example_dags/example_latest_only_with_trigger.py
[2024-06-27T11:51:18.320+0000] {logging_mixin.py:188} INFO - [2024-06-27T11:51:18.320+0000] {dag.py:3096} INFO - Sync 1 DAGs
[2024-06-27T11:51:18.331+0000] {logging_mixin.py:188} INFO - [2024-06-27T11:51:18.331+0000] {dag.py:3954} INFO - Setting next_dagrun for latest_only_with_trigger to 2024-06-27 04:00:00+00:00, run_after=2024-06-27 08:00:00+00:00
[2024-06-27T11:51:18.341+0000] {processor.py:183} INFO - Processing /home/airflow/.local/lib/python3.12/site-packages/airflow/example_dags/example_latest_only_with_trigger.py took 0.040 seconds
[2024-06-27T11:51:49.099+0000] {processor.py:161} INFO - Started process (PID=1284) to work on /home/airflow/.local/lib/python3.12/site-packages/airflow/example_dags/example_latest_only_with_trigger.py
[2024-06-27T11:51:49.100+0000] {processor.py:830} INFO - Processing file /home/airflow/.local/lib/python3.12/site-packages/airflow/example_dags/example_latest_only_with_trigger.py for tasks to queue
[2024-06-27T11:51:49.101+0000] {logging_mixin.py:188} INFO - [2024-06-27T11:51:49.101+0000] {dagbag.py:545} INFO - Filling up the DagBag from /home/airflow/.local/lib/python3.12/site-packages/airflow/example_dags/example_latest_only_with_trigger.py
[2024-06-27T11:51:49.104+0000] {processor.py:840} INFO - DAG(s) 'latest_only_with_trigger' retrieved from /home/airflow/.local/lib/python3.12/site-packages/airflow/example_dags/example_latest_only_with_trigger.py
[2024-06-27T11:51:49.115+0000] {logging_mixin.py:188} INFO - [2024-06-27T11:51:49.115+0000] {dag.py:3096} INFO - Sync 1 DAGs
[2024-06-27T11:51:49.127+0000] {logging_mixin.py:188} INFO - [2024-06-27T11:51:49.127+0000] {dag.py:3954} INFO - Setting next_dagrun for latest_only_with_trigger to 2024-06-27 04:00:00+00:00, run_after=2024-06-27 08:00:00+00:00
[2024-06-27T11:51:49.142+0000] {processor.py:183} INFO - Processing /home/airflow/.local/lib/python3.12/site-packages/airflow/example_dags/example_latest_only_with_trigger.py took 0.046 seconds
[2024-06-27T11:52:19.907+0000] {processor.py:161} INFO - Started process (PID=1343) to work on /home/airflow/.local/lib/python3.12/site-packages/airflow/example_dags/example_latest_only_with_trigger.py
[2024-06-27T11:52:19.911+0000] {processor.py:830} INFO - Processing file /home/airflow/.local/lib/python3.12/site-packages/airflow/example_dags/example_latest_only_with_trigger.py for tasks to queue
[2024-06-27T11:52:19.914+0000] {logging_mixin.py:188} INFO - [2024-06-27T11:52:19.913+0000] {dagbag.py:545} INFO - Filling up the DagBag from /home/airflow/.local/lib/python3.12/site-packages/airflow/example_dags/example_latest_only_with_trigger.py
[2024-06-27T11:52:19.918+0000] {processor.py:840} INFO - DAG(s) 'latest_only_with_trigger' retrieved from /home/airflow/.local/lib/python3.12/site-packages/airflow/example_dags/example_latest_only_with_trigger.py
[2024-06-27T11:52:19.930+0000] {logging_mixin.py:188} INFO - [2024-06-27T11:52:19.929+0000] {dag.py:3096} INFO - Sync 1 DAGs
[2024-06-27T11:52:19.942+0000] {logging_mixin.py:188} INFO - [2024-06-27T11:52:19.942+0000] {dag.py:3954} INFO - Setting next_dagrun for latest_only_with_trigger to 2024-06-27 04:00:00+00:00, run_after=2024-06-27 08:00:00+00:00
[2024-06-27T11:52:19.952+0000] {processor.py:183} INFO - Processing /home/airflow/.local/lib/python3.12/site-packages/airflow/example_dags/example_latest_only_with_trigger.py took 0.048 seconds
[2024-06-27T11:52:50.740+0000] {processor.py:161} INFO - Started process (PID=1403) to work on /home/airflow/.local/lib/python3.12/site-packages/airflow/example_dags/example_latest_only_with_trigger.py
[2024-06-27T11:52:50.741+0000] {processor.py:830} INFO - Processing file /home/airflow/.local/lib/python3.12/site-packages/airflow/example_dags/example_latest_only_with_trigger.py for tasks to queue
[2024-06-27T11:52:50.741+0000] {logging_mixin.py:188} INFO - [2024-06-27T11:52:50.741+0000] {dagbag.py:545} INFO - Filling up the DagBag from /home/airflow/.local/lib/python3.12/site-packages/airflow/example_dags/example_latest_only_with_trigger.py
[2024-06-27T11:52:50.744+0000] {processor.py:840} INFO - DAG(s) 'latest_only_with_trigger' retrieved from /home/airflow/.local/lib/python3.12/site-packages/airflow/example_dags/example_latest_only_with_trigger.py
[2024-06-27T11:52:50.755+0000] {logging_mixin.py:188} INFO - [2024-06-27T11:52:50.755+0000] {dag.py:3096} INFO - Sync 1 DAGs
[2024-06-27T11:52:50.767+0000] {logging_mixin.py:188} INFO - [2024-06-27T11:52:50.767+0000] {dag.py:3954} INFO - Setting next_dagrun for latest_only_with_trigger to 2024-06-27 04:00:00+00:00, run_after=2024-06-27 08:00:00+00:00
[2024-06-27T11:52:50.777+0000] {processor.py:183} INFO - Processing /home/airflow/.local/lib/python3.12/site-packages/airflow/example_dags/example_latest_only_with_trigger.py took 0.041 seconds
[2024-06-27T11:53:21.546+0000] {processor.py:161} INFO - Started process (PID=1462) to work on /home/airflow/.local/lib/python3.12/site-packages/airflow/example_dags/example_latest_only_with_trigger.py
[2024-06-27T11:53:21.547+0000] {processor.py:830} INFO - Processing file /home/airflow/.local/lib/python3.12/site-packages/airflow/example_dags/example_latest_only_with_trigger.py for tasks to queue
[2024-06-27T11:53:21.547+0000] {logging_mixin.py:188} INFO - [2024-06-27T11:53:21.547+0000] {dagbag.py:545} INFO - Filling up the DagBag from /home/airflow/.local/lib/python3.12/site-packages/airflow/example_dags/example_latest_only_with_trigger.py
[2024-06-27T11:53:21.550+0000] {processor.py:840} INFO - DAG(s) 'latest_only_with_trigger' retrieved from /home/airflow/.local/lib/python3.12/site-packages/airflow/example_dags/example_latest_only_with_trigger.py
[2024-06-27T11:53:21.562+0000] {logging_mixin.py:188} INFO - [2024-06-27T11:53:21.562+0000] {dag.py:3096} INFO - Sync 1 DAGs
[2024-06-27T11:53:21.574+0000] {logging_mixin.py:188} INFO - [2024-06-27T11:53:21.573+0000] {dag.py:3954} INFO - Setting next_dagrun for latest_only_with_trigger to 2024-06-27 04:00:00+00:00, run_after=2024-06-27 08:00:00+00:00
[2024-06-27T11:53:21.583+0000] {processor.py:183} INFO - Processing /home/airflow/.local/lib/python3.12/site-packages/airflow/example_dags/example_latest_only_with_trigger.py took 0.041 seconds
[2024-06-27T11:53:52.404+0000] {processor.py:161} INFO - Started process (PID=1521) to work on /home/airflow/.local/lib/python3.12/site-packages/airflow/example_dags/example_latest_only_with_trigger.py
[2024-06-27T11:53:52.405+0000] {processor.py:830} INFO - Processing file /home/airflow/.local/lib/python3.12/site-packages/airflow/example_dags/example_latest_only_with_trigger.py for tasks to queue
[2024-06-27T11:53:52.406+0000] {logging_mixin.py:188} INFO - [2024-06-27T11:53:52.405+0000] {dagbag.py:545} INFO - Filling up the DagBag from /home/airflow/.local/lib/python3.12/site-packages/airflow/example_dags/example_latest_only_with_trigger.py
[2024-06-27T11:53:52.408+0000] {processor.py:840} INFO - DAG(s) 'latest_only_with_trigger' retrieved from /home/airflow/.local/lib/python3.12/site-packages/airflow/example_dags/example_latest_only_with_trigger.py
[2024-06-27T11:53:52.419+0000] {logging_mixin.py:188} INFO - [2024-06-27T11:53:52.419+0000] {dag.py:3096} INFO - Sync 1 DAGs
[2024-06-27T11:53:52.432+0000] {logging_mixin.py:188} INFO - [2024-06-27T11:53:52.431+0000] {dag.py:3954} INFO - Setting next_dagrun for latest_only_with_trigger to 2024-06-27 04:00:00+00:00, run_after=2024-06-27 08:00:00+00:00
[2024-06-27T11:53:52.442+0000] {processor.py:183} INFO - Processing /home/airflow/.local/lib/python3.12/site-packages/airflow/example_dags/example_latest_only_with_trigger.py took 0.042 seconds
[2024-06-27T11:54:23.306+0000] {processor.py:161} INFO - Started process (PID=1580) to work on /home/airflow/.local/lib/python3.12/site-packages/airflow/example_dags/example_latest_only_with_trigger.py
[2024-06-27T11:54:23.307+0000] {processor.py:830} INFO - Processing file /home/airflow/.local/lib/python3.12/site-packages/airflow/example_dags/example_latest_only_with_trigger.py for tasks to queue
[2024-06-27T11:54:23.307+0000] {logging_mixin.py:188} INFO - [2024-06-27T11:54:23.307+0000] {dagbag.py:545} INFO - Filling up the DagBag from /home/airflow/.local/lib/python3.12/site-packages/airflow/example_dags/example_latest_only_with_trigger.py
[2024-06-27T11:54:23.310+0000] {processor.py:840} INFO - DAG(s) 'latest_only_with_trigger' retrieved from /home/airflow/.local/lib/python3.12/site-packages/airflow/example_dags/example_latest_only_with_trigger.py
[2024-06-27T11:54:23.321+0000] {logging_mixin.py:188} INFO - [2024-06-27T11:54:23.321+0000] {dag.py:3096} INFO - Sync 1 DAGs
[2024-06-27T11:54:23.333+0000] {logging_mixin.py:188} INFO - [2024-06-27T11:54:23.333+0000] {dag.py:3954} INFO - Setting next_dagrun for latest_only_with_trigger to 2024-06-27 04:00:00+00:00, run_after=2024-06-27 08:00:00+00:00
[2024-06-27T11:54:23.343+0000] {processor.py:183} INFO - Processing /home/airflow/.local/lib/python3.12/site-packages/airflow/example_dags/example_latest_only_with_trigger.py took 0.040 seconds
[2024-06-27T11:54:54.107+0000] {processor.py:161} INFO - Started process (PID=1639) to work on /home/airflow/.local/lib/python3.12/site-packages/airflow/example_dags/example_latest_only_with_trigger.py
[2024-06-27T11:54:54.108+0000] {processor.py:830} INFO - Processing file /home/airflow/.local/lib/python3.12/site-packages/airflow/example_dags/example_latest_only_with_trigger.py for tasks to queue
[2024-06-27T11:54:54.109+0000] {logging_mixin.py:188} INFO - [2024-06-27T11:54:54.109+0000] {dagbag.py:545} INFO - Filling up the DagBag from /home/airflow/.local/lib/python3.12/site-packages/airflow/example_dags/example_latest_only_with_trigger.py
[2024-06-27T11:54:54.111+0000] {processor.py:840} INFO - DAG(s) 'latest_only_with_trigger' retrieved from /home/airflow/.local/lib/python3.12/site-packages/airflow/example_dags/example_latest_only_with_trigger.py
[2024-06-27T11:54:54.123+0000] {logging_mixin.py:188} INFO - [2024-06-27T11:54:54.123+0000] {dag.py:3096} INFO - Sync 1 DAGs
[2024-06-27T11:54:54.135+0000] {logging_mixin.py:188} INFO - [2024-06-27T11:54:54.135+0000] {dag.py:3954} INFO - Setting next_dagrun for latest_only_with_trigger to 2024-06-27 04:00:00+00:00, run_after=2024-06-27 08:00:00+00:00
[2024-06-27T11:54:54.145+0000] {processor.py:183} INFO - Processing /home/airflow/.local/lib/python3.12/site-packages/airflow/example_dags/example_latest_only_with_trigger.py took 0.041 seconds
[2024-06-27T11:55:24.926+0000] {processor.py:161} INFO - Started process (PID=1698) to work on /home/airflow/.local/lib/python3.12/site-packages/airflow/example_dags/example_latest_only_with_trigger.py
[2024-06-27T11:55:24.927+0000] {processor.py:830} INFO - Processing file /home/airflow/.local/lib/python3.12/site-packages/airflow/example_dags/example_latest_only_with_trigger.py for tasks to queue
[2024-06-27T11:55:24.928+0000] {logging_mixin.py:188} INFO - [2024-06-27T11:55:24.928+0000] {dagbag.py:545} INFO - Filling up the DagBag from /home/airflow/.local/lib/python3.12/site-packages/airflow/example_dags/example_latest_only_with_trigger.py
[2024-06-27T11:55:24.931+0000] {processor.py:840} INFO - DAG(s) 'latest_only_with_trigger' retrieved from /home/airflow/.local/lib/python3.12/site-packages/airflow/example_dags/example_latest_only_with_trigger.py
[2024-06-27T11:55:24.943+0000] {logging_mixin.py:188} INFO - [2024-06-27T11:55:24.943+0000] {dag.py:3096} INFO - Sync 1 DAGs
[2024-06-27T11:55:24.955+0000] {logging_mixin.py:188} INFO - [2024-06-27T11:55:24.955+0000] {dag.py:3954} INFO - Setting next_dagrun for latest_only_with_trigger to 2024-06-27 04:00:00+00:00, run_after=2024-06-27 08:00:00+00:00
[2024-06-27T11:55:24.965+0000] {processor.py:183} INFO - Processing /home/airflow/.local/lib/python3.12/site-packages/airflow/example_dags/example_latest_only_with_trigger.py took 0.042 seconds
[2024-06-27T11:55:55.847+0000] {processor.py:161} INFO - Started process (PID=1763) to work on /home/airflow/.local/lib/python3.12/site-packages/airflow/example_dags/example_latest_only_with_trigger.py
[2024-06-27T11:55:55.848+0000] {processor.py:830} INFO - Processing file /home/airflow/.local/lib/python3.12/site-packages/airflow/example_dags/example_latest_only_with_trigger.py for tasks to queue
[2024-06-27T11:55:55.848+0000] {logging_mixin.py:188} INFO - [2024-06-27T11:55:55.848+0000] {dagbag.py:545} INFO - Filling up the DagBag from /home/airflow/.local/lib/python3.12/site-packages/airflow/example_dags/example_latest_only_with_trigger.py
[2024-06-27T11:55:55.851+0000] {processor.py:840} INFO - DAG(s) 'latest_only_with_trigger' retrieved from /home/airflow/.local/lib/python3.12/site-packages/airflow/example_dags/example_latest_only_with_trigger.py
[2024-06-27T11:55:55.863+0000] {logging_mixin.py:188} INFO - [2024-06-27T11:55:55.863+0000] {dag.py:3096} INFO - Sync 1 DAGs
[2024-06-27T11:55:55.875+0000] {logging_mixin.py:188} INFO - [2024-06-27T11:55:55.875+0000] {dag.py:3954} INFO - Setting next_dagrun for latest_only_with_trigger to 2024-06-27 04:00:00+00:00, run_after=2024-06-27 08:00:00+00:00
[2024-06-27T11:55:55.885+0000] {processor.py:183} INFO - Processing /home/airflow/.local/lib/python3.12/site-packages/airflow/example_dags/example_latest_only_with_trigger.py took 0.042 seconds
[2024-06-27T11:56:26.843+0000] {processor.py:161} INFO - Started process (PID=1822) to work on /home/airflow/.local/lib/python3.12/site-packages/airflow/example_dags/example_latest_only_with_trigger.py
[2024-06-27T11:56:26.844+0000] {processor.py:830} INFO - Processing file /home/airflow/.local/lib/python3.12/site-packages/airflow/example_dags/example_latest_only_with_trigger.py for tasks to queue
[2024-06-27T11:56:26.845+0000] {logging_mixin.py:188} INFO - [2024-06-27T11:56:26.845+0000] {dagbag.py:545} INFO - Filling up the DagBag from /home/airflow/.local/lib/python3.12/site-packages/airflow/example_dags/example_latest_only_with_trigger.py
[2024-06-27T11:56:26.848+0000] {processor.py:840} INFO - DAG(s) 'latest_only_with_trigger' retrieved from /home/airflow/.local/lib/python3.12/site-packages/airflow/example_dags/example_latest_only_with_trigger.py
[2024-06-27T11:56:26.860+0000] {logging_mixin.py:188} INFO - [2024-06-27T11:56:26.860+0000] {dag.py:3096} INFO - Sync 1 DAGs
[2024-06-27T11:56:26.878+0000] {logging_mixin.py:188} INFO - [2024-06-27T11:56:26.877+0000] {dag.py:3954} INFO - Setting next_dagrun for latest_only_with_trigger to 2024-06-27 04:00:00+00:00, run_after=2024-06-27 08:00:00+00:00
[2024-06-27T11:56:26.890+0000] {processor.py:183} INFO - Processing /home/airflow/.local/lib/python3.12/site-packages/airflow/example_dags/example_latest_only_with_trigger.py took 0.050 seconds
[2024-06-27T11:56:58.053+0000] {processor.py:161} INFO - Started process (PID=1881) to work on /home/airflow/.local/lib/python3.12/site-packages/airflow/example_dags/example_latest_only_with_trigger.py
[2024-06-27T11:56:58.054+0000] {processor.py:830} INFO - Processing file /home/airflow/.local/lib/python3.12/site-packages/airflow/example_dags/example_latest_only_with_trigger.py for tasks to queue
[2024-06-27T11:56:58.055+0000] {logging_mixin.py:188} INFO - [2024-06-27T11:56:58.055+0000] {dagbag.py:545} INFO - Filling up the DagBag from /home/airflow/.local/lib/python3.12/site-packages/airflow/example_dags/example_latest_only_with_trigger.py
[2024-06-27T11:56:58.058+0000] {processor.py:840} INFO - DAG(s) 'latest_only_with_trigger' retrieved from /home/airflow/.local/lib/python3.12/site-packages/airflow/example_dags/example_latest_only_with_trigger.py
[2024-06-27T11:56:58.150+0000] {logging_mixin.py:188} INFO - [2024-06-27T11:56:58.150+0000] {dag.py:3096} INFO - Sync 1 DAGs
[2024-06-27T11:56:58.161+0000] {logging_mixin.py:188} INFO - [2024-06-27T11:56:58.161+0000] {dag.py:3954} INFO - Setting next_dagrun for latest_only_with_trigger to 2024-06-27 04:00:00+00:00, run_after=2024-06-27 08:00:00+00:00
[2024-06-27T11:56:58.170+0000] {processor.py:183} INFO - Processing /home/airflow/.local/lib/python3.12/site-packages/airflow/example_dags/example_latest_only_with_trigger.py took 0.121 seconds
[2024-06-27T11:57:28.633+0000] {processor.py:161} INFO - Started process (PID=1940) to work on /home/airflow/.local/lib/python3.12/site-packages/airflow/example_dags/example_latest_only_with_trigger.py
[2024-06-27T11:57:28.634+0000] {processor.py:830} INFO - Processing file /home/airflow/.local/lib/python3.12/site-packages/airflow/example_dags/example_latest_only_with_trigger.py for tasks to queue
[2024-06-27T11:57:28.635+0000] {logging_mixin.py:188} INFO - [2024-06-27T11:57:28.635+0000] {dagbag.py:545} INFO - Filling up the DagBag from /home/airflow/.local/lib/python3.12/site-packages/airflow/example_dags/example_latest_only_with_trigger.py
[2024-06-27T11:57:28.638+0000] {processor.py:840} INFO - DAG(s) 'latest_only_with_trigger' retrieved from /home/airflow/.local/lib/python3.12/site-packages/airflow/example_dags/example_latest_only_with_trigger.py
[2024-06-27T11:57:28.731+0000] {logging_mixin.py:188} INFO - [2024-06-27T11:57:28.730+0000] {dag.py:3096} INFO - Sync 1 DAGs
[2024-06-27T11:57:28.742+0000] {logging_mixin.py:188} INFO - [2024-06-27T11:57:28.741+0000] {dag.py:3954} INFO - Setting next_dagrun for latest_only_with_trigger to 2024-06-27 04:00:00+00:00, run_after=2024-06-27 08:00:00+00:00
[2024-06-27T11:57:28.775+0000] {processor.py:183} INFO - Processing /home/airflow/.local/lib/python3.12/site-packages/airflow/example_dags/example_latest_only_with_trigger.py took 0.146 seconds
[2024-06-27T11:57:59.003+0000] {processor.py:161} INFO - Started process (PID=1999) to work on /home/airflow/.local/lib/python3.12/site-packages/airflow/example_dags/example_latest_only_with_trigger.py
[2024-06-27T11:57:59.004+0000] {processor.py:830} INFO - Processing file /home/airflow/.local/lib/python3.12/site-packages/airflow/example_dags/example_latest_only_with_trigger.py for tasks to queue
[2024-06-27T11:57:59.005+0000] {logging_mixin.py:188} INFO - [2024-06-27T11:57:59.005+0000] {dagbag.py:545} INFO - Filling up the DagBag from /home/airflow/.local/lib/python3.12/site-packages/airflow/example_dags/example_latest_only_with_trigger.py
[2024-06-27T11:57:59.008+0000] {processor.py:840} INFO - DAG(s) 'latest_only_with_trigger' retrieved from /home/airflow/.local/lib/python3.12/site-packages/airflow/example_dags/example_latest_only_with_trigger.py
[2024-06-27T11:57:59.018+0000] {logging_mixin.py:188} INFO - [2024-06-27T11:57:59.018+0000] {dag.py:3096} INFO - Sync 1 DAGs
[2024-06-27T11:57:59.030+0000] {logging_mixin.py:188} INFO - [2024-06-27T11:57:59.030+0000] {dag.py:3954} INFO - Setting next_dagrun for latest_only_with_trigger to 2024-06-27 04:00:00+00:00, run_after=2024-06-27 08:00:00+00:00
[2024-06-27T11:57:59.040+0000] {processor.py:183} INFO - Processing /home/airflow/.local/lib/python3.12/site-packages/airflow/example_dags/example_latest_only_with_trigger.py took 0.040 seconds
[2024-06-27T11:58:29.757+0000] {processor.py:161} INFO - Started process (PID=2058) to work on /home/airflow/.local/lib/python3.12/site-packages/airflow/example_dags/example_latest_only_with_trigger.py
[2024-06-27T11:58:29.758+0000] {processor.py:830} INFO - Processing file /home/airflow/.local/lib/python3.12/site-packages/airflow/example_dags/example_latest_only_with_trigger.py for tasks to queue
[2024-06-27T11:58:29.758+0000] {logging_mixin.py:188} INFO - [2024-06-27T11:58:29.758+0000] {dagbag.py:545} INFO - Filling up the DagBag from /home/airflow/.local/lib/python3.12/site-packages/airflow/example_dags/example_latest_only_with_trigger.py
[2024-06-27T11:58:29.761+0000] {processor.py:840} INFO - DAG(s) 'latest_only_with_trigger' retrieved from /home/airflow/.local/lib/python3.12/site-packages/airflow/example_dags/example_latest_only_with_trigger.py
[2024-06-27T11:58:29.773+0000] {logging_mixin.py:188} INFO - [2024-06-27T11:58:29.773+0000] {dag.py:3096} INFO - Sync 1 DAGs
[2024-06-27T11:58:29.786+0000] {logging_mixin.py:188} INFO - [2024-06-27T11:58:29.785+0000] {dag.py:3954} INFO - Setting next_dagrun for latest_only_with_trigger to 2024-06-27 04:00:00+00:00, run_after=2024-06-27 08:00:00+00:00
[2024-06-27T11:58:29.796+0000] {processor.py:183} INFO - Processing /home/airflow/.local/lib/python3.12/site-packages/airflow/example_dags/example_latest_only_with_trigger.py took 0.042 seconds
[2024-06-27T11:59:00.464+0000] {processor.py:161} INFO - Started process (PID=2117) to work on /home/airflow/.local/lib/python3.12/site-packages/airflow/example_dags/example_latest_only_with_trigger.py
[2024-06-27T11:59:00.464+0000] {processor.py:830} INFO - Processing file /home/airflow/.local/lib/python3.12/site-packages/airflow/example_dags/example_latest_only_with_trigger.py for tasks to queue
[2024-06-27T11:59:00.465+0000] {logging_mixin.py:188} INFO - [2024-06-27T11:59:00.465+0000] {dagbag.py:545} INFO - Filling up the DagBag from /home/airflow/.local/lib/python3.12/site-packages/airflow/example_dags/example_latest_only_with_trigger.py
[2024-06-27T11:59:00.468+0000] {processor.py:840} INFO - DAG(s) 'latest_only_with_trigger' retrieved from /home/airflow/.local/lib/python3.12/site-packages/airflow/example_dags/example_latest_only_with_trigger.py
[2024-06-27T11:59:00.479+0000] {logging_mixin.py:188} INFO - [2024-06-27T11:59:00.479+0000] {dag.py:3096} INFO - Sync 1 DAGs
[2024-06-27T11:59:00.491+0000] {logging_mixin.py:188} INFO - [2024-06-27T11:59:00.490+0000] {dag.py:3954} INFO - Setting next_dagrun for latest_only_with_trigger to 2024-06-27 04:00:00+00:00, run_after=2024-06-27 08:00:00+00:00
[2024-06-27T11:59:00.501+0000] {processor.py:183} INFO - Processing /home/airflow/.local/lib/python3.12/site-packages/airflow/example_dags/example_latest_only_with_trigger.py took 0.040 seconds
[2024-06-27T11:59:31.215+0000] {processor.py:161} INFO - Started process (PID=2176) to work on /home/airflow/.local/lib/python3.12/site-packages/airflow/example_dags/example_latest_only_with_trigger.py
[2024-06-27T11:59:31.216+0000] {processor.py:830} INFO - Processing file /home/airflow/.local/lib/python3.12/site-packages/airflow/example_dags/example_latest_only_with_trigger.py for tasks to queue
[2024-06-27T11:59:31.217+0000] {logging_mixin.py:188} INFO - [2024-06-27T11:59:31.217+0000] {dagbag.py:545} INFO - Filling up the DagBag from /home/airflow/.local/lib/python3.12/site-packages/airflow/example_dags/example_latest_only_with_trigger.py
[2024-06-27T11:59:31.219+0000] {processor.py:840} INFO - DAG(s) 'latest_only_with_trigger' retrieved from /home/airflow/.local/lib/python3.12/site-packages/airflow/example_dags/example_latest_only_with_trigger.py
[2024-06-27T11:59:31.230+0000] {logging_mixin.py:188} INFO - [2024-06-27T11:59:31.230+0000] {dag.py:3096} INFO - Sync 1 DAGs
[2024-06-27T11:59:31.241+0000] {logging_mixin.py:188} INFO - [2024-06-27T11:59:31.241+0000] {dag.py:3954} INFO - Setting next_dagrun for latest_only_with_trigger to 2024-06-27 04:00:00+00:00, run_after=2024-06-27 08:00:00+00:00
[2024-06-27T11:59:31.251+0000] {processor.py:183} INFO - Processing /home/airflow/.local/lib/python3.12/site-packages/airflow/example_dags/example_latest_only_with_trigger.py took 0.039 seconds
[2024-06-27T12:00:01.918+0000] {processor.py:161} INFO - Started process (PID=2235) to work on /home/airflow/.local/lib/python3.12/site-packages/airflow/example_dags/example_latest_only_with_trigger.py
[2024-06-27T12:00:01.919+0000] {processor.py:830} INFO - Processing file /home/airflow/.local/lib/python3.12/site-packages/airflow/example_dags/example_latest_only_with_trigger.py for tasks to queue
[2024-06-27T12:00:01.920+0000] {logging_mixin.py:188} INFO - [2024-06-27T12:00:01.920+0000] {dagbag.py:545} INFO - Filling up the DagBag from /home/airflow/.local/lib/python3.12/site-packages/airflow/example_dags/example_latest_only_with_trigger.py
[2024-06-27T12:00:01.923+0000] {processor.py:840} INFO - DAG(s) 'latest_only_with_trigger' retrieved from /home/airflow/.local/lib/python3.12/site-packages/airflow/example_dags/example_latest_only_with_trigger.py
[2024-06-27T12:00:01.934+0000] {logging_mixin.py:188} INFO - [2024-06-27T12:00:01.933+0000] {dag.py:3096} INFO - Sync 1 DAGs
[2024-06-27T12:00:01.946+0000] {logging_mixin.py:188} INFO - [2024-06-27T12:00:01.946+0000] {dag.py:3954} INFO - Setting next_dagrun for latest_only_with_trigger to 2024-06-27 08:00:00+00:00, run_after=2024-06-27 12:00:00+00:00
[2024-06-27T12:00:01.956+0000] {processor.py:183} INFO - Processing /home/airflow/.local/lib/python3.12/site-packages/airflow/example_dags/example_latest_only_with_trigger.py took 0.041 seconds
[2024-06-27T12:00:32.652+0000] {processor.py:161} INFO - Started process (PID=2294) to work on /home/airflow/.local/lib/python3.12/site-packages/airflow/example_dags/example_latest_only_with_trigger.py
[2024-06-27T12:00:32.653+0000] {processor.py:830} INFO - Processing file /home/airflow/.local/lib/python3.12/site-packages/airflow/example_dags/example_latest_only_with_trigger.py for tasks to queue
[2024-06-27T12:00:32.653+0000] {logging_mixin.py:188} INFO - [2024-06-27T12:00:32.653+0000] {dagbag.py:545} INFO - Filling up the DagBag from /home/airflow/.local/lib/python3.12/site-packages/airflow/example_dags/example_latest_only_with_trigger.py
[2024-06-27T12:00:32.656+0000] {processor.py:840} INFO - DAG(s) 'latest_only_with_trigger' retrieved from /home/airflow/.local/lib/python3.12/site-packages/airflow/example_dags/example_latest_only_with_trigger.py
[2024-06-27T12:00:32.666+0000] {logging_mixin.py:188} INFO - [2024-06-27T12:00:32.666+0000] {dag.py:3096} INFO - Sync 1 DAGs
[2024-06-27T12:00:32.678+0000] {logging_mixin.py:188} INFO - [2024-06-27T12:00:32.678+0000] {dag.py:3954} INFO - Setting next_dagrun for latest_only_with_trigger to 2024-06-27 08:00:00+00:00, run_after=2024-06-27 12:00:00+00:00
[2024-06-27T12:00:32.687+0000] {processor.py:183} INFO - Processing /home/airflow/.local/lib/python3.12/site-packages/airflow/example_dags/example_latest_only_with_trigger.py took 0.038 seconds
[2024-06-27T12:01:03.393+0000] {processor.py:161} INFO - Started process (PID=2353) to work on /home/airflow/.local/lib/python3.12/site-packages/airflow/example_dags/example_latest_only_with_trigger.py
[2024-06-27T12:01:03.394+0000] {processor.py:830} INFO - Processing file /home/airflow/.local/lib/python3.12/site-packages/airflow/example_dags/example_latest_only_with_trigger.py for tasks to queue
[2024-06-27T12:01:03.395+0000] {logging_mixin.py:188} INFO - [2024-06-27T12:01:03.394+0000] {dagbag.py:545} INFO - Filling up the DagBag from /home/airflow/.local/lib/python3.12/site-packages/airflow/example_dags/example_latest_only_with_trigger.py
[2024-06-27T12:01:03.397+0000] {processor.py:840} INFO - DAG(s) 'latest_only_with_trigger' retrieved from /home/airflow/.local/lib/python3.12/site-packages/airflow/example_dags/example_latest_only_with_trigger.py
[2024-06-27T12:01:03.408+0000] {logging_mixin.py:188} INFO - [2024-06-27T12:01:03.408+0000] {dag.py:3096} INFO - Sync 1 DAGs
[2024-06-27T12:01:03.419+0000] {logging_mixin.py:188} INFO - [2024-06-27T12:01:03.419+0000] {dag.py:3954} INFO - Setting next_dagrun for latest_only_with_trigger to 2024-06-27 08:00:00+00:00, run_after=2024-06-27 12:00:00+00:00
[2024-06-27T12:01:03.429+0000] {processor.py:183} INFO - Processing /home/airflow/.local/lib/python3.12/site-packages/airflow/example_dags/example_latest_only_with_trigger.py took 0.039 seconds
[2024-06-27T12:01:34.222+0000] {processor.py:161} INFO - Started process (PID=2412) to work on /home/airflow/.local/lib/python3.12/site-packages/airflow/example_dags/example_latest_only_with_trigger.py
[2024-06-27T12:01:34.223+0000] {processor.py:830} INFO - Processing file /home/airflow/.local/lib/python3.12/site-packages/airflow/example_dags/example_latest_only_with_trigger.py for tasks to queue
[2024-06-27T12:01:34.224+0000] {logging_mixin.py:188} INFO - [2024-06-27T12:01:34.224+0000] {dagbag.py:545} INFO - Filling up the DagBag from /home/airflow/.local/lib/python3.12/site-packages/airflow/example_dags/example_latest_only_with_trigger.py
[2024-06-27T12:01:34.227+0000] {processor.py:840} INFO - DAG(s) 'latest_only_with_trigger' retrieved from /home/airflow/.local/lib/python3.12/site-packages/airflow/example_dags/example_latest_only_with_trigger.py
[2024-06-27T12:01:34.238+0000] {logging_mixin.py:188} INFO - [2024-06-27T12:01:34.238+0000] {dag.py:3096} INFO - Sync 1 DAGs
[2024-06-27T12:01:34.251+0000] {logging_mixin.py:188} INFO - [2024-06-27T12:01:34.251+0000] {dag.py:3954} INFO - Setting next_dagrun for latest_only_with_trigger to 2024-06-27 08:00:00+00:00, run_after=2024-06-27 12:00:00+00:00
[2024-06-27T12:01:34.262+0000] {processor.py:183} INFO - Processing /home/airflow/.local/lib/python3.12/site-packages/airflow/example_dags/example_latest_only_with_trigger.py took 0.043 seconds
