[2024-06-27T11:41:04.358+0000] {processor.py:161} INFO - Started process (PID=74) to work on /home/airflow/.local/lib/python3.12/site-packages/airflow/example_dags/example_complex.py
[2024-06-27T11:41:04.358+0000] {processor.py:830} INFO - Processing file /home/airflow/.local/lib/python3.12/site-packages/airflow/example_dags/example_complex.py for tasks to queue
[2024-06-27T11:41:04.359+0000] {logging_mixin.py:188} INFO - [2024-06-27T11:41:04.359+0000] {dagbag.py:545} INFO - Filling up the DagBag from /home/airflow/.local/lib/python3.12/site-packages/airflow/example_dags/example_complex.py
[2024-06-27T11:41:04.365+0000] {processor.py:840} INFO - DAG(s) 'example_complex' retrieved from /home/airflow/.local/lib/python3.12/site-packages/airflow/example_dags/example_complex.py
[2024-06-27T11:41:04.373+0000] {logging_mixin.py:188} INFO - [2024-06-27T11:41:04.372+0000] {dag.py:3096} INFO - Sync 1 DAGs
[2024-06-27T11:41:04.383+0000] {logging_mixin.py:188} INFO - [2024-06-27T11:41:04.382+0000] {dag.py:3954} INFO - Setting next_dagrun for example_complex to None, run_after=None
[2024-06-27T11:41:04.395+0000] {processor.py:183} INFO - Processing /home/airflow/.local/lib/python3.12/site-packages/airflow/example_dags/example_complex.py took 0.041 seconds
[2024-06-27T11:41:35.804+0000] {processor.py:161} INFO - Started process (PID=132) to work on /home/airflow/.local/lib/python3.12/site-packages/airflow/example_dags/example_complex.py
[2024-06-27T11:41:35.805+0000] {processor.py:830} INFO - Processing file /home/airflow/.local/lib/python3.12/site-packages/airflow/example_dags/example_complex.py for tasks to queue
[2024-06-27T11:41:35.806+0000] {logging_mixin.py:188} INFO - [2024-06-27T11:41:35.806+0000] {dagbag.py:545} INFO - Filling up the DagBag from /home/airflow/.local/lib/python3.12/site-packages/airflow/example_dags/example_complex.py
[2024-06-27T11:41:35.812+0000] {processor.py:840} INFO - DAG(s) 'example_complex' retrieved from /home/airflow/.local/lib/python3.12/site-packages/airflow/example_dags/example_complex.py
[2024-06-27T11:41:35.876+0000] {logging_mixin.py:188} INFO - [2024-06-27T11:41:35.876+0000] {dag.py:3096} INFO - Sync 1 DAGs
[2024-06-27T11:41:35.882+0000] {logging_mixin.py:188} INFO - [2024-06-27T11:41:35.882+0000] {dag.py:3954} INFO - Setting next_dagrun for example_complex to None, run_after=None
[2024-06-27T11:41:35.894+0000] {processor.py:183} INFO - Processing /home/airflow/.local/lib/python3.12/site-packages/airflow/example_dags/example_complex.py took 0.093 seconds
[2024-06-27T11:42:06.842+0000] {processor.py:161} INFO - Started process (PID=190) to work on /home/airflow/.local/lib/python3.12/site-packages/airflow/example_dags/example_complex.py
[2024-06-27T11:42:06.852+0000] {processor.py:830} INFO - Processing file /home/airflow/.local/lib/python3.12/site-packages/airflow/example_dags/example_complex.py for tasks to queue
[2024-06-27T11:42:06.854+0000] {logging_mixin.py:188} INFO - [2024-06-27T11:42:06.854+0000] {dagbag.py:545} INFO - Filling up the DagBag from /home/airflow/.local/lib/python3.12/site-packages/airflow/example_dags/example_complex.py
[2024-06-27T11:42:06.865+0000] {processor.py:840} INFO - DAG(s) 'example_complex' retrieved from /home/airflow/.local/lib/python3.12/site-packages/airflow/example_dags/example_complex.py
[2024-06-27T11:42:06.884+0000] {logging_mixin.py:188} INFO - [2024-06-27T11:42:06.883+0000] {dag.py:3096} INFO - Sync 1 DAGs
[2024-06-27T11:42:06.891+0000] {logging_mixin.py:188} INFO - [2024-06-27T11:42:06.891+0000] {dag.py:3954} INFO - Setting next_dagrun for example_complex to None, run_after=None
[2024-06-27T11:42:06.901+0000] {processor.py:183} INFO - Processing /home/airflow/.local/lib/python3.12/site-packages/airflow/example_dags/example_complex.py took 0.063 seconds
[2024-06-27T11:42:37.823+0000] {processor.py:161} INFO - Started process (PID=248) to work on /home/airflow/.local/lib/python3.12/site-packages/airflow/example_dags/example_complex.py
[2024-06-27T11:42:37.833+0000] {processor.py:830} INFO - Processing file /home/airflow/.local/lib/python3.12/site-packages/airflow/example_dags/example_complex.py for tasks to queue
[2024-06-27T11:42:37.834+0000] {logging_mixin.py:188} INFO - [2024-06-27T11:42:37.834+0000] {dagbag.py:545} INFO - Filling up the DagBag from /home/airflow/.local/lib/python3.12/site-packages/airflow/example_dags/example_complex.py
[2024-06-27T11:42:37.842+0000] {processor.py:840} INFO - DAG(s) 'example_complex' retrieved from /home/airflow/.local/lib/python3.12/site-packages/airflow/example_dags/example_complex.py
[2024-06-27T11:42:37.861+0000] {logging_mixin.py:188} INFO - [2024-06-27T11:42:37.861+0000] {dag.py:3096} INFO - Sync 1 DAGs
[2024-06-27T11:42:37.869+0000] {logging_mixin.py:188} INFO - [2024-06-27T11:42:37.869+0000] {dag.py:3954} INFO - Setting next_dagrun for example_complex to None, run_after=None
[2024-06-27T11:42:37.880+0000] {processor.py:183} INFO - Processing /home/airflow/.local/lib/python3.12/site-packages/airflow/example_dags/example_complex.py took 0.060 seconds
[2024-06-27T11:43:07.967+0000] {processor.py:161} INFO - Started process (PID=306) to work on /home/airflow/.local/lib/python3.12/site-packages/airflow/example_dags/example_complex.py
[2024-06-27T11:43:07.977+0000] {processor.py:830} INFO - Processing file /home/airflow/.local/lib/python3.12/site-packages/airflow/example_dags/example_complex.py for tasks to queue
[2024-06-27T11:43:07.979+0000] {logging_mixin.py:188} INFO - [2024-06-27T11:43:07.978+0000] {dagbag.py:545} INFO - Filling up the DagBag from /home/airflow/.local/lib/python3.12/site-packages/airflow/example_dags/example_complex.py
[2024-06-27T11:43:07.989+0000] {processor.py:840} INFO - DAG(s) 'example_complex' retrieved from /home/airflow/.local/lib/python3.12/site-packages/airflow/example_dags/example_complex.py
[2024-06-27T11:43:08.008+0000] {logging_mixin.py:188} INFO - [2024-06-27T11:43:08.008+0000] {dag.py:3096} INFO - Sync 1 DAGs
[2024-06-27T11:43:08.014+0000] {logging_mixin.py:188} INFO - [2024-06-27T11:43:08.014+0000] {dag.py:3954} INFO - Setting next_dagrun for example_complex to None, run_after=None
[2024-06-27T11:43:08.025+0000] {processor.py:183} INFO - Processing /home/airflow/.local/lib/python3.12/site-packages/airflow/example_dags/example_complex.py took 0.061 seconds
[2024-06-27T11:43:38.771+0000] {processor.py:161} INFO - Started process (PID=364) to work on /home/airflow/.local/lib/python3.12/site-packages/airflow/example_dags/example_complex.py
[2024-06-27T11:43:38.772+0000] {processor.py:830} INFO - Processing file /home/airflow/.local/lib/python3.12/site-packages/airflow/example_dags/example_complex.py for tasks to queue
[2024-06-27T11:43:38.773+0000] {logging_mixin.py:188} INFO - [2024-06-27T11:43:38.772+0000] {dagbag.py:545} INFO - Filling up the DagBag from /home/airflow/.local/lib/python3.12/site-packages/airflow/example_dags/example_complex.py
[2024-06-27T11:43:38.778+0000] {processor.py:840} INFO - DAG(s) 'example_complex' retrieved from /home/airflow/.local/lib/python3.12/site-packages/airflow/example_dags/example_complex.py
[2024-06-27T11:43:38.795+0000] {logging_mixin.py:188} INFO - [2024-06-27T11:43:38.795+0000] {dag.py:3096} INFO - Sync 1 DAGs
[2024-06-27T11:43:38.801+0000] {logging_mixin.py:188} INFO - [2024-06-27T11:43:38.801+0000] {dag.py:3954} INFO - Setting next_dagrun for example_complex to None, run_after=None
[2024-06-27T11:43:38.811+0000] {processor.py:183} INFO - Processing /home/airflow/.local/lib/python3.12/site-packages/airflow/example_dags/example_complex.py took 0.044 seconds
[2024-06-27T11:44:09.448+0000] {processor.py:161} INFO - Started process (PID=422) to work on /home/airflow/.local/lib/python3.12/site-packages/airflow/example_dags/example_complex.py
[2024-06-27T11:44:09.458+0000] {processor.py:830} INFO - Processing file /home/airflow/.local/lib/python3.12/site-packages/airflow/example_dags/example_complex.py for tasks to queue
[2024-06-27T11:44:09.461+0000] {logging_mixin.py:188} INFO - [2024-06-27T11:44:09.460+0000] {dagbag.py:545} INFO - Filling up the DagBag from /home/airflow/.local/lib/python3.12/site-packages/airflow/example_dags/example_complex.py
[2024-06-27T11:44:09.470+0000] {processor.py:840} INFO - DAG(s) 'example_complex' retrieved from /home/airflow/.local/lib/python3.12/site-packages/airflow/example_dags/example_complex.py
[2024-06-27T11:44:09.488+0000] {logging_mixin.py:188} INFO - [2024-06-27T11:44:09.488+0000] {dag.py:3096} INFO - Sync 1 DAGs
[2024-06-27T11:44:09.495+0000] {logging_mixin.py:188} INFO - [2024-06-27T11:44:09.495+0000] {dag.py:3954} INFO - Setting next_dagrun for example_complex to None, run_after=None
[2024-06-27T11:44:09.506+0000] {processor.py:183} INFO - Processing /home/airflow/.local/lib/python3.12/site-packages/airflow/example_dags/example_complex.py took 0.061 seconds
[2024-06-27T11:44:40.366+0000] {processor.py:161} INFO - Started process (PID=480) to work on /home/airflow/.local/lib/python3.12/site-packages/airflow/example_dags/example_complex.py
[2024-06-27T11:44:40.367+0000] {processor.py:830} INFO - Processing file /home/airflow/.local/lib/python3.12/site-packages/airflow/example_dags/example_complex.py for tasks to queue
[2024-06-27T11:44:40.369+0000] {logging_mixin.py:188} INFO - [2024-06-27T11:44:40.368+0000] {dagbag.py:545} INFO - Filling up the DagBag from /home/airflow/.local/lib/python3.12/site-packages/airflow/example_dags/example_complex.py
[2024-06-27T11:44:40.375+0000] {processor.py:840} INFO - DAG(s) 'example_complex' retrieved from /home/airflow/.local/lib/python3.12/site-packages/airflow/example_dags/example_complex.py
[2024-06-27T11:44:40.393+0000] {logging_mixin.py:188} INFO - [2024-06-27T11:44:40.393+0000] {dag.py:3096} INFO - Sync 1 DAGs
[2024-06-27T11:44:40.401+0000] {logging_mixin.py:188} INFO - [2024-06-27T11:44:40.401+0000] {dag.py:3954} INFO - Setting next_dagrun for example_complex to None, run_after=None
[2024-06-27T11:44:40.411+0000] {processor.py:183} INFO - Processing /home/airflow/.local/lib/python3.12/site-packages/airflow/example_dags/example_complex.py took 0.049 seconds
[2024-06-27T11:45:11.172+0000] {processor.py:161} INFO - Started process (PID=538) to work on /home/airflow/.local/lib/python3.12/site-packages/airflow/example_dags/example_complex.py
[2024-06-27T11:45:11.181+0000] {processor.py:830} INFO - Processing file /home/airflow/.local/lib/python3.12/site-packages/airflow/example_dags/example_complex.py for tasks to queue
[2024-06-27T11:45:11.182+0000] {logging_mixin.py:188} INFO - [2024-06-27T11:45:11.182+0000] {dagbag.py:545} INFO - Filling up the DagBag from /home/airflow/.local/lib/python3.12/site-packages/airflow/example_dags/example_complex.py
[2024-06-27T11:45:11.190+0000] {processor.py:840} INFO - DAG(s) 'example_complex' retrieved from /home/airflow/.local/lib/python3.12/site-packages/airflow/example_dags/example_complex.py
[2024-06-27T11:45:11.208+0000] {logging_mixin.py:188} INFO - [2024-06-27T11:45:11.208+0000] {dag.py:3096} INFO - Sync 1 DAGs
[2024-06-27T11:45:11.215+0000] {logging_mixin.py:188} INFO - [2024-06-27T11:45:11.214+0000] {dag.py:3954} INFO - Setting next_dagrun for example_complex to None, run_after=None
[2024-06-27T11:45:11.225+0000] {processor.py:183} INFO - Processing /home/airflow/.local/lib/python3.12/site-packages/airflow/example_dags/example_complex.py took 0.057 seconds
[2024-06-27T11:45:41.943+0000] {processor.py:161} INFO - Started process (PID=596) to work on /home/airflow/.local/lib/python3.12/site-packages/airflow/example_dags/example_complex.py
[2024-06-27T11:45:41.953+0000] {processor.py:830} INFO - Processing file /home/airflow/.local/lib/python3.12/site-packages/airflow/example_dags/example_complex.py for tasks to queue
[2024-06-27T11:45:41.955+0000] {logging_mixin.py:188} INFO - [2024-06-27T11:45:41.955+0000] {dagbag.py:545} INFO - Filling up the DagBag from /home/airflow/.local/lib/python3.12/site-packages/airflow/example_dags/example_complex.py
[2024-06-27T11:45:41.965+0000] {processor.py:840} INFO - DAG(s) 'example_complex' retrieved from /home/airflow/.local/lib/python3.12/site-packages/airflow/example_dags/example_complex.py
[2024-06-27T11:45:41.983+0000] {logging_mixin.py:188} INFO - [2024-06-27T11:45:41.983+0000] {dag.py:3096} INFO - Sync 1 DAGs
[2024-06-27T11:45:41.990+0000] {logging_mixin.py:188} INFO - [2024-06-27T11:45:41.989+0000] {dag.py:3954} INFO - Setting next_dagrun for example_complex to None, run_after=None
[2024-06-27T11:45:42.000+0000] {processor.py:183} INFO - Processing /home/airflow/.local/lib/python3.12/site-packages/airflow/example_dags/example_complex.py took 0.060 seconds
[2024-06-27T11:46:12.773+0000] {processor.py:161} INFO - Started process (PID=655) to work on /home/airflow/.local/lib/python3.12/site-packages/airflow/example_dags/example_complex.py
[2024-06-27T11:46:12.783+0000] {processor.py:830} INFO - Processing file /home/airflow/.local/lib/python3.12/site-packages/airflow/example_dags/example_complex.py for tasks to queue
[2024-06-27T11:46:12.785+0000] {logging_mixin.py:188} INFO - [2024-06-27T11:46:12.785+0000] {dagbag.py:545} INFO - Filling up the DagBag from /home/airflow/.local/lib/python3.12/site-packages/airflow/example_dags/example_complex.py
[2024-06-27T11:46:12.794+0000] {processor.py:840} INFO - DAG(s) 'example_complex' retrieved from /home/airflow/.local/lib/python3.12/site-packages/airflow/example_dags/example_complex.py
[2024-06-27T11:46:12.813+0000] {logging_mixin.py:188} INFO - [2024-06-27T11:46:12.812+0000] {dag.py:3096} INFO - Sync 1 DAGs
[2024-06-27T11:46:12.820+0000] {logging_mixin.py:188} INFO - [2024-06-27T11:46:12.819+0000] {dag.py:3954} INFO - Setting next_dagrun for example_complex to None, run_after=None
[2024-06-27T11:46:12.830+0000] {processor.py:183} INFO - Processing /home/airflow/.local/lib/python3.12/site-packages/airflow/example_dags/example_complex.py took 0.063 seconds
[2024-06-27T11:46:43.672+0000] {processor.py:161} INFO - Started process (PID=720) to work on /home/airflow/.local/lib/python3.12/site-packages/airflow/example_dags/example_complex.py
[2024-06-27T11:46:43.673+0000] {processor.py:830} INFO - Processing file /home/airflow/.local/lib/python3.12/site-packages/airflow/example_dags/example_complex.py for tasks to queue
[2024-06-27T11:46:43.674+0000] {logging_mixin.py:188} INFO - [2024-06-27T11:46:43.674+0000] {dagbag.py:545} INFO - Filling up the DagBag from /home/airflow/.local/lib/python3.12/site-packages/airflow/example_dags/example_complex.py
[2024-06-27T11:46:43.681+0000] {processor.py:840} INFO - DAG(s) 'example_complex' retrieved from /home/airflow/.local/lib/python3.12/site-packages/airflow/example_dags/example_complex.py
[2024-06-27T11:46:43.701+0000] {logging_mixin.py:188} INFO - [2024-06-27T11:46:43.701+0000] {dag.py:3096} INFO - Sync 1 DAGs
[2024-06-27T11:46:43.708+0000] {logging_mixin.py:188} INFO - [2024-06-27T11:46:43.708+0000] {dag.py:3954} INFO - Setting next_dagrun for example_complex to None, run_after=None
[2024-06-27T11:46:43.720+0000] {processor.py:183} INFO - Processing /home/airflow/.local/lib/python3.12/site-packages/airflow/example_dags/example_complex.py took 0.051 seconds
[2024-06-27T11:47:14.520+0000] {processor.py:161} INFO - Started process (PID=780) to work on /home/airflow/.local/lib/python3.12/site-packages/airflow/example_dags/example_complex.py
[2024-06-27T11:47:14.530+0000] {processor.py:830} INFO - Processing file /home/airflow/.local/lib/python3.12/site-packages/airflow/example_dags/example_complex.py for tasks to queue
[2024-06-27T11:47:14.532+0000] {logging_mixin.py:188} INFO - [2024-06-27T11:47:14.531+0000] {dagbag.py:545} INFO - Filling up the DagBag from /home/airflow/.local/lib/python3.12/site-packages/airflow/example_dags/example_complex.py
[2024-06-27T11:47:14.542+0000] {processor.py:840} INFO - DAG(s) 'example_complex' retrieved from /home/airflow/.local/lib/python3.12/site-packages/airflow/example_dags/example_complex.py
[2024-06-27T11:47:14.560+0000] {logging_mixin.py:188} INFO - [2024-06-27T11:47:14.560+0000] {dag.py:3096} INFO - Sync 1 DAGs
[2024-06-27T11:47:14.567+0000] {logging_mixin.py:188} INFO - [2024-06-27T11:47:14.566+0000] {dag.py:3954} INFO - Setting next_dagrun for example_complex to None, run_after=None
[2024-06-27T11:47:14.577+0000] {processor.py:183} INFO - Processing /home/airflow/.local/lib/python3.12/site-packages/airflow/example_dags/example_complex.py took 0.060 seconds
[2024-06-27T11:47:44.661+0000] {processor.py:161} INFO - Started process (PID=839) to work on /home/airflow/.local/lib/python3.12/site-packages/airflow/example_dags/example_complex.py
[2024-06-27T11:47:44.662+0000] {processor.py:830} INFO - Processing file /home/airflow/.local/lib/python3.12/site-packages/airflow/example_dags/example_complex.py for tasks to queue
[2024-06-27T11:47:44.663+0000] {logging_mixin.py:188} INFO - [2024-06-27T11:47:44.663+0000] {dagbag.py:545} INFO - Filling up the DagBag from /home/airflow/.local/lib/python3.12/site-packages/airflow/example_dags/example_complex.py
[2024-06-27T11:47:44.668+0000] {processor.py:840} INFO - DAG(s) 'example_complex' retrieved from /home/airflow/.local/lib/python3.12/site-packages/airflow/example_dags/example_complex.py
[2024-06-27T11:47:44.686+0000] {logging_mixin.py:188} INFO - [2024-06-27T11:47:44.686+0000] {dag.py:3096} INFO - Sync 1 DAGs
[2024-06-27T11:47:44.694+0000] {logging_mixin.py:188} INFO - [2024-06-27T11:47:44.693+0000] {dag.py:3954} INFO - Setting next_dagrun for example_complex to None, run_after=None
[2024-06-27T11:47:44.704+0000] {processor.py:183} INFO - Processing /home/airflow/.local/lib/python3.12/site-packages/airflow/example_dags/example_complex.py took 0.046 seconds
[2024-06-27T11:48:14.749+0000] {processor.py:161} INFO - Started process (PID=898) to work on /home/airflow/.local/lib/python3.12/site-packages/airflow/example_dags/example_complex.py
[2024-06-27T11:48:14.750+0000] {processor.py:830} INFO - Processing file /home/airflow/.local/lib/python3.12/site-packages/airflow/example_dags/example_complex.py for tasks to queue
[2024-06-27T11:48:14.751+0000] {logging_mixin.py:188} INFO - [2024-06-27T11:48:14.751+0000] {dagbag.py:545} INFO - Filling up the DagBag from /home/airflow/.local/lib/python3.12/site-packages/airflow/example_dags/example_complex.py
[2024-06-27T11:48:14.756+0000] {processor.py:840} INFO - DAG(s) 'example_complex' retrieved from /home/airflow/.local/lib/python3.12/site-packages/airflow/example_dags/example_complex.py
[2024-06-27T11:48:14.774+0000] {logging_mixin.py:188} INFO - [2024-06-27T11:48:14.774+0000] {dag.py:3096} INFO - Sync 1 DAGs
[2024-06-27T11:48:14.781+0000] {logging_mixin.py:188} INFO - [2024-06-27T11:48:14.781+0000] {dag.py:3954} INFO - Setting next_dagrun for example_complex to None, run_after=None
[2024-06-27T11:48:14.792+0000] {processor.py:183} INFO - Processing /home/airflow/.local/lib/python3.12/site-packages/airflow/example_dags/example_complex.py took 0.046 seconds
[2024-06-27T11:48:45.858+0000] {processor.py:161} INFO - Started process (PID=957) to work on /home/airflow/.local/lib/python3.12/site-packages/airflow/example_dags/example_complex.py
[2024-06-27T11:48:45.859+0000] {processor.py:830} INFO - Processing file /home/airflow/.local/lib/python3.12/site-packages/airflow/example_dags/example_complex.py for tasks to queue
[2024-06-27T11:48:45.860+0000] {logging_mixin.py:188} INFO - [2024-06-27T11:48:45.860+0000] {dagbag.py:545} INFO - Filling up the DagBag from /home/airflow/.local/lib/python3.12/site-packages/airflow/example_dags/example_complex.py
[2024-06-27T11:48:45.865+0000] {processor.py:840} INFO - DAG(s) 'example_complex' retrieved from /home/airflow/.local/lib/python3.12/site-packages/airflow/example_dags/example_complex.py
[2024-06-27T11:48:45.883+0000] {logging_mixin.py:188} INFO - [2024-06-27T11:48:45.883+0000] {dag.py:3096} INFO - Sync 1 DAGs
[2024-06-27T11:48:45.890+0000] {logging_mixin.py:188} INFO - [2024-06-27T11:48:45.890+0000] {dag.py:3954} INFO - Setting next_dagrun for example_complex to None, run_after=None
[2024-06-27T11:48:45.900+0000] {processor.py:183} INFO - Processing /home/airflow/.local/lib/python3.12/site-packages/airflow/example_dags/example_complex.py took 0.045 seconds
[2024-06-27T11:49:15.929+0000] {processor.py:161} INFO - Started process (PID=1016) to work on /home/airflow/.local/lib/python3.12/site-packages/airflow/example_dags/example_complex.py
[2024-06-27T11:49:15.930+0000] {processor.py:830} INFO - Processing file /home/airflow/.local/lib/python3.12/site-packages/airflow/example_dags/example_complex.py for tasks to queue
[2024-06-27T11:49:15.931+0000] {logging_mixin.py:188} INFO - [2024-06-27T11:49:15.931+0000] {dagbag.py:545} INFO - Filling up the DagBag from /home/airflow/.local/lib/python3.12/site-packages/airflow/example_dags/example_complex.py
[2024-06-27T11:49:15.937+0000] {processor.py:840} INFO - DAG(s) 'example_complex' retrieved from /home/airflow/.local/lib/python3.12/site-packages/airflow/example_dags/example_complex.py
[2024-06-27T11:49:15.955+0000] {logging_mixin.py:188} INFO - [2024-06-27T11:49:15.955+0000] {dag.py:3096} INFO - Sync 1 DAGs
[2024-06-27T11:49:15.962+0000] {logging_mixin.py:188} INFO - [2024-06-27T11:49:15.962+0000] {dag.py:3954} INFO - Setting next_dagrun for example_complex to None, run_after=None
[2024-06-27T11:49:15.972+0000] {processor.py:183} INFO - Processing /home/airflow/.local/lib/python3.12/site-packages/airflow/example_dags/example_complex.py took 0.047 seconds
[2024-06-27T11:49:46.727+0000] {processor.py:161} INFO - Started process (PID=1075) to work on /home/airflow/.local/lib/python3.12/site-packages/airflow/example_dags/example_complex.py
[2024-06-27T11:49:46.728+0000] {processor.py:830} INFO - Processing file /home/airflow/.local/lib/python3.12/site-packages/airflow/example_dags/example_complex.py for tasks to queue
[2024-06-27T11:49:46.729+0000] {logging_mixin.py:188} INFO - [2024-06-27T11:49:46.729+0000] {dagbag.py:545} INFO - Filling up the DagBag from /home/airflow/.local/lib/python3.12/site-packages/airflow/example_dags/example_complex.py
[2024-06-27T11:49:46.734+0000] {processor.py:840} INFO - DAG(s) 'example_complex' retrieved from /home/airflow/.local/lib/python3.12/site-packages/airflow/example_dags/example_complex.py
[2024-06-27T11:49:46.752+0000] {logging_mixin.py:188} INFO - [2024-06-27T11:49:46.752+0000] {dag.py:3096} INFO - Sync 1 DAGs
[2024-06-27T11:49:46.759+0000] {logging_mixin.py:188} INFO - [2024-06-27T11:49:46.759+0000] {dag.py:3954} INFO - Setting next_dagrun for example_complex to None, run_after=None
[2024-06-27T11:49:46.769+0000] {processor.py:183} INFO - Processing /home/airflow/.local/lib/python3.12/site-packages/airflow/example_dags/example_complex.py took 0.045 seconds
[2024-06-27T11:50:17.504+0000] {processor.py:161} INFO - Started process (PID=1134) to work on /home/airflow/.local/lib/python3.12/site-packages/airflow/example_dags/example_complex.py
[2024-06-27T11:50:17.505+0000] {processor.py:830} INFO - Processing file /home/airflow/.local/lib/python3.12/site-packages/airflow/example_dags/example_complex.py for tasks to queue
[2024-06-27T11:50:17.506+0000] {logging_mixin.py:188} INFO - [2024-06-27T11:50:17.506+0000] {dagbag.py:545} INFO - Filling up the DagBag from /home/airflow/.local/lib/python3.12/site-packages/airflow/example_dags/example_complex.py
[2024-06-27T11:50:17.511+0000] {processor.py:840} INFO - DAG(s) 'example_complex' retrieved from /home/airflow/.local/lib/python3.12/site-packages/airflow/example_dags/example_complex.py
[2024-06-27T11:50:17.528+0000] {logging_mixin.py:188} INFO - [2024-06-27T11:50:17.528+0000] {dag.py:3096} INFO - Sync 1 DAGs
[2024-06-27T11:50:17.535+0000] {logging_mixin.py:188} INFO - [2024-06-27T11:50:17.535+0000] {dag.py:3954} INFO - Setting next_dagrun for example_complex to None, run_after=None
[2024-06-27T11:50:17.545+0000] {processor.py:183} INFO - Processing /home/airflow/.local/lib/python3.12/site-packages/airflow/example_dags/example_complex.py took 0.044 seconds
[2024-06-27T11:50:48.279+0000] {processor.py:161} INFO - Started process (PID=1193) to work on /home/airflow/.local/lib/python3.12/site-packages/airflow/example_dags/example_complex.py
[2024-06-27T11:50:48.280+0000] {processor.py:830} INFO - Processing file /home/airflow/.local/lib/python3.12/site-packages/airflow/example_dags/example_complex.py for tasks to queue
[2024-06-27T11:50:48.280+0000] {logging_mixin.py:188} INFO - [2024-06-27T11:50:48.280+0000] {dagbag.py:545} INFO - Filling up the DagBag from /home/airflow/.local/lib/python3.12/site-packages/airflow/example_dags/example_complex.py
[2024-06-27T11:50:48.286+0000] {processor.py:840} INFO - DAG(s) 'example_complex' retrieved from /home/airflow/.local/lib/python3.12/site-packages/airflow/example_dags/example_complex.py
[2024-06-27T11:50:48.304+0000] {logging_mixin.py:188} INFO - [2024-06-27T11:50:48.304+0000] {dag.py:3096} INFO - Sync 1 DAGs
[2024-06-27T11:50:48.311+0000] {logging_mixin.py:188} INFO - [2024-06-27T11:50:48.311+0000] {dag.py:3954} INFO - Setting next_dagrun for example_complex to None, run_after=None
[2024-06-27T11:50:48.321+0000] {processor.py:183} INFO - Processing /home/airflow/.local/lib/python3.12/site-packages/airflow/example_dags/example_complex.py took 0.045 seconds
[2024-06-27T11:51:19.129+0000] {processor.py:161} INFO - Started process (PID=1252) to work on /home/airflow/.local/lib/python3.12/site-packages/airflow/example_dags/example_complex.py
[2024-06-27T11:51:19.129+0000] {processor.py:830} INFO - Processing file /home/airflow/.local/lib/python3.12/site-packages/airflow/example_dags/example_complex.py for tasks to queue
[2024-06-27T11:51:19.130+0000] {logging_mixin.py:188} INFO - [2024-06-27T11:51:19.130+0000] {dagbag.py:545} INFO - Filling up the DagBag from /home/airflow/.local/lib/python3.12/site-packages/airflow/example_dags/example_complex.py
[2024-06-27T11:51:19.135+0000] {processor.py:840} INFO - DAG(s) 'example_complex' retrieved from /home/airflow/.local/lib/python3.12/site-packages/airflow/example_dags/example_complex.py
[2024-06-27T11:51:19.153+0000] {logging_mixin.py:188} INFO - [2024-06-27T11:51:19.152+0000] {dag.py:3096} INFO - Sync 1 DAGs
[2024-06-27T11:51:19.159+0000] {logging_mixin.py:188} INFO - [2024-06-27T11:51:19.159+0000] {dag.py:3954} INFO - Setting next_dagrun for example_complex to None, run_after=None
[2024-06-27T11:51:19.170+0000] {processor.py:183} INFO - Processing /home/airflow/.local/lib/python3.12/site-packages/airflow/example_dags/example_complex.py took 0.044 seconds
[2024-06-27T11:51:49.937+0000] {processor.py:161} INFO - Started process (PID=1311) to work on /home/airflow/.local/lib/python3.12/site-packages/airflow/example_dags/example_complex.py
[2024-06-27T11:51:49.937+0000] {processor.py:830} INFO - Processing file /home/airflow/.local/lib/python3.12/site-packages/airflow/example_dags/example_complex.py for tasks to queue
[2024-06-27T11:51:49.938+0000] {logging_mixin.py:188} INFO - [2024-06-27T11:51:49.938+0000] {dagbag.py:545} INFO - Filling up the DagBag from /home/airflow/.local/lib/python3.12/site-packages/airflow/example_dags/example_complex.py
[2024-06-27T11:51:49.944+0000] {processor.py:840} INFO - DAG(s) 'example_complex' retrieved from /home/airflow/.local/lib/python3.12/site-packages/airflow/example_dags/example_complex.py
[2024-06-27T11:51:49.961+0000] {logging_mixin.py:188} INFO - [2024-06-27T11:51:49.961+0000] {dag.py:3096} INFO - Sync 1 DAGs
[2024-06-27T11:51:49.968+0000] {logging_mixin.py:188} INFO - [2024-06-27T11:51:49.968+0000] {dag.py:3954} INFO - Setting next_dagrun for example_complex to None, run_after=None
[2024-06-27T11:51:49.978+0000] {processor.py:183} INFO - Processing /home/airflow/.local/lib/python3.12/site-packages/airflow/example_dags/example_complex.py took 0.045 seconds
[2024-06-27T11:52:20.774+0000] {processor.py:161} INFO - Started process (PID=1370) to work on /home/airflow/.local/lib/python3.12/site-packages/airflow/example_dags/example_complex.py
[2024-06-27T11:52:20.775+0000] {processor.py:830} INFO - Processing file /home/airflow/.local/lib/python3.12/site-packages/airflow/example_dags/example_complex.py for tasks to queue
[2024-06-27T11:52:20.776+0000] {logging_mixin.py:188} INFO - [2024-06-27T11:52:20.775+0000] {dagbag.py:545} INFO - Filling up the DagBag from /home/airflow/.local/lib/python3.12/site-packages/airflow/example_dags/example_complex.py
[2024-06-27T11:52:20.781+0000] {processor.py:840} INFO - DAG(s) 'example_complex' retrieved from /home/airflow/.local/lib/python3.12/site-packages/airflow/example_dags/example_complex.py
[2024-06-27T11:52:20.798+0000] {logging_mixin.py:188} INFO - [2024-06-27T11:52:20.798+0000] {dag.py:3096} INFO - Sync 1 DAGs
[2024-06-27T11:52:20.804+0000] {logging_mixin.py:188} INFO - [2024-06-27T11:52:20.804+0000] {dag.py:3954} INFO - Setting next_dagrun for example_complex to None, run_after=None
[2024-06-27T11:52:20.815+0000] {processor.py:183} INFO - Processing /home/airflow/.local/lib/python3.12/site-packages/airflow/example_dags/example_complex.py took 0.044 seconds
[2024-06-27T11:52:51.565+0000] {processor.py:161} INFO - Started process (PID=1430) to work on /home/airflow/.local/lib/python3.12/site-packages/airflow/example_dags/example_complex.py
[2024-06-27T11:52:51.566+0000] {processor.py:830} INFO - Processing file /home/airflow/.local/lib/python3.12/site-packages/airflow/example_dags/example_complex.py for tasks to queue
[2024-06-27T11:52:51.566+0000] {logging_mixin.py:188} INFO - [2024-06-27T11:52:51.566+0000] {dagbag.py:545} INFO - Filling up the DagBag from /home/airflow/.local/lib/python3.12/site-packages/airflow/example_dags/example_complex.py
[2024-06-27T11:52:51.572+0000] {processor.py:840} INFO - DAG(s) 'example_complex' retrieved from /home/airflow/.local/lib/python3.12/site-packages/airflow/example_dags/example_complex.py
[2024-06-27T11:52:51.589+0000] {logging_mixin.py:188} INFO - [2024-06-27T11:52:51.589+0000] {dag.py:3096} INFO - Sync 1 DAGs
[2024-06-27T11:52:51.595+0000] {logging_mixin.py:188} INFO - [2024-06-27T11:52:51.595+0000] {dag.py:3954} INFO - Setting next_dagrun for example_complex to None, run_after=None
[2024-06-27T11:52:51.606+0000] {processor.py:183} INFO - Processing /home/airflow/.local/lib/python3.12/site-packages/airflow/example_dags/example_complex.py took 0.044 seconds
[2024-06-27T11:53:22.391+0000] {processor.py:161} INFO - Started process (PID=1489) to work on /home/airflow/.local/lib/python3.12/site-packages/airflow/example_dags/example_complex.py
[2024-06-27T11:53:22.392+0000] {processor.py:830} INFO - Processing file /home/airflow/.local/lib/python3.12/site-packages/airflow/example_dags/example_complex.py for tasks to queue
[2024-06-27T11:53:22.392+0000] {logging_mixin.py:188} INFO - [2024-06-27T11:53:22.392+0000] {dagbag.py:545} INFO - Filling up the DagBag from /home/airflow/.local/lib/python3.12/site-packages/airflow/example_dags/example_complex.py
[2024-06-27T11:53:22.398+0000] {processor.py:840} INFO - DAG(s) 'example_complex' retrieved from /home/airflow/.local/lib/python3.12/site-packages/airflow/example_dags/example_complex.py
[2024-06-27T11:53:22.415+0000] {logging_mixin.py:188} INFO - [2024-06-27T11:53:22.415+0000] {dag.py:3096} INFO - Sync 1 DAGs
[2024-06-27T11:53:22.421+0000] {logging_mixin.py:188} INFO - [2024-06-27T11:53:22.421+0000] {dag.py:3954} INFO - Setting next_dagrun for example_complex to None, run_after=None
[2024-06-27T11:53:22.432+0000] {processor.py:183} INFO - Processing /home/airflow/.local/lib/python3.12/site-packages/airflow/example_dags/example_complex.py took 0.044 seconds
[2024-06-27T11:53:53.260+0000] {processor.py:161} INFO - Started process (PID=1548) to work on /home/airflow/.local/lib/python3.12/site-packages/airflow/example_dags/example_complex.py
[2024-06-27T11:53:53.261+0000] {processor.py:830} INFO - Processing file /home/airflow/.local/lib/python3.12/site-packages/airflow/example_dags/example_complex.py for tasks to queue
[2024-06-27T11:53:53.261+0000] {logging_mixin.py:188} INFO - [2024-06-27T11:53:53.261+0000] {dagbag.py:545} INFO - Filling up the DagBag from /home/airflow/.local/lib/python3.12/site-packages/airflow/example_dags/example_complex.py
[2024-06-27T11:53:53.267+0000] {processor.py:840} INFO - DAG(s) 'example_complex' retrieved from /home/airflow/.local/lib/python3.12/site-packages/airflow/example_dags/example_complex.py
[2024-06-27T11:53:53.284+0000] {logging_mixin.py:188} INFO - [2024-06-27T11:53:53.283+0000] {dag.py:3096} INFO - Sync 1 DAGs
[2024-06-27T11:53:53.290+0000] {logging_mixin.py:188} INFO - [2024-06-27T11:53:53.290+0000] {dag.py:3954} INFO - Setting next_dagrun for example_complex to None, run_after=None
[2024-06-27T11:53:53.301+0000] {processor.py:183} INFO - Processing /home/airflow/.local/lib/python3.12/site-packages/airflow/example_dags/example_complex.py took 0.044 seconds
[2024-06-27T11:54:24.146+0000] {processor.py:161} INFO - Started process (PID=1607) to work on /home/airflow/.local/lib/python3.12/site-packages/airflow/example_dags/example_complex.py
[2024-06-27T11:54:24.147+0000] {processor.py:830} INFO - Processing file /home/airflow/.local/lib/python3.12/site-packages/airflow/example_dags/example_complex.py for tasks to queue
[2024-06-27T11:54:24.148+0000] {logging_mixin.py:188} INFO - [2024-06-27T11:54:24.147+0000] {dagbag.py:545} INFO - Filling up the DagBag from /home/airflow/.local/lib/python3.12/site-packages/airflow/example_dags/example_complex.py
[2024-06-27T11:54:24.153+0000] {processor.py:840} INFO - DAG(s) 'example_complex' retrieved from /home/airflow/.local/lib/python3.12/site-packages/airflow/example_dags/example_complex.py
[2024-06-27T11:54:24.169+0000] {logging_mixin.py:188} INFO - [2024-06-27T11:54:24.169+0000] {dag.py:3096} INFO - Sync 1 DAGs
[2024-06-27T11:54:24.176+0000] {logging_mixin.py:188} INFO - [2024-06-27T11:54:24.176+0000] {dag.py:3954} INFO - Setting next_dagrun for example_complex to None, run_after=None
[2024-06-27T11:54:24.187+0000] {processor.py:183} INFO - Processing /home/airflow/.local/lib/python3.12/site-packages/airflow/example_dags/example_complex.py took 0.043 seconds
[2024-06-27T11:54:54.936+0000] {processor.py:161} INFO - Started process (PID=1666) to work on /home/airflow/.local/lib/python3.12/site-packages/airflow/example_dags/example_complex.py
[2024-06-27T11:54:54.937+0000] {processor.py:830} INFO - Processing file /home/airflow/.local/lib/python3.12/site-packages/airflow/example_dags/example_complex.py for tasks to queue
[2024-06-27T11:54:54.938+0000] {logging_mixin.py:188} INFO - [2024-06-27T11:54:54.938+0000] {dagbag.py:545} INFO - Filling up the DagBag from /home/airflow/.local/lib/python3.12/site-packages/airflow/example_dags/example_complex.py
[2024-06-27T11:54:54.943+0000] {processor.py:840} INFO - DAG(s) 'example_complex' retrieved from /home/airflow/.local/lib/python3.12/site-packages/airflow/example_dags/example_complex.py
[2024-06-27T11:54:54.960+0000] {logging_mixin.py:188} INFO - [2024-06-27T11:54:54.960+0000] {dag.py:3096} INFO - Sync 1 DAGs
[2024-06-27T11:54:54.967+0000] {logging_mixin.py:188} INFO - [2024-06-27T11:54:54.966+0000] {dag.py:3954} INFO - Setting next_dagrun for example_complex to None, run_after=None
[2024-06-27T11:54:54.976+0000] {processor.py:183} INFO - Processing /home/airflow/.local/lib/python3.12/site-packages/airflow/example_dags/example_complex.py took 0.043 seconds
[2024-06-27T11:55:25.786+0000] {processor.py:161} INFO - Started process (PID=1731) to work on /home/airflow/.local/lib/python3.12/site-packages/airflow/example_dags/example_complex.py
[2024-06-27T11:55:25.786+0000] {processor.py:830} INFO - Processing file /home/airflow/.local/lib/python3.12/site-packages/airflow/example_dags/example_complex.py for tasks to queue
[2024-06-27T11:55:25.787+0000] {logging_mixin.py:188} INFO - [2024-06-27T11:55:25.787+0000] {dagbag.py:545} INFO - Filling up the DagBag from /home/airflow/.local/lib/python3.12/site-packages/airflow/example_dags/example_complex.py
[2024-06-27T11:55:25.792+0000] {processor.py:840} INFO - DAG(s) 'example_complex' retrieved from /home/airflow/.local/lib/python3.12/site-packages/airflow/example_dags/example_complex.py
[2024-06-27T11:55:25.810+0000] {logging_mixin.py:188} INFO - [2024-06-27T11:55:25.810+0000] {dag.py:3096} INFO - Sync 1 DAGs
[2024-06-27T11:55:25.817+0000] {logging_mixin.py:188} INFO - [2024-06-27T11:55:25.817+0000] {dag.py:3954} INFO - Setting next_dagrun for example_complex to None, run_after=None
[2024-06-27T11:55:25.834+0000] {processor.py:183} INFO - Processing /home/airflow/.local/lib/python3.12/site-packages/airflow/example_dags/example_complex.py took 0.051 seconds
[2024-06-27T11:55:56.595+0000] {processor.py:161} INFO - Started process (PID=1790) to work on /home/airflow/.local/lib/python3.12/site-packages/airflow/example_dags/example_complex.py
[2024-06-27T11:55:56.596+0000] {processor.py:830} INFO - Processing file /home/airflow/.local/lib/python3.12/site-packages/airflow/example_dags/example_complex.py for tasks to queue
[2024-06-27T11:55:56.597+0000] {logging_mixin.py:188} INFO - [2024-06-27T11:55:56.597+0000] {dagbag.py:545} INFO - Filling up the DagBag from /home/airflow/.local/lib/python3.12/site-packages/airflow/example_dags/example_complex.py
[2024-06-27T11:55:56.602+0000] {processor.py:840} INFO - DAG(s) 'example_complex' retrieved from /home/airflow/.local/lib/python3.12/site-packages/airflow/example_dags/example_complex.py
[2024-06-27T11:55:56.620+0000] {logging_mixin.py:188} INFO - [2024-06-27T11:55:56.620+0000] {dag.py:3096} INFO - Sync 1 DAGs
[2024-06-27T11:55:56.627+0000] {logging_mixin.py:188} INFO - [2024-06-27T11:55:56.627+0000] {dag.py:3954} INFO - Setting next_dagrun for example_complex to None, run_after=None
[2024-06-27T11:55:56.637+0000] {processor.py:183} INFO - Processing /home/airflow/.local/lib/python3.12/site-packages/airflow/example_dags/example_complex.py took 0.044 seconds
[2024-06-27T11:56:27.622+0000] {processor.py:161} INFO - Started process (PID=1849) to work on /home/airflow/.local/lib/python3.12/site-packages/airflow/example_dags/example_complex.py
[2024-06-27T11:56:27.623+0000] {processor.py:830} INFO - Processing file /home/airflow/.local/lib/python3.12/site-packages/airflow/example_dags/example_complex.py for tasks to queue
[2024-06-27T11:56:27.624+0000] {logging_mixin.py:188} INFO - [2024-06-27T11:56:27.624+0000] {dagbag.py:545} INFO - Filling up the DagBag from /home/airflow/.local/lib/python3.12/site-packages/airflow/example_dags/example_complex.py
[2024-06-27T11:56:27.629+0000] {processor.py:840} INFO - DAG(s) 'example_complex' retrieved from /home/airflow/.local/lib/python3.12/site-packages/airflow/example_dags/example_complex.py
[2024-06-27T11:56:27.646+0000] {logging_mixin.py:188} INFO - [2024-06-27T11:56:27.646+0000] {dag.py:3096} INFO - Sync 1 DAGs
[2024-06-27T11:56:27.654+0000] {logging_mixin.py:188} INFO - [2024-06-27T11:56:27.654+0000] {dag.py:3954} INFO - Setting next_dagrun for example_complex to None, run_after=None
[2024-06-27T11:56:27.664+0000] {processor.py:183} INFO - Processing /home/airflow/.local/lib/python3.12/site-packages/airflow/example_dags/example_complex.py took 0.046 seconds
[2024-06-27T11:56:59.144+0000] {processor.py:161} INFO - Started process (PID=1908) to work on /home/airflow/.local/lib/python3.12/site-packages/airflow/example_dags/example_complex.py
[2024-06-27T11:56:59.144+0000] {processor.py:830} INFO - Processing file /home/airflow/.local/lib/python3.12/site-packages/airflow/example_dags/example_complex.py for tasks to queue
[2024-06-27T11:56:59.145+0000] {logging_mixin.py:188} INFO - [2024-06-27T11:56:59.145+0000] {dagbag.py:545} INFO - Filling up the DagBag from /home/airflow/.local/lib/python3.12/site-packages/airflow/example_dags/example_complex.py
[2024-06-27T11:56:59.150+0000] {processor.py:840} INFO - DAG(s) 'example_complex' retrieved from /home/airflow/.local/lib/python3.12/site-packages/airflow/example_dags/example_complex.py
[2024-06-27T11:56:59.167+0000] {logging_mixin.py:188} INFO - [2024-06-27T11:56:59.167+0000] {dag.py:3096} INFO - Sync 1 DAGs
[2024-06-27T11:56:59.174+0000] {logging_mixin.py:188} INFO - [2024-06-27T11:56:59.174+0000] {dag.py:3954} INFO - Setting next_dagrun for example_complex to None, run_after=None
[2024-06-27T11:56:59.184+0000] {processor.py:183} INFO - Processing /home/airflow/.local/lib/python3.12/site-packages/airflow/example_dags/example_complex.py took 0.044 seconds
[2024-06-27T11:57:30.052+0000] {processor.py:161} INFO - Started process (PID=1967) to work on /home/airflow/.local/lib/python3.12/site-packages/airflow/example_dags/example_complex.py
[2024-06-27T11:57:30.053+0000] {processor.py:830} INFO - Processing file /home/airflow/.local/lib/python3.12/site-packages/airflow/example_dags/example_complex.py for tasks to queue
[2024-06-27T11:57:30.054+0000] {logging_mixin.py:188} INFO - [2024-06-27T11:57:30.054+0000] {dagbag.py:545} INFO - Filling up the DagBag from /home/airflow/.local/lib/python3.12/site-packages/airflow/example_dags/example_complex.py
[2024-06-27T11:57:30.059+0000] {processor.py:840} INFO - DAG(s) 'example_complex' retrieved from /home/airflow/.local/lib/python3.12/site-packages/airflow/example_dags/example_complex.py
[2024-06-27T11:57:30.078+0000] {logging_mixin.py:188} INFO - [2024-06-27T11:57:30.077+0000] {dag.py:3096} INFO - Sync 1 DAGs
[2024-06-27T11:57:30.085+0000] {logging_mixin.py:188} INFO - [2024-06-27T11:57:30.085+0000] {dag.py:3954} INFO - Setting next_dagrun for example_complex to None, run_after=None
[2024-06-27T11:57:30.096+0000] {processor.py:183} INFO - Processing /home/airflow/.local/lib/python3.12/site-packages/airflow/example_dags/example_complex.py took 0.048 seconds
[2024-06-27T11:58:00.831+0000] {processor.py:161} INFO - Started process (PID=2026) to work on /home/airflow/.local/lib/python3.12/site-packages/airflow/example_dags/example_complex.py
[2024-06-27T11:58:00.832+0000] {processor.py:830} INFO - Processing file /home/airflow/.local/lib/python3.12/site-packages/airflow/example_dags/example_complex.py for tasks to queue
[2024-06-27T11:58:00.832+0000] {logging_mixin.py:188} INFO - [2024-06-27T11:58:00.832+0000] {dagbag.py:545} INFO - Filling up the DagBag from /home/airflow/.local/lib/python3.12/site-packages/airflow/example_dags/example_complex.py
[2024-06-27T11:58:00.838+0000] {processor.py:840} INFO - DAG(s) 'example_complex' retrieved from /home/airflow/.local/lib/python3.12/site-packages/airflow/example_dags/example_complex.py
[2024-06-27T11:58:00.855+0000] {logging_mixin.py:188} INFO - [2024-06-27T11:58:00.855+0000] {dag.py:3096} INFO - Sync 1 DAGs
[2024-06-27T11:58:00.862+0000] {logging_mixin.py:188} INFO - [2024-06-27T11:58:00.862+0000] {dag.py:3954} INFO - Setting next_dagrun for example_complex to None, run_after=None
[2024-06-27T11:58:00.872+0000] {processor.py:183} INFO - Processing /home/airflow/.local/lib/python3.12/site-packages/airflow/example_dags/example_complex.py took 0.045 seconds
[2024-06-27T11:58:31.530+0000] {processor.py:161} INFO - Started process (PID=2085) to work on /home/airflow/.local/lib/python3.12/site-packages/airflow/example_dags/example_complex.py
[2024-06-27T11:58:31.530+0000] {processor.py:830} INFO - Processing file /home/airflow/.local/lib/python3.12/site-packages/airflow/example_dags/example_complex.py for tasks to queue
[2024-06-27T11:58:31.531+0000] {logging_mixin.py:188} INFO - [2024-06-27T11:58:31.531+0000] {dagbag.py:545} INFO - Filling up the DagBag from /home/airflow/.local/lib/python3.12/site-packages/airflow/example_dags/example_complex.py
[2024-06-27T11:58:31.537+0000] {processor.py:840} INFO - DAG(s) 'example_complex' retrieved from /home/airflow/.local/lib/python3.12/site-packages/airflow/example_dags/example_complex.py
[2024-06-27T11:58:31.554+0000] {logging_mixin.py:188} INFO - [2024-06-27T11:58:31.554+0000] {dag.py:3096} INFO - Sync 1 DAGs
[2024-06-27T11:58:31.561+0000] {logging_mixin.py:188} INFO - [2024-06-27T11:58:31.561+0000] {dag.py:3954} INFO - Setting next_dagrun for example_complex to None, run_after=None
[2024-06-27T11:58:31.572+0000] {processor.py:183} INFO - Processing /home/airflow/.local/lib/python3.12/site-packages/airflow/example_dags/example_complex.py took 0.045 seconds
[2024-06-27T11:59:02.251+0000] {processor.py:161} INFO - Started process (PID=2144) to work on /home/airflow/.local/lib/python3.12/site-packages/airflow/example_dags/example_complex.py
[2024-06-27T11:59:02.252+0000] {processor.py:830} INFO - Processing file /home/airflow/.local/lib/python3.12/site-packages/airflow/example_dags/example_complex.py for tasks to queue
[2024-06-27T11:59:02.253+0000] {logging_mixin.py:188} INFO - [2024-06-27T11:59:02.253+0000] {dagbag.py:545} INFO - Filling up the DagBag from /home/airflow/.local/lib/python3.12/site-packages/airflow/example_dags/example_complex.py
[2024-06-27T11:59:02.258+0000] {processor.py:840} INFO - DAG(s) 'example_complex' retrieved from /home/airflow/.local/lib/python3.12/site-packages/airflow/example_dags/example_complex.py
[2024-06-27T11:59:02.276+0000] {logging_mixin.py:188} INFO - [2024-06-27T11:59:02.276+0000] {dag.py:3096} INFO - Sync 1 DAGs
[2024-06-27T11:59:02.283+0000] {logging_mixin.py:188} INFO - [2024-06-27T11:59:02.283+0000] {dag.py:3954} INFO - Setting next_dagrun for example_complex to None, run_after=None
[2024-06-27T11:59:02.296+0000] {processor.py:183} INFO - Processing /home/airflow/.local/lib/python3.12/site-packages/airflow/example_dags/example_complex.py took 0.048 seconds
[2024-06-27T11:59:33.002+0000] {processor.py:161} INFO - Started process (PID=2203) to work on /home/airflow/.local/lib/python3.12/site-packages/airflow/example_dags/example_complex.py
[2024-06-27T11:59:33.003+0000] {processor.py:830} INFO - Processing file /home/airflow/.local/lib/python3.12/site-packages/airflow/example_dags/example_complex.py for tasks to queue
[2024-06-27T11:59:33.003+0000] {logging_mixin.py:188} INFO - [2024-06-27T11:59:33.003+0000] {dagbag.py:545} INFO - Filling up the DagBag from /home/airflow/.local/lib/python3.12/site-packages/airflow/example_dags/example_complex.py
[2024-06-27T11:59:33.009+0000] {processor.py:840} INFO - DAG(s) 'example_complex' retrieved from /home/airflow/.local/lib/python3.12/site-packages/airflow/example_dags/example_complex.py
[2024-06-27T11:59:33.026+0000] {logging_mixin.py:188} INFO - [2024-06-27T11:59:33.026+0000] {dag.py:3096} INFO - Sync 1 DAGs
[2024-06-27T11:59:33.033+0000] {logging_mixin.py:188} INFO - [2024-06-27T11:59:33.033+0000] {dag.py:3954} INFO - Setting next_dagrun for example_complex to None, run_after=None
[2024-06-27T11:59:33.043+0000] {processor.py:183} INFO - Processing /home/airflow/.local/lib/python3.12/site-packages/airflow/example_dags/example_complex.py took 0.044 seconds
[2024-06-27T12:00:03.734+0000] {processor.py:161} INFO - Started process (PID=2262) to work on /home/airflow/.local/lib/python3.12/site-packages/airflow/example_dags/example_complex.py
[2024-06-27T12:00:03.735+0000] {processor.py:830} INFO - Processing file /home/airflow/.local/lib/python3.12/site-packages/airflow/example_dags/example_complex.py for tasks to queue
[2024-06-27T12:00:03.736+0000] {logging_mixin.py:188} INFO - [2024-06-27T12:00:03.736+0000] {dagbag.py:545} INFO - Filling up the DagBag from /home/airflow/.local/lib/python3.12/site-packages/airflow/example_dags/example_complex.py
[2024-06-27T12:00:03.741+0000] {processor.py:840} INFO - DAG(s) 'example_complex' retrieved from /home/airflow/.local/lib/python3.12/site-packages/airflow/example_dags/example_complex.py
[2024-06-27T12:00:03.759+0000] {logging_mixin.py:188} INFO - [2024-06-27T12:00:03.758+0000] {dag.py:3096} INFO - Sync 1 DAGs
[2024-06-27T12:00:03.765+0000] {logging_mixin.py:188} INFO - [2024-06-27T12:00:03.765+0000] {dag.py:3954} INFO - Setting next_dagrun for example_complex to None, run_after=None
[2024-06-27T12:00:03.776+0000] {processor.py:183} INFO - Processing /home/airflow/.local/lib/python3.12/site-packages/airflow/example_dags/example_complex.py took 0.045 seconds
[2024-06-27T12:00:34.465+0000] {processor.py:161} INFO - Started process (PID=2321) to work on /home/airflow/.local/lib/python3.12/site-packages/airflow/example_dags/example_complex.py
[2024-06-27T12:00:34.466+0000] {processor.py:830} INFO - Processing file /home/airflow/.local/lib/python3.12/site-packages/airflow/example_dags/example_complex.py for tasks to queue
[2024-06-27T12:00:34.466+0000] {logging_mixin.py:188} INFO - [2024-06-27T12:00:34.466+0000] {dagbag.py:545} INFO - Filling up the DagBag from /home/airflow/.local/lib/python3.12/site-packages/airflow/example_dags/example_complex.py
[2024-06-27T12:00:34.472+0000] {processor.py:840} INFO - DAG(s) 'example_complex' retrieved from /home/airflow/.local/lib/python3.12/site-packages/airflow/example_dags/example_complex.py
[2024-06-27T12:00:34.489+0000] {logging_mixin.py:188} INFO - [2024-06-27T12:00:34.489+0000] {dag.py:3096} INFO - Sync 1 DAGs
[2024-06-27T12:00:34.496+0000] {logging_mixin.py:188} INFO - [2024-06-27T12:00:34.496+0000] {dag.py:3954} INFO - Setting next_dagrun for example_complex to None, run_after=None
[2024-06-27T12:00:34.506+0000] {processor.py:183} INFO - Processing /home/airflow/.local/lib/python3.12/site-packages/airflow/example_dags/example_complex.py took 0.044 seconds
[2024-06-27T12:01:05.213+0000] {processor.py:161} INFO - Started process (PID=2380) to work on /home/airflow/.local/lib/python3.12/site-packages/airflow/example_dags/example_complex.py
[2024-06-27T12:01:05.214+0000] {processor.py:830} INFO - Processing file /home/airflow/.local/lib/python3.12/site-packages/airflow/example_dags/example_complex.py for tasks to queue
[2024-06-27T12:01:05.215+0000] {logging_mixin.py:188} INFO - [2024-06-27T12:01:05.215+0000] {dagbag.py:545} INFO - Filling up the DagBag from /home/airflow/.local/lib/python3.12/site-packages/airflow/example_dags/example_complex.py
[2024-06-27T12:01:05.220+0000] {processor.py:840} INFO - DAG(s) 'example_complex' retrieved from /home/airflow/.local/lib/python3.12/site-packages/airflow/example_dags/example_complex.py
[2024-06-27T12:01:05.237+0000] {logging_mixin.py:188} INFO - [2024-06-27T12:01:05.237+0000] {dag.py:3096} INFO - Sync 1 DAGs
[2024-06-27T12:01:05.244+0000] {logging_mixin.py:188} INFO - [2024-06-27T12:01:05.244+0000] {dag.py:3954} INFO - Setting next_dagrun for example_complex to None, run_after=None
[2024-06-27T12:01:05.255+0000] {processor.py:183} INFO - Processing /home/airflow/.local/lib/python3.12/site-packages/airflow/example_dags/example_complex.py took 0.045 seconds
[2024-06-27T12:01:36.133+0000] {processor.py:161} INFO - Started process (PID=2439) to work on /home/airflow/.local/lib/python3.12/site-packages/airflow/example_dags/example_complex.py
[2024-06-27T12:01:36.134+0000] {processor.py:830} INFO - Processing file /home/airflow/.local/lib/python3.12/site-packages/airflow/example_dags/example_complex.py for tasks to queue
[2024-06-27T12:01:36.134+0000] {logging_mixin.py:188} INFO - [2024-06-27T12:01:36.134+0000] {dagbag.py:545} INFO - Filling up the DagBag from /home/airflow/.local/lib/python3.12/site-packages/airflow/example_dags/example_complex.py
[2024-06-27T12:01:36.140+0000] {processor.py:840} INFO - DAG(s) 'example_complex' retrieved from /home/airflow/.local/lib/python3.12/site-packages/airflow/example_dags/example_complex.py
[2024-06-27T12:01:36.162+0000] {logging_mixin.py:188} INFO - [2024-06-27T12:01:36.162+0000] {dag.py:3096} INFO - Sync 1 DAGs
[2024-06-27T12:01:36.169+0000] {logging_mixin.py:188} INFO - [2024-06-27T12:01:36.169+0000] {dag.py:3954} INFO - Setting next_dagrun for example_complex to None, run_after=None
[2024-06-27T12:01:36.182+0000] {processor.py:183} INFO - Processing /home/airflow/.local/lib/python3.12/site-packages/airflow/example_dags/example_complex.py took 0.053 seconds
