[2024-06-27T11:41:03.245+0000] {processor.py:161} INFO - Started process (PID=41) to work on /home/airflow/.local/lib/python3.12/site-packages/airflow/example_dags/example_latest_only.py
[2024-06-27T11:41:03.245+0000] {processor.py:830} INFO - Processing file /home/airflow/.local/lib/python3.12/site-packages/airflow/example_dags/example_latest_only.py for tasks to queue
[2024-06-27T11:41:03.246+0000] {logging_mixin.py:188} INFO - [2024-06-27T11:41:03.246+0000] {dagbag.py:545} INFO - Filling up the DagBag from /home/airflow/.local/lib/python3.12/site-packages/airflow/example_dags/example_latest_only.py
[2024-06-27T11:41:03.250+0000] {processor.py:840} INFO - DAG(s) 'latest_only' retrieved from /home/airflow/.local/lib/python3.12/site-packages/airflow/example_dags/example_latest_only.py
[2024-06-27T11:41:03.257+0000] {logging_mixin.py:188} INFO - [2024-06-27T11:41:03.256+0000] {dag.py:3096} INFO - Sync 1 DAGs
[2024-06-27T11:41:03.271+0000] {logging_mixin.py:188} INFO - [2024-06-27T11:41:03.271+0000] {dag.py:3954} INFO - Setting next_dagrun for latest_only to 2024-06-27 04:00:00+00:00, run_after=2024-06-27 08:00:00+00:00
[2024-06-27T11:41:03.281+0000] {processor.py:183} INFO - Processing /home/airflow/.local/lib/python3.12/site-packages/airflow/example_dags/example_latest_only.py took 0.040 seconds
[2024-06-27T11:41:34.002+0000] {processor.py:161} INFO - Started process (PID=99) to work on /home/airflow/.local/lib/python3.12/site-packages/airflow/example_dags/example_latest_only.py
[2024-06-27T11:41:34.002+0000] {processor.py:830} INFO - Processing file /home/airflow/.local/lib/python3.12/site-packages/airflow/example_dags/example_latest_only.py for tasks to queue
[2024-06-27T11:41:34.003+0000] {logging_mixin.py:188} INFO - [2024-06-27T11:41:34.003+0000] {dagbag.py:545} INFO - Filling up the DagBag from /home/airflow/.local/lib/python3.12/site-packages/airflow/example_dags/example_latest_only.py
[2024-06-27T11:41:34.006+0000] {processor.py:840} INFO - DAG(s) 'latest_only' retrieved from /home/airflow/.local/lib/python3.12/site-packages/airflow/example_dags/example_latest_only.py
[2024-06-27T11:41:34.060+0000] {logging_mixin.py:188} INFO - [2024-06-27T11:41:34.060+0000] {dag.py:3096} INFO - Sync 1 DAGs
[2024-06-27T11:41:34.071+0000] {logging_mixin.py:188} INFO - [2024-06-27T11:41:34.071+0000] {dag.py:3954} INFO - Setting next_dagrun for latest_only to 2024-06-27 04:00:00+00:00, run_after=2024-06-27 08:00:00+00:00
[2024-06-27T11:41:34.081+0000] {processor.py:183} INFO - Processing /home/airflow/.local/lib/python3.12/site-packages/airflow/example_dags/example_latest_only.py took 0.083 seconds
[2024-06-27T11:42:04.739+0000] {processor.py:161} INFO - Started process (PID=157) to work on /home/airflow/.local/lib/python3.12/site-packages/airflow/example_dags/example_latest_only.py
[2024-06-27T11:42:04.740+0000] {processor.py:830} INFO - Processing file /home/airflow/.local/lib/python3.12/site-packages/airflow/example_dags/example_latest_only.py for tasks to queue
[2024-06-27T11:42:04.741+0000] {logging_mixin.py:188} INFO - [2024-06-27T11:42:04.741+0000] {dagbag.py:545} INFO - Filling up the DagBag from /home/airflow/.local/lib/python3.12/site-packages/airflow/example_dags/example_latest_only.py
[2024-06-27T11:42:04.744+0000] {processor.py:840} INFO - DAG(s) 'latest_only' retrieved from /home/airflow/.local/lib/python3.12/site-packages/airflow/example_dags/example_latest_only.py
[2024-06-27T11:42:04.754+0000] {logging_mixin.py:188} INFO - [2024-06-27T11:42:04.754+0000] {dag.py:3096} INFO - Sync 1 DAGs
[2024-06-27T11:42:04.767+0000] {logging_mixin.py:188} INFO - [2024-06-27T11:42:04.766+0000] {dag.py:3954} INFO - Setting next_dagrun for latest_only to 2024-06-27 04:00:00+00:00, run_after=2024-06-27 08:00:00+00:00
[2024-06-27T11:42:04.777+0000] {processor.py:183} INFO - Processing /home/airflow/.local/lib/python3.12/site-packages/airflow/example_dags/example_latest_only.py took 0.042 seconds
[2024-06-27T11:42:35.632+0000] {processor.py:161} INFO - Started process (PID=215) to work on /home/airflow/.local/lib/python3.12/site-packages/airflow/example_dags/example_latest_only.py
[2024-06-27T11:42:35.633+0000] {processor.py:830} INFO - Processing file /home/airflow/.local/lib/python3.12/site-packages/airflow/example_dags/example_latest_only.py for tasks to queue
[2024-06-27T11:42:35.634+0000] {logging_mixin.py:188} INFO - [2024-06-27T11:42:35.634+0000] {dagbag.py:545} INFO - Filling up the DagBag from /home/airflow/.local/lib/python3.12/site-packages/airflow/example_dags/example_latest_only.py
[2024-06-27T11:42:35.637+0000] {processor.py:840} INFO - DAG(s) 'latest_only' retrieved from /home/airflow/.local/lib/python3.12/site-packages/airflow/example_dags/example_latest_only.py
[2024-06-27T11:42:35.647+0000] {logging_mixin.py:188} INFO - [2024-06-27T11:42:35.647+0000] {dag.py:3096} INFO - Sync 1 DAGs
[2024-06-27T11:42:35.661+0000] {logging_mixin.py:188} INFO - [2024-06-27T11:42:35.661+0000] {dag.py:3954} INFO - Setting next_dagrun for latest_only to 2024-06-27 04:00:00+00:00, run_after=2024-06-27 08:00:00+00:00
[2024-06-27T11:42:35.672+0000] {processor.py:183} INFO - Processing /home/airflow/.local/lib/python3.12/site-packages/airflow/example_dags/example_latest_only.py took 0.044 seconds
[2024-06-27T11:43:05.877+0000] {processor.py:161} INFO - Started process (PID=273) to work on /home/airflow/.local/lib/python3.12/site-packages/airflow/example_dags/example_latest_only.py
[2024-06-27T11:43:05.878+0000] {processor.py:830} INFO - Processing file /home/airflow/.local/lib/python3.12/site-packages/airflow/example_dags/example_latest_only.py for tasks to queue
[2024-06-27T11:43:05.879+0000] {logging_mixin.py:188} INFO - [2024-06-27T11:43:05.879+0000] {dagbag.py:545} INFO - Filling up the DagBag from /home/airflow/.local/lib/python3.12/site-packages/airflow/example_dags/example_latest_only.py
[2024-06-27T11:43:05.882+0000] {processor.py:840} INFO - DAG(s) 'latest_only' retrieved from /home/airflow/.local/lib/python3.12/site-packages/airflow/example_dags/example_latest_only.py
[2024-06-27T11:43:05.892+0000] {logging_mixin.py:188} INFO - [2024-06-27T11:43:05.892+0000] {dag.py:3096} INFO - Sync 1 DAGs
[2024-06-27T11:43:05.905+0000] {logging_mixin.py:188} INFO - [2024-06-27T11:43:05.905+0000] {dag.py:3954} INFO - Setting next_dagrun for latest_only to 2024-06-27 04:00:00+00:00, run_after=2024-06-27 08:00:00+00:00
[2024-06-27T11:43:05.917+0000] {processor.py:183} INFO - Processing /home/airflow/.local/lib/python3.12/site-packages/airflow/example_dags/example_latest_only.py took 0.044 seconds
[2024-06-27T11:43:36.751+0000] {processor.py:161} INFO - Started process (PID=331) to work on /home/airflow/.local/lib/python3.12/site-packages/airflow/example_dags/example_latest_only.py
[2024-06-27T11:43:36.752+0000] {processor.py:830} INFO - Processing file /home/airflow/.local/lib/python3.12/site-packages/airflow/example_dags/example_latest_only.py for tasks to queue
[2024-06-27T11:43:36.753+0000] {logging_mixin.py:188} INFO - [2024-06-27T11:43:36.752+0000] {dagbag.py:545} INFO - Filling up the DagBag from /home/airflow/.local/lib/python3.12/site-packages/airflow/example_dags/example_latest_only.py
[2024-06-27T11:43:36.756+0000] {processor.py:840} INFO - DAG(s) 'latest_only' retrieved from /home/airflow/.local/lib/python3.12/site-packages/airflow/example_dags/example_latest_only.py
[2024-06-27T11:43:36.767+0000] {logging_mixin.py:188} INFO - [2024-06-27T11:43:36.766+0000] {dag.py:3096} INFO - Sync 1 DAGs
[2024-06-27T11:43:36.779+0000] {logging_mixin.py:188} INFO - [2024-06-27T11:43:36.779+0000] {dag.py:3954} INFO - Setting next_dagrun for latest_only to 2024-06-27 04:00:00+00:00, run_after=2024-06-27 08:00:00+00:00
[2024-06-27T11:43:36.791+0000] {processor.py:183} INFO - Processing /home/airflow/.local/lib/python3.12/site-packages/airflow/example_dags/example_latest_only.py took 0.043 seconds
[2024-06-27T11:44:07.460+0000] {processor.py:161} INFO - Started process (PID=389) to work on /home/airflow/.local/lib/python3.12/site-packages/airflow/example_dags/example_latest_only.py
[2024-06-27T11:44:07.461+0000] {processor.py:830} INFO - Processing file /home/airflow/.local/lib/python3.12/site-packages/airflow/example_dags/example_latest_only.py for tasks to queue
[2024-06-27T11:44:07.462+0000] {logging_mixin.py:188} INFO - [2024-06-27T11:44:07.462+0000] {dagbag.py:545} INFO - Filling up the DagBag from /home/airflow/.local/lib/python3.12/site-packages/airflow/example_dags/example_latest_only.py
[2024-06-27T11:44:07.464+0000] {processor.py:840} INFO - DAG(s) 'latest_only' retrieved from /home/airflow/.local/lib/python3.12/site-packages/airflow/example_dags/example_latest_only.py
[2024-06-27T11:44:07.474+0000] {logging_mixin.py:188} INFO - [2024-06-27T11:44:07.474+0000] {dag.py:3096} INFO - Sync 1 DAGs
[2024-06-27T11:44:07.486+0000] {logging_mixin.py:188} INFO - [2024-06-27T11:44:07.486+0000] {dag.py:3954} INFO - Setting next_dagrun for latest_only to 2024-06-27 04:00:00+00:00, run_after=2024-06-27 08:00:00+00:00
[2024-06-27T11:44:07.496+0000] {processor.py:183} INFO - Processing /home/airflow/.local/lib/python3.12/site-packages/airflow/example_dags/example_latest_only.py took 0.039 seconds
[2024-06-27T11:44:38.241+0000] {processor.py:161} INFO - Started process (PID=447) to work on /home/airflow/.local/lib/python3.12/site-packages/airflow/example_dags/example_latest_only.py
[2024-06-27T11:44:38.241+0000] {processor.py:830} INFO - Processing file /home/airflow/.local/lib/python3.12/site-packages/airflow/example_dags/example_latest_only.py for tasks to queue
[2024-06-27T11:44:38.242+0000] {logging_mixin.py:188} INFO - [2024-06-27T11:44:38.242+0000] {dagbag.py:545} INFO - Filling up the DagBag from /home/airflow/.local/lib/python3.12/site-packages/airflow/example_dags/example_latest_only.py
[2024-06-27T11:44:38.245+0000] {processor.py:840} INFO - DAG(s) 'latest_only' retrieved from /home/airflow/.local/lib/python3.12/site-packages/airflow/example_dags/example_latest_only.py
[2024-06-27T11:44:38.255+0000] {logging_mixin.py:188} INFO - [2024-06-27T11:44:38.255+0000] {dag.py:3096} INFO - Sync 1 DAGs
[2024-06-27T11:44:38.267+0000] {logging_mixin.py:188} INFO - [2024-06-27T11:44:38.267+0000] {dag.py:3954} INFO - Setting next_dagrun for latest_only to 2024-06-27 04:00:00+00:00, run_after=2024-06-27 08:00:00+00:00
[2024-06-27T11:44:38.278+0000] {processor.py:183} INFO - Processing /home/airflow/.local/lib/python3.12/site-packages/airflow/example_dags/example_latest_only.py took 0.040 seconds
[2024-06-27T11:45:09.066+0000] {processor.py:161} INFO - Started process (PID=505) to work on /home/airflow/.local/lib/python3.12/site-packages/airflow/example_dags/example_latest_only.py
[2024-06-27T11:45:09.067+0000] {processor.py:830} INFO - Processing file /home/airflow/.local/lib/python3.12/site-packages/airflow/example_dags/example_latest_only.py for tasks to queue
[2024-06-27T11:45:09.067+0000] {logging_mixin.py:188} INFO - [2024-06-27T11:45:09.067+0000] {dagbag.py:545} INFO - Filling up the DagBag from /home/airflow/.local/lib/python3.12/site-packages/airflow/example_dags/example_latest_only.py
[2024-06-27T11:45:09.070+0000] {processor.py:840} INFO - DAG(s) 'latest_only' retrieved from /home/airflow/.local/lib/python3.12/site-packages/airflow/example_dags/example_latest_only.py
[2024-06-27T11:45:09.080+0000] {logging_mixin.py:188} INFO - [2024-06-27T11:45:09.080+0000] {dag.py:3096} INFO - Sync 1 DAGs
[2024-06-27T11:45:09.092+0000] {logging_mixin.py:188} INFO - [2024-06-27T11:45:09.092+0000] {dag.py:3954} INFO - Setting next_dagrun for latest_only to 2024-06-27 04:00:00+00:00, run_after=2024-06-27 08:00:00+00:00
[2024-06-27T11:45:09.103+0000] {processor.py:183} INFO - Processing /home/airflow/.local/lib/python3.12/site-packages/airflow/example_dags/example_latest_only.py took 0.040 seconds
[2024-06-27T11:45:39.939+0000] {processor.py:161} INFO - Started process (PID=563) to work on /home/airflow/.local/lib/python3.12/site-packages/airflow/example_dags/example_latest_only.py
[2024-06-27T11:45:39.940+0000] {processor.py:830} INFO - Processing file /home/airflow/.local/lib/python3.12/site-packages/airflow/example_dags/example_latest_only.py for tasks to queue
[2024-06-27T11:45:39.941+0000] {logging_mixin.py:188} INFO - [2024-06-27T11:45:39.941+0000] {dagbag.py:545} INFO - Filling up the DagBag from /home/airflow/.local/lib/python3.12/site-packages/airflow/example_dags/example_latest_only.py
[2024-06-27T11:45:39.943+0000] {processor.py:840} INFO - DAG(s) 'latest_only' retrieved from /home/airflow/.local/lib/python3.12/site-packages/airflow/example_dags/example_latest_only.py
[2024-06-27T11:45:39.954+0000] {logging_mixin.py:188} INFO - [2024-06-27T11:45:39.954+0000] {dag.py:3096} INFO - Sync 1 DAGs
[2024-06-27T11:45:39.965+0000] {logging_mixin.py:188} INFO - [2024-06-27T11:45:39.965+0000] {dag.py:3954} INFO - Setting next_dagrun for latest_only to 2024-06-27 04:00:00+00:00, run_after=2024-06-27 08:00:00+00:00
[2024-06-27T11:45:39.976+0000] {processor.py:183} INFO - Processing /home/airflow/.local/lib/python3.12/site-packages/airflow/example_dags/example_latest_only.py took 0.040 seconds
[2024-06-27T11:46:10.680+0000] {processor.py:161} INFO - Started process (PID=622) to work on /home/airflow/.local/lib/python3.12/site-packages/airflow/example_dags/example_latest_only.py
[2024-06-27T11:46:10.681+0000] {processor.py:830} INFO - Processing file /home/airflow/.local/lib/python3.12/site-packages/airflow/example_dags/example_latest_only.py for tasks to queue
[2024-06-27T11:46:10.682+0000] {logging_mixin.py:188} INFO - [2024-06-27T11:46:10.682+0000] {dagbag.py:545} INFO - Filling up the DagBag from /home/airflow/.local/lib/python3.12/site-packages/airflow/example_dags/example_latest_only.py
[2024-06-27T11:46:10.684+0000] {processor.py:840} INFO - DAG(s) 'latest_only' retrieved from /home/airflow/.local/lib/python3.12/site-packages/airflow/example_dags/example_latest_only.py
[2024-06-27T11:46:10.695+0000] {logging_mixin.py:188} INFO - [2024-06-27T11:46:10.695+0000] {dag.py:3096} INFO - Sync 1 DAGs
[2024-06-27T11:46:10.708+0000] {logging_mixin.py:188} INFO - [2024-06-27T11:46:10.708+0000] {dag.py:3954} INFO - Setting next_dagrun for latest_only to 2024-06-27 04:00:00+00:00, run_after=2024-06-27 08:00:00+00:00
[2024-06-27T11:46:10.720+0000] {processor.py:183} INFO - Processing /home/airflow/.local/lib/python3.12/site-packages/airflow/example_dags/example_latest_only.py took 0.043 seconds
[2024-06-27T11:46:41.624+0000] {processor.py:161} INFO - Started process (PID=686) to work on /home/airflow/.local/lib/python3.12/site-packages/airflow/example_dags/example_latest_only.py
[2024-06-27T11:46:41.625+0000] {processor.py:830} INFO - Processing file /home/airflow/.local/lib/python3.12/site-packages/airflow/example_dags/example_latest_only.py for tasks to queue
[2024-06-27T11:46:41.626+0000] {logging_mixin.py:188} INFO - [2024-06-27T11:46:41.625+0000] {dagbag.py:545} INFO - Filling up the DagBag from /home/airflow/.local/lib/python3.12/site-packages/airflow/example_dags/example_latest_only.py
[2024-06-27T11:46:41.628+0000] {processor.py:840} INFO - DAG(s) 'latest_only' retrieved from /home/airflow/.local/lib/python3.12/site-packages/airflow/example_dags/example_latest_only.py
[2024-06-27T11:46:41.639+0000] {logging_mixin.py:188} INFO - [2024-06-27T11:46:41.639+0000] {dag.py:3096} INFO - Sync 1 DAGs
[2024-06-27T11:46:41.651+0000] {logging_mixin.py:188} INFO - [2024-06-27T11:46:41.651+0000] {dag.py:3954} INFO - Setting next_dagrun for latest_only to 2024-06-27 04:00:00+00:00, run_after=2024-06-27 08:00:00+00:00
[2024-06-27T11:46:41.662+0000] {processor.py:183} INFO - Processing /home/airflow/.local/lib/python3.12/site-packages/airflow/example_dags/example_latest_only.py took 0.041 seconds
[2024-06-27T11:47:12.486+0000] {processor.py:161} INFO - Started process (PID=747) to work on /home/airflow/.local/lib/python3.12/site-packages/airflow/example_dags/example_latest_only.py
[2024-06-27T11:47:12.487+0000] {processor.py:830} INFO - Processing file /home/airflow/.local/lib/python3.12/site-packages/airflow/example_dags/example_latest_only.py for tasks to queue
[2024-06-27T11:47:12.488+0000] {logging_mixin.py:188} INFO - [2024-06-27T11:47:12.488+0000] {dagbag.py:545} INFO - Filling up the DagBag from /home/airflow/.local/lib/python3.12/site-packages/airflow/example_dags/example_latest_only.py
[2024-06-27T11:47:12.491+0000] {processor.py:840} INFO - DAG(s) 'latest_only' retrieved from /home/airflow/.local/lib/python3.12/site-packages/airflow/example_dags/example_latest_only.py
[2024-06-27T11:47:12.501+0000] {logging_mixin.py:188} INFO - [2024-06-27T11:47:12.501+0000] {dag.py:3096} INFO - Sync 1 DAGs
[2024-06-27T11:47:12.513+0000] {logging_mixin.py:188} INFO - [2024-06-27T11:47:12.513+0000] {dag.py:3954} INFO - Setting next_dagrun for latest_only to 2024-06-27 04:00:00+00:00, run_after=2024-06-27 08:00:00+00:00
[2024-06-27T11:47:12.523+0000] {processor.py:183} INFO - Processing /home/airflow/.local/lib/python3.12/site-packages/airflow/example_dags/example_latest_only.py took 0.040 seconds
[2024-06-27T11:47:43.526+0000] {processor.py:161} INFO - Started process (PID=806) to work on /home/airflow/.local/lib/python3.12/site-packages/airflow/example_dags/example_latest_only.py
[2024-06-27T11:47:43.527+0000] {processor.py:830} INFO - Processing file /home/airflow/.local/lib/python3.12/site-packages/airflow/example_dags/example_latest_only.py for tasks to queue
[2024-06-27T11:47:43.528+0000] {logging_mixin.py:188} INFO - [2024-06-27T11:47:43.528+0000] {dagbag.py:545} INFO - Filling up the DagBag from /home/airflow/.local/lib/python3.12/site-packages/airflow/example_dags/example_latest_only.py
[2024-06-27T11:47:43.531+0000] {processor.py:840} INFO - DAG(s) 'latest_only' retrieved from /home/airflow/.local/lib/python3.12/site-packages/airflow/example_dags/example_latest_only.py
[2024-06-27T11:47:43.541+0000] {logging_mixin.py:188} INFO - [2024-06-27T11:47:43.541+0000] {dag.py:3096} INFO - Sync 1 DAGs
[2024-06-27T11:47:43.554+0000] {logging_mixin.py:188} INFO - [2024-06-27T11:47:43.553+0000] {dag.py:3954} INFO - Setting next_dagrun for latest_only to 2024-06-27 04:00:00+00:00, run_after=2024-06-27 08:00:00+00:00
[2024-06-27T11:47:43.564+0000] {processor.py:183} INFO - Processing /home/airflow/.local/lib/python3.12/site-packages/airflow/example_dags/example_latest_only.py took 0.041 seconds
[2024-06-27T11:48:13.717+0000] {processor.py:161} INFO - Started process (PID=865) to work on /home/airflow/.local/lib/python3.12/site-packages/airflow/example_dags/example_latest_only.py
[2024-06-27T11:48:13.718+0000] {processor.py:830} INFO - Processing file /home/airflow/.local/lib/python3.12/site-packages/airflow/example_dags/example_latest_only.py for tasks to queue
[2024-06-27T11:48:13.719+0000] {logging_mixin.py:188} INFO - [2024-06-27T11:48:13.719+0000] {dagbag.py:545} INFO - Filling up the DagBag from /home/airflow/.local/lib/python3.12/site-packages/airflow/example_dags/example_latest_only.py
[2024-06-27T11:48:13.722+0000] {processor.py:840} INFO - DAG(s) 'latest_only' retrieved from /home/airflow/.local/lib/python3.12/site-packages/airflow/example_dags/example_latest_only.py
[2024-06-27T11:48:13.732+0000] {logging_mixin.py:188} INFO - [2024-06-27T11:48:13.731+0000] {dag.py:3096} INFO - Sync 1 DAGs
[2024-06-27T11:48:13.743+0000] {logging_mixin.py:188} INFO - [2024-06-27T11:48:13.743+0000] {dag.py:3954} INFO - Setting next_dagrun for latest_only to 2024-06-27 04:00:00+00:00, run_after=2024-06-27 08:00:00+00:00
[2024-06-27T11:48:13.752+0000] {processor.py:183} INFO - Processing /home/airflow/.local/lib/python3.12/site-packages/airflow/example_dags/example_latest_only.py took 0.038 seconds
[2024-06-27T11:48:44.785+0000] {processor.py:161} INFO - Started process (PID=924) to work on /home/airflow/.local/lib/python3.12/site-packages/airflow/example_dags/example_latest_only.py
[2024-06-27T11:48:44.786+0000] {processor.py:830} INFO - Processing file /home/airflow/.local/lib/python3.12/site-packages/airflow/example_dags/example_latest_only.py for tasks to queue
[2024-06-27T11:48:44.787+0000] {logging_mixin.py:188} INFO - [2024-06-27T11:48:44.786+0000] {dagbag.py:545} INFO - Filling up the DagBag from /home/airflow/.local/lib/python3.12/site-packages/airflow/example_dags/example_latest_only.py
[2024-06-27T11:48:44.789+0000] {processor.py:840} INFO - DAG(s) 'latest_only' retrieved from /home/airflow/.local/lib/python3.12/site-packages/airflow/example_dags/example_latest_only.py
[2024-06-27T11:48:44.800+0000] {logging_mixin.py:188} INFO - [2024-06-27T11:48:44.800+0000] {dag.py:3096} INFO - Sync 1 DAGs
[2024-06-27T11:48:44.812+0000] {logging_mixin.py:188} INFO - [2024-06-27T11:48:44.811+0000] {dag.py:3954} INFO - Setting next_dagrun for latest_only to 2024-06-27 04:00:00+00:00, run_after=2024-06-27 08:00:00+00:00
[2024-06-27T11:48:44.822+0000] {processor.py:183} INFO - Processing /home/airflow/.local/lib/python3.12/site-packages/airflow/example_dags/example_latest_only.py took 0.040 seconds
[2024-06-27T11:49:14.885+0000] {processor.py:161} INFO - Started process (PID=983) to work on /home/airflow/.local/lib/python3.12/site-packages/airflow/example_dags/example_latest_only.py
[2024-06-27T11:49:14.886+0000] {processor.py:830} INFO - Processing file /home/airflow/.local/lib/python3.12/site-packages/airflow/example_dags/example_latest_only.py for tasks to queue
[2024-06-27T11:49:14.887+0000] {logging_mixin.py:188} INFO - [2024-06-27T11:49:14.887+0000] {dagbag.py:545} INFO - Filling up the DagBag from /home/airflow/.local/lib/python3.12/site-packages/airflow/example_dags/example_latest_only.py
[2024-06-27T11:49:14.890+0000] {processor.py:840} INFO - DAG(s) 'latest_only' retrieved from /home/airflow/.local/lib/python3.12/site-packages/airflow/example_dags/example_latest_only.py
[2024-06-27T11:49:14.900+0000] {logging_mixin.py:188} INFO - [2024-06-27T11:49:14.900+0000] {dag.py:3096} INFO - Sync 1 DAGs
[2024-06-27T11:49:14.912+0000] {logging_mixin.py:188} INFO - [2024-06-27T11:49:14.912+0000] {dag.py:3954} INFO - Setting next_dagrun for latest_only to 2024-06-27 04:00:00+00:00, run_after=2024-06-27 08:00:00+00:00
[2024-06-27T11:49:14.922+0000] {processor.py:183} INFO - Processing /home/airflow/.local/lib/python3.12/site-packages/airflow/example_dags/example_latest_only.py took 0.039 seconds
[2024-06-27T11:49:45.711+0000] {processor.py:161} INFO - Started process (PID=1042) to work on /home/airflow/.local/lib/python3.12/site-packages/airflow/example_dags/example_latest_only.py
[2024-06-27T11:49:45.712+0000] {processor.py:830} INFO - Processing file /home/airflow/.local/lib/python3.12/site-packages/airflow/example_dags/example_latest_only.py for tasks to queue
[2024-06-27T11:49:45.713+0000] {logging_mixin.py:188} INFO - [2024-06-27T11:49:45.713+0000] {dagbag.py:545} INFO - Filling up the DagBag from /home/airflow/.local/lib/python3.12/site-packages/airflow/example_dags/example_latest_only.py
[2024-06-27T11:49:45.716+0000] {processor.py:840} INFO - DAG(s) 'latest_only' retrieved from /home/airflow/.local/lib/python3.12/site-packages/airflow/example_dags/example_latest_only.py
[2024-06-27T11:49:45.727+0000] {logging_mixin.py:188} INFO - [2024-06-27T11:49:45.727+0000] {dag.py:3096} INFO - Sync 1 DAGs
[2024-06-27T11:49:45.738+0000] {logging_mixin.py:188} INFO - [2024-06-27T11:49:45.738+0000] {dag.py:3954} INFO - Setting next_dagrun for latest_only to 2024-06-27 04:00:00+00:00, run_after=2024-06-27 08:00:00+00:00
[2024-06-27T11:49:45.748+0000] {processor.py:183} INFO - Processing /home/airflow/.local/lib/python3.12/site-packages/airflow/example_dags/example_latest_only.py took 0.040 seconds
[2024-06-27T11:50:16.496+0000] {processor.py:161} INFO - Started process (PID=1101) to work on /home/airflow/.local/lib/python3.12/site-packages/airflow/example_dags/example_latest_only.py
[2024-06-27T11:50:16.497+0000] {processor.py:830} INFO - Processing file /home/airflow/.local/lib/python3.12/site-packages/airflow/example_dags/example_latest_only.py for tasks to queue
[2024-06-27T11:50:16.498+0000] {logging_mixin.py:188} INFO - [2024-06-27T11:50:16.497+0000] {dagbag.py:545} INFO - Filling up the DagBag from /home/airflow/.local/lib/python3.12/site-packages/airflow/example_dags/example_latest_only.py
[2024-06-27T11:50:16.500+0000] {processor.py:840} INFO - DAG(s) 'latest_only' retrieved from /home/airflow/.local/lib/python3.12/site-packages/airflow/example_dags/example_latest_only.py
[2024-06-27T11:50:16.511+0000] {logging_mixin.py:188} INFO - [2024-06-27T11:50:16.511+0000] {dag.py:3096} INFO - Sync 1 DAGs
[2024-06-27T11:50:16.523+0000] {logging_mixin.py:188} INFO - [2024-06-27T11:50:16.523+0000] {dag.py:3954} INFO - Setting next_dagrun for latest_only to 2024-06-27 04:00:00+00:00, run_after=2024-06-27 08:00:00+00:00
[2024-06-27T11:50:16.533+0000] {processor.py:183} INFO - Processing /home/airflow/.local/lib/python3.12/site-packages/airflow/example_dags/example_latest_only.py took 0.040 seconds
[2024-06-27T11:50:47.262+0000] {processor.py:161} INFO - Started process (PID=1160) to work on /home/airflow/.local/lib/python3.12/site-packages/airflow/example_dags/example_latest_only.py
[2024-06-27T11:50:47.262+0000] {processor.py:830} INFO - Processing file /home/airflow/.local/lib/python3.12/site-packages/airflow/example_dags/example_latest_only.py for tasks to queue
[2024-06-27T11:50:47.263+0000] {logging_mixin.py:188} INFO - [2024-06-27T11:50:47.263+0000] {dagbag.py:545} INFO - Filling up the DagBag from /home/airflow/.local/lib/python3.12/site-packages/airflow/example_dags/example_latest_only.py
[2024-06-27T11:50:47.266+0000] {processor.py:840} INFO - DAG(s) 'latest_only' retrieved from /home/airflow/.local/lib/python3.12/site-packages/airflow/example_dags/example_latest_only.py
[2024-06-27T11:50:47.277+0000] {logging_mixin.py:188} INFO - [2024-06-27T11:50:47.277+0000] {dag.py:3096} INFO - Sync 1 DAGs
[2024-06-27T11:50:47.288+0000] {logging_mixin.py:188} INFO - [2024-06-27T11:50:47.288+0000] {dag.py:3954} INFO - Setting next_dagrun for latest_only to 2024-06-27 04:00:00+00:00, run_after=2024-06-27 08:00:00+00:00
[2024-06-27T11:50:47.299+0000] {processor.py:183} INFO - Processing /home/airflow/.local/lib/python3.12/site-packages/airflow/example_dags/example_latest_only.py took 0.040 seconds
[2024-06-27T11:51:18.107+0000] {processor.py:161} INFO - Started process (PID=1219) to work on /home/airflow/.local/lib/python3.12/site-packages/airflow/example_dags/example_latest_only.py
[2024-06-27T11:51:18.108+0000] {processor.py:830} INFO - Processing file /home/airflow/.local/lib/python3.12/site-packages/airflow/example_dags/example_latest_only.py for tasks to queue
[2024-06-27T11:51:18.109+0000] {logging_mixin.py:188} INFO - [2024-06-27T11:51:18.109+0000] {dagbag.py:545} INFO - Filling up the DagBag from /home/airflow/.local/lib/python3.12/site-packages/airflow/example_dags/example_latest_only.py
[2024-06-27T11:51:18.111+0000] {processor.py:840} INFO - DAG(s) 'latest_only' retrieved from /home/airflow/.local/lib/python3.12/site-packages/airflow/example_dags/example_latest_only.py
[2024-06-27T11:51:18.123+0000] {logging_mixin.py:188} INFO - [2024-06-27T11:51:18.122+0000] {dag.py:3096} INFO - Sync 1 DAGs
[2024-06-27T11:51:18.134+0000] {logging_mixin.py:188} INFO - [2024-06-27T11:51:18.134+0000] {dag.py:3954} INFO - Setting next_dagrun for latest_only to 2024-06-27 04:00:00+00:00, run_after=2024-06-27 08:00:00+00:00
[2024-06-27T11:51:18.145+0000] {processor.py:183} INFO - Processing /home/airflow/.local/lib/python3.12/site-packages/airflow/example_dags/example_latest_only.py took 0.041 seconds
[2024-06-27T11:51:48.901+0000] {processor.py:161} INFO - Started process (PID=1278) to work on /home/airflow/.local/lib/python3.12/site-packages/airflow/example_dags/example_latest_only.py
[2024-06-27T11:51:48.902+0000] {processor.py:830} INFO - Processing file /home/airflow/.local/lib/python3.12/site-packages/airflow/example_dags/example_latest_only.py for tasks to queue
[2024-06-27T11:51:48.903+0000] {logging_mixin.py:188} INFO - [2024-06-27T11:51:48.902+0000] {dagbag.py:545} INFO - Filling up the DagBag from /home/airflow/.local/lib/python3.12/site-packages/airflow/example_dags/example_latest_only.py
[2024-06-27T11:51:48.905+0000] {processor.py:840} INFO - DAG(s) 'latest_only' retrieved from /home/airflow/.local/lib/python3.12/site-packages/airflow/example_dags/example_latest_only.py
[2024-06-27T11:51:48.916+0000] {logging_mixin.py:188} INFO - [2024-06-27T11:51:48.916+0000] {dag.py:3096} INFO - Sync 1 DAGs
[2024-06-27T11:51:48.928+0000] {logging_mixin.py:188} INFO - [2024-06-27T11:51:48.928+0000] {dag.py:3954} INFO - Setting next_dagrun for latest_only to 2024-06-27 04:00:00+00:00, run_after=2024-06-27 08:00:00+00:00
[2024-06-27T11:51:48.939+0000] {processor.py:183} INFO - Processing /home/airflow/.local/lib/python3.12/site-packages/airflow/example_dags/example_latest_only.py took 0.042 seconds
[2024-06-27T11:52:19.713+0000] {processor.py:161} INFO - Started process (PID=1337) to work on /home/airflow/.local/lib/python3.12/site-packages/airflow/example_dags/example_latest_only.py
[2024-06-27T11:52:19.714+0000] {processor.py:830} INFO - Processing file /home/airflow/.local/lib/python3.12/site-packages/airflow/example_dags/example_latest_only.py for tasks to queue
[2024-06-27T11:52:19.715+0000] {logging_mixin.py:188} INFO - [2024-06-27T11:52:19.714+0000] {dagbag.py:545} INFO - Filling up the DagBag from /home/airflow/.local/lib/python3.12/site-packages/airflow/example_dags/example_latest_only.py
[2024-06-27T11:52:19.717+0000] {processor.py:840} INFO - DAG(s) 'latest_only' retrieved from /home/airflow/.local/lib/python3.12/site-packages/airflow/example_dags/example_latest_only.py
[2024-06-27T11:52:19.729+0000] {logging_mixin.py:188} INFO - [2024-06-27T11:52:19.728+0000] {dag.py:3096} INFO - Sync 1 DAGs
[2024-06-27T11:52:19.740+0000] {logging_mixin.py:188} INFO - [2024-06-27T11:52:19.740+0000] {dag.py:3954} INFO - Setting next_dagrun for latest_only to 2024-06-27 04:00:00+00:00, run_after=2024-06-27 08:00:00+00:00
[2024-06-27T11:52:19.750+0000] {processor.py:183} INFO - Processing /home/airflow/.local/lib/python3.12/site-packages/airflow/example_dags/example_latest_only.py took 0.041 seconds
[2024-06-27T11:52:50.538+0000] {processor.py:161} INFO - Started process (PID=1397) to work on /home/airflow/.local/lib/python3.12/site-packages/airflow/example_dags/example_latest_only.py
[2024-06-27T11:52:50.539+0000] {processor.py:830} INFO - Processing file /home/airflow/.local/lib/python3.12/site-packages/airflow/example_dags/example_latest_only.py for tasks to queue
[2024-06-27T11:52:50.540+0000] {logging_mixin.py:188} INFO - [2024-06-27T11:52:50.540+0000] {dagbag.py:545} INFO - Filling up the DagBag from /home/airflow/.local/lib/python3.12/site-packages/airflow/example_dags/example_latest_only.py
[2024-06-27T11:52:50.543+0000] {processor.py:840} INFO - DAG(s) 'latest_only' retrieved from /home/airflow/.local/lib/python3.12/site-packages/airflow/example_dags/example_latest_only.py
[2024-06-27T11:52:50.555+0000] {logging_mixin.py:188} INFO - [2024-06-27T11:52:50.554+0000] {dag.py:3096} INFO - Sync 1 DAGs
[2024-06-27T11:52:50.566+0000] {logging_mixin.py:188} INFO - [2024-06-27T11:52:50.566+0000] {dag.py:3954} INFO - Setting next_dagrun for latest_only to 2024-06-27 04:00:00+00:00, run_after=2024-06-27 08:00:00+00:00
[2024-06-27T11:52:50.577+0000] {processor.py:183} INFO - Processing /home/airflow/.local/lib/python3.12/site-packages/airflow/example_dags/example_latest_only.py took 0.041 seconds
[2024-06-27T11:53:21.340+0000] {processor.py:161} INFO - Started process (PID=1456) to work on /home/airflow/.local/lib/python3.12/site-packages/airflow/example_dags/example_latest_only.py
[2024-06-27T11:53:21.341+0000] {processor.py:830} INFO - Processing file /home/airflow/.local/lib/python3.12/site-packages/airflow/example_dags/example_latest_only.py for tasks to queue
[2024-06-27T11:53:21.342+0000] {logging_mixin.py:188} INFO - [2024-06-27T11:53:21.341+0000] {dagbag.py:545} INFO - Filling up the DagBag from /home/airflow/.local/lib/python3.12/site-packages/airflow/example_dags/example_latest_only.py
[2024-06-27T11:53:21.344+0000] {processor.py:840} INFO - DAG(s) 'latest_only' retrieved from /home/airflow/.local/lib/python3.12/site-packages/airflow/example_dags/example_latest_only.py
[2024-06-27T11:53:21.356+0000] {logging_mixin.py:188} INFO - [2024-06-27T11:53:21.356+0000] {dag.py:3096} INFO - Sync 1 DAGs
[2024-06-27T11:53:21.368+0000] {logging_mixin.py:188} INFO - [2024-06-27T11:53:21.368+0000] {dag.py:3954} INFO - Setting next_dagrun for latest_only to 2024-06-27 04:00:00+00:00, run_after=2024-06-27 08:00:00+00:00
[2024-06-27T11:53:21.377+0000] {processor.py:183} INFO - Processing /home/airflow/.local/lib/python3.12/site-packages/airflow/example_dags/example_latest_only.py took 0.041 seconds
[2024-06-27T11:53:52.202+0000] {processor.py:161} INFO - Started process (PID=1515) to work on /home/airflow/.local/lib/python3.12/site-packages/airflow/example_dags/example_latest_only.py
[2024-06-27T11:53:52.203+0000] {processor.py:830} INFO - Processing file /home/airflow/.local/lib/python3.12/site-packages/airflow/example_dags/example_latest_only.py for tasks to queue
[2024-06-27T11:53:52.204+0000] {logging_mixin.py:188} INFO - [2024-06-27T11:53:52.204+0000] {dagbag.py:545} INFO - Filling up the DagBag from /home/airflow/.local/lib/python3.12/site-packages/airflow/example_dags/example_latest_only.py
[2024-06-27T11:53:52.207+0000] {processor.py:840} INFO - DAG(s) 'latest_only' retrieved from /home/airflow/.local/lib/python3.12/site-packages/airflow/example_dags/example_latest_only.py
[2024-06-27T11:53:52.218+0000] {logging_mixin.py:188} INFO - [2024-06-27T11:53:52.218+0000] {dag.py:3096} INFO - Sync 1 DAGs
[2024-06-27T11:53:52.231+0000] {logging_mixin.py:188} INFO - [2024-06-27T11:53:52.231+0000] {dag.py:3954} INFO - Setting next_dagrun for latest_only to 2024-06-27 04:00:00+00:00, run_after=2024-06-27 08:00:00+00:00
[2024-06-27T11:53:52.247+0000] {processor.py:183} INFO - Processing /home/airflow/.local/lib/python3.12/site-packages/airflow/example_dags/example_latest_only.py took 0.048 seconds
[2024-06-27T11:54:23.097+0000] {processor.py:161} INFO - Started process (PID=1574) to work on /home/airflow/.local/lib/python3.12/site-packages/airflow/example_dags/example_latest_only.py
[2024-06-27T11:54:23.097+0000] {processor.py:830} INFO - Processing file /home/airflow/.local/lib/python3.12/site-packages/airflow/example_dags/example_latest_only.py for tasks to queue
[2024-06-27T11:54:23.098+0000] {logging_mixin.py:188} INFO - [2024-06-27T11:54:23.098+0000] {dagbag.py:545} INFO - Filling up the DagBag from /home/airflow/.local/lib/python3.12/site-packages/airflow/example_dags/example_latest_only.py
[2024-06-27T11:54:23.101+0000] {processor.py:840} INFO - DAG(s) 'latest_only' retrieved from /home/airflow/.local/lib/python3.12/site-packages/airflow/example_dags/example_latest_only.py
[2024-06-27T11:54:23.112+0000] {logging_mixin.py:188} INFO - [2024-06-27T11:54:23.112+0000] {dag.py:3096} INFO - Sync 1 DAGs
[2024-06-27T11:54:23.124+0000] {logging_mixin.py:188} INFO - [2024-06-27T11:54:23.124+0000] {dag.py:3954} INFO - Setting next_dagrun for latest_only to 2024-06-27 04:00:00+00:00, run_after=2024-06-27 08:00:00+00:00
[2024-06-27T11:54:23.134+0000] {processor.py:183} INFO - Processing /home/airflow/.local/lib/python3.12/site-packages/airflow/example_dags/example_latest_only.py took 0.041 seconds
[2024-06-27T11:54:53.903+0000] {processor.py:161} INFO - Started process (PID=1633) to work on /home/airflow/.local/lib/python3.12/site-packages/airflow/example_dags/example_latest_only.py
[2024-06-27T11:54:53.904+0000] {processor.py:830} INFO - Processing file /home/airflow/.local/lib/python3.12/site-packages/airflow/example_dags/example_latest_only.py for tasks to queue
[2024-06-27T11:54:53.905+0000] {logging_mixin.py:188} INFO - [2024-06-27T11:54:53.905+0000] {dagbag.py:545} INFO - Filling up the DagBag from /home/airflow/.local/lib/python3.12/site-packages/airflow/example_dags/example_latest_only.py
[2024-06-27T11:54:53.907+0000] {processor.py:840} INFO - DAG(s) 'latest_only' retrieved from /home/airflow/.local/lib/python3.12/site-packages/airflow/example_dags/example_latest_only.py
[2024-06-27T11:54:53.919+0000] {logging_mixin.py:188} INFO - [2024-06-27T11:54:53.919+0000] {dag.py:3096} INFO - Sync 1 DAGs
[2024-06-27T11:54:53.931+0000] {logging_mixin.py:188} INFO - [2024-06-27T11:54:53.931+0000] {dag.py:3954} INFO - Setting next_dagrun for latest_only to 2024-06-27 04:00:00+00:00, run_after=2024-06-27 08:00:00+00:00
[2024-06-27T11:54:53.941+0000] {processor.py:183} INFO - Processing /home/airflow/.local/lib/python3.12/site-packages/airflow/example_dags/example_latest_only.py took 0.041 seconds
[2024-06-27T11:55:24.725+0000] {processor.py:161} INFO - Started process (PID=1692) to work on /home/airflow/.local/lib/python3.12/site-packages/airflow/example_dags/example_latest_only.py
[2024-06-27T11:55:24.726+0000] {processor.py:830} INFO - Processing file /home/airflow/.local/lib/python3.12/site-packages/airflow/example_dags/example_latest_only.py for tasks to queue
[2024-06-27T11:55:24.727+0000] {logging_mixin.py:188} INFO - [2024-06-27T11:55:24.727+0000] {dagbag.py:545} INFO - Filling up the DagBag from /home/airflow/.local/lib/python3.12/site-packages/airflow/example_dags/example_latest_only.py
[2024-06-27T11:55:24.729+0000] {processor.py:840} INFO - DAG(s) 'latest_only' retrieved from /home/airflow/.local/lib/python3.12/site-packages/airflow/example_dags/example_latest_only.py
[2024-06-27T11:55:24.741+0000] {logging_mixin.py:188} INFO - [2024-06-27T11:55:24.741+0000] {dag.py:3096} INFO - Sync 1 DAGs
[2024-06-27T11:55:24.753+0000] {logging_mixin.py:188} INFO - [2024-06-27T11:55:24.753+0000] {dag.py:3954} INFO - Setting next_dagrun for latest_only to 2024-06-27 04:00:00+00:00, run_after=2024-06-27 08:00:00+00:00
[2024-06-27T11:55:24.765+0000] {processor.py:183} INFO - Processing /home/airflow/.local/lib/python3.12/site-packages/airflow/example_dags/example_latest_only.py took 0.044 seconds
[2024-06-27T11:55:55.599+0000] {processor.py:161} INFO - Started process (PID=1757) to work on /home/airflow/.local/lib/python3.12/site-packages/airflow/example_dags/example_latest_only.py
[2024-06-27T11:55:55.599+0000] {processor.py:830} INFO - Processing file /home/airflow/.local/lib/python3.12/site-packages/airflow/example_dags/example_latest_only.py for tasks to queue
[2024-06-27T11:55:55.600+0000] {logging_mixin.py:188} INFO - [2024-06-27T11:55:55.600+0000] {dagbag.py:545} INFO - Filling up the DagBag from /home/airflow/.local/lib/python3.12/site-packages/airflow/example_dags/example_latest_only.py
[2024-06-27T11:55:55.603+0000] {processor.py:840} INFO - DAG(s) 'latest_only' retrieved from /home/airflow/.local/lib/python3.12/site-packages/airflow/example_dags/example_latest_only.py
[2024-06-27T11:55:55.614+0000] {logging_mixin.py:188} INFO - [2024-06-27T11:55:55.614+0000] {dag.py:3096} INFO - Sync 1 DAGs
[2024-06-27T11:55:55.626+0000] {logging_mixin.py:188} INFO - [2024-06-27T11:55:55.626+0000] {dag.py:3954} INFO - Setting next_dagrun for latest_only to 2024-06-27 04:00:00+00:00, run_after=2024-06-27 08:00:00+00:00
[2024-06-27T11:55:55.636+0000] {processor.py:183} INFO - Processing /home/airflow/.local/lib/python3.12/site-packages/airflow/example_dags/example_latest_only.py took 0.041 seconds
[2024-06-27T11:56:26.693+0000] {processor.py:161} INFO - Started process (PID=1816) to work on /home/airflow/.local/lib/python3.12/site-packages/airflow/example_dags/example_latest_only.py
[2024-06-27T11:56:26.693+0000] {processor.py:830} INFO - Processing file /home/airflow/.local/lib/python3.12/site-packages/airflow/example_dags/example_latest_only.py for tasks to queue
[2024-06-27T11:56:26.694+0000] {logging_mixin.py:188} INFO - [2024-06-27T11:56:26.694+0000] {dagbag.py:545} INFO - Filling up the DagBag from /home/airflow/.local/lib/python3.12/site-packages/airflow/example_dags/example_latest_only.py
[2024-06-27T11:56:26.697+0000] {processor.py:840} INFO - DAG(s) 'latest_only' retrieved from /home/airflow/.local/lib/python3.12/site-packages/airflow/example_dags/example_latest_only.py
[2024-06-27T11:56:26.708+0000] {logging_mixin.py:188} INFO - [2024-06-27T11:56:26.707+0000] {dag.py:3096} INFO - Sync 1 DAGs
[2024-06-27T11:56:26.720+0000] {logging_mixin.py:188} INFO - [2024-06-27T11:56:26.719+0000] {dag.py:3954} INFO - Setting next_dagrun for latest_only to 2024-06-27 04:00:00+00:00, run_after=2024-06-27 08:00:00+00:00
[2024-06-27T11:56:26.730+0000] {processor.py:183} INFO - Processing /home/airflow/.local/lib/python3.12/site-packages/airflow/example_dags/example_latest_only.py took 0.041 seconds
[2024-06-27T11:56:57.646+0000] {processor.py:161} INFO - Started process (PID=1875) to work on /home/airflow/.local/lib/python3.12/site-packages/airflow/example_dags/example_latest_only.py
[2024-06-27T11:56:57.647+0000] {processor.py:830} INFO - Processing file /home/airflow/.local/lib/python3.12/site-packages/airflow/example_dags/example_latest_only.py for tasks to queue
[2024-06-27T11:56:57.648+0000] {logging_mixin.py:188} INFO - [2024-06-27T11:56:57.647+0000] {dagbag.py:545} INFO - Filling up the DagBag from /home/airflow/.local/lib/python3.12/site-packages/airflow/example_dags/example_latest_only.py
[2024-06-27T11:56:57.650+0000] {processor.py:840} INFO - DAG(s) 'latest_only' retrieved from /home/airflow/.local/lib/python3.12/site-packages/airflow/example_dags/example_latest_only.py
[2024-06-27T11:56:57.661+0000] {logging_mixin.py:188} INFO - [2024-06-27T11:56:57.661+0000] {dag.py:3096} INFO - Sync 1 DAGs
[2024-06-27T11:56:57.757+0000] {logging_mixin.py:188} INFO - [2024-06-27T11:56:57.757+0000] {dag.py:3954} INFO - Setting next_dagrun for latest_only to 2024-06-27 04:00:00+00:00, run_after=2024-06-27 08:00:00+00:00
[2024-06-27T11:56:57.768+0000] {processor.py:183} INFO - Processing /home/airflow/.local/lib/python3.12/site-packages/airflow/example_dags/example_latest_only.py took 0.126 seconds
[2024-06-27T11:57:28.230+0000] {processor.py:161} INFO - Started process (PID=1934) to work on /home/airflow/.local/lib/python3.12/site-packages/airflow/example_dags/example_latest_only.py
[2024-06-27T11:57:28.231+0000] {processor.py:830} INFO - Processing file /home/airflow/.local/lib/python3.12/site-packages/airflow/example_dags/example_latest_only.py for tasks to queue
[2024-06-27T11:57:28.232+0000] {logging_mixin.py:188} INFO - [2024-06-27T11:57:28.232+0000] {dagbag.py:545} INFO - Filling up the DagBag from /home/airflow/.local/lib/python3.12/site-packages/airflow/example_dags/example_latest_only.py
[2024-06-27T11:57:28.234+0000] {processor.py:840} INFO - DAG(s) 'latest_only' retrieved from /home/airflow/.local/lib/python3.12/site-packages/airflow/example_dags/example_latest_only.py
[2024-06-27T11:57:28.245+0000] {logging_mixin.py:188} INFO - [2024-06-27T11:57:28.245+0000] {dag.py:3096} INFO - Sync 1 DAGs
[2024-06-27T11:57:28.339+0000] {logging_mixin.py:188} INFO - [2024-06-27T11:57:28.339+0000] {dag.py:3954} INFO - Setting next_dagrun for latest_only to 2024-06-27 04:00:00+00:00, run_after=2024-06-27 08:00:00+00:00
[2024-06-27T11:57:28.350+0000] {processor.py:183} INFO - Processing /home/airflow/.local/lib/python3.12/site-packages/airflow/example_dags/example_latest_only.py took 0.123 seconds
[2024-06-27T11:57:58.855+0000] {processor.py:161} INFO - Started process (PID=1993) to work on /home/airflow/.local/lib/python3.12/site-packages/airflow/example_dags/example_latest_only.py
[2024-06-27T11:57:58.856+0000] {processor.py:830} INFO - Processing file /home/airflow/.local/lib/python3.12/site-packages/airflow/example_dags/example_latest_only.py for tasks to queue
[2024-06-27T11:57:58.857+0000] {logging_mixin.py:188} INFO - [2024-06-27T11:57:58.857+0000] {dagbag.py:545} INFO - Filling up the DagBag from /home/airflow/.local/lib/python3.12/site-packages/airflow/example_dags/example_latest_only.py
[2024-06-27T11:57:58.859+0000] {processor.py:840} INFO - DAG(s) 'latest_only' retrieved from /home/airflow/.local/lib/python3.12/site-packages/airflow/example_dags/example_latest_only.py
[2024-06-27T11:57:58.869+0000] {logging_mixin.py:188} INFO - [2024-06-27T11:57:58.869+0000] {dag.py:3096} INFO - Sync 1 DAGs
[2024-06-27T11:57:58.881+0000] {logging_mixin.py:188} INFO - [2024-06-27T11:57:58.881+0000] {dag.py:3954} INFO - Setting next_dagrun for latest_only to 2024-06-27 04:00:00+00:00, run_after=2024-06-27 08:00:00+00:00
[2024-06-27T11:57:58.891+0000] {processor.py:183} INFO - Processing /home/airflow/.local/lib/python3.12/site-packages/airflow/example_dags/example_latest_only.py took 0.039 seconds
[2024-06-27T11:58:29.577+0000] {processor.py:161} INFO - Started process (PID=2052) to work on /home/airflow/.local/lib/python3.12/site-packages/airflow/example_dags/example_latest_only.py
[2024-06-27T11:58:29.578+0000] {processor.py:830} INFO - Processing file /home/airflow/.local/lib/python3.12/site-packages/airflow/example_dags/example_latest_only.py for tasks to queue
[2024-06-27T11:58:29.579+0000] {logging_mixin.py:188} INFO - [2024-06-27T11:58:29.578+0000] {dagbag.py:545} INFO - Filling up the DagBag from /home/airflow/.local/lib/python3.12/site-packages/airflow/example_dags/example_latest_only.py
[2024-06-27T11:58:29.581+0000] {processor.py:840} INFO - DAG(s) 'latest_only' retrieved from /home/airflow/.local/lib/python3.12/site-packages/airflow/example_dags/example_latest_only.py
[2024-06-27T11:58:29.591+0000] {logging_mixin.py:188} INFO - [2024-06-27T11:58:29.591+0000] {dag.py:3096} INFO - Sync 1 DAGs
[2024-06-27T11:58:29.603+0000] {logging_mixin.py:188} INFO - [2024-06-27T11:58:29.603+0000] {dag.py:3954} INFO - Setting next_dagrun for latest_only to 2024-06-27 04:00:00+00:00, run_after=2024-06-27 08:00:00+00:00
[2024-06-27T11:58:29.613+0000] {processor.py:183} INFO - Processing /home/airflow/.local/lib/python3.12/site-packages/airflow/example_dags/example_latest_only.py took 0.039 seconds
[2024-06-27T11:59:00.312+0000] {processor.py:161} INFO - Started process (PID=2111) to work on /home/airflow/.local/lib/python3.12/site-packages/airflow/example_dags/example_latest_only.py
[2024-06-27T11:59:00.312+0000] {processor.py:830} INFO - Processing file /home/airflow/.local/lib/python3.12/site-packages/airflow/example_dags/example_latest_only.py for tasks to queue
[2024-06-27T11:59:00.313+0000] {logging_mixin.py:188} INFO - [2024-06-27T11:59:00.313+0000] {dagbag.py:545} INFO - Filling up the DagBag from /home/airflow/.local/lib/python3.12/site-packages/airflow/example_dags/example_latest_only.py
[2024-06-27T11:59:00.316+0000] {processor.py:840} INFO - DAG(s) 'latest_only' retrieved from /home/airflow/.local/lib/python3.12/site-packages/airflow/example_dags/example_latest_only.py
[2024-06-27T11:59:00.326+0000] {logging_mixin.py:188} INFO - [2024-06-27T11:59:00.326+0000] {dag.py:3096} INFO - Sync 1 DAGs
[2024-06-27T11:59:00.338+0000] {logging_mixin.py:188} INFO - [2024-06-27T11:59:00.338+0000] {dag.py:3954} INFO - Setting next_dagrun for latest_only to 2024-06-27 04:00:00+00:00, run_after=2024-06-27 08:00:00+00:00
[2024-06-27T11:59:00.348+0000] {processor.py:183} INFO - Processing /home/airflow/.local/lib/python3.12/site-packages/airflow/example_dags/example_latest_only.py took 0.040 seconds
[2024-06-27T11:59:31.058+0000] {processor.py:161} INFO - Started process (PID=2170) to work on /home/airflow/.local/lib/python3.12/site-packages/airflow/example_dags/example_latest_only.py
[2024-06-27T11:59:31.058+0000] {processor.py:830} INFO - Processing file /home/airflow/.local/lib/python3.12/site-packages/airflow/example_dags/example_latest_only.py for tasks to queue
[2024-06-27T11:59:31.059+0000] {logging_mixin.py:188} INFO - [2024-06-27T11:59:31.059+0000] {dagbag.py:545} INFO - Filling up the DagBag from /home/airflow/.local/lib/python3.12/site-packages/airflow/example_dags/example_latest_only.py
[2024-06-27T11:59:31.064+0000] {processor.py:840} INFO - DAG(s) 'latest_only' retrieved from /home/airflow/.local/lib/python3.12/site-packages/airflow/example_dags/example_latest_only.py
[2024-06-27T11:59:31.076+0000] {logging_mixin.py:188} INFO - [2024-06-27T11:59:31.076+0000] {dag.py:3096} INFO - Sync 1 DAGs
[2024-06-27T11:59:31.088+0000] {logging_mixin.py:188} INFO - [2024-06-27T11:59:31.088+0000] {dag.py:3954} INFO - Setting next_dagrun for latest_only to 2024-06-27 04:00:00+00:00, run_after=2024-06-27 08:00:00+00:00
[2024-06-27T11:59:31.098+0000] {processor.py:183} INFO - Processing /home/airflow/.local/lib/python3.12/site-packages/airflow/example_dags/example_latest_only.py took 0.044 seconds
[2024-06-27T12:00:01.770+0000] {processor.py:161} INFO - Started process (PID=2229) to work on /home/airflow/.local/lib/python3.12/site-packages/airflow/example_dags/example_latest_only.py
[2024-06-27T12:00:01.770+0000] {processor.py:830} INFO - Processing file /home/airflow/.local/lib/python3.12/site-packages/airflow/example_dags/example_latest_only.py for tasks to queue
[2024-06-27T12:00:01.771+0000] {logging_mixin.py:188} INFO - [2024-06-27T12:00:01.771+0000] {dagbag.py:545} INFO - Filling up the DagBag from /home/airflow/.local/lib/python3.12/site-packages/airflow/example_dags/example_latest_only.py
[2024-06-27T12:00:01.774+0000] {processor.py:840} INFO - DAG(s) 'latest_only' retrieved from /home/airflow/.local/lib/python3.12/site-packages/airflow/example_dags/example_latest_only.py
[2024-06-27T12:00:01.784+0000] {logging_mixin.py:188} INFO - [2024-06-27T12:00:01.784+0000] {dag.py:3096} INFO - Sync 1 DAGs
[2024-06-27T12:00:01.795+0000] {logging_mixin.py:188} INFO - [2024-06-27T12:00:01.795+0000] {dag.py:3954} INFO - Setting next_dagrun for latest_only to 2024-06-27 08:00:00+00:00, run_after=2024-06-27 12:00:00+00:00
[2024-06-27T12:00:01.806+0000] {processor.py:183} INFO - Processing /home/airflow/.local/lib/python3.12/site-packages/airflow/example_dags/example_latest_only.py took 0.040 seconds
[2024-06-27T12:00:32.505+0000] {processor.py:161} INFO - Started process (PID=2288) to work on /home/airflow/.local/lib/python3.12/site-packages/airflow/example_dags/example_latest_only.py
[2024-06-27T12:00:32.506+0000] {processor.py:830} INFO - Processing file /home/airflow/.local/lib/python3.12/site-packages/airflow/example_dags/example_latest_only.py for tasks to queue
[2024-06-27T12:00:32.506+0000] {logging_mixin.py:188} INFO - [2024-06-27T12:00:32.506+0000] {dagbag.py:545} INFO - Filling up the DagBag from /home/airflow/.local/lib/python3.12/site-packages/airflow/example_dags/example_latest_only.py
[2024-06-27T12:00:32.509+0000] {processor.py:840} INFO - DAG(s) 'latest_only' retrieved from /home/airflow/.local/lib/python3.12/site-packages/airflow/example_dags/example_latest_only.py
[2024-06-27T12:00:32.519+0000] {logging_mixin.py:188} INFO - [2024-06-27T12:00:32.519+0000] {dag.py:3096} INFO - Sync 1 DAGs
[2024-06-27T12:00:32.530+0000] {logging_mixin.py:188} INFO - [2024-06-27T12:00:32.530+0000] {dag.py:3954} INFO - Setting next_dagrun for latest_only to 2024-06-27 08:00:00+00:00, run_after=2024-06-27 12:00:00+00:00
[2024-06-27T12:00:32.540+0000] {processor.py:183} INFO - Processing /home/airflow/.local/lib/python3.12/site-packages/airflow/example_dags/example_latest_only.py took 0.038 seconds
[2024-06-27T12:01:03.243+0000] {processor.py:161} INFO - Started process (PID=2347) to work on /home/airflow/.local/lib/python3.12/site-packages/airflow/example_dags/example_latest_only.py
[2024-06-27T12:01:03.244+0000] {processor.py:830} INFO - Processing file /home/airflow/.local/lib/python3.12/site-packages/airflow/example_dags/example_latest_only.py for tasks to queue
[2024-06-27T12:01:03.245+0000] {logging_mixin.py:188} INFO - [2024-06-27T12:01:03.245+0000] {dagbag.py:545} INFO - Filling up the DagBag from /home/airflow/.local/lib/python3.12/site-packages/airflow/example_dags/example_latest_only.py
[2024-06-27T12:01:03.248+0000] {processor.py:840} INFO - DAG(s) 'latest_only' retrieved from /home/airflow/.local/lib/python3.12/site-packages/airflow/example_dags/example_latest_only.py
[2024-06-27T12:01:03.258+0000] {logging_mixin.py:188} INFO - [2024-06-27T12:01:03.258+0000] {dag.py:3096} INFO - Sync 1 DAGs
[2024-06-27T12:01:03.270+0000] {logging_mixin.py:188} INFO - [2024-06-27T12:01:03.270+0000] {dag.py:3954} INFO - Setting next_dagrun for latest_only to 2024-06-27 08:00:00+00:00, run_after=2024-06-27 12:00:00+00:00
[2024-06-27T12:01:03.280+0000] {processor.py:183} INFO - Processing /home/airflow/.local/lib/python3.12/site-packages/airflow/example_dags/example_latest_only.py took 0.039 seconds
[2024-06-27T12:01:34.049+0000] {processor.py:161} INFO - Started process (PID=2406) to work on /home/airflow/.local/lib/python3.12/site-packages/airflow/example_dags/example_latest_only.py
[2024-06-27T12:01:34.050+0000] {processor.py:830} INFO - Processing file /home/airflow/.local/lib/python3.12/site-packages/airflow/example_dags/example_latest_only.py for tasks to queue
[2024-06-27T12:01:34.051+0000] {logging_mixin.py:188} INFO - [2024-06-27T12:01:34.051+0000] {dagbag.py:545} INFO - Filling up the DagBag from /home/airflow/.local/lib/python3.12/site-packages/airflow/example_dags/example_latest_only.py
[2024-06-27T12:01:34.053+0000] {processor.py:840} INFO - DAG(s) 'latest_only' retrieved from /home/airflow/.local/lib/python3.12/site-packages/airflow/example_dags/example_latest_only.py
[2024-06-27T12:01:34.066+0000] {logging_mixin.py:188} INFO - [2024-06-27T12:01:34.066+0000] {dag.py:3096} INFO - Sync 1 DAGs
[2024-06-27T12:01:34.080+0000] {logging_mixin.py:188} INFO - [2024-06-27T12:01:34.079+0000] {dag.py:3954} INFO - Setting next_dagrun for latest_only to 2024-06-27 08:00:00+00:00, run_after=2024-06-27 12:00:00+00:00
[2024-06-27T12:01:34.091+0000] {processor.py:183} INFO - Processing /home/airflow/.local/lib/python3.12/site-packages/airflow/example_dags/example_latest_only.py took 0.045 seconds
