[2024-06-27T11:41:04.302+0000] {processor.py:161} INFO - Started process (PID=72) to work on /home/airflow/.local/lib/python3.12/site-packages/airflow/example_dags/example_bash_operator.py
[2024-06-27T11:41:04.303+0000] {processor.py:830} INFO - Processing file /home/airflow/.local/lib/python3.12/site-packages/airflow/example_dags/example_bash_operator.py for tasks to queue
[2024-06-27T11:41:04.303+0000] {logging_mixin.py:188} INFO - [2024-06-27T11:41:04.303+0000] {dagbag.py:545} INFO - Filling up the DagBag from /home/airflow/.local/lib/python3.12/site-packages/airflow/example_dags/example_bash_operator.py
[2024-06-27T11:41:04.310+0000] {processor.py:840} INFO - DAG(s) 'example_bash_operator' retrieved from /home/airflow/.local/lib/python3.12/site-packages/airflow/example_dags/example_bash_operator.py
[2024-06-27T11:41:04.317+0000] {logging_mixin.py:188} INFO - [2024-06-27T11:41:04.317+0000] {dag.py:3096} INFO - Sync 1 DAGs
[2024-06-27T11:41:04.332+0000] {logging_mixin.py:188} INFO - [2024-06-27T11:41:04.332+0000] {dag.py:3954} INFO - Setting next_dagrun for example_bash_operator to 2024-06-26 00:00:00+00:00, run_after=2024-06-27 00:00:00+00:00
[2024-06-27T11:41:04.344+0000] {processor.py:183} INFO - Processing /home/airflow/.local/lib/python3.12/site-packages/airflow/example_dags/example_bash_operator.py took 0.045 seconds
[2024-06-27T11:41:35.697+0000] {processor.py:161} INFO - Started process (PID=130) to work on /home/airflow/.local/lib/python3.12/site-packages/airflow/example_dags/example_bash_operator.py
[2024-06-27T11:41:35.698+0000] {processor.py:830} INFO - Processing file /home/airflow/.local/lib/python3.12/site-packages/airflow/example_dags/example_bash_operator.py for tasks to queue
[2024-06-27T11:41:35.699+0000] {logging_mixin.py:188} INFO - [2024-06-27T11:41:35.698+0000] {dagbag.py:545} INFO - Filling up the DagBag from /home/airflow/.local/lib/python3.12/site-packages/airflow/example_dags/example_bash_operator.py
[2024-06-27T11:41:35.704+0000] {processor.py:840} INFO - DAG(s) 'example_bash_operator' retrieved from /home/airflow/.local/lib/python3.12/site-packages/airflow/example_dags/example_bash_operator.py
[2024-06-27T11:41:35.767+0000] {logging_mixin.py:188} INFO - [2024-06-27T11:41:35.767+0000] {dag.py:3096} INFO - Sync 1 DAGs
[2024-06-27T11:41:35.779+0000] {logging_mixin.py:188} INFO - [2024-06-27T11:41:35.779+0000] {dag.py:3954} INFO - Setting next_dagrun for example_bash_operator to 2024-06-26 00:00:00+00:00, run_after=2024-06-27 00:00:00+00:00
[2024-06-27T11:41:35.790+0000] {processor.py:183} INFO - Processing /home/airflow/.local/lib/python3.12/site-packages/airflow/example_dags/example_bash_operator.py took 0.097 seconds
[2024-06-27T11:42:05.819+0000] {processor.py:161} INFO - Started process (PID=188) to work on /home/airflow/.local/lib/python3.12/site-packages/airflow/example_dags/example_bash_operator.py
[2024-06-27T11:42:05.820+0000] {processor.py:830} INFO - Processing file /home/airflow/.local/lib/python3.12/site-packages/airflow/example_dags/example_bash_operator.py for tasks to queue
[2024-06-27T11:42:05.822+0000] {logging_mixin.py:188} INFO - [2024-06-27T11:42:05.821+0000] {dagbag.py:545} INFO - Filling up the DagBag from /home/airflow/.local/lib/python3.12/site-packages/airflow/example_dags/example_bash_operator.py
[2024-06-27T11:42:05.828+0000] {processor.py:840} INFO - DAG(s) 'example_bash_operator' retrieved from /home/airflow/.local/lib/python3.12/site-packages/airflow/example_dags/example_bash_operator.py
[2024-06-27T11:42:05.846+0000] {logging_mixin.py:188} INFO - [2024-06-27T11:42:05.845+0000] {dag.py:3096} INFO - Sync 1 DAGs
[2024-06-27T11:42:05.865+0000] {logging_mixin.py:188} INFO - [2024-06-27T11:42:05.865+0000] {dag.py:3954} INFO - Setting next_dagrun for example_bash_operator to 2024-06-26 00:00:00+00:00, run_after=2024-06-27 00:00:00+00:00
[2024-06-27T11:42:05.877+0000] {processor.py:183} INFO - Processing /home/airflow/.local/lib/python3.12/site-packages/airflow/example_dags/example_bash_operator.py took 0.062 seconds
[2024-06-27T11:42:36.761+0000] {processor.py:161} INFO - Started process (PID=246) to work on /home/airflow/.local/lib/python3.12/site-packages/airflow/example_dags/example_bash_operator.py
[2024-06-27T11:42:36.762+0000] {processor.py:830} INFO - Processing file /home/airflow/.local/lib/python3.12/site-packages/airflow/example_dags/example_bash_operator.py for tasks to queue
[2024-06-27T11:42:36.763+0000] {logging_mixin.py:188} INFO - [2024-06-27T11:42:36.763+0000] {dagbag.py:545} INFO - Filling up the DagBag from /home/airflow/.local/lib/python3.12/site-packages/airflow/example_dags/example_bash_operator.py
[2024-06-27T11:42:36.770+0000] {processor.py:840} INFO - DAG(s) 'example_bash_operator' retrieved from /home/airflow/.local/lib/python3.12/site-packages/airflow/example_dags/example_bash_operator.py
[2024-06-27T11:42:36.785+0000] {logging_mixin.py:188} INFO - [2024-06-27T11:42:36.785+0000] {dag.py:3096} INFO - Sync 1 DAGs
[2024-06-27T11:42:36.798+0000] {logging_mixin.py:188} INFO - [2024-06-27T11:42:36.798+0000] {dag.py:3954} INFO - Setting next_dagrun for example_bash_operator to 2024-06-26 00:00:00+00:00, run_after=2024-06-27 00:00:00+00:00
[2024-06-27T11:42:36.809+0000] {processor.py:183} INFO - Processing /home/airflow/.local/lib/python3.12/site-packages/airflow/example_dags/example_bash_operator.py took 0.051 seconds
[2024-06-27T11:43:06.883+0000] {processor.py:161} INFO - Started process (PID=304) to work on /home/airflow/.local/lib/python3.12/site-packages/airflow/example_dags/example_bash_operator.py
[2024-06-27T11:43:06.884+0000] {processor.py:830} INFO - Processing file /home/airflow/.local/lib/python3.12/site-packages/airflow/example_dags/example_bash_operator.py for tasks to queue
[2024-06-27T11:43:06.885+0000] {logging_mixin.py:188} INFO - [2024-06-27T11:43:06.885+0000] {dagbag.py:545} INFO - Filling up the DagBag from /home/airflow/.local/lib/python3.12/site-packages/airflow/example_dags/example_bash_operator.py
[2024-06-27T11:43:06.891+0000] {processor.py:840} INFO - DAG(s) 'example_bash_operator' retrieved from /home/airflow/.local/lib/python3.12/site-packages/airflow/example_dags/example_bash_operator.py
[2024-06-27T11:43:06.908+0000] {logging_mixin.py:188} INFO - [2024-06-27T11:43:06.908+0000] {dag.py:3096} INFO - Sync 1 DAGs
[2024-06-27T11:43:06.923+0000] {logging_mixin.py:188} INFO - [2024-06-27T11:43:06.923+0000] {dag.py:3954} INFO - Setting next_dagrun for example_bash_operator to 2024-06-26 00:00:00+00:00, run_after=2024-06-27 00:00:00+00:00
[2024-06-27T11:43:06.935+0000] {processor.py:183} INFO - Processing /home/airflow/.local/lib/python3.12/site-packages/airflow/example_dags/example_bash_operator.py took 0.056 seconds
[2024-06-27T11:43:37.689+0000] {processor.py:161} INFO - Started process (PID=362) to work on /home/airflow/.local/lib/python3.12/site-packages/airflow/example_dags/example_bash_operator.py
[2024-06-27T11:43:37.691+0000] {processor.py:830} INFO - Processing file /home/airflow/.local/lib/python3.12/site-packages/airflow/example_dags/example_bash_operator.py for tasks to queue
[2024-06-27T11:43:37.692+0000] {logging_mixin.py:188} INFO - [2024-06-27T11:43:37.692+0000] {dagbag.py:545} INFO - Filling up the DagBag from /home/airflow/.local/lib/python3.12/site-packages/airflow/example_dags/example_bash_operator.py
[2024-06-27T11:43:37.698+0000] {processor.py:840} INFO - DAG(s) 'example_bash_operator' retrieved from /home/airflow/.local/lib/python3.12/site-packages/airflow/example_dags/example_bash_operator.py
[2024-06-27T11:43:37.713+0000] {logging_mixin.py:188} INFO - [2024-06-27T11:43:37.713+0000] {dag.py:3096} INFO - Sync 1 DAGs
[2024-06-27T11:43:37.726+0000] {logging_mixin.py:188} INFO - [2024-06-27T11:43:37.726+0000] {dag.py:3954} INFO - Setting next_dagrun for example_bash_operator to 2024-06-26 00:00:00+00:00, run_after=2024-06-27 00:00:00+00:00
[2024-06-27T11:43:37.736+0000] {processor.py:183} INFO - Processing /home/airflow/.local/lib/python3.12/site-packages/airflow/example_dags/example_bash_operator.py took 0.050 seconds
[2024-06-27T11:44:08.376+0000] {processor.py:161} INFO - Started process (PID=420) to work on /home/airflow/.local/lib/python3.12/site-packages/airflow/example_dags/example_bash_operator.py
[2024-06-27T11:44:08.377+0000] {processor.py:830} INFO - Processing file /home/airflow/.local/lib/python3.12/site-packages/airflow/example_dags/example_bash_operator.py for tasks to queue
[2024-06-27T11:44:08.378+0000] {logging_mixin.py:188} INFO - [2024-06-27T11:44:08.378+0000] {dagbag.py:545} INFO - Filling up the DagBag from /home/airflow/.local/lib/python3.12/site-packages/airflow/example_dags/example_bash_operator.py
[2024-06-27T11:44:08.384+0000] {processor.py:840} INFO - DAG(s) 'example_bash_operator' retrieved from /home/airflow/.local/lib/python3.12/site-packages/airflow/example_dags/example_bash_operator.py
[2024-06-27T11:44:08.398+0000] {logging_mixin.py:188} INFO - [2024-06-27T11:44:08.398+0000] {dag.py:3096} INFO - Sync 1 DAGs
[2024-06-27T11:44:08.409+0000] {logging_mixin.py:188} INFO - [2024-06-27T11:44:08.409+0000] {dag.py:3954} INFO - Setting next_dagrun for example_bash_operator to 2024-06-26 00:00:00+00:00, run_after=2024-06-27 00:00:00+00:00
[2024-06-27T11:44:08.418+0000] {processor.py:183} INFO - Processing /home/airflow/.local/lib/python3.12/site-packages/airflow/example_dags/example_bash_operator.py took 0.045 seconds
[2024-06-27T11:44:39.291+0000] {processor.py:161} INFO - Started process (PID=478) to work on /home/airflow/.local/lib/python3.12/site-packages/airflow/example_dags/example_bash_operator.py
[2024-06-27T11:44:39.292+0000] {processor.py:830} INFO - Processing file /home/airflow/.local/lib/python3.12/site-packages/airflow/example_dags/example_bash_operator.py for tasks to queue
[2024-06-27T11:44:39.293+0000] {logging_mixin.py:188} INFO - [2024-06-27T11:44:39.292+0000] {dagbag.py:545} INFO - Filling up the DagBag from /home/airflow/.local/lib/python3.12/site-packages/airflow/example_dags/example_bash_operator.py
[2024-06-27T11:44:39.298+0000] {processor.py:840} INFO - DAG(s) 'example_bash_operator' retrieved from /home/airflow/.local/lib/python3.12/site-packages/airflow/example_dags/example_bash_operator.py
[2024-06-27T11:44:39.313+0000] {logging_mixin.py:188} INFO - [2024-06-27T11:44:39.312+0000] {dag.py:3096} INFO - Sync 1 DAGs
[2024-06-27T11:44:39.324+0000] {logging_mixin.py:188} INFO - [2024-06-27T11:44:39.324+0000] {dag.py:3954} INFO - Setting next_dagrun for example_bash_operator to 2024-06-26 00:00:00+00:00, run_after=2024-06-27 00:00:00+00:00
[2024-06-27T11:44:39.333+0000] {processor.py:183} INFO - Processing /home/airflow/.local/lib/python3.12/site-packages/airflow/example_dags/example_bash_operator.py took 0.045 seconds
[2024-06-27T11:45:10.106+0000] {processor.py:161} INFO - Started process (PID=536) to work on /home/airflow/.local/lib/python3.12/site-packages/airflow/example_dags/example_bash_operator.py
[2024-06-27T11:45:10.106+0000] {processor.py:830} INFO - Processing file /home/airflow/.local/lib/python3.12/site-packages/airflow/example_dags/example_bash_operator.py for tasks to queue
[2024-06-27T11:45:10.107+0000] {logging_mixin.py:188} INFO - [2024-06-27T11:45:10.107+0000] {dagbag.py:545} INFO - Filling up the DagBag from /home/airflow/.local/lib/python3.12/site-packages/airflow/example_dags/example_bash_operator.py
[2024-06-27T11:45:10.113+0000] {processor.py:840} INFO - DAG(s) 'example_bash_operator' retrieved from /home/airflow/.local/lib/python3.12/site-packages/airflow/example_dags/example_bash_operator.py
[2024-06-27T11:45:10.128+0000] {logging_mixin.py:188} INFO - [2024-06-27T11:45:10.128+0000] {dag.py:3096} INFO - Sync 1 DAGs
[2024-06-27T11:45:10.140+0000] {logging_mixin.py:188} INFO - [2024-06-27T11:45:10.140+0000] {dag.py:3954} INFO - Setting next_dagrun for example_bash_operator to 2024-06-26 00:00:00+00:00, run_after=2024-06-27 00:00:00+00:00
[2024-06-27T11:45:10.150+0000] {processor.py:183} INFO - Processing /home/airflow/.local/lib/python3.12/site-packages/airflow/example_dags/example_bash_operator.py took 0.048 seconds
[2024-06-27T11:45:40.864+0000] {processor.py:161} INFO - Started process (PID=594) to work on /home/airflow/.local/lib/python3.12/site-packages/airflow/example_dags/example_bash_operator.py
[2024-06-27T11:45:40.865+0000] {processor.py:830} INFO - Processing file /home/airflow/.local/lib/python3.12/site-packages/airflow/example_dags/example_bash_operator.py for tasks to queue
[2024-06-27T11:45:40.866+0000] {logging_mixin.py:188} INFO - [2024-06-27T11:45:40.866+0000] {dagbag.py:545} INFO - Filling up the DagBag from /home/airflow/.local/lib/python3.12/site-packages/airflow/example_dags/example_bash_operator.py
[2024-06-27T11:45:40.872+0000] {processor.py:840} INFO - DAG(s) 'example_bash_operator' retrieved from /home/airflow/.local/lib/python3.12/site-packages/airflow/example_dags/example_bash_operator.py
[2024-06-27T11:45:40.886+0000] {logging_mixin.py:188} INFO - [2024-06-27T11:45:40.886+0000] {dag.py:3096} INFO - Sync 1 DAGs
[2024-06-27T11:45:40.897+0000] {logging_mixin.py:188} INFO - [2024-06-27T11:45:40.897+0000] {dag.py:3954} INFO - Setting next_dagrun for example_bash_operator to 2024-06-26 00:00:00+00:00, run_after=2024-06-27 00:00:00+00:00
[2024-06-27T11:45:40.907+0000] {processor.py:183} INFO - Processing /home/airflow/.local/lib/python3.12/site-packages/airflow/example_dags/example_bash_operator.py took 0.046 seconds
[2024-06-27T11:46:11.691+0000] {processor.py:161} INFO - Started process (PID=653) to work on /home/airflow/.local/lib/python3.12/site-packages/airflow/example_dags/example_bash_operator.py
[2024-06-27T11:46:11.692+0000] {processor.py:830} INFO - Processing file /home/airflow/.local/lib/python3.12/site-packages/airflow/example_dags/example_bash_operator.py for tasks to queue
[2024-06-27T11:46:11.693+0000] {logging_mixin.py:188} INFO - [2024-06-27T11:46:11.692+0000] {dagbag.py:545} INFO - Filling up the DagBag from /home/airflow/.local/lib/python3.12/site-packages/airflow/example_dags/example_bash_operator.py
[2024-06-27T11:46:11.698+0000] {processor.py:840} INFO - DAG(s) 'example_bash_operator' retrieved from /home/airflow/.local/lib/python3.12/site-packages/airflow/example_dags/example_bash_operator.py
[2024-06-27T11:46:11.714+0000] {logging_mixin.py:188} INFO - [2024-06-27T11:46:11.714+0000] {dag.py:3096} INFO - Sync 1 DAGs
[2024-06-27T11:46:11.727+0000] {logging_mixin.py:188} INFO - [2024-06-27T11:46:11.727+0000] {dag.py:3954} INFO - Setting next_dagrun for example_bash_operator to 2024-06-26 00:00:00+00:00, run_after=2024-06-27 00:00:00+00:00
[2024-06-27T11:46:11.738+0000] {processor.py:183} INFO - Processing /home/airflow/.local/lib/python3.12/site-packages/airflow/example_dags/example_bash_operator.py took 0.051 seconds
[2024-06-27T11:46:42.596+0000] {processor.py:161} INFO - Started process (PID=717) to work on /home/airflow/.local/lib/python3.12/site-packages/airflow/example_dags/example_bash_operator.py
[2024-06-27T11:46:42.597+0000] {processor.py:830} INFO - Processing file /home/airflow/.local/lib/python3.12/site-packages/airflow/example_dags/example_bash_operator.py for tasks to queue
[2024-06-27T11:46:42.598+0000] {logging_mixin.py:188} INFO - [2024-06-27T11:46:42.598+0000] {dagbag.py:545} INFO - Filling up the DagBag from /home/airflow/.local/lib/python3.12/site-packages/airflow/example_dags/example_bash_operator.py
[2024-06-27T11:46:42.604+0000] {processor.py:840} INFO - DAG(s) 'example_bash_operator' retrieved from /home/airflow/.local/lib/python3.12/site-packages/airflow/example_dags/example_bash_operator.py
[2024-06-27T11:46:42.619+0000] {logging_mixin.py:188} INFO - [2024-06-27T11:46:42.619+0000] {dag.py:3096} INFO - Sync 1 DAGs
[2024-06-27T11:46:42.633+0000] {logging_mixin.py:188} INFO - [2024-06-27T11:46:42.632+0000] {dag.py:3954} INFO - Setting next_dagrun for example_bash_operator to 2024-06-26 00:00:00+00:00, run_after=2024-06-27 00:00:00+00:00
[2024-06-27T11:46:42.642+0000] {processor.py:183} INFO - Processing /home/airflow/.local/lib/python3.12/site-packages/airflow/example_dags/example_bash_operator.py took 0.049 seconds
[2024-06-27T11:47:13.445+0000] {processor.py:161} INFO - Started process (PID=778) to work on /home/airflow/.local/lib/python3.12/site-packages/airflow/example_dags/example_bash_operator.py
[2024-06-27T11:47:13.445+0000] {processor.py:830} INFO - Processing file /home/airflow/.local/lib/python3.12/site-packages/airflow/example_dags/example_bash_operator.py for tasks to queue
[2024-06-27T11:47:13.446+0000] {logging_mixin.py:188} INFO - [2024-06-27T11:47:13.446+0000] {dagbag.py:545} INFO - Filling up the DagBag from /home/airflow/.local/lib/python3.12/site-packages/airflow/example_dags/example_bash_operator.py
[2024-06-27T11:47:13.453+0000] {processor.py:840} INFO - DAG(s) 'example_bash_operator' retrieved from /home/airflow/.local/lib/python3.12/site-packages/airflow/example_dags/example_bash_operator.py
[2024-06-27T11:47:13.467+0000] {logging_mixin.py:188} INFO - [2024-06-27T11:47:13.467+0000] {dag.py:3096} INFO - Sync 1 DAGs
[2024-06-27T11:47:13.480+0000] {logging_mixin.py:188} INFO - [2024-06-27T11:47:13.480+0000] {dag.py:3954} INFO - Setting next_dagrun for example_bash_operator to 2024-06-26 00:00:00+00:00, run_after=2024-06-27 00:00:00+00:00
[2024-06-27T11:47:13.490+0000] {processor.py:183} INFO - Processing /home/airflow/.local/lib/python3.12/site-packages/airflow/example_dags/example_bash_operator.py took 0.049 seconds
[2024-06-27T11:47:44.549+0000] {processor.py:161} INFO - Started process (PID=837) to work on /home/airflow/.local/lib/python3.12/site-packages/airflow/example_dags/example_bash_operator.py
[2024-06-27T11:47:44.550+0000] {processor.py:830} INFO - Processing file /home/airflow/.local/lib/python3.12/site-packages/airflow/example_dags/example_bash_operator.py for tasks to queue
[2024-06-27T11:47:44.551+0000] {logging_mixin.py:188} INFO - [2024-06-27T11:47:44.551+0000] {dagbag.py:545} INFO - Filling up the DagBag from /home/airflow/.local/lib/python3.12/site-packages/airflow/example_dags/example_bash_operator.py
[2024-06-27T11:47:44.557+0000] {processor.py:840} INFO - DAG(s) 'example_bash_operator' retrieved from /home/airflow/.local/lib/python3.12/site-packages/airflow/example_dags/example_bash_operator.py
[2024-06-27T11:47:44.571+0000] {logging_mixin.py:188} INFO - [2024-06-27T11:47:44.571+0000] {dag.py:3096} INFO - Sync 1 DAGs
[2024-06-27T11:47:44.584+0000] {logging_mixin.py:188} INFO - [2024-06-27T11:47:44.583+0000] {dag.py:3954} INFO - Setting next_dagrun for example_bash_operator to 2024-06-26 00:00:00+00:00, run_after=2024-06-27 00:00:00+00:00
[2024-06-27T11:47:44.599+0000] {processor.py:183} INFO - Processing /home/airflow/.local/lib/python3.12/site-packages/airflow/example_dags/example_bash_operator.py took 0.053 seconds
[2024-06-27T11:48:14.689+0000] {processor.py:161} INFO - Started process (PID=896) to work on /home/airflow/.local/lib/python3.12/site-packages/airflow/example_dags/example_bash_operator.py
[2024-06-27T11:48:14.689+0000] {processor.py:830} INFO - Processing file /home/airflow/.local/lib/python3.12/site-packages/airflow/example_dags/example_bash_operator.py for tasks to queue
[2024-06-27T11:48:14.690+0000] {logging_mixin.py:188} INFO - [2024-06-27T11:48:14.690+0000] {dagbag.py:545} INFO - Filling up the DagBag from /home/airflow/.local/lib/python3.12/site-packages/airflow/example_dags/example_bash_operator.py
[2024-06-27T11:48:14.696+0000] {processor.py:840} INFO - DAG(s) 'example_bash_operator' retrieved from /home/airflow/.local/lib/python3.12/site-packages/airflow/example_dags/example_bash_operator.py
[2024-06-27T11:48:14.712+0000] {logging_mixin.py:188} INFO - [2024-06-27T11:48:14.711+0000] {dag.py:3096} INFO - Sync 1 DAGs
[2024-06-27T11:48:14.724+0000] {logging_mixin.py:188} INFO - [2024-06-27T11:48:14.724+0000] {dag.py:3954} INFO - Setting next_dagrun for example_bash_operator to 2024-06-26 00:00:00+00:00, run_after=2024-06-27 00:00:00+00:00
[2024-06-27T11:48:14.735+0000] {processor.py:183} INFO - Processing /home/airflow/.local/lib/python3.12/site-packages/airflow/example_dags/example_bash_operator.py took 0.050 seconds
[2024-06-27T11:48:45.798+0000] {processor.py:161} INFO - Started process (PID=955) to work on /home/airflow/.local/lib/python3.12/site-packages/airflow/example_dags/example_bash_operator.py
[2024-06-27T11:48:45.799+0000] {processor.py:830} INFO - Processing file /home/airflow/.local/lib/python3.12/site-packages/airflow/example_dags/example_bash_operator.py for tasks to queue
[2024-06-27T11:48:45.800+0000] {logging_mixin.py:188} INFO - [2024-06-27T11:48:45.800+0000] {dagbag.py:545} INFO - Filling up the DagBag from /home/airflow/.local/lib/python3.12/site-packages/airflow/example_dags/example_bash_operator.py
[2024-06-27T11:48:45.806+0000] {processor.py:840} INFO - DAG(s) 'example_bash_operator' retrieved from /home/airflow/.local/lib/python3.12/site-packages/airflow/example_dags/example_bash_operator.py
[2024-06-27T11:48:45.821+0000] {logging_mixin.py:188} INFO - [2024-06-27T11:48:45.821+0000] {dag.py:3096} INFO - Sync 1 DAGs
[2024-06-27T11:48:45.834+0000] {logging_mixin.py:188} INFO - [2024-06-27T11:48:45.834+0000] {dag.py:3954} INFO - Setting next_dagrun for example_bash_operator to 2024-06-26 00:00:00+00:00, run_after=2024-06-27 00:00:00+00:00
[2024-06-27T11:48:45.844+0000] {processor.py:183} INFO - Processing /home/airflow/.local/lib/python3.12/site-packages/airflow/example_dags/example_bash_operator.py took 0.049 seconds
[2024-06-27T11:49:15.870+0000] {processor.py:161} INFO - Started process (PID=1014) to work on /home/airflow/.local/lib/python3.12/site-packages/airflow/example_dags/example_bash_operator.py
[2024-06-27T11:49:15.871+0000] {processor.py:830} INFO - Processing file /home/airflow/.local/lib/python3.12/site-packages/airflow/example_dags/example_bash_operator.py for tasks to queue
[2024-06-27T11:49:15.872+0000] {logging_mixin.py:188} INFO - [2024-06-27T11:49:15.872+0000] {dagbag.py:545} INFO - Filling up the DagBag from /home/airflow/.local/lib/python3.12/site-packages/airflow/example_dags/example_bash_operator.py
[2024-06-27T11:49:15.878+0000] {processor.py:840} INFO - DAG(s) 'example_bash_operator' retrieved from /home/airflow/.local/lib/python3.12/site-packages/airflow/example_dags/example_bash_operator.py
[2024-06-27T11:49:15.892+0000] {logging_mixin.py:188} INFO - [2024-06-27T11:49:15.891+0000] {dag.py:3096} INFO - Sync 1 DAGs
[2024-06-27T11:49:15.904+0000] {logging_mixin.py:188} INFO - [2024-06-27T11:49:15.904+0000] {dag.py:3954} INFO - Setting next_dagrun for example_bash_operator to 2024-06-26 00:00:00+00:00, run_after=2024-06-27 00:00:00+00:00
[2024-06-27T11:49:15.913+0000] {processor.py:183} INFO - Processing /home/airflow/.local/lib/python3.12/site-packages/airflow/example_dags/example_bash_operator.py took 0.046 seconds
[2024-06-27T11:49:46.669+0000] {processor.py:161} INFO - Started process (PID=1073) to work on /home/airflow/.local/lib/python3.12/site-packages/airflow/example_dags/example_bash_operator.py
[2024-06-27T11:49:46.670+0000] {processor.py:830} INFO - Processing file /home/airflow/.local/lib/python3.12/site-packages/airflow/example_dags/example_bash_operator.py for tasks to queue
[2024-06-27T11:49:46.671+0000] {logging_mixin.py:188} INFO - [2024-06-27T11:49:46.671+0000] {dagbag.py:545} INFO - Filling up the DagBag from /home/airflow/.local/lib/python3.12/site-packages/airflow/example_dags/example_bash_operator.py
[2024-06-27T11:49:46.677+0000] {processor.py:840} INFO - DAG(s) 'example_bash_operator' retrieved from /home/airflow/.local/lib/python3.12/site-packages/airflow/example_dags/example_bash_operator.py
[2024-06-27T11:49:46.691+0000] {logging_mixin.py:188} INFO - [2024-06-27T11:49:46.691+0000] {dag.py:3096} INFO - Sync 1 DAGs
[2024-06-27T11:49:46.703+0000] {logging_mixin.py:188} INFO - [2024-06-27T11:49:46.703+0000] {dag.py:3954} INFO - Setting next_dagrun for example_bash_operator to 2024-06-26 00:00:00+00:00, run_after=2024-06-27 00:00:00+00:00
[2024-06-27T11:49:46.714+0000] {processor.py:183} INFO - Processing /home/airflow/.local/lib/python3.12/site-packages/airflow/example_dags/example_bash_operator.py took 0.048 seconds
[2024-06-27T11:50:17.444+0000] {processor.py:161} INFO - Started process (PID=1132) to work on /home/airflow/.local/lib/python3.12/site-packages/airflow/example_dags/example_bash_operator.py
[2024-06-27T11:50:17.445+0000] {processor.py:830} INFO - Processing file /home/airflow/.local/lib/python3.12/site-packages/airflow/example_dags/example_bash_operator.py for tasks to queue
[2024-06-27T11:50:17.446+0000] {logging_mixin.py:188} INFO - [2024-06-27T11:50:17.446+0000] {dagbag.py:545} INFO - Filling up the DagBag from /home/airflow/.local/lib/python3.12/site-packages/airflow/example_dags/example_bash_operator.py
[2024-06-27T11:50:17.453+0000] {processor.py:840} INFO - DAG(s) 'example_bash_operator' retrieved from /home/airflow/.local/lib/python3.12/site-packages/airflow/example_dags/example_bash_operator.py
[2024-06-27T11:50:17.468+0000] {logging_mixin.py:188} INFO - [2024-06-27T11:50:17.468+0000] {dag.py:3096} INFO - Sync 1 DAGs
[2024-06-27T11:50:17.481+0000] {logging_mixin.py:188} INFO - [2024-06-27T11:50:17.481+0000] {dag.py:3954} INFO - Setting next_dagrun for example_bash_operator to 2024-06-26 00:00:00+00:00, run_after=2024-06-27 00:00:00+00:00
[2024-06-27T11:50:17.491+0000] {processor.py:183} INFO - Processing /home/airflow/.local/lib/python3.12/site-packages/airflow/example_dags/example_bash_operator.py took 0.050 seconds
[2024-06-27T11:50:48.222+0000] {processor.py:161} INFO - Started process (PID=1191) to work on /home/airflow/.local/lib/python3.12/site-packages/airflow/example_dags/example_bash_operator.py
[2024-06-27T11:50:48.222+0000] {processor.py:830} INFO - Processing file /home/airflow/.local/lib/python3.12/site-packages/airflow/example_dags/example_bash_operator.py for tasks to queue
[2024-06-27T11:50:48.223+0000] {logging_mixin.py:188} INFO - [2024-06-27T11:50:48.223+0000] {dagbag.py:545} INFO - Filling up the DagBag from /home/airflow/.local/lib/python3.12/site-packages/airflow/example_dags/example_bash_operator.py
[2024-06-27T11:50:48.229+0000] {processor.py:840} INFO - DAG(s) 'example_bash_operator' retrieved from /home/airflow/.local/lib/python3.12/site-packages/airflow/example_dags/example_bash_operator.py
[2024-06-27T11:50:48.243+0000] {logging_mixin.py:188} INFO - [2024-06-27T11:50:48.243+0000] {dag.py:3096} INFO - Sync 1 DAGs
[2024-06-27T11:50:48.254+0000] {logging_mixin.py:188} INFO - [2024-06-27T11:50:48.254+0000] {dag.py:3954} INFO - Setting next_dagrun for example_bash_operator to 2024-06-26 00:00:00+00:00, run_after=2024-06-27 00:00:00+00:00
[2024-06-27T11:50:48.263+0000] {processor.py:183} INFO - Processing /home/airflow/.local/lib/python3.12/site-packages/airflow/example_dags/example_bash_operator.py took 0.044 seconds
[2024-06-27T11:51:19.069+0000] {processor.py:161} INFO - Started process (PID=1250) to work on /home/airflow/.local/lib/python3.12/site-packages/airflow/example_dags/example_bash_operator.py
[2024-06-27T11:51:19.070+0000] {processor.py:830} INFO - Processing file /home/airflow/.local/lib/python3.12/site-packages/airflow/example_dags/example_bash_operator.py for tasks to queue
[2024-06-27T11:51:19.071+0000] {logging_mixin.py:188} INFO - [2024-06-27T11:51:19.071+0000] {dagbag.py:545} INFO - Filling up the DagBag from /home/airflow/.local/lib/python3.12/site-packages/airflow/example_dags/example_bash_operator.py
[2024-06-27T11:51:19.077+0000] {processor.py:840} INFO - DAG(s) 'example_bash_operator' retrieved from /home/airflow/.local/lib/python3.12/site-packages/airflow/example_dags/example_bash_operator.py
[2024-06-27T11:51:19.091+0000] {logging_mixin.py:188} INFO - [2024-06-27T11:51:19.091+0000] {dag.py:3096} INFO - Sync 1 DAGs
[2024-06-27T11:51:19.103+0000] {logging_mixin.py:188} INFO - [2024-06-27T11:51:19.103+0000] {dag.py:3954} INFO - Setting next_dagrun for example_bash_operator to 2024-06-26 00:00:00+00:00, run_after=2024-06-27 00:00:00+00:00
[2024-06-27T11:51:19.113+0000] {processor.py:183} INFO - Processing /home/airflow/.local/lib/python3.12/site-packages/airflow/example_dags/example_bash_operator.py took 0.046 seconds
[2024-06-27T11:51:49.870+0000] {processor.py:161} INFO - Started process (PID=1309) to work on /home/airflow/.local/lib/python3.12/site-packages/airflow/example_dags/example_bash_operator.py
[2024-06-27T11:51:49.871+0000] {processor.py:830} INFO - Processing file /home/airflow/.local/lib/python3.12/site-packages/airflow/example_dags/example_bash_operator.py for tasks to queue
[2024-06-27T11:51:49.872+0000] {logging_mixin.py:188} INFO - [2024-06-27T11:51:49.871+0000] {dagbag.py:545} INFO - Filling up the DagBag from /home/airflow/.local/lib/python3.12/site-packages/airflow/example_dags/example_bash_operator.py
[2024-06-27T11:51:49.877+0000] {processor.py:840} INFO - DAG(s) 'example_bash_operator' retrieved from /home/airflow/.local/lib/python3.12/site-packages/airflow/example_dags/example_bash_operator.py
[2024-06-27T11:51:49.897+0000] {logging_mixin.py:188} INFO - [2024-06-27T11:51:49.897+0000] {dag.py:3096} INFO - Sync 1 DAGs
[2024-06-27T11:51:49.909+0000] {logging_mixin.py:188} INFO - [2024-06-27T11:51:49.909+0000] {dag.py:3954} INFO - Setting next_dagrun for example_bash_operator to 2024-06-26 00:00:00+00:00, run_after=2024-06-27 00:00:00+00:00
[2024-06-27T11:51:49.919+0000] {processor.py:183} INFO - Processing /home/airflow/.local/lib/python3.12/site-packages/airflow/example_dags/example_bash_operator.py took 0.052 seconds
[2024-06-27T11:52:20.716+0000] {processor.py:161} INFO - Started process (PID=1368) to work on /home/airflow/.local/lib/python3.12/site-packages/airflow/example_dags/example_bash_operator.py
[2024-06-27T11:52:20.717+0000] {processor.py:830} INFO - Processing file /home/airflow/.local/lib/python3.12/site-packages/airflow/example_dags/example_bash_operator.py for tasks to queue
[2024-06-27T11:52:20.718+0000] {logging_mixin.py:188} INFO - [2024-06-27T11:52:20.718+0000] {dagbag.py:545} INFO - Filling up the DagBag from /home/airflow/.local/lib/python3.12/site-packages/airflow/example_dags/example_bash_operator.py
[2024-06-27T11:52:20.724+0000] {processor.py:840} INFO - DAG(s) 'example_bash_operator' retrieved from /home/airflow/.local/lib/python3.12/site-packages/airflow/example_dags/example_bash_operator.py
[2024-06-27T11:52:20.739+0000] {logging_mixin.py:188} INFO - [2024-06-27T11:52:20.739+0000] {dag.py:3096} INFO - Sync 1 DAGs
[2024-06-27T11:52:20.751+0000] {logging_mixin.py:188} INFO - [2024-06-27T11:52:20.751+0000] {dag.py:3954} INFO - Setting next_dagrun for example_bash_operator to 2024-06-26 00:00:00+00:00, run_after=2024-06-27 00:00:00+00:00
[2024-06-27T11:52:20.761+0000] {processor.py:183} INFO - Processing /home/airflow/.local/lib/python3.12/site-packages/airflow/example_dags/example_bash_operator.py took 0.047 seconds
[2024-06-27T11:52:51.507+0000] {processor.py:161} INFO - Started process (PID=1428) to work on /home/airflow/.local/lib/python3.12/site-packages/airflow/example_dags/example_bash_operator.py
[2024-06-27T11:52:51.508+0000] {processor.py:830} INFO - Processing file /home/airflow/.local/lib/python3.12/site-packages/airflow/example_dags/example_bash_operator.py for tasks to queue
[2024-06-27T11:52:51.509+0000] {logging_mixin.py:188} INFO - [2024-06-27T11:52:51.509+0000] {dagbag.py:545} INFO - Filling up the DagBag from /home/airflow/.local/lib/python3.12/site-packages/airflow/example_dags/example_bash_operator.py
[2024-06-27T11:52:51.515+0000] {processor.py:840} INFO - DAG(s) 'example_bash_operator' retrieved from /home/airflow/.local/lib/python3.12/site-packages/airflow/example_dags/example_bash_operator.py
[2024-06-27T11:52:51.529+0000] {logging_mixin.py:188} INFO - [2024-06-27T11:52:51.529+0000] {dag.py:3096} INFO - Sync 1 DAGs
[2024-06-27T11:52:51.540+0000] {logging_mixin.py:188} INFO - [2024-06-27T11:52:51.540+0000] {dag.py:3954} INFO - Setting next_dagrun for example_bash_operator to 2024-06-26 00:00:00+00:00, run_after=2024-06-27 00:00:00+00:00
[2024-06-27T11:52:51.549+0000] {processor.py:183} INFO - Processing /home/airflow/.local/lib/python3.12/site-packages/airflow/example_dags/example_bash_operator.py took 0.045 seconds
[2024-06-27T11:53:22.330+0000] {processor.py:161} INFO - Started process (PID=1487) to work on /home/airflow/.local/lib/python3.12/site-packages/airflow/example_dags/example_bash_operator.py
[2024-06-27T11:53:22.331+0000] {processor.py:830} INFO - Processing file /home/airflow/.local/lib/python3.12/site-packages/airflow/example_dags/example_bash_operator.py for tasks to queue
[2024-06-27T11:53:22.332+0000] {logging_mixin.py:188} INFO - [2024-06-27T11:53:22.332+0000] {dagbag.py:545} INFO - Filling up the DagBag from /home/airflow/.local/lib/python3.12/site-packages/airflow/example_dags/example_bash_operator.py
[2024-06-27T11:53:22.339+0000] {processor.py:840} INFO - DAG(s) 'example_bash_operator' retrieved from /home/airflow/.local/lib/python3.12/site-packages/airflow/example_dags/example_bash_operator.py
[2024-06-27T11:53:22.353+0000] {logging_mixin.py:188} INFO - [2024-06-27T11:53:22.353+0000] {dag.py:3096} INFO - Sync 1 DAGs
[2024-06-27T11:53:22.365+0000] {logging_mixin.py:188} INFO - [2024-06-27T11:53:22.365+0000] {dag.py:3954} INFO - Setting next_dagrun for example_bash_operator to 2024-06-26 00:00:00+00:00, run_after=2024-06-27 00:00:00+00:00
[2024-06-27T11:53:22.375+0000] {processor.py:183} INFO - Processing /home/airflow/.local/lib/python3.12/site-packages/airflow/example_dags/example_bash_operator.py took 0.048 seconds
[2024-06-27T11:53:53.197+0000] {processor.py:161} INFO - Started process (PID=1546) to work on /home/airflow/.local/lib/python3.12/site-packages/airflow/example_dags/example_bash_operator.py
[2024-06-27T11:53:53.198+0000] {processor.py:830} INFO - Processing file /home/airflow/.local/lib/python3.12/site-packages/airflow/example_dags/example_bash_operator.py for tasks to queue
[2024-06-27T11:53:53.199+0000] {logging_mixin.py:188} INFO - [2024-06-27T11:53:53.199+0000] {dagbag.py:545} INFO - Filling up the DagBag from /home/airflow/.local/lib/python3.12/site-packages/airflow/example_dags/example_bash_operator.py
[2024-06-27T11:53:53.204+0000] {processor.py:840} INFO - DAG(s) 'example_bash_operator' retrieved from /home/airflow/.local/lib/python3.12/site-packages/airflow/example_dags/example_bash_operator.py
[2024-06-27T11:53:53.218+0000] {logging_mixin.py:188} INFO - [2024-06-27T11:53:53.218+0000] {dag.py:3096} INFO - Sync 1 DAGs
[2024-06-27T11:53:53.230+0000] {logging_mixin.py:188} INFO - [2024-06-27T11:53:53.229+0000] {dag.py:3954} INFO - Setting next_dagrun for example_bash_operator to 2024-06-26 00:00:00+00:00, run_after=2024-06-27 00:00:00+00:00
[2024-06-27T11:53:53.243+0000] {processor.py:183} INFO - Processing /home/airflow/.local/lib/python3.12/site-packages/airflow/example_dags/example_bash_operator.py took 0.049 seconds
[2024-06-27T11:54:24.088+0000] {processor.py:161} INFO - Started process (PID=1605) to work on /home/airflow/.local/lib/python3.12/site-packages/airflow/example_dags/example_bash_operator.py
[2024-06-27T11:54:24.088+0000] {processor.py:830} INFO - Processing file /home/airflow/.local/lib/python3.12/site-packages/airflow/example_dags/example_bash_operator.py for tasks to queue
[2024-06-27T11:54:24.089+0000] {logging_mixin.py:188} INFO - [2024-06-27T11:54:24.089+0000] {dagbag.py:545} INFO - Filling up the DagBag from /home/airflow/.local/lib/python3.12/site-packages/airflow/example_dags/example_bash_operator.py
[2024-06-27T11:54:24.095+0000] {processor.py:840} INFO - DAG(s) 'example_bash_operator' retrieved from /home/airflow/.local/lib/python3.12/site-packages/airflow/example_dags/example_bash_operator.py
[2024-06-27T11:54:24.109+0000] {logging_mixin.py:188} INFO - [2024-06-27T11:54:24.109+0000] {dag.py:3096} INFO - Sync 1 DAGs
[2024-06-27T11:54:24.121+0000] {logging_mixin.py:188} INFO - [2024-06-27T11:54:24.121+0000] {dag.py:3954} INFO - Setting next_dagrun for example_bash_operator to 2024-06-26 00:00:00+00:00, run_after=2024-06-27 00:00:00+00:00
[2024-06-27T11:54:24.130+0000] {processor.py:183} INFO - Processing /home/airflow/.local/lib/python3.12/site-packages/airflow/example_dags/example_bash_operator.py took 0.046 seconds
[2024-06-27T11:54:54.879+0000] {processor.py:161} INFO - Started process (PID=1664) to work on /home/airflow/.local/lib/python3.12/site-packages/airflow/example_dags/example_bash_operator.py
[2024-06-27T11:54:54.880+0000] {processor.py:830} INFO - Processing file /home/airflow/.local/lib/python3.12/site-packages/airflow/example_dags/example_bash_operator.py for tasks to queue
[2024-06-27T11:54:54.881+0000] {logging_mixin.py:188} INFO - [2024-06-27T11:54:54.881+0000] {dagbag.py:545} INFO - Filling up the DagBag from /home/airflow/.local/lib/python3.12/site-packages/airflow/example_dags/example_bash_operator.py
[2024-06-27T11:54:54.887+0000] {processor.py:840} INFO - DAG(s) 'example_bash_operator' retrieved from /home/airflow/.local/lib/python3.12/site-packages/airflow/example_dags/example_bash_operator.py
[2024-06-27T11:54:54.902+0000] {logging_mixin.py:188} INFO - [2024-06-27T11:54:54.902+0000] {dag.py:3096} INFO - Sync 1 DAGs
[2024-06-27T11:54:54.914+0000] {logging_mixin.py:188} INFO - [2024-06-27T11:54:54.914+0000] {dag.py:3954} INFO - Setting next_dagrun for example_bash_operator to 2024-06-26 00:00:00+00:00, run_after=2024-06-27 00:00:00+00:00
[2024-06-27T11:54:54.924+0000] {processor.py:183} INFO - Processing /home/airflow/.local/lib/python3.12/site-packages/airflow/example_dags/example_bash_operator.py took 0.048 seconds
[2024-06-27T11:55:25.726+0000] {processor.py:161} INFO - Started process (PID=1729) to work on /home/airflow/.local/lib/python3.12/site-packages/airflow/example_dags/example_bash_operator.py
[2024-06-27T11:55:25.727+0000] {processor.py:830} INFO - Processing file /home/airflow/.local/lib/python3.12/site-packages/airflow/example_dags/example_bash_operator.py for tasks to queue
[2024-06-27T11:55:25.728+0000] {logging_mixin.py:188} INFO - [2024-06-27T11:55:25.727+0000] {dagbag.py:545} INFO - Filling up the DagBag from /home/airflow/.local/lib/python3.12/site-packages/airflow/example_dags/example_bash_operator.py
[2024-06-27T11:55:25.733+0000] {processor.py:840} INFO - DAG(s) 'example_bash_operator' retrieved from /home/airflow/.local/lib/python3.12/site-packages/airflow/example_dags/example_bash_operator.py
[2024-06-27T11:55:25.748+0000] {logging_mixin.py:188} INFO - [2024-06-27T11:55:25.748+0000] {dag.py:3096} INFO - Sync 1 DAGs
[2024-06-27T11:55:25.760+0000] {logging_mixin.py:188} INFO - [2024-06-27T11:55:25.760+0000] {dag.py:3954} INFO - Setting next_dagrun for example_bash_operator to 2024-06-26 00:00:00+00:00, run_after=2024-06-27 00:00:00+00:00
[2024-06-27T11:55:25.770+0000] {processor.py:183} INFO - Processing /home/airflow/.local/lib/python3.12/site-packages/airflow/example_dags/example_bash_operator.py took 0.047 seconds
[2024-06-27T11:55:56.535+0000] {processor.py:161} INFO - Started process (PID=1788) to work on /home/airflow/.local/lib/python3.12/site-packages/airflow/example_dags/example_bash_operator.py
[2024-06-27T11:55:56.536+0000] {processor.py:830} INFO - Processing file /home/airflow/.local/lib/python3.12/site-packages/airflow/example_dags/example_bash_operator.py for tasks to queue
[2024-06-27T11:55:56.537+0000] {logging_mixin.py:188} INFO - [2024-06-27T11:55:56.536+0000] {dagbag.py:545} INFO - Filling up the DagBag from /home/airflow/.local/lib/python3.12/site-packages/airflow/example_dags/example_bash_operator.py
[2024-06-27T11:55:56.544+0000] {processor.py:840} INFO - DAG(s) 'example_bash_operator' retrieved from /home/airflow/.local/lib/python3.12/site-packages/airflow/example_dags/example_bash_operator.py
[2024-06-27T11:55:56.559+0000] {logging_mixin.py:188} INFO - [2024-06-27T11:55:56.559+0000] {dag.py:3096} INFO - Sync 1 DAGs
[2024-06-27T11:55:56.572+0000] {logging_mixin.py:188} INFO - [2024-06-27T11:55:56.572+0000] {dag.py:3954} INFO - Setting next_dagrun for example_bash_operator to 2024-06-26 00:00:00+00:00, run_after=2024-06-27 00:00:00+00:00
[2024-06-27T11:55:56.582+0000] {processor.py:183} INFO - Processing /home/airflow/.local/lib/python3.12/site-packages/airflow/example_dags/example_bash_operator.py took 0.050 seconds
[2024-06-27T11:56:27.562+0000] {processor.py:161} INFO - Started process (PID=1847) to work on /home/airflow/.local/lib/python3.12/site-packages/airflow/example_dags/example_bash_operator.py
[2024-06-27T11:56:27.562+0000] {processor.py:830} INFO - Processing file /home/airflow/.local/lib/python3.12/site-packages/airflow/example_dags/example_bash_operator.py for tasks to queue
[2024-06-27T11:56:27.564+0000] {logging_mixin.py:188} INFO - [2024-06-27T11:56:27.563+0000] {dagbag.py:545} INFO - Filling up the DagBag from /home/airflow/.local/lib/python3.12/site-packages/airflow/example_dags/example_bash_operator.py
[2024-06-27T11:56:27.571+0000] {processor.py:840} INFO - DAG(s) 'example_bash_operator' retrieved from /home/airflow/.local/lib/python3.12/site-packages/airflow/example_dags/example_bash_operator.py
[2024-06-27T11:56:27.586+0000] {logging_mixin.py:188} INFO - [2024-06-27T11:56:27.585+0000] {dag.py:3096} INFO - Sync 1 DAGs
[2024-06-27T11:56:27.598+0000] {logging_mixin.py:188} INFO - [2024-06-27T11:56:27.598+0000] {dag.py:3954} INFO - Setting next_dagrun for example_bash_operator to 2024-06-26 00:00:00+00:00, run_after=2024-06-27 00:00:00+00:00
[2024-06-27T11:56:27.608+0000] {processor.py:183} INFO - Processing /home/airflow/.local/lib/python3.12/site-packages/airflow/example_dags/example_bash_operator.py took 0.049 seconds
[2024-06-27T11:56:59.085+0000] {processor.py:161} INFO - Started process (PID=1906) to work on /home/airflow/.local/lib/python3.12/site-packages/airflow/example_dags/example_bash_operator.py
[2024-06-27T11:56:59.086+0000] {processor.py:830} INFO - Processing file /home/airflow/.local/lib/python3.12/site-packages/airflow/example_dags/example_bash_operator.py for tasks to queue
[2024-06-27T11:56:59.087+0000] {logging_mixin.py:188} INFO - [2024-06-27T11:56:59.087+0000] {dagbag.py:545} INFO - Filling up the DagBag from /home/airflow/.local/lib/python3.12/site-packages/airflow/example_dags/example_bash_operator.py
[2024-06-27T11:56:59.093+0000] {processor.py:840} INFO - DAG(s) 'example_bash_operator' retrieved from /home/airflow/.local/lib/python3.12/site-packages/airflow/example_dags/example_bash_operator.py
[2024-06-27T11:56:59.107+0000] {logging_mixin.py:188} INFO - [2024-06-27T11:56:59.107+0000] {dag.py:3096} INFO - Sync 1 DAGs
[2024-06-27T11:56:59.118+0000] {logging_mixin.py:188} INFO - [2024-06-27T11:56:59.118+0000] {dag.py:3954} INFO - Setting next_dagrun for example_bash_operator to 2024-06-26 00:00:00+00:00, run_after=2024-06-27 00:00:00+00:00
[2024-06-27T11:56:59.128+0000] {processor.py:183} INFO - Processing /home/airflow/.local/lib/python3.12/site-packages/airflow/example_dags/example_bash_operator.py took 0.045 seconds
[2024-06-27T11:57:29.991+0000] {processor.py:161} INFO - Started process (PID=1965) to work on /home/airflow/.local/lib/python3.12/site-packages/airflow/example_dags/example_bash_operator.py
[2024-06-27T11:57:29.992+0000] {processor.py:830} INFO - Processing file /home/airflow/.local/lib/python3.12/site-packages/airflow/example_dags/example_bash_operator.py for tasks to queue
[2024-06-27T11:57:29.993+0000] {logging_mixin.py:188} INFO - [2024-06-27T11:57:29.992+0000] {dagbag.py:545} INFO - Filling up the DagBag from /home/airflow/.local/lib/python3.12/site-packages/airflow/example_dags/example_bash_operator.py
[2024-06-27T11:57:29.999+0000] {processor.py:840} INFO - DAG(s) 'example_bash_operator' retrieved from /home/airflow/.local/lib/python3.12/site-packages/airflow/example_dags/example_bash_operator.py
[2024-06-27T11:57:30.014+0000] {logging_mixin.py:188} INFO - [2024-06-27T11:57:30.013+0000] {dag.py:3096} INFO - Sync 1 DAGs
[2024-06-27T11:57:30.026+0000] {logging_mixin.py:188} INFO - [2024-06-27T11:57:30.026+0000] {dag.py:3954} INFO - Setting next_dagrun for example_bash_operator to 2024-06-26 00:00:00+00:00, run_after=2024-06-27 00:00:00+00:00
[2024-06-27T11:57:30.037+0000] {processor.py:183} INFO - Processing /home/airflow/.local/lib/python3.12/site-packages/airflow/example_dags/example_bash_operator.py took 0.049 seconds
[2024-06-27T11:58:00.772+0000] {processor.py:161} INFO - Started process (PID=2024) to work on /home/airflow/.local/lib/python3.12/site-packages/airflow/example_dags/example_bash_operator.py
[2024-06-27T11:58:00.773+0000] {processor.py:830} INFO - Processing file /home/airflow/.local/lib/python3.12/site-packages/airflow/example_dags/example_bash_operator.py for tasks to queue
[2024-06-27T11:58:00.774+0000] {logging_mixin.py:188} INFO - [2024-06-27T11:58:00.774+0000] {dagbag.py:545} INFO - Filling up the DagBag from /home/airflow/.local/lib/python3.12/site-packages/airflow/example_dags/example_bash_operator.py
[2024-06-27T11:58:00.780+0000] {processor.py:840} INFO - DAG(s) 'example_bash_operator' retrieved from /home/airflow/.local/lib/python3.12/site-packages/airflow/example_dags/example_bash_operator.py
[2024-06-27T11:58:00.794+0000] {logging_mixin.py:188} INFO - [2024-06-27T11:58:00.794+0000] {dag.py:3096} INFO - Sync 1 DAGs
[2024-06-27T11:58:00.806+0000] {logging_mixin.py:188} INFO - [2024-06-27T11:58:00.806+0000] {dag.py:3954} INFO - Setting next_dagrun for example_bash_operator to 2024-06-26 00:00:00+00:00, run_after=2024-06-27 00:00:00+00:00
[2024-06-27T11:58:00.816+0000] {processor.py:183} INFO - Processing /home/airflow/.local/lib/python3.12/site-packages/airflow/example_dags/example_bash_operator.py took 0.048 seconds
[2024-06-27T11:58:31.471+0000] {processor.py:161} INFO - Started process (PID=2083) to work on /home/airflow/.local/lib/python3.12/site-packages/airflow/example_dags/example_bash_operator.py
[2024-06-27T11:58:31.471+0000] {processor.py:830} INFO - Processing file /home/airflow/.local/lib/python3.12/site-packages/airflow/example_dags/example_bash_operator.py for tasks to queue
[2024-06-27T11:58:31.472+0000] {logging_mixin.py:188} INFO - [2024-06-27T11:58:31.472+0000] {dagbag.py:545} INFO - Filling up the DagBag from /home/airflow/.local/lib/python3.12/site-packages/airflow/example_dags/example_bash_operator.py
[2024-06-27T11:58:31.478+0000] {processor.py:840} INFO - DAG(s) 'example_bash_operator' retrieved from /home/airflow/.local/lib/python3.12/site-packages/airflow/example_dags/example_bash_operator.py
[2024-06-27T11:58:31.493+0000] {logging_mixin.py:188} INFO - [2024-06-27T11:58:31.493+0000] {dag.py:3096} INFO - Sync 1 DAGs
[2024-06-27T11:58:31.506+0000] {logging_mixin.py:188} INFO - [2024-06-27T11:58:31.505+0000] {dag.py:3954} INFO - Setting next_dagrun for example_bash_operator to 2024-06-26 00:00:00+00:00, run_after=2024-06-27 00:00:00+00:00
[2024-06-27T11:58:31.516+0000] {processor.py:183} INFO - Processing /home/airflow/.local/lib/python3.12/site-packages/airflow/example_dags/example_bash_operator.py took 0.048 seconds
[2024-06-27T11:59:02.193+0000] {processor.py:161} INFO - Started process (PID=2142) to work on /home/airflow/.local/lib/python3.12/site-packages/airflow/example_dags/example_bash_operator.py
[2024-06-27T11:59:02.194+0000] {processor.py:830} INFO - Processing file /home/airflow/.local/lib/python3.12/site-packages/airflow/example_dags/example_bash_operator.py for tasks to queue
[2024-06-27T11:59:02.195+0000] {logging_mixin.py:188} INFO - [2024-06-27T11:59:02.195+0000] {dagbag.py:545} INFO - Filling up the DagBag from /home/airflow/.local/lib/python3.12/site-packages/airflow/example_dags/example_bash_operator.py
[2024-06-27T11:59:02.201+0000] {processor.py:840} INFO - DAG(s) 'example_bash_operator' retrieved from /home/airflow/.local/lib/python3.12/site-packages/airflow/example_dags/example_bash_operator.py
[2024-06-27T11:59:02.215+0000] {logging_mixin.py:188} INFO - [2024-06-27T11:59:02.215+0000] {dag.py:3096} INFO - Sync 1 DAGs
[2024-06-27T11:59:02.227+0000] {logging_mixin.py:188} INFO - [2024-06-27T11:59:02.227+0000] {dag.py:3954} INFO - Setting next_dagrun for example_bash_operator to 2024-06-26 00:00:00+00:00, run_after=2024-06-27 00:00:00+00:00
[2024-06-27T11:59:02.237+0000] {processor.py:183} INFO - Processing /home/airflow/.local/lib/python3.12/site-packages/airflow/example_dags/example_bash_operator.py took 0.047 seconds
[2024-06-27T11:59:32.943+0000] {processor.py:161} INFO - Started process (PID=2201) to work on /home/airflow/.local/lib/python3.12/site-packages/airflow/example_dags/example_bash_operator.py
[2024-06-27T11:59:32.944+0000] {processor.py:830} INFO - Processing file /home/airflow/.local/lib/python3.12/site-packages/airflow/example_dags/example_bash_operator.py for tasks to queue
[2024-06-27T11:59:32.945+0000] {logging_mixin.py:188} INFO - [2024-06-27T11:59:32.945+0000] {dagbag.py:545} INFO - Filling up the DagBag from /home/airflow/.local/lib/python3.12/site-packages/airflow/example_dags/example_bash_operator.py
[2024-06-27T11:59:32.951+0000] {processor.py:840} INFO - DAG(s) 'example_bash_operator' retrieved from /home/airflow/.local/lib/python3.12/site-packages/airflow/example_dags/example_bash_operator.py
[2024-06-27T11:59:32.966+0000] {logging_mixin.py:188} INFO - [2024-06-27T11:59:32.965+0000] {dag.py:3096} INFO - Sync 1 DAGs
[2024-06-27T11:59:32.978+0000] {logging_mixin.py:188} INFO - [2024-06-27T11:59:32.978+0000] {dag.py:3954} INFO - Setting next_dagrun for example_bash_operator to 2024-06-26 00:00:00+00:00, run_after=2024-06-27 00:00:00+00:00
[2024-06-27T11:59:32.988+0000] {processor.py:183} INFO - Processing /home/airflow/.local/lib/python3.12/site-packages/airflow/example_dags/example_bash_operator.py took 0.048 seconds
[2024-06-27T12:00:03.674+0000] {processor.py:161} INFO - Started process (PID=2260) to work on /home/airflow/.local/lib/python3.12/site-packages/airflow/example_dags/example_bash_operator.py
[2024-06-27T12:00:03.675+0000] {processor.py:830} INFO - Processing file /home/airflow/.local/lib/python3.12/site-packages/airflow/example_dags/example_bash_operator.py for tasks to queue
[2024-06-27T12:00:03.676+0000] {logging_mixin.py:188} INFO - [2024-06-27T12:00:03.676+0000] {dagbag.py:545} INFO - Filling up the DagBag from /home/airflow/.local/lib/python3.12/site-packages/airflow/example_dags/example_bash_operator.py
[2024-06-27T12:00:03.682+0000] {processor.py:840} INFO - DAG(s) 'example_bash_operator' retrieved from /home/airflow/.local/lib/python3.12/site-packages/airflow/example_dags/example_bash_operator.py
[2024-06-27T12:00:03.697+0000] {logging_mixin.py:188} INFO - [2024-06-27T12:00:03.696+0000] {dag.py:3096} INFO - Sync 1 DAGs
[2024-06-27T12:00:03.709+0000] {logging_mixin.py:188} INFO - [2024-06-27T12:00:03.709+0000] {dag.py:3954} INFO - Setting next_dagrun for example_bash_operator to 2024-06-26 00:00:00+00:00, run_after=2024-06-27 00:00:00+00:00
[2024-06-27T12:00:03.720+0000] {processor.py:183} INFO - Processing /home/airflow/.local/lib/python3.12/site-packages/airflow/example_dags/example_bash_operator.py took 0.049 seconds
[2024-06-27T12:00:34.406+0000] {processor.py:161} INFO - Started process (PID=2319) to work on /home/airflow/.local/lib/python3.12/site-packages/airflow/example_dags/example_bash_operator.py
[2024-06-27T12:00:34.407+0000] {processor.py:830} INFO - Processing file /home/airflow/.local/lib/python3.12/site-packages/airflow/example_dags/example_bash_operator.py for tasks to queue
[2024-06-27T12:00:34.407+0000] {logging_mixin.py:188} INFO - [2024-06-27T12:00:34.407+0000] {dagbag.py:545} INFO - Filling up the DagBag from /home/airflow/.local/lib/python3.12/site-packages/airflow/example_dags/example_bash_operator.py
[2024-06-27T12:00:34.413+0000] {processor.py:840} INFO - DAG(s) 'example_bash_operator' retrieved from /home/airflow/.local/lib/python3.12/site-packages/airflow/example_dags/example_bash_operator.py
[2024-06-27T12:00:34.428+0000] {logging_mixin.py:188} INFO - [2024-06-27T12:00:34.428+0000] {dag.py:3096} INFO - Sync 1 DAGs
[2024-06-27T12:00:34.441+0000] {logging_mixin.py:188} INFO - [2024-06-27T12:00:34.440+0000] {dag.py:3954} INFO - Setting next_dagrun for example_bash_operator to 2024-06-26 00:00:00+00:00, run_after=2024-06-27 00:00:00+00:00
[2024-06-27T12:00:34.451+0000] {processor.py:183} INFO - Processing /home/airflow/.local/lib/python3.12/site-packages/airflow/example_dags/example_bash_operator.py took 0.048 seconds
[2024-06-27T12:01:05.154+0000] {processor.py:161} INFO - Started process (PID=2378) to work on /home/airflow/.local/lib/python3.12/site-packages/airflow/example_dags/example_bash_operator.py
[2024-06-27T12:01:05.155+0000] {processor.py:830} INFO - Processing file /home/airflow/.local/lib/python3.12/site-packages/airflow/example_dags/example_bash_operator.py for tasks to queue
[2024-06-27T12:01:05.155+0000] {logging_mixin.py:188} INFO - [2024-06-27T12:01:05.155+0000] {dagbag.py:545} INFO - Filling up the DagBag from /home/airflow/.local/lib/python3.12/site-packages/airflow/example_dags/example_bash_operator.py
[2024-06-27T12:01:05.161+0000] {processor.py:840} INFO - DAG(s) 'example_bash_operator' retrieved from /home/airflow/.local/lib/python3.12/site-packages/airflow/example_dags/example_bash_operator.py
[2024-06-27T12:01:05.176+0000] {logging_mixin.py:188} INFO - [2024-06-27T12:01:05.176+0000] {dag.py:3096} INFO - Sync 1 DAGs
[2024-06-27T12:01:05.188+0000] {logging_mixin.py:188} INFO - [2024-06-27T12:01:05.188+0000] {dag.py:3954} INFO - Setting next_dagrun for example_bash_operator to 2024-06-26 00:00:00+00:00, run_after=2024-06-27 00:00:00+00:00
[2024-06-27T12:01:05.198+0000] {processor.py:183} INFO - Processing /home/airflow/.local/lib/python3.12/site-packages/airflow/example_dags/example_bash_operator.py took 0.048 seconds
[2024-06-27T12:01:36.065+0000] {processor.py:161} INFO - Started process (PID=2437) to work on /home/airflow/.local/lib/python3.12/site-packages/airflow/example_dags/example_bash_operator.py
[2024-06-27T12:01:36.066+0000] {processor.py:830} INFO - Processing file /home/airflow/.local/lib/python3.12/site-packages/airflow/example_dags/example_bash_operator.py for tasks to queue
[2024-06-27T12:01:36.067+0000] {logging_mixin.py:188} INFO - [2024-06-27T12:01:36.067+0000] {dagbag.py:545} INFO - Filling up the DagBag from /home/airflow/.local/lib/python3.12/site-packages/airflow/example_dags/example_bash_operator.py
[2024-06-27T12:01:36.073+0000] {processor.py:840} INFO - DAG(s) 'example_bash_operator' retrieved from /home/airflow/.local/lib/python3.12/site-packages/airflow/example_dags/example_bash_operator.py
[2024-06-27T12:01:36.089+0000] {logging_mixin.py:188} INFO - [2024-06-27T12:01:36.089+0000] {dag.py:3096} INFO - Sync 1 DAGs
[2024-06-27T12:01:36.104+0000] {logging_mixin.py:188} INFO - [2024-06-27T12:01:36.104+0000] {dag.py:3954} INFO - Setting next_dagrun for example_bash_operator to 2024-06-26 00:00:00+00:00, run_after=2024-06-27 00:00:00+00:00
[2024-06-27T12:01:36.116+0000] {processor.py:183} INFO - Processing /home/airflow/.local/lib/python3.12/site-packages/airflow/example_dags/example_bash_operator.py took 0.054 seconds
