[2024-06-27T11:41:03.521+0000] {processor.py:161} INFO - Started process (PID=48) to work on /home/airflow/.local/lib/python3.12/site-packages/airflow/example_dags/tutorial.py
[2024-06-27T11:41:03.521+0000] {processor.py:830} INFO - Processing file /home/airflow/.local/lib/python3.12/site-packages/airflow/example_dags/tutorial.py for tasks to queue
[2024-06-27T11:41:03.522+0000] {logging_mixin.py:188} INFO - [2024-06-27T11:41:03.522+0000] {dagbag.py:545} INFO - Filling up the DagBag from /home/airflow/.local/lib/python3.12/site-packages/airflow/example_dags/tutorial.py
[2024-06-27T11:41:03.527+0000] {processor.py:840} INFO - DAG(s) 'tutorial' retrieved from /home/airflow/.local/lib/python3.12/site-packages/airflow/example_dags/tutorial.py
[2024-06-27T11:41:03.533+0000] {logging_mixin.py:188} INFO - [2024-06-27T11:41:03.533+0000] {dag.py:3096} INFO - Sync 1 DAGs
[2024-06-27T11:41:03.550+0000] {logging_mixin.py:188} INFO - [2024-06-27T11:41:03.549+0000] {dag.py:3954} INFO - Setting next_dagrun for tutorial to 2024-06-26 00:00:00+00:00, run_after=2024-06-27 00:00:00+00:00
[2024-06-27T11:41:03.563+0000] {processor.py:183} INFO - Processing /home/airflow/.local/lib/python3.12/site-packages/airflow/example_dags/tutorial.py took 0.045 seconds
[2024-06-27T11:41:34.333+0000] {processor.py:161} INFO - Started process (PID=106) to work on /home/airflow/.local/lib/python3.12/site-packages/airflow/example_dags/tutorial.py
[2024-06-27T11:41:34.334+0000] {processor.py:830} INFO - Processing file /home/airflow/.local/lib/python3.12/site-packages/airflow/example_dags/tutorial.py for tasks to queue
[2024-06-27T11:41:34.335+0000] {logging_mixin.py:188} INFO - [2024-06-27T11:41:34.335+0000] {dagbag.py:545} INFO - Filling up the DagBag from /home/airflow/.local/lib/python3.12/site-packages/airflow/example_dags/tutorial.py
[2024-06-27T11:41:34.338+0000] {processor.py:840} INFO - DAG(s) 'tutorial' retrieved from /home/airflow/.local/lib/python3.12/site-packages/airflow/example_dags/tutorial.py
[2024-06-27T11:41:34.393+0000] {logging_mixin.py:188} INFO - [2024-06-27T11:41:34.393+0000] {dag.py:3096} INFO - Sync 1 DAGs
[2024-06-27T11:41:34.403+0000] {logging_mixin.py:188} INFO - [2024-06-27T11:41:34.403+0000] {dag.py:3954} INFO - Setting next_dagrun for tutorial to 2024-06-26 00:00:00+00:00, run_after=2024-06-27 00:00:00+00:00
[2024-06-27T11:41:34.413+0000] {processor.py:183} INFO - Processing /home/airflow/.local/lib/python3.12/site-packages/airflow/example_dags/tutorial.py took 0.083 seconds
[2024-06-27T11:42:04.938+0000] {processor.py:161} INFO - Started process (PID=164) to work on /home/airflow/.local/lib/python3.12/site-packages/airflow/example_dags/tutorial.py
[2024-06-27T11:42:04.939+0000] {processor.py:830} INFO - Processing file /home/airflow/.local/lib/python3.12/site-packages/airflow/example_dags/tutorial.py for tasks to queue
[2024-06-27T11:42:04.940+0000] {logging_mixin.py:188} INFO - [2024-06-27T11:42:04.940+0000] {dagbag.py:545} INFO - Filling up the DagBag from /home/airflow/.local/lib/python3.12/site-packages/airflow/example_dags/tutorial.py
[2024-06-27T11:42:04.943+0000] {processor.py:840} INFO - DAG(s) 'tutorial' retrieved from /home/airflow/.local/lib/python3.12/site-packages/airflow/example_dags/tutorial.py
[2024-06-27T11:42:04.954+0000] {logging_mixin.py:188} INFO - [2024-06-27T11:42:04.954+0000] {dag.py:3096} INFO - Sync 1 DAGs
[2024-06-27T11:42:04.967+0000] {logging_mixin.py:188} INFO - [2024-06-27T11:42:04.967+0000] {dag.py:3954} INFO - Setting next_dagrun for tutorial to 2024-06-26 00:00:00+00:00, run_after=2024-06-27 00:00:00+00:00
[2024-06-27T11:42:04.977+0000] {processor.py:183} INFO - Processing /home/airflow/.local/lib/python3.12/site-packages/airflow/example_dags/tutorial.py took 0.043 seconds
[2024-06-27T11:42:35.840+0000] {processor.py:161} INFO - Started process (PID=222) to work on /home/airflow/.local/lib/python3.12/site-packages/airflow/example_dags/tutorial.py
[2024-06-27T11:42:35.841+0000] {processor.py:830} INFO - Processing file /home/airflow/.local/lib/python3.12/site-packages/airflow/example_dags/tutorial.py for tasks to queue
[2024-06-27T11:42:35.842+0000] {logging_mixin.py:188} INFO - [2024-06-27T11:42:35.842+0000] {dagbag.py:545} INFO - Filling up the DagBag from /home/airflow/.local/lib/python3.12/site-packages/airflow/example_dags/tutorial.py
[2024-06-27T11:42:35.845+0000] {processor.py:840} INFO - DAG(s) 'tutorial' retrieved from /home/airflow/.local/lib/python3.12/site-packages/airflow/example_dags/tutorial.py
[2024-06-27T11:42:35.857+0000] {logging_mixin.py:188} INFO - [2024-06-27T11:42:35.857+0000] {dag.py:3096} INFO - Sync 1 DAGs
[2024-06-27T11:42:35.870+0000] {logging_mixin.py:188} INFO - [2024-06-27T11:42:35.870+0000] {dag.py:3954} INFO - Setting next_dagrun for tutorial to 2024-06-26 00:00:00+00:00, run_after=2024-06-27 00:00:00+00:00
[2024-06-27T11:42:35.881+0000] {processor.py:183} INFO - Processing /home/airflow/.local/lib/python3.12/site-packages/airflow/example_dags/tutorial.py took 0.044 seconds
[2024-06-27T11:43:06.101+0000] {processor.py:161} INFO - Started process (PID=280) to work on /home/airflow/.local/lib/python3.12/site-packages/airflow/example_dags/tutorial.py
[2024-06-27T11:43:06.102+0000] {processor.py:830} INFO - Processing file /home/airflow/.local/lib/python3.12/site-packages/airflow/example_dags/tutorial.py for tasks to queue
[2024-06-27T11:43:06.103+0000] {logging_mixin.py:188} INFO - [2024-06-27T11:43:06.103+0000] {dagbag.py:545} INFO - Filling up the DagBag from /home/airflow/.local/lib/python3.12/site-packages/airflow/example_dags/tutorial.py
[2024-06-27T11:43:06.106+0000] {processor.py:840} INFO - DAG(s) 'tutorial' retrieved from /home/airflow/.local/lib/python3.12/site-packages/airflow/example_dags/tutorial.py
[2024-06-27T11:43:06.118+0000] {logging_mixin.py:188} INFO - [2024-06-27T11:43:06.118+0000] {dag.py:3096} INFO - Sync 1 DAGs
[2024-06-27T11:43:06.132+0000] {logging_mixin.py:188} INFO - [2024-06-27T11:43:06.132+0000] {dag.py:3954} INFO - Setting next_dagrun for tutorial to 2024-06-26 00:00:00+00:00, run_after=2024-06-27 00:00:00+00:00
[2024-06-27T11:43:06.143+0000] {processor.py:183} INFO - Processing /home/airflow/.local/lib/python3.12/site-packages/airflow/example_dags/tutorial.py took 0.045 seconds
[2024-06-27T11:43:36.953+0000] {processor.py:161} INFO - Started process (PID=338) to work on /home/airflow/.local/lib/python3.12/site-packages/airflow/example_dags/tutorial.py
[2024-06-27T11:43:36.953+0000] {processor.py:830} INFO - Processing file /home/airflow/.local/lib/python3.12/site-packages/airflow/example_dags/tutorial.py for tasks to queue
[2024-06-27T11:43:36.955+0000] {logging_mixin.py:188} INFO - [2024-06-27T11:43:36.954+0000] {dagbag.py:545} INFO - Filling up the DagBag from /home/airflow/.local/lib/python3.12/site-packages/airflow/example_dags/tutorial.py
[2024-06-27T11:43:36.958+0000] {processor.py:840} INFO - DAG(s) 'tutorial' retrieved from /home/airflow/.local/lib/python3.12/site-packages/airflow/example_dags/tutorial.py
[2024-06-27T11:43:36.969+0000] {logging_mixin.py:188} INFO - [2024-06-27T11:43:36.969+0000] {dag.py:3096} INFO - Sync 1 DAGs
[2024-06-27T11:43:36.982+0000] {logging_mixin.py:188} INFO - [2024-06-27T11:43:36.981+0000] {dag.py:3954} INFO - Setting next_dagrun for tutorial to 2024-06-26 00:00:00+00:00, run_after=2024-06-27 00:00:00+00:00
[2024-06-27T11:43:36.992+0000] {processor.py:183} INFO - Processing /home/airflow/.local/lib/python3.12/site-packages/airflow/example_dags/tutorial.py took 0.042 seconds
[2024-06-27T11:44:07.651+0000] {processor.py:161} INFO - Started process (PID=396) to work on /home/airflow/.local/lib/python3.12/site-packages/airflow/example_dags/tutorial.py
[2024-06-27T11:44:07.651+0000] {processor.py:830} INFO - Processing file /home/airflow/.local/lib/python3.12/site-packages/airflow/example_dags/tutorial.py for tasks to queue
[2024-06-27T11:44:07.652+0000] {logging_mixin.py:188} INFO - [2024-06-27T11:44:07.652+0000] {dagbag.py:545} INFO - Filling up the DagBag from /home/airflow/.local/lib/python3.12/site-packages/airflow/example_dags/tutorial.py
[2024-06-27T11:44:07.655+0000] {processor.py:840} INFO - DAG(s) 'tutorial' retrieved from /home/airflow/.local/lib/python3.12/site-packages/airflow/example_dags/tutorial.py
[2024-06-27T11:44:07.666+0000] {logging_mixin.py:188} INFO - [2024-06-27T11:44:07.666+0000] {dag.py:3096} INFO - Sync 1 DAGs
[2024-06-27T11:44:07.678+0000] {logging_mixin.py:188} INFO - [2024-06-27T11:44:07.678+0000] {dag.py:3954} INFO - Setting next_dagrun for tutorial to 2024-06-26 00:00:00+00:00, run_after=2024-06-27 00:00:00+00:00
[2024-06-27T11:44:07.688+0000] {processor.py:183} INFO - Processing /home/airflow/.local/lib/python3.12/site-packages/airflow/example_dags/tutorial.py took 0.041 seconds
[2024-06-27T11:44:38.434+0000] {processor.py:161} INFO - Started process (PID=454) to work on /home/airflow/.local/lib/python3.12/site-packages/airflow/example_dags/tutorial.py
[2024-06-27T11:44:38.435+0000] {processor.py:830} INFO - Processing file /home/airflow/.local/lib/python3.12/site-packages/airflow/example_dags/tutorial.py for tasks to queue
[2024-06-27T11:44:38.436+0000] {logging_mixin.py:188} INFO - [2024-06-27T11:44:38.436+0000] {dagbag.py:545} INFO - Filling up the DagBag from /home/airflow/.local/lib/python3.12/site-packages/airflow/example_dags/tutorial.py
[2024-06-27T11:44:38.439+0000] {processor.py:840} INFO - DAG(s) 'tutorial' retrieved from /home/airflow/.local/lib/python3.12/site-packages/airflow/example_dags/tutorial.py
[2024-06-27T11:44:38.450+0000] {logging_mixin.py:188} INFO - [2024-06-27T11:44:38.450+0000] {dag.py:3096} INFO - Sync 1 DAGs
[2024-06-27T11:44:38.462+0000] {logging_mixin.py:188} INFO - [2024-06-27T11:44:38.462+0000] {dag.py:3954} INFO - Setting next_dagrun for tutorial to 2024-06-26 00:00:00+00:00, run_after=2024-06-27 00:00:00+00:00
[2024-06-27T11:44:38.472+0000] {processor.py:183} INFO - Processing /home/airflow/.local/lib/python3.12/site-packages/airflow/example_dags/tutorial.py took 0.041 seconds
[2024-06-27T11:45:09.260+0000] {processor.py:161} INFO - Started process (PID=512) to work on /home/airflow/.local/lib/python3.12/site-packages/airflow/example_dags/tutorial.py
[2024-06-27T11:45:09.261+0000] {processor.py:830} INFO - Processing file /home/airflow/.local/lib/python3.12/site-packages/airflow/example_dags/tutorial.py for tasks to queue
[2024-06-27T11:45:09.262+0000] {logging_mixin.py:188} INFO - [2024-06-27T11:45:09.262+0000] {dagbag.py:545} INFO - Filling up the DagBag from /home/airflow/.local/lib/python3.12/site-packages/airflow/example_dags/tutorial.py
[2024-06-27T11:45:09.265+0000] {processor.py:840} INFO - DAG(s) 'tutorial' retrieved from /home/airflow/.local/lib/python3.12/site-packages/airflow/example_dags/tutorial.py
[2024-06-27T11:45:09.276+0000] {logging_mixin.py:188} INFO - [2024-06-27T11:45:09.276+0000] {dag.py:3096} INFO - Sync 1 DAGs
[2024-06-27T11:45:09.288+0000] {logging_mixin.py:188} INFO - [2024-06-27T11:45:09.288+0000] {dag.py:3954} INFO - Setting next_dagrun for tutorial to 2024-06-26 00:00:00+00:00, run_after=2024-06-27 00:00:00+00:00
[2024-06-27T11:45:09.299+0000] {processor.py:183} INFO - Processing /home/airflow/.local/lib/python3.12/site-packages/airflow/example_dags/tutorial.py took 0.042 seconds
[2024-06-27T11:45:40.131+0000] {processor.py:161} INFO - Started process (PID=570) to work on /home/airflow/.local/lib/python3.12/site-packages/airflow/example_dags/tutorial.py
[2024-06-27T11:45:40.132+0000] {processor.py:830} INFO - Processing file /home/airflow/.local/lib/python3.12/site-packages/airflow/example_dags/tutorial.py for tasks to queue
[2024-06-27T11:45:40.133+0000] {logging_mixin.py:188} INFO - [2024-06-27T11:45:40.133+0000] {dagbag.py:545} INFO - Filling up the DagBag from /home/airflow/.local/lib/python3.12/site-packages/airflow/example_dags/tutorial.py
[2024-06-27T11:45:40.136+0000] {processor.py:840} INFO - DAG(s) 'tutorial' retrieved from /home/airflow/.local/lib/python3.12/site-packages/airflow/example_dags/tutorial.py
[2024-06-27T11:45:40.146+0000] {logging_mixin.py:188} INFO - [2024-06-27T11:45:40.146+0000] {dag.py:3096} INFO - Sync 1 DAGs
[2024-06-27T11:45:40.159+0000] {logging_mixin.py:188} INFO - [2024-06-27T11:45:40.159+0000] {dag.py:3954} INFO - Setting next_dagrun for tutorial to 2024-06-26 00:00:00+00:00, run_after=2024-06-27 00:00:00+00:00
[2024-06-27T11:45:40.169+0000] {processor.py:183} INFO - Processing /home/airflow/.local/lib/python3.12/site-packages/airflow/example_dags/tutorial.py took 0.041 seconds
[2024-06-27T11:46:10.924+0000] {processor.py:161} INFO - Started process (PID=629) to work on /home/airflow/.local/lib/python3.12/site-packages/airflow/example_dags/tutorial.py
[2024-06-27T11:46:10.925+0000] {processor.py:830} INFO - Processing file /home/airflow/.local/lib/python3.12/site-packages/airflow/example_dags/tutorial.py for tasks to queue
[2024-06-27T11:46:10.926+0000] {logging_mixin.py:188} INFO - [2024-06-27T11:46:10.926+0000] {dagbag.py:545} INFO - Filling up the DagBag from /home/airflow/.local/lib/python3.12/site-packages/airflow/example_dags/tutorial.py
[2024-06-27T11:46:10.929+0000] {processor.py:840} INFO - DAG(s) 'tutorial' retrieved from /home/airflow/.local/lib/python3.12/site-packages/airflow/example_dags/tutorial.py
[2024-06-27T11:46:10.940+0000] {logging_mixin.py:188} INFO - [2024-06-27T11:46:10.940+0000] {dag.py:3096} INFO - Sync 1 DAGs
[2024-06-27T11:46:10.953+0000] {logging_mixin.py:188} INFO - [2024-06-27T11:46:10.953+0000] {dag.py:3954} INFO - Setting next_dagrun for tutorial to 2024-06-26 00:00:00+00:00, run_after=2024-06-27 00:00:00+00:00
[2024-06-27T11:46:10.963+0000] {processor.py:183} INFO - Processing /home/airflow/.local/lib/python3.12/site-packages/airflow/example_dags/tutorial.py took 0.042 seconds
[2024-06-27T11:46:41.824+0000] {processor.py:161} INFO - Started process (PID=693) to work on /home/airflow/.local/lib/python3.12/site-packages/airflow/example_dags/tutorial.py
[2024-06-27T11:46:41.825+0000] {processor.py:830} INFO - Processing file /home/airflow/.local/lib/python3.12/site-packages/airflow/example_dags/tutorial.py for tasks to queue
[2024-06-27T11:46:41.826+0000] {logging_mixin.py:188} INFO - [2024-06-27T11:46:41.826+0000] {dagbag.py:545} INFO - Filling up the DagBag from /home/airflow/.local/lib/python3.12/site-packages/airflow/example_dags/tutorial.py
[2024-06-27T11:46:41.829+0000] {processor.py:840} INFO - DAG(s) 'tutorial' retrieved from /home/airflow/.local/lib/python3.12/site-packages/airflow/example_dags/tutorial.py
[2024-06-27T11:46:41.839+0000] {logging_mixin.py:188} INFO - [2024-06-27T11:46:41.839+0000] {dag.py:3096} INFO - Sync 1 DAGs
[2024-06-27T11:46:41.851+0000] {logging_mixin.py:188} INFO - [2024-06-27T11:46:41.851+0000] {dag.py:3954} INFO - Setting next_dagrun for tutorial to 2024-06-26 00:00:00+00:00, run_after=2024-06-27 00:00:00+00:00
[2024-06-27T11:46:41.861+0000] {processor.py:183} INFO - Processing /home/airflow/.local/lib/python3.12/site-packages/airflow/example_dags/tutorial.py took 0.040 seconds
[2024-06-27T11:47:12.692+0000] {processor.py:161} INFO - Started process (PID=754) to work on /home/airflow/.local/lib/python3.12/site-packages/airflow/example_dags/tutorial.py
[2024-06-27T11:47:12.693+0000] {processor.py:830} INFO - Processing file /home/airflow/.local/lib/python3.12/site-packages/airflow/example_dags/tutorial.py for tasks to queue
[2024-06-27T11:47:12.694+0000] {logging_mixin.py:188} INFO - [2024-06-27T11:47:12.694+0000] {dagbag.py:545} INFO - Filling up the DagBag from /home/airflow/.local/lib/python3.12/site-packages/airflow/example_dags/tutorial.py
[2024-06-27T11:47:12.697+0000] {processor.py:840} INFO - DAG(s) 'tutorial' retrieved from /home/airflow/.local/lib/python3.12/site-packages/airflow/example_dags/tutorial.py
[2024-06-27T11:47:12.708+0000] {logging_mixin.py:188} INFO - [2024-06-27T11:47:12.708+0000] {dag.py:3096} INFO - Sync 1 DAGs
[2024-06-27T11:47:12.720+0000] {logging_mixin.py:188} INFO - [2024-06-27T11:47:12.720+0000] {dag.py:3954} INFO - Setting next_dagrun for tutorial to 2024-06-26 00:00:00+00:00, run_after=2024-06-27 00:00:00+00:00
[2024-06-27T11:47:12.731+0000] {processor.py:183} INFO - Processing /home/airflow/.local/lib/python3.12/site-packages/airflow/example_dags/tutorial.py took 0.042 seconds
[2024-06-27T11:47:43.746+0000] {processor.py:161} INFO - Started process (PID=813) to work on /home/airflow/.local/lib/python3.12/site-packages/airflow/example_dags/tutorial.py
[2024-06-27T11:47:43.747+0000] {processor.py:830} INFO - Processing file /home/airflow/.local/lib/python3.12/site-packages/airflow/example_dags/tutorial.py for tasks to queue
[2024-06-27T11:47:43.748+0000] {logging_mixin.py:188} INFO - [2024-06-27T11:47:43.748+0000] {dagbag.py:545} INFO - Filling up the DagBag from /home/airflow/.local/lib/python3.12/site-packages/airflow/example_dags/tutorial.py
[2024-06-27T11:47:43.751+0000] {processor.py:840} INFO - DAG(s) 'tutorial' retrieved from /home/airflow/.local/lib/python3.12/site-packages/airflow/example_dags/tutorial.py
[2024-06-27T11:47:43.763+0000] {logging_mixin.py:188} INFO - [2024-06-27T11:47:43.763+0000] {dag.py:3096} INFO - Sync 1 DAGs
[2024-06-27T11:47:43.776+0000] {logging_mixin.py:188} INFO - [2024-06-27T11:47:43.776+0000] {dag.py:3954} INFO - Setting next_dagrun for tutorial to 2024-06-26 00:00:00+00:00, run_after=2024-06-27 00:00:00+00:00
[2024-06-27T11:47:43.787+0000] {processor.py:183} INFO - Processing /home/airflow/.local/lib/python3.12/site-packages/airflow/example_dags/tutorial.py took 0.044 seconds
[2024-06-27T11:48:13.955+0000] {processor.py:161} INFO - Started process (PID=872) to work on /home/airflow/.local/lib/python3.12/site-packages/airflow/example_dags/tutorial.py
[2024-06-27T11:48:13.956+0000] {processor.py:830} INFO - Processing file /home/airflow/.local/lib/python3.12/site-packages/airflow/example_dags/tutorial.py for tasks to queue
[2024-06-27T11:48:13.957+0000] {logging_mixin.py:188} INFO - [2024-06-27T11:48:13.957+0000] {dagbag.py:545} INFO - Filling up the DagBag from /home/airflow/.local/lib/python3.12/site-packages/airflow/example_dags/tutorial.py
[2024-06-27T11:48:13.960+0000] {processor.py:840} INFO - DAG(s) 'tutorial' retrieved from /home/airflow/.local/lib/python3.12/site-packages/airflow/example_dags/tutorial.py
[2024-06-27T11:48:13.970+0000] {logging_mixin.py:188} INFO - [2024-06-27T11:48:13.969+0000] {dag.py:3096} INFO - Sync 1 DAGs
[2024-06-27T11:48:13.981+0000] {logging_mixin.py:188} INFO - [2024-06-27T11:48:13.981+0000] {dag.py:3954} INFO - Setting next_dagrun for tutorial to 2024-06-26 00:00:00+00:00, run_after=2024-06-27 00:00:00+00:00
[2024-06-27T11:48:13.992+0000] {processor.py:183} INFO - Processing /home/airflow/.local/lib/python3.12/site-packages/airflow/example_dags/tutorial.py took 0.040 seconds
[2024-06-27T11:48:44.978+0000] {processor.py:161} INFO - Started process (PID=931) to work on /home/airflow/.local/lib/python3.12/site-packages/airflow/example_dags/tutorial.py
[2024-06-27T11:48:44.978+0000] {processor.py:830} INFO - Processing file /home/airflow/.local/lib/python3.12/site-packages/airflow/example_dags/tutorial.py for tasks to queue
[2024-06-27T11:48:44.979+0000] {logging_mixin.py:188} INFO - [2024-06-27T11:48:44.979+0000] {dagbag.py:545} INFO - Filling up the DagBag from /home/airflow/.local/lib/python3.12/site-packages/airflow/example_dags/tutorial.py
[2024-06-27T11:48:44.982+0000] {processor.py:840} INFO - DAG(s) 'tutorial' retrieved from /home/airflow/.local/lib/python3.12/site-packages/airflow/example_dags/tutorial.py
[2024-06-27T11:48:44.993+0000] {logging_mixin.py:188} INFO - [2024-06-27T11:48:44.993+0000] {dag.py:3096} INFO - Sync 1 DAGs
[2024-06-27T11:48:45.005+0000] {logging_mixin.py:188} INFO - [2024-06-27T11:48:45.004+0000] {dag.py:3954} INFO - Setting next_dagrun for tutorial to 2024-06-26 00:00:00+00:00, run_after=2024-06-27 00:00:00+00:00
[2024-06-27T11:48:45.015+0000] {processor.py:183} INFO - Processing /home/airflow/.local/lib/python3.12/site-packages/airflow/example_dags/tutorial.py took 0.040 seconds
[2024-06-27T11:49:15.134+0000] {processor.py:161} INFO - Started process (PID=990) to work on /home/airflow/.local/lib/python3.12/site-packages/airflow/example_dags/tutorial.py
[2024-06-27T11:49:15.135+0000] {processor.py:830} INFO - Processing file /home/airflow/.local/lib/python3.12/site-packages/airflow/example_dags/tutorial.py for tasks to queue
[2024-06-27T11:49:15.135+0000] {logging_mixin.py:188} INFO - [2024-06-27T11:49:15.135+0000] {dagbag.py:545} INFO - Filling up the DagBag from /home/airflow/.local/lib/python3.12/site-packages/airflow/example_dags/tutorial.py
[2024-06-27T11:49:15.138+0000] {processor.py:840} INFO - DAG(s) 'tutorial' retrieved from /home/airflow/.local/lib/python3.12/site-packages/airflow/example_dags/tutorial.py
[2024-06-27T11:49:15.149+0000] {logging_mixin.py:188} INFO - [2024-06-27T11:49:15.149+0000] {dag.py:3096} INFO - Sync 1 DAGs
[2024-06-27T11:49:15.161+0000] {logging_mixin.py:188} INFO - [2024-06-27T11:49:15.161+0000] {dag.py:3954} INFO - Setting next_dagrun for tutorial to 2024-06-26 00:00:00+00:00, run_after=2024-06-27 00:00:00+00:00
[2024-06-27T11:49:15.170+0000] {processor.py:183} INFO - Processing /home/airflow/.local/lib/python3.12/site-packages/airflow/example_dags/tutorial.py took 0.040 seconds
[2024-06-27T11:49:45.941+0000] {processor.py:161} INFO - Started process (PID=1049) to work on /home/airflow/.local/lib/python3.12/site-packages/airflow/example_dags/tutorial.py
[2024-06-27T11:49:45.943+0000] {processor.py:830} INFO - Processing file /home/airflow/.local/lib/python3.12/site-packages/airflow/example_dags/tutorial.py for tasks to queue
[2024-06-27T11:49:45.943+0000] {logging_mixin.py:188} INFO - [2024-06-27T11:49:45.943+0000] {dagbag.py:545} INFO - Filling up the DagBag from /home/airflow/.local/lib/python3.12/site-packages/airflow/example_dags/tutorial.py
[2024-06-27T11:49:45.946+0000] {processor.py:840} INFO - DAG(s) 'tutorial' retrieved from /home/airflow/.local/lib/python3.12/site-packages/airflow/example_dags/tutorial.py
[2024-06-27T11:49:45.958+0000] {logging_mixin.py:188} INFO - [2024-06-27T11:49:45.958+0000] {dag.py:3096} INFO - Sync 1 DAGs
[2024-06-27T11:49:45.970+0000] {logging_mixin.py:188} INFO - [2024-06-27T11:49:45.970+0000] {dag.py:3954} INFO - Setting next_dagrun for tutorial to 2024-06-26 00:00:00+00:00, run_after=2024-06-27 00:00:00+00:00
[2024-06-27T11:49:45.980+0000] {processor.py:183} INFO - Processing /home/airflow/.local/lib/python3.12/site-packages/airflow/example_dags/tutorial.py took 0.042 seconds
[2024-06-27T11:50:16.725+0000] {processor.py:161} INFO - Started process (PID=1108) to work on /home/airflow/.local/lib/python3.12/site-packages/airflow/example_dags/tutorial.py
[2024-06-27T11:50:16.726+0000] {processor.py:830} INFO - Processing file /home/airflow/.local/lib/python3.12/site-packages/airflow/example_dags/tutorial.py for tasks to queue
[2024-06-27T11:50:16.727+0000] {logging_mixin.py:188} INFO - [2024-06-27T11:50:16.727+0000] {dagbag.py:545} INFO - Filling up the DagBag from /home/airflow/.local/lib/python3.12/site-packages/airflow/example_dags/tutorial.py
[2024-06-27T11:50:16.730+0000] {processor.py:840} INFO - DAG(s) 'tutorial' retrieved from /home/airflow/.local/lib/python3.12/site-packages/airflow/example_dags/tutorial.py
[2024-06-27T11:50:16.741+0000] {logging_mixin.py:188} INFO - [2024-06-27T11:50:16.741+0000] {dag.py:3096} INFO - Sync 1 DAGs
[2024-06-27T11:50:16.754+0000] {logging_mixin.py:188} INFO - [2024-06-27T11:50:16.754+0000] {dag.py:3954} INFO - Setting next_dagrun for tutorial to 2024-06-26 00:00:00+00:00, run_after=2024-06-27 00:00:00+00:00
[2024-06-27T11:50:16.764+0000] {processor.py:183} INFO - Processing /home/airflow/.local/lib/python3.12/site-packages/airflow/example_dags/tutorial.py took 0.042 seconds
[2024-06-27T11:50:47.494+0000] {processor.py:161} INFO - Started process (PID=1167) to work on /home/airflow/.local/lib/python3.12/site-packages/airflow/example_dags/tutorial.py
[2024-06-27T11:50:47.495+0000] {processor.py:830} INFO - Processing file /home/airflow/.local/lib/python3.12/site-packages/airflow/example_dags/tutorial.py for tasks to queue
[2024-06-27T11:50:47.495+0000] {logging_mixin.py:188} INFO - [2024-06-27T11:50:47.495+0000] {dagbag.py:545} INFO - Filling up the DagBag from /home/airflow/.local/lib/python3.12/site-packages/airflow/example_dags/tutorial.py
[2024-06-27T11:50:47.498+0000] {processor.py:840} INFO - DAG(s) 'tutorial' retrieved from /home/airflow/.local/lib/python3.12/site-packages/airflow/example_dags/tutorial.py
[2024-06-27T11:50:47.509+0000] {logging_mixin.py:188} INFO - [2024-06-27T11:50:47.509+0000] {dag.py:3096} INFO - Sync 1 DAGs
[2024-06-27T11:50:47.521+0000] {logging_mixin.py:188} INFO - [2024-06-27T11:50:47.521+0000] {dag.py:3954} INFO - Setting next_dagrun for tutorial to 2024-06-26 00:00:00+00:00, run_after=2024-06-27 00:00:00+00:00
[2024-06-27T11:50:47.531+0000] {processor.py:183} INFO - Processing /home/airflow/.local/lib/python3.12/site-packages/airflow/example_dags/tutorial.py took 0.040 seconds
[2024-06-27T11:51:18.337+0000] {processor.py:161} INFO - Started process (PID=1226) to work on /home/airflow/.local/lib/python3.12/site-packages/airflow/example_dags/tutorial.py
[2024-06-27T11:51:18.338+0000] {processor.py:830} INFO - Processing file /home/airflow/.local/lib/python3.12/site-packages/airflow/example_dags/tutorial.py for tasks to queue
[2024-06-27T11:51:18.339+0000] {logging_mixin.py:188} INFO - [2024-06-27T11:51:18.339+0000] {dagbag.py:545} INFO - Filling up the DagBag from /home/airflow/.local/lib/python3.12/site-packages/airflow/example_dags/tutorial.py
[2024-06-27T11:51:18.342+0000] {processor.py:840} INFO - DAG(s) 'tutorial' retrieved from /home/airflow/.local/lib/python3.12/site-packages/airflow/example_dags/tutorial.py
[2024-06-27T11:51:18.353+0000] {logging_mixin.py:188} INFO - [2024-06-27T11:51:18.353+0000] {dag.py:3096} INFO - Sync 1 DAGs
[2024-06-27T11:51:18.365+0000] {logging_mixin.py:188} INFO - [2024-06-27T11:51:18.365+0000] {dag.py:3954} INFO - Setting next_dagrun for tutorial to 2024-06-26 00:00:00+00:00, run_after=2024-06-27 00:00:00+00:00
[2024-06-27T11:51:18.375+0000] {processor.py:183} INFO - Processing /home/airflow/.local/lib/python3.12/site-packages/airflow/example_dags/tutorial.py took 0.041 seconds
[2024-06-27T11:51:49.133+0000] {processor.py:161} INFO - Started process (PID=1285) to work on /home/airflow/.local/lib/python3.12/site-packages/airflow/example_dags/tutorial.py
[2024-06-27T11:51:49.134+0000] {processor.py:830} INFO - Processing file /home/airflow/.local/lib/python3.12/site-packages/airflow/example_dags/tutorial.py for tasks to queue
[2024-06-27T11:51:49.136+0000] {logging_mixin.py:188} INFO - [2024-06-27T11:51:49.135+0000] {dagbag.py:545} INFO - Filling up the DagBag from /home/airflow/.local/lib/python3.12/site-packages/airflow/example_dags/tutorial.py
[2024-06-27T11:51:49.139+0000] {processor.py:840} INFO - DAG(s) 'tutorial' retrieved from /home/airflow/.local/lib/python3.12/site-packages/airflow/example_dags/tutorial.py
[2024-06-27T11:51:49.150+0000] {logging_mixin.py:188} INFO - [2024-06-27T11:51:49.150+0000] {dag.py:3096} INFO - Sync 1 DAGs
[2024-06-27T11:51:49.162+0000] {logging_mixin.py:188} INFO - [2024-06-27T11:51:49.162+0000] {dag.py:3954} INFO - Setting next_dagrun for tutorial to 2024-06-26 00:00:00+00:00, run_after=2024-06-27 00:00:00+00:00
[2024-06-27T11:51:49.172+0000] {processor.py:183} INFO - Processing /home/airflow/.local/lib/python3.12/site-packages/airflow/example_dags/tutorial.py took 0.045 seconds
[2024-06-27T11:52:19.944+0000] {processor.py:161} INFO - Started process (PID=1344) to work on /home/airflow/.local/lib/python3.12/site-packages/airflow/example_dags/tutorial.py
[2024-06-27T11:52:19.945+0000] {processor.py:830} INFO - Processing file /home/airflow/.local/lib/python3.12/site-packages/airflow/example_dags/tutorial.py for tasks to queue
[2024-06-27T11:52:19.946+0000] {logging_mixin.py:188} INFO - [2024-06-27T11:52:19.946+0000] {dagbag.py:545} INFO - Filling up the DagBag from /home/airflow/.local/lib/python3.12/site-packages/airflow/example_dags/tutorial.py
[2024-06-27T11:52:19.950+0000] {processor.py:840} INFO - DAG(s) 'tutorial' retrieved from /home/airflow/.local/lib/python3.12/site-packages/airflow/example_dags/tutorial.py
[2024-06-27T11:52:19.960+0000] {logging_mixin.py:188} INFO - [2024-06-27T11:52:19.960+0000] {dag.py:3096} INFO - Sync 1 DAGs
[2024-06-27T11:52:19.973+0000] {logging_mixin.py:188} INFO - [2024-06-27T11:52:19.972+0000] {dag.py:3954} INFO - Setting next_dagrun for tutorial to 2024-06-26 00:00:00+00:00, run_after=2024-06-27 00:00:00+00:00
[2024-06-27T11:52:19.983+0000] {processor.py:183} INFO - Processing /home/airflow/.local/lib/python3.12/site-packages/airflow/example_dags/tutorial.py took 0.042 seconds
[2024-06-27T11:52:50.774+0000] {processor.py:161} INFO - Started process (PID=1404) to work on /home/airflow/.local/lib/python3.12/site-packages/airflow/example_dags/tutorial.py
[2024-06-27T11:52:50.774+0000] {processor.py:830} INFO - Processing file /home/airflow/.local/lib/python3.12/site-packages/airflow/example_dags/tutorial.py for tasks to queue
[2024-06-27T11:52:50.775+0000] {logging_mixin.py:188} INFO - [2024-06-27T11:52:50.775+0000] {dagbag.py:545} INFO - Filling up the DagBag from /home/airflow/.local/lib/python3.12/site-packages/airflow/example_dags/tutorial.py
[2024-06-27T11:52:50.778+0000] {processor.py:840} INFO - DAG(s) 'tutorial' retrieved from /home/airflow/.local/lib/python3.12/site-packages/airflow/example_dags/tutorial.py
[2024-06-27T11:52:50.789+0000] {logging_mixin.py:188} INFO - [2024-06-27T11:52:50.789+0000] {dag.py:3096} INFO - Sync 1 DAGs
[2024-06-27T11:52:50.800+0000] {logging_mixin.py:188} INFO - [2024-06-27T11:52:50.800+0000] {dag.py:3954} INFO - Setting next_dagrun for tutorial to 2024-06-26 00:00:00+00:00, run_after=2024-06-27 00:00:00+00:00
[2024-06-27T11:52:50.811+0000] {processor.py:183} INFO - Processing /home/airflow/.local/lib/python3.12/site-packages/airflow/example_dags/tutorial.py took 0.040 seconds
[2024-06-27T11:53:21.575+0000] {processor.py:161} INFO - Started process (PID=1463) to work on /home/airflow/.local/lib/python3.12/site-packages/airflow/example_dags/tutorial.py
[2024-06-27T11:53:21.576+0000] {processor.py:830} INFO - Processing file /home/airflow/.local/lib/python3.12/site-packages/airflow/example_dags/tutorial.py for tasks to queue
[2024-06-27T11:53:21.577+0000] {logging_mixin.py:188} INFO - [2024-06-27T11:53:21.576+0000] {dagbag.py:545} INFO - Filling up the DagBag from /home/airflow/.local/lib/python3.12/site-packages/airflow/example_dags/tutorial.py
[2024-06-27T11:53:21.580+0000] {processor.py:840} INFO - DAG(s) 'tutorial' retrieved from /home/airflow/.local/lib/python3.12/site-packages/airflow/example_dags/tutorial.py
[2024-06-27T11:53:21.591+0000] {logging_mixin.py:188} INFO - [2024-06-27T11:53:21.591+0000] {dag.py:3096} INFO - Sync 1 DAGs
[2024-06-27T11:53:21.603+0000] {logging_mixin.py:188} INFO - [2024-06-27T11:53:21.602+0000] {dag.py:3954} INFO - Setting next_dagrun for tutorial to 2024-06-26 00:00:00+00:00, run_after=2024-06-27 00:00:00+00:00
[2024-06-27T11:53:21.613+0000] {processor.py:183} INFO - Processing /home/airflow/.local/lib/python3.12/site-packages/airflow/example_dags/tutorial.py took 0.041 seconds
[2024-06-27T11:53:52.432+0000] {processor.py:161} INFO - Started process (PID=1522) to work on /home/airflow/.local/lib/python3.12/site-packages/airflow/example_dags/tutorial.py
[2024-06-27T11:53:52.433+0000] {processor.py:830} INFO - Processing file /home/airflow/.local/lib/python3.12/site-packages/airflow/example_dags/tutorial.py for tasks to queue
[2024-06-27T11:53:52.434+0000] {logging_mixin.py:188} INFO - [2024-06-27T11:53:52.434+0000] {dagbag.py:545} INFO - Filling up the DagBag from /home/airflow/.local/lib/python3.12/site-packages/airflow/example_dags/tutorial.py
[2024-06-27T11:53:52.438+0000] {processor.py:840} INFO - DAG(s) 'tutorial' retrieved from /home/airflow/.local/lib/python3.12/site-packages/airflow/example_dags/tutorial.py
[2024-06-27T11:53:52.449+0000] {logging_mixin.py:188} INFO - [2024-06-27T11:53:52.449+0000] {dag.py:3096} INFO - Sync 1 DAGs
[2024-06-27T11:53:52.461+0000] {logging_mixin.py:188} INFO - [2024-06-27T11:53:52.461+0000] {dag.py:3954} INFO - Setting next_dagrun for tutorial to 2024-06-26 00:00:00+00:00, run_after=2024-06-27 00:00:00+00:00
[2024-06-27T11:53:52.471+0000] {processor.py:183} INFO - Processing /home/airflow/.local/lib/python3.12/site-packages/airflow/example_dags/tutorial.py took 0.042 seconds
[2024-06-27T11:54:23.331+0000] {processor.py:161} INFO - Started process (PID=1581) to work on /home/airflow/.local/lib/python3.12/site-packages/airflow/example_dags/tutorial.py
[2024-06-27T11:54:23.332+0000] {processor.py:830} INFO - Processing file /home/airflow/.local/lib/python3.12/site-packages/airflow/example_dags/tutorial.py for tasks to queue
[2024-06-27T11:54:23.333+0000] {logging_mixin.py:188} INFO - [2024-06-27T11:54:23.333+0000] {dagbag.py:545} INFO - Filling up the DagBag from /home/airflow/.local/lib/python3.12/site-packages/airflow/example_dags/tutorial.py
[2024-06-27T11:54:23.336+0000] {processor.py:840} INFO - DAG(s) 'tutorial' retrieved from /home/airflow/.local/lib/python3.12/site-packages/airflow/example_dags/tutorial.py
[2024-06-27T11:54:23.347+0000] {logging_mixin.py:188} INFO - [2024-06-27T11:54:23.346+0000] {dag.py:3096} INFO - Sync 1 DAGs
[2024-06-27T11:54:23.358+0000] {logging_mixin.py:188} INFO - [2024-06-27T11:54:23.358+0000] {dag.py:3954} INFO - Setting next_dagrun for tutorial to 2024-06-26 00:00:00+00:00, run_after=2024-06-27 00:00:00+00:00
[2024-06-27T11:54:23.369+0000] {processor.py:183} INFO - Processing /home/airflow/.local/lib/python3.12/site-packages/airflow/example_dags/tutorial.py took 0.041 seconds
[2024-06-27T11:54:54.140+0000] {processor.py:161} INFO - Started process (PID=1640) to work on /home/airflow/.local/lib/python3.12/site-packages/airflow/example_dags/tutorial.py
[2024-06-27T11:54:54.142+0000] {processor.py:830} INFO - Processing file /home/airflow/.local/lib/python3.12/site-packages/airflow/example_dags/tutorial.py for tasks to queue
[2024-06-27T11:54:54.143+0000] {logging_mixin.py:188} INFO - [2024-06-27T11:54:54.143+0000] {dagbag.py:545} INFO - Filling up the DagBag from /home/airflow/.local/lib/python3.12/site-packages/airflow/example_dags/tutorial.py
[2024-06-27T11:54:54.146+0000] {processor.py:840} INFO - DAG(s) 'tutorial' retrieved from /home/airflow/.local/lib/python3.12/site-packages/airflow/example_dags/tutorial.py
[2024-06-27T11:54:54.157+0000] {logging_mixin.py:188} INFO - [2024-06-27T11:54:54.157+0000] {dag.py:3096} INFO - Sync 1 DAGs
[2024-06-27T11:54:54.169+0000] {logging_mixin.py:188} INFO - [2024-06-27T11:54:54.169+0000] {dag.py:3954} INFO - Setting next_dagrun for tutorial to 2024-06-26 00:00:00+00:00, run_after=2024-06-27 00:00:00+00:00
[2024-06-27T11:54:54.180+0000] {processor.py:183} INFO - Processing /home/airflow/.local/lib/python3.12/site-packages/airflow/example_dags/tutorial.py took 0.043 seconds
[2024-06-27T11:55:24.958+0000] {processor.py:161} INFO - Started process (PID=1699) to work on /home/airflow/.local/lib/python3.12/site-packages/airflow/example_dags/tutorial.py
[2024-06-27T11:55:24.959+0000] {processor.py:830} INFO - Processing file /home/airflow/.local/lib/python3.12/site-packages/airflow/example_dags/tutorial.py for tasks to queue
[2024-06-27T11:55:24.960+0000] {logging_mixin.py:188} INFO - [2024-06-27T11:55:24.960+0000] {dagbag.py:545} INFO - Filling up the DagBag from /home/airflow/.local/lib/python3.12/site-packages/airflow/example_dags/tutorial.py
[2024-06-27T11:55:24.963+0000] {processor.py:840} INFO - DAG(s) 'tutorial' retrieved from /home/airflow/.local/lib/python3.12/site-packages/airflow/example_dags/tutorial.py
[2024-06-27T11:55:24.974+0000] {logging_mixin.py:188} INFO - [2024-06-27T11:55:24.973+0000] {dag.py:3096} INFO - Sync 1 DAGs
[2024-06-27T11:55:24.986+0000] {logging_mixin.py:188} INFO - [2024-06-27T11:55:24.986+0000] {dag.py:3954} INFO - Setting next_dagrun for tutorial to 2024-06-26 00:00:00+00:00, run_after=2024-06-27 00:00:00+00:00
[2024-06-27T11:55:24.996+0000] {processor.py:183} INFO - Processing /home/airflow/.local/lib/python3.12/site-packages/airflow/example_dags/tutorial.py took 0.041 seconds
[2024-06-27T11:55:55.859+0000] {processor.py:161} INFO - Started process (PID=1764) to work on /home/airflow/.local/lib/python3.12/site-packages/airflow/example_dags/tutorial.py
[2024-06-27T11:55:55.860+0000] {processor.py:830} INFO - Processing file /home/airflow/.local/lib/python3.12/site-packages/airflow/example_dags/tutorial.py for tasks to queue
[2024-06-27T11:55:55.861+0000] {logging_mixin.py:188} INFO - [2024-06-27T11:55:55.861+0000] {dagbag.py:545} INFO - Filling up the DagBag from /home/airflow/.local/lib/python3.12/site-packages/airflow/example_dags/tutorial.py
[2024-06-27T11:55:55.864+0000] {processor.py:840} INFO - DAG(s) 'tutorial' retrieved from /home/airflow/.local/lib/python3.12/site-packages/airflow/example_dags/tutorial.py
[2024-06-27T11:55:55.875+0000] {logging_mixin.py:188} INFO - [2024-06-27T11:55:55.875+0000] {dag.py:3096} INFO - Sync 1 DAGs
[2024-06-27T11:55:55.887+0000] {logging_mixin.py:188} INFO - [2024-06-27T11:55:55.887+0000] {dag.py:3954} INFO - Setting next_dagrun for tutorial to 2024-06-26 00:00:00+00:00, run_after=2024-06-27 00:00:00+00:00
[2024-06-27T11:55:55.897+0000] {processor.py:183} INFO - Processing /home/airflow/.local/lib/python3.12/site-packages/airflow/example_dags/tutorial.py took 0.041 seconds
[2024-06-27T11:56:26.882+0000] {processor.py:161} INFO - Started process (PID=1823) to work on /home/airflow/.local/lib/python3.12/site-packages/airflow/example_dags/tutorial.py
[2024-06-27T11:56:26.883+0000] {processor.py:830} INFO - Processing file /home/airflow/.local/lib/python3.12/site-packages/airflow/example_dags/tutorial.py for tasks to queue
[2024-06-27T11:56:26.884+0000] {logging_mixin.py:188} INFO - [2024-06-27T11:56:26.884+0000] {dagbag.py:545} INFO - Filling up the DagBag from /home/airflow/.local/lib/python3.12/site-packages/airflow/example_dags/tutorial.py
[2024-06-27T11:56:26.887+0000] {processor.py:840} INFO - DAG(s) 'tutorial' retrieved from /home/airflow/.local/lib/python3.12/site-packages/airflow/example_dags/tutorial.py
[2024-06-27T11:56:26.898+0000] {logging_mixin.py:188} INFO - [2024-06-27T11:56:26.898+0000] {dag.py:3096} INFO - Sync 1 DAGs
[2024-06-27T11:56:26.911+0000] {logging_mixin.py:188} INFO - [2024-06-27T11:56:26.911+0000] {dag.py:3954} INFO - Setting next_dagrun for tutorial to 2024-06-26 00:00:00+00:00, run_after=2024-06-27 00:00:00+00:00
[2024-06-27T11:56:26.921+0000] {processor.py:183} INFO - Processing /home/airflow/.local/lib/python3.12/site-packages/airflow/example_dags/tutorial.py took 0.043 seconds
[2024-06-27T11:56:58.108+0000] {processor.py:161} INFO - Started process (PID=1882) to work on /home/airflow/.local/lib/python3.12/site-packages/airflow/example_dags/tutorial.py
[2024-06-27T11:56:58.109+0000] {processor.py:830} INFO - Processing file /home/airflow/.local/lib/python3.12/site-packages/airflow/example_dags/tutorial.py for tasks to queue
[2024-06-27T11:56:58.110+0000] {logging_mixin.py:188} INFO - [2024-06-27T11:56:58.110+0000] {dagbag.py:545} INFO - Filling up the DagBag from /home/airflow/.local/lib/python3.12/site-packages/airflow/example_dags/tutorial.py
[2024-06-27T11:56:58.113+0000] {processor.py:840} INFO - DAG(s) 'tutorial' retrieved from /home/airflow/.local/lib/python3.12/site-packages/airflow/example_dags/tutorial.py
[2024-06-27T11:56:58.205+0000] {logging_mixin.py:188} INFO - [2024-06-27T11:56:58.205+0000] {dag.py:3096} INFO - Sync 1 DAGs
[2024-06-27T11:56:58.216+0000] {logging_mixin.py:188} INFO - [2024-06-27T11:56:58.216+0000] {dag.py:3954} INFO - Setting next_dagrun for tutorial to 2024-06-26 00:00:00+00:00, run_after=2024-06-27 00:00:00+00:00
[2024-06-27T11:56:58.226+0000] {processor.py:183} INFO - Processing /home/airflow/.local/lib/python3.12/site-packages/airflow/example_dags/tutorial.py took 0.121 seconds
[2024-06-27T11:57:28.691+0000] {processor.py:161} INFO - Started process (PID=1941) to work on /home/airflow/.local/lib/python3.12/site-packages/airflow/example_dags/tutorial.py
[2024-06-27T11:57:28.692+0000] {processor.py:830} INFO - Processing file /home/airflow/.local/lib/python3.12/site-packages/airflow/example_dags/tutorial.py for tasks to queue
[2024-06-27T11:57:28.692+0000] {logging_mixin.py:188} INFO - [2024-06-27T11:57:28.692+0000] {dagbag.py:545} INFO - Filling up the DagBag from /home/airflow/.local/lib/python3.12/site-packages/airflow/example_dags/tutorial.py
[2024-06-27T11:57:28.696+0000] {processor.py:840} INFO - DAG(s) 'tutorial' retrieved from /home/airflow/.local/lib/python3.12/site-packages/airflow/example_dags/tutorial.py
[2024-06-27T11:57:28.783+0000] {logging_mixin.py:188} INFO - [2024-06-27T11:57:28.783+0000] {dag.py:3096} INFO - Sync 1 DAGs
[2024-06-27T11:57:28.794+0000] {logging_mixin.py:188} INFO - [2024-06-27T11:57:28.794+0000] {dag.py:3954} INFO - Setting next_dagrun for tutorial to 2024-06-26 00:00:00+00:00, run_after=2024-06-27 00:00:00+00:00
[2024-06-27T11:57:28.804+0000] {processor.py:183} INFO - Processing /home/airflow/.local/lib/python3.12/site-packages/airflow/example_dags/tutorial.py took 0.116 seconds
[2024-06-27T11:57:59.049+0000] {processor.py:161} INFO - Started process (PID=2000) to work on /home/airflow/.local/lib/python3.12/site-packages/airflow/example_dags/tutorial.py
[2024-06-27T11:57:59.049+0000] {processor.py:830} INFO - Processing file /home/airflow/.local/lib/python3.12/site-packages/airflow/example_dags/tutorial.py for tasks to queue
[2024-06-27T11:57:59.050+0000] {logging_mixin.py:188} INFO - [2024-06-27T11:57:59.050+0000] {dagbag.py:545} INFO - Filling up the DagBag from /home/airflow/.local/lib/python3.12/site-packages/airflow/example_dags/tutorial.py
[2024-06-27T11:57:59.053+0000] {processor.py:840} INFO - DAG(s) 'tutorial' retrieved from /home/airflow/.local/lib/python3.12/site-packages/airflow/example_dags/tutorial.py
[2024-06-27T11:57:59.064+0000] {logging_mixin.py:188} INFO - [2024-06-27T11:57:59.064+0000] {dag.py:3096} INFO - Sync 1 DAGs
[2024-06-27T11:57:59.076+0000] {logging_mixin.py:188} INFO - [2024-06-27T11:57:59.076+0000] {dag.py:3954} INFO - Setting next_dagrun for tutorial to 2024-06-26 00:00:00+00:00, run_after=2024-06-27 00:00:00+00:00
[2024-06-27T11:57:59.086+0000] {processor.py:183} INFO - Processing /home/airflow/.local/lib/python3.12/site-packages/airflow/example_dags/tutorial.py took 0.041 seconds
[2024-06-27T11:58:29.776+0000] {processor.py:161} INFO - Started process (PID=2059) to work on /home/airflow/.local/lib/python3.12/site-packages/airflow/example_dags/tutorial.py
[2024-06-27T11:58:29.777+0000] {processor.py:830} INFO - Processing file /home/airflow/.local/lib/python3.12/site-packages/airflow/example_dags/tutorial.py for tasks to queue
[2024-06-27T11:58:29.778+0000] {logging_mixin.py:188} INFO - [2024-06-27T11:58:29.778+0000] {dagbag.py:545} INFO - Filling up the DagBag from /home/airflow/.local/lib/python3.12/site-packages/airflow/example_dags/tutorial.py
[2024-06-27T11:58:29.781+0000] {processor.py:840} INFO - DAG(s) 'tutorial' retrieved from /home/airflow/.local/lib/python3.12/site-packages/airflow/example_dags/tutorial.py
[2024-06-27T11:58:29.791+0000] {logging_mixin.py:188} INFO - [2024-06-27T11:58:29.791+0000] {dag.py:3096} INFO - Sync 1 DAGs
[2024-06-27T11:58:29.803+0000] {logging_mixin.py:188} INFO - [2024-06-27T11:58:29.803+0000] {dag.py:3954} INFO - Setting next_dagrun for tutorial to 2024-06-26 00:00:00+00:00, run_after=2024-06-27 00:00:00+00:00
[2024-06-27T11:58:29.813+0000] {processor.py:183} INFO - Processing /home/airflow/.local/lib/python3.12/site-packages/airflow/example_dags/tutorial.py took 0.041 seconds
[2024-06-27T11:59:00.503+0000] {processor.py:161} INFO - Started process (PID=2118) to work on /home/airflow/.local/lib/python3.12/site-packages/airflow/example_dags/tutorial.py
[2024-06-27T11:59:00.504+0000] {processor.py:830} INFO - Processing file /home/airflow/.local/lib/python3.12/site-packages/airflow/example_dags/tutorial.py for tasks to queue
[2024-06-27T11:59:00.505+0000] {logging_mixin.py:188} INFO - [2024-06-27T11:59:00.505+0000] {dagbag.py:545} INFO - Filling up the DagBag from /home/airflow/.local/lib/python3.12/site-packages/airflow/example_dags/tutorial.py
[2024-06-27T11:59:00.508+0000] {processor.py:840} INFO - DAG(s) 'tutorial' retrieved from /home/airflow/.local/lib/python3.12/site-packages/airflow/example_dags/tutorial.py
[2024-06-27T11:59:00.518+0000] {logging_mixin.py:188} INFO - [2024-06-27T11:59:00.518+0000] {dag.py:3096} INFO - Sync 1 DAGs
[2024-06-27T11:59:00.530+0000] {logging_mixin.py:188} INFO - [2024-06-27T11:59:00.530+0000] {dag.py:3954} INFO - Setting next_dagrun for tutorial to 2024-06-26 00:00:00+00:00, run_after=2024-06-27 00:00:00+00:00
[2024-06-27T11:59:00.544+0000] {processor.py:183} INFO - Processing /home/airflow/.local/lib/python3.12/site-packages/airflow/example_dags/tutorial.py took 0.044 seconds
[2024-06-27T11:59:31.253+0000] {processor.py:161} INFO - Started process (PID=2177) to work on /home/airflow/.local/lib/python3.12/site-packages/airflow/example_dags/tutorial.py
[2024-06-27T11:59:31.254+0000] {processor.py:830} INFO - Processing file /home/airflow/.local/lib/python3.12/site-packages/airflow/example_dags/tutorial.py for tasks to queue
[2024-06-27T11:59:31.255+0000] {logging_mixin.py:188} INFO - [2024-06-27T11:59:31.255+0000] {dagbag.py:545} INFO - Filling up the DagBag from /home/airflow/.local/lib/python3.12/site-packages/airflow/example_dags/tutorial.py
[2024-06-27T11:59:31.258+0000] {processor.py:840} INFO - DAG(s) 'tutorial' retrieved from /home/airflow/.local/lib/python3.12/site-packages/airflow/example_dags/tutorial.py
[2024-06-27T11:59:31.269+0000] {logging_mixin.py:188} INFO - [2024-06-27T11:59:31.269+0000] {dag.py:3096} INFO - Sync 1 DAGs
[2024-06-27T11:59:31.281+0000] {logging_mixin.py:188} INFO - [2024-06-27T11:59:31.281+0000] {dag.py:3954} INFO - Setting next_dagrun for tutorial to 2024-06-26 00:00:00+00:00, run_after=2024-06-27 00:00:00+00:00
[2024-06-27T11:59:31.291+0000] {processor.py:183} INFO - Processing /home/airflow/.local/lib/python3.12/site-packages/airflow/example_dags/tutorial.py took 0.041 seconds
[2024-06-27T12:00:01.961+0000] {processor.py:161} INFO - Started process (PID=2236) to work on /home/airflow/.local/lib/python3.12/site-packages/airflow/example_dags/tutorial.py
[2024-06-27T12:00:01.962+0000] {processor.py:830} INFO - Processing file /home/airflow/.local/lib/python3.12/site-packages/airflow/example_dags/tutorial.py for tasks to queue
[2024-06-27T12:00:01.962+0000] {logging_mixin.py:188} INFO - [2024-06-27T12:00:01.962+0000] {dagbag.py:545} INFO - Filling up the DagBag from /home/airflow/.local/lib/python3.12/site-packages/airflow/example_dags/tutorial.py
[2024-06-27T12:00:01.966+0000] {processor.py:840} INFO - DAG(s) 'tutorial' retrieved from /home/airflow/.local/lib/python3.12/site-packages/airflow/example_dags/tutorial.py
[2024-06-27T12:00:01.976+0000] {logging_mixin.py:188} INFO - [2024-06-27T12:00:01.976+0000] {dag.py:3096} INFO - Sync 1 DAGs
[2024-06-27T12:00:01.988+0000] {logging_mixin.py:188} INFO - [2024-06-27T12:00:01.988+0000] {dag.py:3954} INFO - Setting next_dagrun for tutorial to 2024-06-26 00:00:00+00:00, run_after=2024-06-27 00:00:00+00:00
[2024-06-27T12:00:01.998+0000] {processor.py:183} INFO - Processing /home/airflow/.local/lib/python3.12/site-packages/airflow/example_dags/tutorial.py took 0.041 seconds
[2024-06-27T12:00:32.696+0000] {processor.py:161} INFO - Started process (PID=2295) to work on /home/airflow/.local/lib/python3.12/site-packages/airflow/example_dags/tutorial.py
[2024-06-27T12:00:32.696+0000] {processor.py:830} INFO - Processing file /home/airflow/.local/lib/python3.12/site-packages/airflow/example_dags/tutorial.py for tasks to queue
[2024-06-27T12:00:32.697+0000] {logging_mixin.py:188} INFO - [2024-06-27T12:00:32.697+0000] {dagbag.py:545} INFO - Filling up the DagBag from /home/airflow/.local/lib/python3.12/site-packages/airflow/example_dags/tutorial.py
[2024-06-27T12:00:32.700+0000] {processor.py:840} INFO - DAG(s) 'tutorial' retrieved from /home/airflow/.local/lib/python3.12/site-packages/airflow/example_dags/tutorial.py
[2024-06-27T12:00:32.710+0000] {logging_mixin.py:188} INFO - [2024-06-27T12:00:32.710+0000] {dag.py:3096} INFO - Sync 1 DAGs
[2024-06-27T12:00:32.721+0000] {logging_mixin.py:188} INFO - [2024-06-27T12:00:32.721+0000] {dag.py:3954} INFO - Setting next_dagrun for tutorial to 2024-06-26 00:00:00+00:00, run_after=2024-06-27 00:00:00+00:00
[2024-06-27T12:00:32.730+0000] {processor.py:183} INFO - Processing /home/airflow/.local/lib/python3.12/site-packages/airflow/example_dags/tutorial.py took 0.038 seconds
[2024-06-27T12:01:03.433+0000] {processor.py:161} INFO - Started process (PID=2354) to work on /home/airflow/.local/lib/python3.12/site-packages/airflow/example_dags/tutorial.py
[2024-06-27T12:01:03.434+0000] {processor.py:830} INFO - Processing file /home/airflow/.local/lib/python3.12/site-packages/airflow/example_dags/tutorial.py for tasks to queue
[2024-06-27T12:01:03.435+0000] {logging_mixin.py:188} INFO - [2024-06-27T12:01:03.435+0000] {dagbag.py:545} INFO - Filling up the DagBag from /home/airflow/.local/lib/python3.12/site-packages/airflow/example_dags/tutorial.py
[2024-06-27T12:01:03.438+0000] {processor.py:840} INFO - DAG(s) 'tutorial' retrieved from /home/airflow/.local/lib/python3.12/site-packages/airflow/example_dags/tutorial.py
[2024-06-27T12:01:03.449+0000] {logging_mixin.py:188} INFO - [2024-06-27T12:01:03.449+0000] {dag.py:3096} INFO - Sync 1 DAGs
[2024-06-27T12:01:03.461+0000] {logging_mixin.py:188} INFO - [2024-06-27T12:01:03.461+0000] {dag.py:3954} INFO - Setting next_dagrun for tutorial to 2024-06-26 00:00:00+00:00, run_after=2024-06-27 00:00:00+00:00
[2024-06-27T12:01:03.471+0000] {processor.py:183} INFO - Processing /home/airflow/.local/lib/python3.12/site-packages/airflow/example_dags/tutorial.py took 0.041 seconds
[2024-06-27T12:01:34.258+0000] {processor.py:161} INFO - Started process (PID=2413) to work on /home/airflow/.local/lib/python3.12/site-packages/airflow/example_dags/tutorial.py
[2024-06-27T12:01:34.259+0000] {processor.py:830} INFO - Processing file /home/airflow/.local/lib/python3.12/site-packages/airflow/example_dags/tutorial.py for tasks to queue
[2024-06-27T12:01:34.260+0000] {logging_mixin.py:188} INFO - [2024-06-27T12:01:34.259+0000] {dagbag.py:545} INFO - Filling up the DagBag from /home/airflow/.local/lib/python3.12/site-packages/airflow/example_dags/tutorial.py
[2024-06-27T12:01:34.263+0000] {processor.py:840} INFO - DAG(s) 'tutorial' retrieved from /home/airflow/.local/lib/python3.12/site-packages/airflow/example_dags/tutorial.py
[2024-06-27T12:01:34.274+0000] {logging_mixin.py:188} INFO - [2024-06-27T12:01:34.273+0000] {dag.py:3096} INFO - Sync 1 DAGs
[2024-06-27T12:01:34.287+0000] {logging_mixin.py:188} INFO - [2024-06-27T12:01:34.286+0000] {dag.py:3954} INFO - Setting next_dagrun for tutorial to 2024-06-26 00:00:00+00:00, run_after=2024-06-27 00:00:00+00:00
[2024-06-27T12:01:34.298+0000] {processor.py:183} INFO - Processing /home/airflow/.local/lib/python3.12/site-packages/airflow/example_dags/tutorial.py took 0.043 seconds
